Mplus VERSION 8.1 (Mac)
MUTHEN & MUTHEN
05/27/2020  10:28 PM

INPUT INSTRUCTIONS

  DATA:
  FILE = "bi-03-HRS_W6.dat";

  VARIABLE:
  NAMES = mplusid UDAT UDAY UMON UYER UIWR UDWR USUB UBAK UNM1 UNM2 UNM5 UNM6;
   MISSING=.;
   CATEGORICAL ARE all; idvariable = mplusid;
  ANALYSIS:
  estimator = wlsmv; coverage=0;
  MODEL:
  g by UDAT * ;
   g by UDAY * ;
   g by UMON * ;
   g by UYER * ;
   g by UIWR * ;
   g by UDWR * ;
   g by USUB * ;
   g by UBAK * ;
   g by UNM1 * ;
   g by UNM2 * ;
   g by UNM5 * ;
   g by UNM6 * ;
   s1 by UIWR @ 1 ;
   s1 by UDWR @ 1 ;
   g @ 1;
   s1 * ;
   g with s1 @ 0 ;

  OUTPUT:
  standardized; svalues;



*** WARNING
  Data set contains cases with missing on all variables.
  These cases were not included in the analysis.
  Number of cases with missing on all variables:  1940
   1 WARNING(S) FOUND IN THE INPUT INSTRUCTIONS




SUMMARY OF ANALYSIS

Number of groups                                                 1
Number of observations                                       17124

Number of dependent variables                                   12
Number of independent variables                                  0
Number of continuous latent variables                            2

Observed dependent variables

  Binary and ordered categorical (ordinal)
   UDAT        UDAY        UMON        UYER        UIWR        UDWR
   USUB        UBAK        UNM1        UNM2        UNM5        UNM6

Continuous latent variables
   G           S1

Variables with special functions

  ID variable           MPLUSID

Estimator                                                    WLSMV
Maximum number of iterations                                  1000
Convergence criterion                                    0.500D-04
Maximum number of steepest descent iterations                   20
Maximum number of iterations for H1                           2000
Convergence criterion for H1                             0.100D-03
Parameterization                                             DELTA
Link                                                        PROBIT

Input data file(s)
  bi-03-HRS_W6.dat

Input data format  FREE


SUMMARY OF DATA

     Number of missing data patterns           108


COVARIANCE COVERAGE OF DATA

Minimum covariance coverage value   0.000


     PROPORTION OF DATA PRESENT


           Covariance Coverage
              UDAT          UDAY          UMON          UYER          UIWR
              ________      ________      ________      ________      ________
 UDAT           0.590
 UDAY           0.590         0.591
 UMON           0.589         0.590         0.590
 UYER           0.590         0.590         0.590         0.590
 UIWR           0.578         0.579         0.579         0.579         0.985
 UDWR           0.530         0.531         0.531         0.531         0.926
 USUB           0.539         0.540         0.540         0.540         0.918
 UBAK           0.584         0.585         0.584         0.584         0.980
 UNM1           0.589         0.590         0.589         0.589         0.579
 UNM2           0.575         0.575         0.575         0.575         0.566
 UNM5           0.584         0.585         0.585         0.585         0.575
 UNM6           0.567         0.567         0.567         0.567         0.558


           Covariance Coverage
              UDWR          USUB          UBAK          UNM1          UNM2
              ________      ________      ________      ________      ________
 UDWR           0.926
 USUB           0.871         0.925
 UBAK           0.923         0.923         0.993
 UNM1           0.531         0.540         0.585         0.591
 UNM2           0.521         0.530         0.571         0.576         0.576
 UNM5           0.528         0.537         0.580         0.586         0.572
 UNM6           0.514         0.524         0.563         0.568         0.558


           Covariance Coverage
              UNM5          UNM6
              ________      ________
 UNM5           0.586
 UNM6           0.567         0.568


UNIVARIATE PROPORTIONS AND COUNTS FOR CATEGORICAL VARIABLES

    UDAT
      Category 1    0.173         1752.000
      Category 2    0.827         8350.000
    UDAY
      Category 1    0.032          320.000
      Category 2    0.968         9796.000
    UMON
      Category 1    0.027          276.000
      Category 2    0.973         9829.000
    UYER
      Category 1    0.036          365.000
      Category 2    0.964         9746.000
    UIWR
      Category 1    0.001           13.000
      Category 2    0.012          196.000
      Category 3    0.028          475.000
      Category 4    0.067         1123.000
      Category 5    0.129         2176.000
      Category 6    0.426         7179.000
      Category 7    0.175         2946.000
      Category 8    0.104         1755.000
      Category 9    0.043          729.000
      Category 10    0.016          277.000
    UDWR
      Category 1    0.003           44.000
      Category 2    0.039          617.000
      Category 3    0.066         1047.000
      Category 4    0.124         1969.000
      Category 5    0.182         2889.000
      Category 6    0.379         6017.000
      Category 7    0.108         1712.000
      Category 8    0.058          923.000
      Category 9    0.028          438.000
      Category 10    0.013          209.000
    USUB
      Category 1    0.041          649.000
      Category 2    0.097         1543.000
      Category 3    0.082         1301.000
      Category 4    0.131         2082.000
      Category 5    0.205         3243.000
      Category 6    0.443         7017.000
    UBAK
      Category 1    0.044          753.000
      Category 2    0.956        16246.000
    UNM1
      Category 1    0.009           89.000
      Category 2    0.991        10026.000
    UNM2
      Category 1    0.078          768.000
      Category 2    0.922         9098.000
    UNM5
      Category 1    0.037          368.000
      Category 2    0.963         9667.000
    UNM6
      Category 1    0.132         1286.000
      Category 2    0.868         8442.000



THE MODEL ESTIMATION TERMINATED NORMALLY



MODEL FIT INFORMATION

Number of Free Parameters                       45

Chi-Square Test of Model Fit

          Value                            642.477*
          Degrees of Freedom                    53
          P-Value                           0.0000

*   The chi-square value for MLM, MLMV, MLR, ULSMV, WLSM and WLSMV cannot be used
    for chi-square difference testing in the regular way.  MLM, MLR and WLSM
    chi-square difference testing is described on the Mplus website.  MLMV, WLSMV,
    and ULSMV difference testing is done using the DIFFTEST option.

RMSEA (Root Mean Square Error Of Approximation)

          Estimate                           0.025
          90 Percent C.I.                    0.024  0.027
          Probability RMSEA <= .05           1.000

CFI/TLI

          CFI                                0.991
          TLI                                0.989

Chi-Square Test of Model Fit for the Baseline Model

          Value                          66051.680
          Degrees of Freedom                    66
          P-Value                           0.0000

SRMR (Standardized Root Mean Square Residual)

          Value                              0.059

Optimum Function Value for Weighted Least-Squares Estimator

          Value                     0.14821804D-01



MODEL RESULTS

                                                    Two-Tailed
                    Estimate       S.E.  Est./S.E.    P-Value

 G        BY
    UDAT               0.551      0.015     37.163      0.000
    UDAY               0.726      0.021     34.790      0.000
    UMON               0.771      0.021     36.050      0.000
    UYER               0.874      0.018     49.918      0.000
    UIWR               0.567      0.009     61.727      0.000
    UDWR               0.464      0.012     39.392      0.000
    USUB               0.501      0.011     44.544      0.000
    UBAK               0.594      0.020     29.615      0.000
    UNM1               0.435      0.048      9.030      0.000
    UNM2               0.667      0.019     34.985      0.000
    UNM5               0.792      0.019     40.903      0.000
    UNM6               0.658      0.015     43.097      0.000

 S1       BY
    UIWR               1.000      0.000    999.000    999.000
    UDWR               1.000      0.000    999.000    999.000

 G        WITH
    S1                 0.000      0.000    999.000    999.000

 Thresholds
    UDAT$1            -0.941      0.015    -64.004      0.000
    UDAY$1            -1.857      0.024    -75.881      0.000
    UMON$1            -1.922      0.026    -74.593      0.000
    UYER$1            -1.798      0.023    -76.809      0.000
    UIWR$1            -3.167      0.081    -39.277      0.000
    UIWR$2            -2.245      0.027    -84.636      0.000
    UIWR$3            -1.744      0.017   -100.083      0.000
    UIWR$4            -1.242      0.013    -96.224      0.000
    UIWR$5            -0.719      0.011    -67.735      0.000
    UIWR$6             0.417      0.010     41.870      0.000
    UIWR$7             0.979      0.012     84.908      0.000
    UIWR$8             1.558      0.015    101.295      0.000
    UIWR$9             2.134      0.024     89.260      0.000
    UDWR$1            -2.773      0.049    -56.619      0.000
    UDWR$2            -1.732      0.018    -97.227      0.000
    UDWR$3            -1.239      0.013    -93.229      0.000
    UDWR$4            -0.733      0.011    -66.727      0.000
    UDWR$5            -0.218      0.010    -21.682      0.000
    UDWR$6             0.817      0.011     72.601      0.000
    UDWR$7             1.288      0.014     94.584      0.000
    UDWR$8             1.742      0.018     97.095      0.000
    UDWR$9             2.221      0.027     83.083      0.000
    USUB$1            -1.739      0.018    -97.035      0.000
    USUB$2            -1.087      0.012    -87.516      0.000
    USUB$3            -0.770      0.011    -69.317      0.000
    USUB$4            -0.380      0.010    -37.138      0.000
    USUB$5             0.143      0.010     14.308      0.000
    UBAK$1            -1.703      0.017   -100.991      0.000
    UNM1$1            -2.374      0.039    -60.924      0.000
    UNM2$1            -1.420      0.019    -76.645      0.000
    UNM5$1            -1.791      0.023    -76.620      0.000
    UNM6$1            -1.116      0.016    -69.552      0.000

 Variances
    G                  1.000      0.000    999.000    999.000
    S1                 0.532      0.010     55.533      0.000


STANDARDIZED MODEL RESULTS


STDYX Standardization

                                                    Two-Tailed
                    Estimate       S.E.  Est./S.E.    P-Value

 G        BY
    UDAT               0.551      0.015     37.163      0.000
    UDAY               0.726      0.021     34.790      0.000
    UMON               0.771      0.021     36.050      0.000
    UYER               0.874      0.018     49.918      0.000
    UIWR               0.567      0.009     61.727      0.000
    UDWR               0.464      0.012     39.392      0.000
    USUB               0.501      0.011     44.544      0.000
    UBAK               0.594      0.020     29.615      0.000
    UNM1               0.435      0.048      9.030      0.000
    UNM2               0.667      0.019     34.985      0.000
    UNM5               0.792      0.019     40.903      0.000
    UNM6               0.658      0.015     43.097      0.000

 S1       BY
    UIWR               0.729      0.007    111.066      0.000
    UDWR               0.729      0.007    111.066      0.000

 G        WITH
    S1                 0.000      0.000    999.000    999.000

 Thresholds
    UDAT$1            -0.941      0.015    -64.004      0.000
    UDAY$1            -1.857      0.024    -75.881      0.000
    UMON$1            -1.922      0.026    -74.593      0.000
    UYER$1            -1.798      0.023    -76.809      0.000
    UIWR$1            -3.167      0.081    -39.277      0.000
    UIWR$2            -2.245      0.027    -84.636      0.000
    UIWR$3            -1.744      0.017   -100.083      0.000
    UIWR$4            -1.242      0.013    -96.224      0.000
    UIWR$5            -0.719      0.011    -67.735      0.000
    UIWR$6             0.417      0.010     41.870      0.000
    UIWR$7             0.979      0.012     84.908      0.000
    UIWR$8             1.558      0.015    101.295      0.000
    UIWR$9             2.134      0.024     89.260      0.000
    UDWR$1            -2.773      0.049    -56.619      0.000
    UDWR$2            -1.732      0.018    -97.227      0.000
    UDWR$3            -1.239      0.013    -93.229      0.000
    UDWR$4            -0.733      0.011    -66.727      0.000
    UDWR$5            -0.218      0.010    -21.682      0.000
    UDWR$6             0.817      0.011     72.601      0.000
    UDWR$7             1.288      0.014     94.584      0.000
    UDWR$8             1.742      0.018     97.095      0.000
    UDWR$9             2.221      0.027     83.083      0.000
    USUB$1            -1.739      0.018    -97.035      0.000
    USUB$2            -1.087      0.012    -87.516      0.000
    USUB$3            -0.770      0.011    -69.317      0.000
    USUB$4            -0.380      0.010    -37.138      0.000
    USUB$5             0.143      0.010     14.308      0.000
    UBAK$1            -1.703      0.017   -100.991      0.000
    UNM1$1            -2.374      0.039    -60.924      0.000
    UNM2$1            -1.420      0.019    -76.645      0.000
    UNM5$1            -1.791      0.023    -76.620      0.000
    UNM6$1            -1.116      0.016    -69.552      0.000

 Variances
    G                  1.000      0.000    999.000    999.000
    S1                 1.000      0.000    999.000    999.000


STDY Standardization

                                                    Two-Tailed
                    Estimate       S.E.  Est./S.E.    P-Value

 G        BY
    UDAT               0.551      0.015     37.163      0.000
    UDAY               0.726      0.021     34.790      0.000
    UMON               0.771      0.021     36.050      0.000
    UYER               0.874      0.018     49.918      0.000
    UIWR               0.567      0.009     61.727      0.000
    UDWR               0.464      0.012     39.392      0.000
    USUB               0.501      0.011     44.544      0.000
    UBAK               0.594      0.020     29.615      0.000
    UNM1               0.435      0.048      9.030      0.000
    UNM2               0.667      0.019     34.985      0.000
    UNM5               0.792      0.019     40.903      0.000
    UNM6               0.658      0.015     43.097      0.000

 S1       BY
    UIWR               0.729      0.007    111.066      0.000
    UDWR               0.729      0.007    111.066      0.000

 G        WITH
    S1                 0.000      0.000    999.000    999.000

 Thresholds
    UDAT$1            -0.941      0.015    -64.004      0.000
    UDAY$1            -1.857      0.024    -75.881      0.000
    UMON$1            -1.922      0.026    -74.593      0.000
    UYER$1            -1.798      0.023    -76.809      0.000
    UIWR$1            -3.167      0.081    -39.277      0.000
    UIWR$2            -2.245      0.027    -84.636      0.000
    UIWR$3            -1.744      0.017   -100.083      0.000
    UIWR$4            -1.242      0.013    -96.224      0.000
    UIWR$5            -0.719      0.011    -67.735      0.000
    UIWR$6             0.417      0.010     41.870      0.000
    UIWR$7             0.979      0.012     84.908      0.000
    UIWR$8             1.558      0.015    101.295      0.000
    UIWR$9             2.134      0.024     89.260      0.000
    UDWR$1            -2.773      0.049    -56.619      0.000
    UDWR$2            -1.732      0.018    -97.227      0.000
    UDWR$3            -1.239      0.013    -93.229      0.000
    UDWR$4            -0.733      0.011    -66.727      0.000
    UDWR$5            -0.218      0.010    -21.682      0.000
    UDWR$6             0.817      0.011     72.601      0.000
    UDWR$7             1.288      0.014     94.584      0.000
    UDWR$8             1.742      0.018     97.095      0.000
    UDWR$9             2.221      0.027     83.083      0.000
    USUB$1            -1.739      0.018    -97.035      0.000
    USUB$2            -1.087      0.012    -87.516      0.000
    USUB$3            -0.770      0.011    -69.317      0.000
    USUB$4            -0.380      0.010    -37.138      0.000
    USUB$5             0.143      0.010     14.308      0.000
    UBAK$1            -1.703      0.017   -100.991      0.000
    UNM1$1            -2.374      0.039    -60.924      0.000
    UNM2$1            -1.420      0.019    -76.645      0.000
    UNM5$1            -1.791      0.023    -76.620      0.000
    UNM6$1            -1.116      0.016    -69.552      0.000

 Variances
    G                  1.000      0.000    999.000    999.000
    S1                 1.000      0.000    999.000    999.000


STD Standardization

                                                    Two-Tailed
                    Estimate       S.E.  Est./S.E.    P-Value

 G        BY
    UDAT               0.551      0.015     37.163      0.000
    UDAY               0.726      0.021     34.790      0.000
    UMON               0.771      0.021     36.050      0.000
    UYER               0.874      0.018     49.918      0.000
    UIWR               0.567      0.009     61.727      0.000
    UDWR               0.464      0.012     39.392      0.000
    USUB               0.501      0.011     44.544      0.000
    UBAK               0.594      0.020     29.615      0.000
    UNM1               0.435      0.048      9.030      0.000
    UNM2               0.667      0.019     34.985      0.000
    UNM5               0.792      0.019     40.903      0.000
    UNM6               0.658      0.015     43.097      0.000

 S1       BY
    UIWR               0.729      0.007    111.066      0.000
    UDWR               0.729      0.007    111.066      0.000

 G        WITH
    S1                 0.000      0.000    999.000    999.000

 Thresholds
    UDAT$1            -0.941      0.015    -64.004      0.000
    UDAY$1            -1.857      0.024    -75.881      0.000
    UMON$1            -1.922      0.026    -74.593      0.000
    UYER$1            -1.798      0.023    -76.809      0.000
    UIWR$1            -3.167      0.081    -39.277      0.000
    UIWR$2            -2.245      0.027    -84.636      0.000
    UIWR$3            -1.744      0.017   -100.083      0.000
    UIWR$4            -1.242      0.013    -96.224      0.000
    UIWR$5            -0.719      0.011    -67.735      0.000
    UIWR$6             0.417      0.010     41.870      0.000
    UIWR$7             0.979      0.012     84.908      0.000
    UIWR$8             1.558      0.015    101.295      0.000
    UIWR$9             2.134      0.024     89.260      0.000
    UDWR$1            -2.773      0.049    -56.619      0.000
    UDWR$2            -1.732      0.018    -97.227      0.000
    UDWR$3            -1.239      0.013    -93.229      0.000
    UDWR$4            -0.733      0.011    -66.727      0.000
    UDWR$5            -0.218      0.010    -21.682      0.000
    UDWR$6             0.817      0.011     72.601      0.000
    UDWR$7             1.288      0.014     94.584      0.000
    UDWR$8             1.742      0.018     97.095      0.000
    UDWR$9             2.221      0.027     83.083      0.000
    USUB$1            -1.739      0.018    -97.035      0.000
    USUB$2            -1.087      0.012    -87.516      0.000
    USUB$3            -0.770      0.011    -69.317      0.000
    USUB$4            -0.380      0.010    -37.138      0.000
    USUB$5             0.143      0.010     14.308      0.000
    UBAK$1            -1.703      0.017   -100.991      0.000
    UNM1$1            -2.374      0.039    -60.924      0.000
    UNM2$1            -1.420      0.019    -76.645      0.000
    UNM5$1            -1.791      0.023    -76.620      0.000
    UNM6$1            -1.116      0.016    -69.552      0.000

 Variances
    G                  1.000      0.000    999.000    999.000
    S1                 1.000      0.000    999.000    999.000


R-SQUARE

    Observed                                        Two-Tailed   Residual
    Variable        Estimate       S.E.  Est./S.E.    P-Value    Variance

    UDAT               0.303      0.016     18.582      0.000      0.697
    UDAY               0.527      0.030     17.395      0.000      0.473
    UMON               0.595      0.033     18.025      0.000      0.405
    UYER               0.764      0.031     24.959      0.000      0.236
    UIWR               0.853      0.007    121.025      0.000      0.147
    UDWR               0.747      0.005    140.994      0.000      0.253
    USUB               0.251      0.011     22.272      0.000      0.749
    UBAK               0.353      0.024     14.807      0.000      0.647
    UNM1               0.189      0.042      4.515      0.000      0.811
    UNM2               0.446      0.025     17.493      0.000      0.554
    UNM5               0.627      0.031     20.451      0.000      0.373
    UNM6               0.433      0.020     21.548      0.000      0.567


QUALITY OF NUMERICAL RESULTS

     Condition Number for the Information Matrix              0.211E-02
       (ratio of smallest to largest eigenvalue)


MODEL COMMAND WITH FINAL ESTIMATES USED AS STARTING VALUES

     g BY udat*0.55058;
     g BY uday*0.72591;
     g BY umon*0.77122;
     g BY uyer*0.87412;
     g BY uiwr*0.56697;
     g BY udwr*0.46379;
     g BY usub*0.50127;
     g BY ubak*0.59402;
     g BY unm1*0.43518;
     g BY unm2*0.66750;
     g BY unm5*0.79210;
     g BY unm6*0.65790;
     s1 BY uiwr@1;
     s1 BY udwr@1;

     g WITH s1@0;

     [ udat$1*-0.94069 ];
     [ uday$1*-1.85732 ];
     [ umon$1*-1.92184 ];
     [ uyer$1*-1.79786 ];
     [ uiwr$1*-3.16680 ];
     [ uiwr$2*-2.24483 ];
     [ uiwr$3*-1.74436 ];
     [ uiwr$4*-1.24199 ];
     [ uiwr$5*-0.71886 ];
     [ uiwr$6*0.41707 ];
     [ uiwr$7*0.97947 ];
     [ uiwr$8*1.55784 ];
     [ uiwr$9*2.13402 ];
     [ udwr$1*-2.77343 ];
     [ udwr$2*-1.73169 ];
     [ udwr$3*-1.23908 ];
     [ udwr$4*-0.73304 ];
     [ udwr$5*-0.21761 ];
     [ udwr$6*0.81733 ];
     [ udwr$7*1.28750 ];
     [ udwr$8*1.74169 ];
     [ udwr$9*2.22105 ];
     [ usub$1*-1.73937 ];
     [ usub$2*-1.08741 ];
     [ usub$3*-0.77021 ];
     [ usub$4*-0.37974 ];
     [ usub$5*0.14303 ];
     [ ubak$1*-1.70286 ];
     [ unm1$1*-2.37398 ];
     [ unm2$1*-1.41973 ];
     [ unm5$1*-1.79069 ];
     [ unm6$1*-1.11607 ];

     g@1;
     s1*0.53184;



     Beginning Time:  22:28:38
        Ending Time:  22:28:38
       Elapsed Time:  00:00:00



MUTHEN & MUTHEN
3463 Stoner Ave.
Los Angeles, CA  90066

Tel: (310) 391-9971
Fax: (310) 391-8971
Web: www.StatModel.com
Support: Support@StatModel.com

Copyright (c) 1998-2018 Muthen & Muthen
