Mplus VERSION 8.1 (Mac)
MUTHEN & MUTHEN
05/27/2020  10:28 PM

INPUT INSTRUCTIONS

  DATA:
  FILE = "bi-14-HRS_W14.dat";

  VARIABLE:
  NAMES = mplusid UDAT UDAY UMON UYER UIWR UDWR USUB UBAK UNM1 UNM2 UNM5 UNM6 URE3
       URE5 URE6 UANI UVA1;
   MISSING=.;
   CATEGORICAL ARE all; idvariable = mplusid;
  ANALYSIS:
  estimator = wlsmv; coverage=0;
  MODEL:
  g by UDAT * ;
   g by UDAY * ;
   g by UMON * ;
   g by UYER * ;
   g by UIWR * ;
   g by UDWR * ;
   g by USUB * ;
   g by UBAK * ;
   g by UNM1 * ;
   g by UNM2 * ;
   g by UNM5 * ;
   g by UNM6 * ;
   g by URE3 * ;
   g by URE5 * ;
   g by URE6 * ;
   g by UANI * ;
   g by UVA1 * ;
   s1 by UIWR @ 1 ;
   s1 by UDWR @ 1 ;
   g @ 1;
   s1 * ;
   g with s1 @ 0 ;

  OUTPUT:
  standardized; svalues;



*** WARNING
  Data set contains cases with missing on all variables.
  These cases were not included in the analysis.
  Number of cases with missing on all variables:  1054
   1 WARNING(S) FOUND IN THE INPUT INSTRUCTIONS




SUMMARY OF ANALYSIS

Number of groups                                                 1
Number of observations                                       17693

Number of dependent variables                                   17
Number of independent variables                                  0
Number of continuous latent variables                            2

Observed dependent variables

  Binary and ordered categorical (ordinal)
   UDAT        UDAY        UMON        UYER        UIWR        UDWR
   USUB        UBAK        UNM1        UNM2        UNM5        UNM6
   URE3        URE5        URE6        UANI        UVA1

Continuous latent variables
   G           S1

Variables with special functions

  ID variable           MPLUSID

Estimator                                                    WLSMV
Maximum number of iterations                                  1000
Convergence criterion                                    0.500D-04
Maximum number of steepest descent iterations                   20
Maximum number of iterations for H1                           2000
Convergence criterion for H1                             0.100D-03
Parameterization                                             DELTA
Link                                                        PROBIT

Input data file(s)
  bi-14-HRS_W14.dat

Input data format  FREE


SUMMARY OF DATA

     Number of missing data patterns           588


COVARIANCE COVERAGE OF DATA

Minimum covariance coverage value   0.000


     PROPORTION OF DATA PRESENT


           Covariance Coverage
              UDAT          UDAY          UMON          UYER          UIWR
              ________      ________      ________      ________      ________
 UDAT           0.531
 UDAY           0.529         0.541
 UMON           0.529         0.537         0.539
 UYER           0.527         0.535         0.534         0.537
 UIWR           0.527         0.538         0.536         0.534         0.994
 UDWR           0.527         0.537         0.535         0.534         0.994
 USUB           0.500         0.508         0.507         0.506         0.944
 UBAK           0.527         0.537         0.535         0.534         0.989
 UNM1           0.528         0.538         0.536         0.535         0.541
 UNM2           0.503         0.512         0.511         0.510         0.513
 UNM5           0.519         0.528         0.526         0.526         0.528
 UNM6           0.381         0.384         0.384         0.384         0.383
 URE3           0.478         0.486         0.485         0.484         0.906
 URE5           0.420         0.426         0.425         0.425         0.812
 URE6           0.347         0.351         0.351         0.351         0.675
 UANI           0.525         0.535         0.534         0.532         0.538
 UVA1           0.370         0.377         0.376         0.374         0.677


           Covariance Coverage
              UDWR          USUB          UBAK          UNM1          UNM2
              ________      ________      ________      ________      ________
 UDWR           0.994
 USUB           0.943         0.947
 UBAK           0.988         0.944         0.993
 UNM1           0.541         0.510         0.540         0.544
 UNM2           0.513         0.489         0.513         0.515         0.516
 UNM5           0.528         0.501         0.528         0.529         0.505
 UNM6           0.383         0.370         0.383         0.384         0.376
 URE3           0.906         0.881         0.906         0.489         0.469
 URE5           0.812         0.799         0.811         0.427         0.413
 URE6           0.674         0.672         0.675         0.351         0.344
 UANI           0.538         0.507         0.538         0.539         0.512
 UVA1           0.677         0.642         0.676         0.379         0.359


           Covariance Coverage
              UNM5          UNM6          URE3          URE5          URE6
              ________      ________      ________      ________      ________
 UNM5           0.532
 UNM6           0.384         0.386
 URE3           0.481         0.359         0.910
 URE5           0.422         0.324         0.776         0.814
 URE6           0.348         0.279         0.671         0.624         0.677
 UANI           0.527         0.382         0.486         0.425         0.350
 UVA1           0.370         0.264         0.615         0.546         0.447


           Covariance Coverage
              UANI          UVA1
              ________      ________
 UANI           0.542
 UVA1           0.377         0.681


UNIVARIATE PROPORTIONS AND COUNTS FOR CATEGORICAL VARIABLES

    UDAT
      Category 1    0.193         1811.000
      Category 2    0.807         7577.000
    UDAY
      Category 1    0.040          386.000
      Category 2    0.960         9183.000
    UMON
      Category 1    0.036          344.000
      Category 2    0.964         9191.000
    UYER
      Category 1    0.038          357.000
      Category 2    0.962         9149.000
    UIWR
      Category 1    0.008          147.000
      Category 2    0.010          177.000
      Category 3    0.032          570.000
      Category 4    0.087         1534.000
      Category 5    0.164         2878.000
      Category 6    0.454         7987.000
      Category 7    0.147         2581.000
      Category 8    0.066         1161.000
      Category 9    0.024          426.000
      Category 10    0.007          131.000
    UDWR
      Category 1    0.064         1119.000
      Category 2    0.041          723.000
      Category 3    0.079         1395.000
      Category 4    0.141         2473.000
      Category 5    0.201         3540.000
      Category 6    0.344         6056.000
      Category 7    0.078         1366.000
      Category 8    0.035          620.000
      Category 9    0.012          214.000
      Category 10    0.004           75.000
    USUB
      Category 1    0.042          709.000
      Category 2    0.114         1915.000
      Category 3    0.090         1511.000
      Category 4    0.136         2272.000
      Category 5    0.205         3426.000
      Category 6    0.413         6919.000
    UBAK
      Category 1    0.072         1267.000
      Category 2    0.928        16302.000
    UNM1
      Category 1    0.011          110.000
      Category 2    0.989         9520.000
    UNM2
      Category 1    0.032          289.000
      Category 2    0.968         8849.000
    UNM5
      Category 1    0.011          100.000
      Category 2    0.989         9306.000
    UNM6
      Category 1    0.116          793.000
      Category 2    0.884         6032.000
    URE3
      Category 1    0.253         4067.000
      Category 2    0.747        12032.000
    URE5
      Category 1    0.535         7708.000
      Category 2    0.465         6698.000
    URE6
      Category 1    0.518         6205.000
      Category 2    0.365         4374.000
      Category 3    0.117         1396.000
    UANI
      Category 1    0.004           40.000
      Category 2    0.040          382.000
      Category 3    0.164         1571.000
      Category 4    0.239         2288.000
      Category 5    0.225         2152.000
      Category 6    0.169         1620.000
      Category 7    0.095          914.000
      Category 8    0.042          402.000
      Category 9    0.015          141.000
      Category 10    0.007           71.000
    UVA1
      Category 1    0.109         1314.000
      Category 2    0.259         3119.000
      Category 3    0.335         4035.000
      Category 4    0.297         3582.000



THE MODEL ESTIMATION TERMINATED NORMALLY



MODEL FIT INFORMATION

Number of Free Parameters                       66

Chi-Square Test of Model Fit

          Value                           2297.539*
          Degrees of Freedom                   118
          P-Value                           0.0000

*   The chi-square value for MLM, MLMV, MLR, ULSMV, WLSM and WLSMV cannot be used
    for chi-square difference testing in the regular way.  MLM, MLR and WLSM
    chi-square difference testing is described on the Mplus website.  MLMV, WLSMV,
    and ULSMV difference testing is done using the DIFFTEST option.

RMSEA (Root Mean Square Error Of Approximation)

          Estimate                           0.032
          90 Percent C.I.                    0.031  0.033
          Probability RMSEA <= .05           1.000

CFI/TLI

          CFI                                0.981
          TLI                                0.978

Chi-Square Test of Model Fit for the Baseline Model

          Value                         116409.061
          Degrees of Freedom                   136
          P-Value                           0.0000

SRMR (Standardized Root Mean Square Residual)

          Value                              0.078

Optimum Function Value for Weighted Least-Squares Estimator

          Value                     0.54158320D-01



MODEL RESULTS

                                                    Two-Tailed
                    Estimate       S.E.  Est./S.E.    P-Value

 G        BY
    UDAT               0.379      0.015     24.641      0.000
    UDAY               0.582      0.023     25.281      0.000
    UMON               0.623      0.023     26.814      0.000
    UYER               0.724      0.020     35.424      0.000
    UIWR               0.587      0.007     88.480      0.000
    UDWR               0.585      0.006     91.192      0.000
    USUB               0.652      0.007     94.720      0.000
    UBAK               0.517      0.015     34.793      0.000
    UNM1               0.415      0.042      9.952      0.000
    UNM2               0.659      0.025     25.899      0.000
    UNM5               0.722      0.038     18.865      0.000
    UNM6               0.522      0.019     27.120      0.000
    URE3               0.615      0.009     64.877      0.000
    URE5               0.656      0.009     73.773      0.000
    URE6               0.398      0.010     41.831      0.000
    UANI               0.615      0.008     73.654      0.000
    UVA1               0.704      0.008     89.739      0.000

 S1       BY
    UIWR               1.000      0.000    999.000    999.000
    UDWR               1.000      0.000    999.000    999.000

 G        WITH
    S1                 0.000      0.000    999.000    999.000

 Thresholds
    UDAT$1            -0.867      0.015    -58.329      0.000
    UDAY$1            -1.747      0.023    -75.353      0.000
    UMON$1            -1.798      0.024    -74.585      0.000
    UYER$1            -1.780      0.024    -74.715      0.000
    UIWR$1            -2.393      0.030    -79.408      0.000
    UIWR$2            -2.088      0.022    -92.961      0.000
    UIWR$3            -1.637      0.016   -103.286      0.000
    UIWR$4            -1.089      0.012    -92.329      0.000
    UIWR$5            -0.520      0.010    -52.352      0.000
    UIWR$6             0.692      0.010     67.083      0.000
    UIWR$7             1.295      0.013     99.801      0.000
    UIWR$8             1.857      0.019    100.075      0.000
    UIWR$9             2.435      0.031     77.308      0.000
    UDWR$1            -1.525      0.015   -103.310      0.000
    UDWR$2            -1.255      0.013    -98.630      0.000
    UDWR$3            -0.900      0.011    -81.922      0.000
    UDWR$4            -0.454      0.010    -46.290      0.000
    UDWR$5             0.066      0.009      6.931      0.000
    UDWR$6             1.129      0.012     94.067      0.000
    UDWR$7             1.629      0.016    103.297      0.000
    UDWR$8             2.134      0.023     91.142      0.000
    UDWR$9             2.630      0.039     67.153      0.000
    USUB$1            -1.724      0.017   -100.003      0.000
    USUB$2            -1.008      0.012    -86.161      0.000
    USUB$3            -0.684      0.011    -64.851      0.000
    USUB$4            -0.299      0.010    -30.381      0.000
    USUB$5             0.220      0.010     22.497      0.000
    UBAK$1            -1.460      0.014   -102.785      0.000
    UNM1$1            -2.276      0.036    -62.898      0.000
    UNM2$1            -1.857      0.026    -72.118      0.000
    UNM5$1            -2.303      0.038    -61.234      0.000
    UNM6$1            -1.194      0.020    -60.199      0.000
    URE3$1            -0.666      0.011    -62.166      0.000
    URE5$1             0.088      0.010      8.414      0.000
    URE6$1             0.046      0.011      3.975      0.000
    URE6$2             1.192      0.015     79.681      0.000
    UANI$1            -2.638      0.054    -49.288      0.000
    UANI$2            -1.706      0.023    -75.796      0.000
    UANI$3            -0.813      0.014    -56.212      0.000
    UANI$4            -0.134      0.013    -10.408      0.000
    UANI$5             0.444      0.013     33.441      0.000
    UANI$6             0.997      0.015     64.689      0.000
    UANI$7             1.521      0.020     76.253      0.000
    UANI$8             2.012      0.028     70.601      0.000
    UANI$9             2.437      0.043     56.987      0.000
    UVA1$1            -1.232      0.015    -81.051      0.000
    UVA1$2            -0.337      0.012    -28.950      0.000
    UVA1$3             0.532      0.012     44.265      0.000

 Variances
    G                  1.000      0.000    999.000    999.000
    S1                 0.466      0.007     69.852      0.000


STANDARDIZED MODEL RESULTS


STDYX Standardization

                                                    Two-Tailed
                    Estimate       S.E.  Est./S.E.    P-Value

 G        BY
    UDAT               0.379      0.015     24.641      0.000
    UDAY               0.582      0.023     25.281      0.000
    UMON               0.623      0.023     26.814      0.000
    UYER               0.724      0.020     35.424      0.000
    UIWR               0.587      0.007     88.480      0.000
    UDWR               0.585      0.006     91.192      0.000
    USUB               0.652      0.007     94.720      0.000
    UBAK               0.517      0.015     34.793      0.000
    UNM1               0.415      0.042      9.952      0.000
    UNM2               0.659      0.025     25.899      0.000
    UNM5               0.722      0.038     18.865      0.000
    UNM6               0.522      0.019     27.120      0.000
    URE3               0.615      0.009     64.877      0.000
    URE5               0.656      0.009     73.773      0.000
    URE6               0.398      0.010     41.831      0.000
    UANI               0.615      0.008     73.654      0.000
    UVA1               0.704      0.008     89.739      0.000

 S1       BY
    UIWR               0.683      0.005    139.703      0.000
    UDWR               0.683      0.005    139.703      0.000

 G        WITH
    S1                 0.000      0.000    999.000    999.000

 Thresholds
    UDAT$1            -0.867      0.015    -58.329      0.000
    UDAY$1            -1.747      0.023    -75.353      0.000
    UMON$1            -1.798      0.024    -74.585      0.000
    UYER$1            -1.780      0.024    -74.715      0.000
    UIWR$1            -2.393      0.030    -79.408      0.000
    UIWR$2            -2.088      0.022    -92.961      0.000
    UIWR$3            -1.637      0.016   -103.286      0.000
    UIWR$4            -1.089      0.012    -92.329      0.000
    UIWR$5            -0.520      0.010    -52.352      0.000
    UIWR$6             0.692      0.010     67.083      0.000
    UIWR$7             1.295      0.013     99.801      0.000
    UIWR$8             1.857      0.019    100.075      0.000
    UIWR$9             2.435      0.031     77.308      0.000
    UDWR$1            -1.525      0.015   -103.310      0.000
    UDWR$2            -1.255      0.013    -98.630      0.000
    UDWR$3            -0.900      0.011    -81.922      0.000
    UDWR$4            -0.454      0.010    -46.290      0.000
    UDWR$5             0.066      0.009      6.931      0.000
    UDWR$6             1.129      0.012     94.067      0.000
    UDWR$7             1.629      0.016    103.297      0.000
    UDWR$8             2.134      0.023     91.142      0.000
    UDWR$9             2.630      0.039     67.153      0.000
    USUB$1            -1.724      0.017   -100.003      0.000
    USUB$2            -1.008      0.012    -86.161      0.000
    USUB$3            -0.684      0.011    -64.851      0.000
    USUB$4            -0.299      0.010    -30.381      0.000
    USUB$5             0.220      0.010     22.497      0.000
    UBAK$1            -1.460      0.014   -102.785      0.000
    UNM1$1            -2.276      0.036    -62.898      0.000
    UNM2$1            -1.857      0.026    -72.118      0.000
    UNM5$1            -2.303      0.038    -61.234      0.000
    UNM6$1            -1.194      0.020    -60.199      0.000
    URE3$1            -0.666      0.011    -62.166      0.000
    URE5$1             0.088      0.010      8.414      0.000
    URE6$1             0.046      0.011      3.975      0.000
    URE6$2             1.192      0.015     79.681      0.000
    UANI$1            -2.638      0.054    -49.288      0.000
    UANI$2            -1.706      0.023    -75.796      0.000
    UANI$3            -0.813      0.014    -56.212      0.000
    UANI$4            -0.134      0.013    -10.408      0.000
    UANI$5             0.444      0.013     33.441      0.000
    UANI$6             0.997      0.015     64.689      0.000
    UANI$7             1.521      0.020     76.253      0.000
    UANI$8             2.012      0.028     70.601      0.000
    UANI$9             2.437      0.043     56.987      0.000
    UVA1$1            -1.232      0.015    -81.051      0.000
    UVA1$2            -0.337      0.012    -28.950      0.000
    UVA1$3             0.532      0.012     44.265      0.000

 Variances
    G                  1.000      0.000    999.000    999.000
    S1                 1.000      0.000    999.000    999.000


STDY Standardization

                                                    Two-Tailed
                    Estimate       S.E.  Est./S.E.    P-Value

 G        BY
    UDAT               0.379      0.015     24.641      0.000
    UDAY               0.582      0.023     25.281      0.000
    UMON               0.623      0.023     26.814      0.000
    UYER               0.724      0.020     35.424      0.000
    UIWR               0.587      0.007     88.480      0.000
    UDWR               0.585      0.006     91.192      0.000
    USUB               0.652      0.007     94.720      0.000
    UBAK               0.517      0.015     34.793      0.000
    UNM1               0.415      0.042      9.952      0.000
    UNM2               0.659      0.025     25.899      0.000
    UNM5               0.722      0.038     18.865      0.000
    UNM6               0.522      0.019     27.120      0.000
    URE3               0.615      0.009     64.877      0.000
    URE5               0.656      0.009     73.773      0.000
    URE6               0.398      0.010     41.831      0.000
    UANI               0.615      0.008     73.654      0.000
    UVA1               0.704      0.008     89.739      0.000

 S1       BY
    UIWR               0.683      0.005    139.703      0.000
    UDWR               0.683      0.005    139.703      0.000

 G        WITH
    S1                 0.000      0.000    999.000    999.000

 Thresholds
    UDAT$1            -0.867      0.015    -58.329      0.000
    UDAY$1            -1.747      0.023    -75.353      0.000
    UMON$1            -1.798      0.024    -74.585      0.000
    UYER$1            -1.780      0.024    -74.715      0.000
    UIWR$1            -2.393      0.030    -79.408      0.000
    UIWR$2            -2.088      0.022    -92.961      0.000
    UIWR$3            -1.637      0.016   -103.286      0.000
    UIWR$4            -1.089      0.012    -92.329      0.000
    UIWR$5            -0.520      0.010    -52.352      0.000
    UIWR$6             0.692      0.010     67.083      0.000
    UIWR$7             1.295      0.013     99.801      0.000
    UIWR$8             1.857      0.019    100.075      0.000
    UIWR$9             2.435      0.031     77.308      0.000
    UDWR$1            -1.525      0.015   -103.310      0.000
    UDWR$2            -1.255      0.013    -98.630      0.000
    UDWR$3            -0.900      0.011    -81.922      0.000
    UDWR$4            -0.454      0.010    -46.290      0.000
    UDWR$5             0.066      0.009      6.931      0.000
    UDWR$6             1.129      0.012     94.067      0.000
    UDWR$7             1.629      0.016    103.297      0.000
    UDWR$8             2.134      0.023     91.142      0.000
    UDWR$9             2.630      0.039     67.153      0.000
    USUB$1            -1.724      0.017   -100.003      0.000
    USUB$2            -1.008      0.012    -86.161      0.000
    USUB$3            -0.684      0.011    -64.851      0.000
    USUB$4            -0.299      0.010    -30.381      0.000
    USUB$5             0.220      0.010     22.497      0.000
    UBAK$1            -1.460      0.014   -102.785      0.000
    UNM1$1            -2.276      0.036    -62.898      0.000
    UNM2$1            -1.857      0.026    -72.118      0.000
    UNM5$1            -2.303      0.038    -61.234      0.000
    UNM6$1            -1.194      0.020    -60.199      0.000
    URE3$1            -0.666      0.011    -62.166      0.000
    URE5$1             0.088      0.010      8.414      0.000
    URE6$1             0.046      0.011      3.975      0.000
    URE6$2             1.192      0.015     79.681      0.000
    UANI$1            -2.638      0.054    -49.288      0.000
    UANI$2            -1.706      0.023    -75.796      0.000
    UANI$3            -0.813      0.014    -56.212      0.000
    UANI$4            -0.134      0.013    -10.408      0.000
    UANI$5             0.444      0.013     33.441      0.000
    UANI$6             0.997      0.015     64.689      0.000
    UANI$7             1.521      0.020     76.253      0.000
    UANI$8             2.012      0.028     70.601      0.000
    UANI$9             2.437      0.043     56.987      0.000
    UVA1$1            -1.232      0.015    -81.051      0.000
    UVA1$2            -0.337      0.012    -28.950      0.000
    UVA1$3             0.532      0.012     44.265      0.000

 Variances
    G                  1.000      0.000    999.000    999.000
    S1                 1.000      0.000    999.000    999.000


STD Standardization

                                                    Two-Tailed
                    Estimate       S.E.  Est./S.E.    P-Value

 G        BY
    UDAT               0.379      0.015     24.641      0.000
    UDAY               0.582      0.023     25.281      0.000
    UMON               0.623      0.023     26.814      0.000
    UYER               0.724      0.020     35.424      0.000
    UIWR               0.587      0.007     88.480      0.000
    UDWR               0.585      0.006     91.192      0.000
    USUB               0.652      0.007     94.720      0.000
    UBAK               0.517      0.015     34.793      0.000
    UNM1               0.415      0.042      9.952      0.000
    UNM2               0.659      0.025     25.899      0.000
    UNM5               0.722      0.038     18.865      0.000
    UNM6               0.522      0.019     27.120      0.000
    URE3               0.615      0.009     64.877      0.000
    URE5               0.656      0.009     73.773      0.000
    URE6               0.398      0.010     41.831      0.000
    UANI               0.615      0.008     73.654      0.000
    UVA1               0.704      0.008     89.739      0.000

 S1       BY
    UIWR               0.683      0.005    139.703      0.000
    UDWR               0.683      0.005    139.703      0.000

 G        WITH
    S1                 0.000      0.000    999.000    999.000

 Thresholds
    UDAT$1            -0.867      0.015    -58.329      0.000
    UDAY$1            -1.747      0.023    -75.353      0.000
    UMON$1            -1.798      0.024    -74.585      0.000
    UYER$1            -1.780      0.024    -74.715      0.000
    UIWR$1            -2.393      0.030    -79.408      0.000
    UIWR$2            -2.088      0.022    -92.961      0.000
    UIWR$3            -1.637      0.016   -103.286      0.000
    UIWR$4            -1.089      0.012    -92.329      0.000
    UIWR$5            -0.520      0.010    -52.352      0.000
    UIWR$6             0.692      0.010     67.083      0.000
    UIWR$7             1.295      0.013     99.801      0.000
    UIWR$8             1.857      0.019    100.075      0.000
    UIWR$9             2.435      0.031     77.308      0.000
    UDWR$1            -1.525      0.015   -103.310      0.000
    UDWR$2            -1.255      0.013    -98.630      0.000
    UDWR$3            -0.900      0.011    -81.922      0.000
    UDWR$4            -0.454      0.010    -46.290      0.000
    UDWR$5             0.066      0.009      6.931      0.000
    UDWR$6             1.129      0.012     94.067      0.000
    UDWR$7             1.629      0.016    103.297      0.000
    UDWR$8             2.134      0.023     91.142      0.000
    UDWR$9             2.630      0.039     67.153      0.000
    USUB$1            -1.724      0.017   -100.003      0.000
    USUB$2            -1.008      0.012    -86.161      0.000
    USUB$3            -0.684      0.011    -64.851      0.000
    USUB$4            -0.299      0.010    -30.381      0.000
    USUB$5             0.220      0.010     22.497      0.000
    UBAK$1            -1.460      0.014   -102.785      0.000
    UNM1$1            -2.276      0.036    -62.898      0.000
    UNM2$1            -1.857      0.026    -72.118      0.000
    UNM5$1            -2.303      0.038    -61.234      0.000
    UNM6$1            -1.194      0.020    -60.199      0.000
    URE3$1            -0.666      0.011    -62.166      0.000
    URE5$1             0.088      0.010      8.414      0.000
    URE6$1             0.046      0.011      3.975      0.000
    URE6$2             1.192      0.015     79.681      0.000
    UANI$1            -2.638      0.054    -49.288      0.000
    UANI$2            -1.706      0.023    -75.796      0.000
    UANI$3            -0.813      0.014    -56.212      0.000
    UANI$4            -0.134      0.013    -10.408      0.000
    UANI$5             0.444      0.013     33.441      0.000
    UANI$6             0.997      0.015     64.689      0.000
    UANI$7             1.521      0.020     76.253      0.000
    UANI$8             2.012      0.028     70.601      0.000
    UANI$9             2.437      0.043     56.987      0.000
    UVA1$1            -1.232      0.015    -81.051      0.000
    UVA1$2            -0.337      0.012    -28.950      0.000
    UVA1$3             0.532      0.012     44.265      0.000

 Variances
    G                  1.000      0.000    999.000    999.000
    S1                 1.000      0.000    999.000    999.000


R-SQUARE

    Observed                                        Two-Tailed   Residual
    Variable        Estimate       S.E.  Est./S.E.    P-Value    Variance

    UDAT               0.144      0.012     12.320      0.000      0.856
    UDAY               0.339      0.027     12.640      0.000      0.661
    UMON               0.388      0.029     13.407      0.000      0.612
    UYER               0.524      0.030     17.712      0.000      0.476
    UIWR               0.811      0.004    209.925      0.000      0.189
    UDWR               0.809      0.004    203.000      0.000      0.191
    USUB               0.425      0.009     47.360      0.000      0.575
    UBAK               0.267      0.015     17.397      0.000      0.733
    UNM1               0.172      0.035      4.976      0.000      0.828
    UNM2               0.434      0.034     12.950      0.000      0.566
    UNM5               0.521      0.055      9.432      0.000      0.479
    UNM6               0.273      0.020     13.560      0.000      0.727
    URE3               0.378      0.012     32.438      0.000      0.622
    URE5               0.430      0.012     36.886      0.000      0.570
    URE6               0.159      0.008     20.915      0.000      0.841
    UANI               0.378      0.010     36.827      0.000      0.622
    UVA1               0.496      0.011     44.869      0.000      0.504


QUALITY OF NUMERICAL RESULTS

     Condition Number for the Information Matrix              0.205E-02
       (ratio of smallest to largest eigenvalue)


MODEL COMMAND WITH FINAL ESTIMATES USED AS STARTING VALUES

     g BY udat*0.37927;
     g BY uday*0.58223;
     g BY umon*0.62301;
     g BY uyer*0.72362;
     g BY uiwr*0.58735;
     g BY udwr*0.58509;
     g BY usub*0.65161;
     g BY ubak*0.51706;
     g BY unm1*0.41470;
     g BY unm2*0.65904;
     g BY unm5*0.72187;
     g BY unm6*0.52247;
     g BY ure3*0.61519;
     g BY ure5*0.65551;
     g BY ure6*0.39839;
     g BY uani*0.61487;
     g BY uva1*0.70447;
     s1 BY uiwr@1;
     s1 BY udwr@1;

     g WITH s1@0;

     [ udat$1*-0.86724 ];
     [ uday$1*-1.74677 ];
     [ umon$1*-1.79814 ];
     [ uyer$1*-1.77979 ];
     [ uiwr$1*-2.39298 ];
     [ uiwr$2*-2.08759 ];
     [ uiwr$3*-1.63697 ];
     [ uiwr$4*-1.08927 ];
     [ uiwr$5*-0.51976 ];
     [ uiwr$6*0.69231 ];
     [ uiwr$7*1.29501 ];
     [ uiwr$8*1.85691 ];
     [ uiwr$9*2.43497 ];
     [ udwr$1*-1.52485 ];
     [ udwr$2*-1.25482 ];
     [ udwr$3*-0.89978 ];
     [ udwr$4*-0.45437 ];
     [ udwr$5*0.06556 ];
     [ udwr$6*1.12923 ];
     [ udwr$7*1.62856 ];
     [ udwr$8*2.13359 ];
     [ udwr$9*2.63026 ];
     [ usub$1*-1.72434 ];
     [ usub$2*-1.00837 ];
     [ usub$3*-0.68448 ];
     [ usub$4*-0.29902 ];
     [ usub$5*0.21977 ];
     [ ubak$1*-1.46021 ];
     [ unm1$1*-2.27601 ];
     [ unm2$1*-1.85741 ];
     [ unm5$1*-2.30328 ];
     [ unm6$1*-1.19425 ];
     [ ure3$1*-0.66625 ];
     [ ure5$1*0.08798 ];
     [ ure6$1*0.04554 ];
     [ ure6$2*1.19228 ];
     [ uani$1*-2.63759 ];
     [ uani$2*-1.70555 ];
     [ uani$3*-0.81333 ];
     [ uani$4*-0.13370 ];
     [ uani$5*0.44387 ];
     [ uani$6*0.99659 ];
     [ uani$7*1.52136 ];
     [ uani$8*2.01167 ];
     [ uani$9*2.43672 ];
     [ uva1$1*-1.23162 ];
     [ uva1$2*-0.33746 ];
     [ uva1$3*0.53229 ];

     g@1;
     s1*0.46646;



     Beginning Time:  22:28:52
        Ending Time:  22:28:54
       Elapsed Time:  00:00:02



MUTHEN & MUTHEN
3463 Stoner Ave.
Los Angeles, CA  90066

Tel: (310) 391-9971
Fax: (310) 391-8971
Web: www.StatModel.com
Support: Support@StatModel.com

Copyright (c) 1998-2018 Muthen & Muthen
