Mplus VERSION 8.1 (Mac)
MUTHEN & MUTHEN
05/27/2020  10:28 PM

INPUT INSTRUCTIONS

  DATA:
  FILE = "bi-15-ELSA_W1.dat";

  VARIABLE:
  NAMES = mplusid UDAT UDAY UMON UYER UIWR UDWR UANI ULET URE2 URE3 URE4 URE5 URE6
       UPM3 UPM4;
   MISSING=.;
   CATEGORICAL ARE all; idvariable = mplusid;
  ANALYSIS:
  estimator = wlsmv; coverage=0;
  MODEL:
  g by UDAT * ;
   g by UDAY * ;
   g by UMON * ;
   g by UYER * ;
   g by UIWR * ;
   g by UDWR * ;
   g by URE3 * ;
   g by URE5 * ;
   g by URE6 * ;
   g by UANI * ;
   g by ULET * ;
   g by URE2 * ;
   g by URE4 * ;
   g by UPM3 * ;
   g by UPM4 * ;
   s1 by UIWR @ 1 ;
   s1 by UDWR @ 1 ;
  s4 by UPM3 @ 1 ;
   s4 by UPM4 @ 1 ;
   g @ 1;
   s1 * ;
  s4 * ;
   g with s1 @ 0 ;
   g with s4 @ 0 ;
   s1 with s4 @ 0 ;
  OUTPUT:
  standardized; svalues;



*** WARNING
  Data set contains cases with missing on all variables.
  These cases were not included in the analysis.
  Number of cases with missing on all variables:  321
   1 WARNING(S) FOUND IN THE INPUT INSTRUCTIONS




SUMMARY OF ANALYSIS

Number of groups                                                 1
Number of observations                                       11778

Number of dependent variables                                   15
Number of independent variables                                  0
Number of continuous latent variables                            3

Observed dependent variables

  Binary and ordered categorical (ordinal)
   UDAT        UDAY        UMON        UYER        UIWR        UDWR
   UANI        ULET        URE2        URE3        URE4        URE5
   URE6        UPM3        UPM4

Continuous latent variables
   G           S1          S4

Variables with special functions

  ID variable           MPLUSID

Estimator                                                    WLSMV
Maximum number of iterations                                  1000
Convergence criterion                                    0.500D-04
Maximum number of steepest descent iterations                   20
Maximum number of iterations for H1                           2000
Convergence criterion for H1                             0.100D-03
Parameterization                                             DELTA
Link                                                        PROBIT

Input data file(s)
  bi-15-ELSA_W1.dat

Input data format  FREE


SUMMARY OF DATA

     Number of missing data patterns           165


COVARIANCE COVERAGE OF DATA

Minimum covariance coverage value   0.000


     PROPORTION OF DATA PRESENT


           Covariance Coverage
              UDAT          UDAY          UMON          UYER          UIWR
              ________      ________      ________      ________      ________
 UDAT           0.999
 UDAY           0.999         0.999
 UMON           0.999         0.999         0.999
 UYER           0.999         0.999         0.999         0.999
 UIWR           0.994         0.994         0.994         0.994         0.995
 UDWR           0.993         0.993         0.993         0.993         0.993
 UANI           0.994         0.994         0.994         0.994         0.994
 ULET           0.960         0.960         0.960         0.960         0.960
 URE2           0.970         0.970         0.970         0.970         0.969
 URE3           0.867         0.867         0.867         0.867         0.867
 URE4           0.702         0.702         0.702         0.702         0.702
 URE5           0.606         0.606         0.606         0.606         0.605
 URE6           0.619         0.619         0.619         0.619         0.619
 UPM3           0.869         0.869         0.869         0.869         0.868
 UPM4           0.787         0.787         0.787         0.787         0.787


           Covariance Coverage
              UDWR          UANI          ULET          URE2          URE3
              ________      ________      ________      ________      ________
 UDWR           0.993
 UANI           0.993         0.994
 ULET           0.959         0.960         0.960
 URE2           0.969         0.969         0.941         0.970
 URE3           0.867         0.867         0.845         0.861         0.867
 URE4           0.702         0.702         0.684         0.696         0.661
 URE5           0.605         0.605         0.591         0.603         0.585
 URE6           0.619         0.619         0.605         0.616         0.609
 UPM3           0.868         0.868         0.845         0.854         0.778
 UPM4           0.787         0.786         0.766         0.776         0.719


           Covariance Coverage
              URE4          URE5          URE6          UPM3          UPM4
              ________      ________      ________      ________      ________
 URE4           0.702
 URE5           0.506         0.606
 URE6           0.514         0.465         0.619
 UPM3           0.636         0.556         0.567         0.869
 UPM4           0.593         0.519         0.534         0.735         0.787


UNIVARIATE PROPORTIONS AND COUNTS FOR CATEGORICAL VARIABLES

    UDAT
      Category 1    0.192         2262.000
      Category 2    0.808         9508.000
    UDAY
      Category 1    0.021          242.000
      Category 2    0.979        11527.000
    UMON
      Category 1    0.026          301.000
      Category 2    0.974        11469.000
    UYER
      Category 1    0.028          324.000
      Category 2    0.972        11446.000
    UIWR
      Category 1    0.008           92.000
      Category 2    0.025          296.000
      Category 3    0.025          297.000
      Category 4    0.068          797.000
      Category 5    0.134         1573.000
      Category 6    0.454         5313.000
      Category 7    0.179         2097.000
      Category 8    0.080          942.000
      Category 9    0.023          264.000
      Category 10    0.004           44.000
    UDWR
      Category 1    0.093         1094.000
      Category 2    0.047          549.000
      Category 3    0.086         1009.000
      Category 4    0.136         1590.000
      Category 5    0.200         2346.000
      Category 6    0.332         3881.000
      Category 7    0.070          819.000
      Category 8    0.025          295.000
      Category 9    0.008           90.000
      Category 10    0.002           28.000
    UANI
      Category 1    0.009          106.000
      Category 2    0.005           59.000
      Category 3    0.033          384.000
      Category 4    0.122         1426.000
      Category 5    0.230         2689.000
      Category 6    0.261         3059.000
      Category 7    0.178         2089.000
      Category 8    0.100         1174.000
      Category 9    0.042          491.000
      Category 10    0.020          236.000
    ULET
      Category 1    0.017          189.000
      Category 2    0.047          529.000
      Category 3    0.102         1154.000
      Category 4    0.246         2781.000
      Category 5    0.237         2675.000
      Category 6    0.238         2695.000
      Category 7    0.052          588.000
      Category 8    0.034          379.000
      Category 9    0.012          137.000
      Category 10    0.016          183.000
    URE2
      Category 1    0.014          165.000
      Category 2    0.986        11257.000
    URE3
      Category 1    0.072          740.000
      Category 2    0.928         9477.000
    URE4
      Category 1    0.228         1886.000
      Category 2    0.772         6384.000
    URE5
      Category 1    0.189         1351.000
      Category 2    0.811         5782.000
    URE6
      Category 1    0.164         1195.000
      Category 2    0.598         4356.000
      Category 3    0.238         1738.000
    UPM3
      Category 1    0.037          381.000
      Category 2    0.310         3172.000
      Category 3    0.016          166.000
      Category 4    0.037          378.000
      Category 5    0.600         6135.000
    UPM4
      Category 1    0.274         2536.000
      Category 2    0.071          655.000
      Category 3    0.656         6078.000



THE MODEL ESTIMATION TERMINATED NORMALLY



MODEL FIT INFORMATION

Number of Free Parameters                       69

Chi-Square Test of Model Fit

          Value                           1688.599*
          Degrees of Freedom                    88
          P-Value                           0.0000

*   The chi-square value for MLM, MLMV, MLR, ULSMV, WLSM and WLSMV cannot be used
    for chi-square difference testing in the regular way.  MLM, MLR and WLSM
    chi-square difference testing is described on the Mplus website.  MLMV, WLSMV,
    and ULSMV difference testing is done using the DIFFTEST option.

RMSEA (Root Mean Square Error Of Approximation)

          Estimate                           0.039
          90 Percent C.I.                    0.038  0.041
          Probability RMSEA <= .05           1.000

CFI/TLI

          CFI                                0.971
          TLI                                0.965

Chi-Square Test of Model Fit for the Baseline Model

          Value                          54787.791
          Degrees of Freedom                   105
          P-Value                           0.0000

SRMR (Standardized Root Mean Square Residual)

          Value                              0.085

Optimum Function Value for Weighted Least-Squares Estimator

          Value                     0.62080738D-01



MODEL RESULTS

                                                    Two-Tailed
                    Estimate       S.E.  Est./S.E.    P-Value

 G        BY
    UDAT               0.437      0.014     32.010      0.000
    UDAY               0.568      0.026     22.109      0.000
    UMON               0.675      0.021     31.616      0.000
    UYER               0.749      0.019     39.018      0.000
    UIWR               0.633      0.008     81.592      0.000
    UDWR               0.641      0.008     82.199      0.000
    URE3               0.330      0.021     15.842      0.000
    URE5               0.381      0.018     21.186      0.000
    URE6               0.355      0.013     26.676      0.000
    UANI               0.686      0.007     92.948      0.000
    ULET               0.504      0.008     59.402      0.000
    URE2               0.491      0.031     16.067      0.000
    URE4               0.424      0.016     27.172      0.000
    UPM3               0.285      0.013     22.050      0.000
    UPM4               0.297      0.014     21.582      0.000

 S1       BY
    UIWR               1.000      0.000    999.000    999.000
    UDWR               1.000      0.000    999.000    999.000

 S4       BY
    UPM3               1.000      0.000    999.000    999.000
    UPM4               1.000      0.000    999.000    999.000

 G        WITH
    S1                 0.000      0.000    999.000    999.000
    S4                 0.000      0.000    999.000    999.000

 S1       WITH
    S4                 0.000      0.000    999.000    999.000

 Thresholds
    UDAT$1            -0.870      0.013    -65.453      0.000
    UDAY$1            -2.042      0.026    -77.388      0.000
    UMON$1            -1.950      0.024    -79.838      0.000
    UYER$1            -1.918      0.024    -80.581      0.000
    UIWR$1            -2.416      0.038    -63.879      0.000
    UIWR$2            -1.837      0.022    -82.034      0.000
    UIWR$3            -1.568      0.019    -84.423      0.000
    UIWR$4            -1.143      0.015    -77.258      0.000
    UIWR$5            -0.641      0.012    -51.331      0.000
    UIWR$6             0.566      0.012     46.092      0.000
    UIWR$7             1.244      0.016     80.246      0.000
    UIWR$8             1.938      0.024     79.935      0.000
    UIWR$9             2.673      0.050     52.964      0.000
    UDWR$1            -1.320      0.016    -81.898      0.000
    UDWR$2            -1.078      0.014    -74.889      0.000
    UDWR$3            -0.750      0.013    -58.352      0.000
    UDWR$4            -0.352      0.012    -29.678      0.000
    UDWR$5             0.159      0.012     13.631      0.000
    UDWR$6             1.252      0.016     80.393      0.000
    UDWR$7             1.808      0.022     82.468      0.000
    UDWR$8             2.323      0.034     67.529      0.000
    UDWR$9             2.821      0.061     46.591      0.000
    UANI$1            -2.364      0.036    -65.975      0.000
    UANI$2            -2.195      0.030    -72.317      0.000
    UANI$3            -1.676      0.020    -84.050      0.000
    UANI$4            -0.960      0.014    -69.828      0.000
    UANI$5            -0.258      0.012    -22.014      0.000
    UANI$6             0.411      0.012     34.390      0.000
    UANI$7             0.985      0.014     71.006      0.000
    UANI$8             1.538      0.018     84.366      0.000
    UANI$9             2.051      0.027     76.960      0.000
    ULET$1            -2.127      0.029    -73.313      0.000
    ULET$2            -1.526      0.018    -82.866      0.000
    ULET$3            -0.972      0.014    -69.186      0.000
    ULET$4            -0.224      0.012    -18.829      0.000
    ULET$5             0.380      0.012     31.384      0.000
    ULET$6             1.207      0.015     77.846      0.000
    ULET$7             1.540      0.019     82.908      0.000
    ULET$8             1.906      0.024     79.250      0.000
    ULET$9             2.140      0.029     72.897      0.000
    URE2$1            -2.185      0.030    -71.753      0.000
    URE3$1            -1.458      0.019    -78.364      0.000
    URE4$1            -0.745      0.015    -48.815      0.000
    URE5$1            -0.880      0.017    -51.379      0.000
    URE6$1            -0.978      0.018    -55.773      0.000
    URE6$2             0.711      0.016     44.147      0.000
    UPM3$1            -1.784      0.023    -77.463      0.000
    UPM3$2            -0.393      0.013    -30.820      0.000
    UPM3$3            -0.349      0.013    -27.564      0.000
    UPM3$4            -0.252      0.013    -20.127      0.000
    UPM4$1            -0.602      0.014    -43.268      0.000
    UPM4$2            -0.401      0.013    -29.902      0.000

 Variances
    G                  1.000      0.000    999.000    999.000
    S1                 0.334      0.008     41.551      0.000
    S4                 0.187      0.016     11.973      0.000


STANDARDIZED MODEL RESULTS


STDYX Standardization

                                                    Two-Tailed
                    Estimate       S.E.  Est./S.E.    P-Value

 G        BY
    UDAT               0.437      0.014     32.010      0.000
    UDAY               0.568      0.026     22.109      0.000
    UMON               0.675      0.021     31.616      0.000
    UYER               0.749      0.019     39.018      0.000
    UIWR               0.633      0.008     81.592      0.000
    UDWR               0.641      0.008     82.199      0.000
    URE3               0.330      0.021     15.842      0.000
    URE5               0.381      0.018     21.186      0.000
    URE6               0.355      0.013     26.676      0.000
    UANI               0.686      0.007     92.948      0.000
    ULET               0.504      0.008     59.402      0.000
    URE2               0.491      0.031     16.067      0.000
    URE4               0.424      0.016     27.172      0.000
    UPM3               0.285      0.013     22.050      0.000
    UPM4               0.297      0.014     21.582      0.000

 S1       BY
    UIWR               0.578      0.007     83.101      0.000
    UDWR               0.578      0.007     83.101      0.000

 S4       BY
    UPM3               0.433      0.018     23.947      0.000
    UPM4               0.433      0.018     23.947      0.000

 G        WITH
    S1                 0.000      0.000    999.000    999.000
    S4                 0.000      0.000    999.000    999.000

 S1       WITH
    S4                 0.000      0.000    999.000    999.000

 Thresholds
    UDAT$1            -0.870      0.013    -65.453      0.000
    UDAY$1            -2.042      0.026    -77.388      0.000
    UMON$1            -1.950      0.024    -79.838      0.000
    UYER$1            -1.918      0.024    -80.581      0.000
    UIWR$1            -2.416      0.038    -63.879      0.000
    UIWR$2            -1.837      0.022    -82.034      0.000
    UIWR$3            -1.568      0.019    -84.423      0.000
    UIWR$4            -1.143      0.015    -77.258      0.000
    UIWR$5            -0.641      0.012    -51.331      0.000
    UIWR$6             0.566      0.012     46.092      0.000
    UIWR$7             1.244      0.016     80.246      0.000
    UIWR$8             1.938      0.024     79.935      0.000
    UIWR$9             2.673      0.050     52.964      0.000
    UDWR$1            -1.320      0.016    -81.898      0.000
    UDWR$2            -1.078      0.014    -74.889      0.000
    UDWR$3            -0.750      0.013    -58.352      0.000
    UDWR$4            -0.352      0.012    -29.678      0.000
    UDWR$5             0.159      0.012     13.631      0.000
    UDWR$6             1.252      0.016     80.393      0.000
    UDWR$7             1.808      0.022     82.468      0.000
    UDWR$8             2.323      0.034     67.529      0.000
    UDWR$9             2.821      0.061     46.591      0.000
    UANI$1            -2.364      0.036    -65.975      0.000
    UANI$2            -2.195      0.030    -72.317      0.000
    UANI$3            -1.676      0.020    -84.050      0.000
    UANI$4            -0.960      0.014    -69.828      0.000
    UANI$5            -0.258      0.012    -22.014      0.000
    UANI$6             0.411      0.012     34.390      0.000
    UANI$7             0.985      0.014     71.006      0.000
    UANI$8             1.538      0.018     84.366      0.000
    UANI$9             2.051      0.027     76.960      0.000
    ULET$1            -2.127      0.029    -73.313      0.000
    ULET$2            -1.526      0.018    -82.866      0.000
    ULET$3            -0.972      0.014    -69.186      0.000
    ULET$4            -0.224      0.012    -18.829      0.000
    ULET$5             0.380      0.012     31.384      0.000
    ULET$6             1.207      0.015     77.846      0.000
    ULET$7             1.540      0.019     82.908      0.000
    ULET$8             1.906      0.024     79.250      0.000
    ULET$9             2.140      0.029     72.897      0.000
    URE2$1            -2.185      0.030    -71.753      0.000
    URE3$1            -1.458      0.019    -78.364      0.000
    URE4$1            -0.745      0.015    -48.815      0.000
    URE5$1            -0.880      0.017    -51.379      0.000
    URE6$1            -0.978      0.018    -55.773      0.000
    URE6$2             0.711      0.016     44.147      0.000
    UPM3$1            -1.784      0.023    -77.463      0.000
    UPM3$2            -0.393      0.013    -30.820      0.000
    UPM3$3            -0.349      0.013    -27.564      0.000
    UPM3$4            -0.252      0.013    -20.127      0.000
    UPM4$1            -0.602      0.014    -43.268      0.000
    UPM4$2            -0.401      0.013    -29.902      0.000

 Variances
    G                  1.000      0.000    999.000    999.000
    S1                 1.000      0.000    999.000    999.000
    S4                 1.000      0.000    999.000    999.000


STDY Standardization

                                                    Two-Tailed
                    Estimate       S.E.  Est./S.E.    P-Value

 G        BY
    UDAT               0.437      0.014     32.010      0.000
    UDAY               0.568      0.026     22.109      0.000
    UMON               0.675      0.021     31.616      0.000
    UYER               0.749      0.019     39.018      0.000
    UIWR               0.633      0.008     81.592      0.000
    UDWR               0.641      0.008     82.199      0.000
    URE3               0.330      0.021     15.842      0.000
    URE5               0.381      0.018     21.186      0.000
    URE6               0.355      0.013     26.676      0.000
    UANI               0.686      0.007     92.948      0.000
    ULET               0.504      0.008     59.402      0.000
    URE2               0.491      0.031     16.067      0.000
    URE4               0.424      0.016     27.172      0.000
    UPM3               0.285      0.013     22.050      0.000
    UPM4               0.297      0.014     21.582      0.000

 S1       BY
    UIWR               0.578      0.007     83.101      0.000
    UDWR               0.578      0.007     83.101      0.000

 S4       BY
    UPM3               0.433      0.018     23.947      0.000
    UPM4               0.433      0.018     23.947      0.000

 G        WITH
    S1                 0.000      0.000    999.000    999.000
    S4                 0.000      0.000    999.000    999.000

 S1       WITH
    S4                 0.000      0.000    999.000    999.000

 Thresholds
    UDAT$1            -0.870      0.013    -65.453      0.000
    UDAY$1            -2.042      0.026    -77.388      0.000
    UMON$1            -1.950      0.024    -79.838      0.000
    UYER$1            -1.918      0.024    -80.581      0.000
    UIWR$1            -2.416      0.038    -63.879      0.000
    UIWR$2            -1.837      0.022    -82.034      0.000
    UIWR$3            -1.568      0.019    -84.423      0.000
    UIWR$4            -1.143      0.015    -77.258      0.000
    UIWR$5            -0.641      0.012    -51.331      0.000
    UIWR$6             0.566      0.012     46.092      0.000
    UIWR$7             1.244      0.016     80.246      0.000
    UIWR$8             1.938      0.024     79.935      0.000
    UIWR$9             2.673      0.050     52.964      0.000
    UDWR$1            -1.320      0.016    -81.898      0.000
    UDWR$2            -1.078      0.014    -74.889      0.000
    UDWR$3            -0.750      0.013    -58.352      0.000
    UDWR$4            -0.352      0.012    -29.678      0.000
    UDWR$5             0.159      0.012     13.631      0.000
    UDWR$6             1.252      0.016     80.393      0.000
    UDWR$7             1.808      0.022     82.468      0.000
    UDWR$8             2.323      0.034     67.529      0.000
    UDWR$9             2.821      0.061     46.591      0.000
    UANI$1            -2.364      0.036    -65.975      0.000
    UANI$2            -2.195      0.030    -72.317      0.000
    UANI$3            -1.676      0.020    -84.050      0.000
    UANI$4            -0.960      0.014    -69.828      0.000
    UANI$5            -0.258      0.012    -22.014      0.000
    UANI$6             0.411      0.012     34.390      0.000
    UANI$7             0.985      0.014     71.006      0.000
    UANI$8             1.538      0.018     84.366      0.000
    UANI$9             2.051      0.027     76.960      0.000
    ULET$1            -2.127      0.029    -73.313      0.000
    ULET$2            -1.526      0.018    -82.866      0.000
    ULET$3            -0.972      0.014    -69.186      0.000
    ULET$4            -0.224      0.012    -18.829      0.000
    ULET$5             0.380      0.012     31.384      0.000
    ULET$6             1.207      0.015     77.846      0.000
    ULET$7             1.540      0.019     82.908      0.000
    ULET$8             1.906      0.024     79.250      0.000
    ULET$9             2.140      0.029     72.897      0.000
    URE2$1            -2.185      0.030    -71.753      0.000
    URE3$1            -1.458      0.019    -78.364      0.000
    URE4$1            -0.745      0.015    -48.815      0.000
    URE5$1            -0.880      0.017    -51.379      0.000
    URE6$1            -0.978      0.018    -55.773      0.000
    URE6$2             0.711      0.016     44.147      0.000
    UPM3$1            -1.784      0.023    -77.463      0.000
    UPM3$2            -0.393      0.013    -30.820      0.000
    UPM3$3            -0.349      0.013    -27.564      0.000
    UPM3$4            -0.252      0.013    -20.127      0.000
    UPM4$1            -0.602      0.014    -43.268      0.000
    UPM4$2            -0.401      0.013    -29.902      0.000

 Variances
    G                  1.000      0.000    999.000    999.000
    S1                 1.000      0.000    999.000    999.000
    S4                 1.000      0.000    999.000    999.000


STD Standardization

                                                    Two-Tailed
                    Estimate       S.E.  Est./S.E.    P-Value

 G        BY
    UDAT               0.437      0.014     32.010      0.000
    UDAY               0.568      0.026     22.109      0.000
    UMON               0.675      0.021     31.616      0.000
    UYER               0.749      0.019     39.018      0.000
    UIWR               0.633      0.008     81.592      0.000
    UDWR               0.641      0.008     82.199      0.000
    URE3               0.330      0.021     15.842      0.000
    URE5               0.381      0.018     21.186      0.000
    URE6               0.355      0.013     26.676      0.000
    UANI               0.686      0.007     92.948      0.000
    ULET               0.504      0.008     59.402      0.000
    URE2               0.491      0.031     16.067      0.000
    URE4               0.424      0.016     27.172      0.000
    UPM3               0.285      0.013     22.050      0.000
    UPM4               0.297      0.014     21.582      0.000

 S1       BY
    UIWR               0.578      0.007     83.101      0.000
    UDWR               0.578      0.007     83.101      0.000

 S4       BY
    UPM3               0.433      0.018     23.947      0.000
    UPM4               0.433      0.018     23.947      0.000

 G        WITH
    S1                 0.000      0.000    999.000    999.000
    S4                 0.000      0.000    999.000    999.000

 S1       WITH
    S4                 0.000      0.000    999.000    999.000

 Thresholds
    UDAT$1            -0.870      0.013    -65.453      0.000
    UDAY$1            -2.042      0.026    -77.388      0.000
    UMON$1            -1.950      0.024    -79.838      0.000
    UYER$1            -1.918      0.024    -80.581      0.000
    UIWR$1            -2.416      0.038    -63.879      0.000
    UIWR$2            -1.837      0.022    -82.034      0.000
    UIWR$3            -1.568      0.019    -84.423      0.000
    UIWR$4            -1.143      0.015    -77.258      0.000
    UIWR$5            -0.641      0.012    -51.331      0.000
    UIWR$6             0.566      0.012     46.092      0.000
    UIWR$7             1.244      0.016     80.246      0.000
    UIWR$8             1.938      0.024     79.935      0.000
    UIWR$9             2.673      0.050     52.964      0.000
    UDWR$1            -1.320      0.016    -81.898      0.000
    UDWR$2            -1.078      0.014    -74.889      0.000
    UDWR$3            -0.750      0.013    -58.352      0.000
    UDWR$4            -0.352      0.012    -29.678      0.000
    UDWR$5             0.159      0.012     13.631      0.000
    UDWR$6             1.252      0.016     80.393      0.000
    UDWR$7             1.808      0.022     82.468      0.000
    UDWR$8             2.323      0.034     67.529      0.000
    UDWR$9             2.821      0.061     46.591      0.000
    UANI$1            -2.364      0.036    -65.975      0.000
    UANI$2            -2.195      0.030    -72.317      0.000
    UANI$3            -1.676      0.020    -84.050      0.000
    UANI$4            -0.960      0.014    -69.828      0.000
    UANI$5            -0.258      0.012    -22.014      0.000
    UANI$6             0.411      0.012     34.390      0.000
    UANI$7             0.985      0.014     71.006      0.000
    UANI$8             1.538      0.018     84.366      0.000
    UANI$9             2.051      0.027     76.960      0.000
    ULET$1            -2.127      0.029    -73.313      0.000
    ULET$2            -1.526      0.018    -82.866      0.000
    ULET$3            -0.972      0.014    -69.186      0.000
    ULET$4            -0.224      0.012    -18.829      0.000
    ULET$5             0.380      0.012     31.384      0.000
    ULET$6             1.207      0.015     77.846      0.000
    ULET$7             1.540      0.019     82.908      0.000
    ULET$8             1.906      0.024     79.250      0.000
    ULET$9             2.140      0.029     72.897      0.000
    URE2$1            -2.185      0.030    -71.753      0.000
    URE3$1            -1.458      0.019    -78.364      0.000
    URE4$1            -0.745      0.015    -48.815      0.000
    URE5$1            -0.880      0.017    -51.379      0.000
    URE6$1            -0.978      0.018    -55.773      0.000
    URE6$2             0.711      0.016     44.147      0.000
    UPM3$1            -1.784      0.023    -77.463      0.000
    UPM3$2            -0.393      0.013    -30.820      0.000
    UPM3$3            -0.349      0.013    -27.564      0.000
    UPM3$4            -0.252      0.013    -20.127      0.000
    UPM4$1            -0.602      0.014    -43.268      0.000
    UPM4$2            -0.401      0.013    -29.902      0.000

 Variances
    G                  1.000      0.000    999.000    999.000
    S1                 1.000      0.000    999.000    999.000
    S4                 1.000      0.000    999.000    999.000


R-SQUARE

    Observed                                        Two-Tailed   Residual
    Variable        Estimate       S.E.  Est./S.E.    P-Value    Variance

    UDAT               0.191      0.012     16.005      0.000      0.809
    UDAY               0.322      0.029     11.054      0.000      0.678
    UMON               0.456      0.029     15.808      0.000      0.544
    UYER               0.560      0.029     19.509      0.000      0.440
    UIWR               0.735      0.006    119.393      0.000      0.265
    UDWR               0.745      0.006    125.767      0.000      0.255
    UANI               0.470      0.010     46.474      0.000      0.530
    ULET               0.254      0.009     29.701      0.000      0.746
    URE2               0.241      0.030      8.033      0.000      0.759
    URE3               0.109      0.014      7.921      0.000      0.891
    URE4               0.180      0.013     13.586      0.000      0.820
    URE5               0.145      0.014     10.593      0.000      0.855
    URE6               0.126      0.009     13.338      0.000      0.874
    UPM3               0.269      0.016     16.435      0.000      0.731
    UPM4               0.276      0.017     16.659      0.000      0.724


QUALITY OF NUMERICAL RESULTS

     Condition Number for the Information Matrix              0.376E-02
       (ratio of smallest to largest eigenvalue)


MODEL COMMAND WITH FINAL ESTIMATES USED AS STARTING VALUES

     g BY udat*0.43670;
     g BY uday*0.56772;
     g BY umon*0.67509;
     g BY uyer*0.74854;
     g BY uiwr*0.63250;
     g BY udwr*0.64099;
     g BY ure3*0.32972;
     g BY ure5*0.38109;
     g BY ure6*0.35525;
     g BY uani*0.68560;
     g BY ulet*0.50402;
     g BY ure2*0.49079;
     g BY ure4*0.42377;
     g BY upm3*0.28549;
     g BY upm4*0.29742;
     s1 BY uiwr@1;
     s1 BY udwr@1;
     s4 BY upm3@1;
     s4 BY upm4@1;

     g WITH s1@0;
     g WITH s4@0;
     s1 WITH s4@0;

     [ udat$1*-0.86988 ];
     [ uday$1*-2.04227 ];
     [ umon$1*-1.95024 ];
     [ uyer$1*-1.91844 ];
     [ uiwr$1*-2.41567 ];
     [ uiwr$2*-1.83680 ];
     [ uiwr$3*-1.56773 ];
     [ uiwr$4*-1.14307 ];
     [ uiwr$5*-0.64095 ];
     [ uiwr$6*0.56598 ];
     [ uiwr$7*1.24427 ];
     [ uiwr$8*1.93834 ];
     [ uiwr$9*2.67326 ];
     [ udwr$1*-1.31953 ];
     [ udwr$2*-1.07846 ];
     [ udwr$3*-0.74993 ];
     [ udwr$4*-0.35170 ];
     [ udwr$5*0.15865 ];
     [ udwr$6*1.25197 ];
     [ udwr$7*1.80809 ];
     [ udwr$8*2.32318 ];
     [ udwr$9*2.82110 ];
     [ uani$1*-2.36358 ];
     [ uani$2*-2.19486 ];
     [ uani$3*-1.67598 ];
     [ uani$4*-0.95965 ];
     [ uani$5*-0.25803 ];
     [ uani$6*0.41070 ];
     [ uani$7*0.98506 ];
     [ uani$8*1.53764 ];
     [ uani$9*2.05069 ];
     [ ulet$1*-2.12698 ];
     [ ulet$2*-1.52617 ];
     [ ulet$3*-0.97203 ];
     [ ulet$4*-0.22393 ];
     [ ulet$5*0.37972 ];
     [ ulet$6*1.20660 ];
     [ ulet$7*1.53981 ];
     [ ulet$8*1.90649 ];
     [ ulet$9*2.13993 ];
     [ ure2$1*-2.18496 ];
     [ ure3$1*-1.45794 ];
     [ ure4$1*-0.74527 ];
     [ ure5$1*-0.88010 ];
     [ ure6$1*-0.97837 ];
     [ ure6$2*0.71132 ];
     [ upm3$1*-1.78370 ];
     [ upm3$2*-0.39277 ];
     [ upm3$3*-0.34921 ];
     [ upm3$4*-0.25228 ];
     [ upm4$1*-0.60196 ];
     [ upm4$2*-0.40085 ];

     g@1;
     s1*0.33449;
     s4*0.18746;



     Beginning Time:  22:28:54
        Ending Time:  22:28:55
       Elapsed Time:  00:00:01



MUTHEN & MUTHEN
3463 Stoner Ave.
Los Angeles, CA  90066

Tel: (310) 391-9971
Fax: (310) 391-8971
Web: www.StatModel.com
Support: Support@StatModel.com

Copyright (c) 1998-2018 Muthen & Muthen
