Mplus VERSION 8.1 (Mac)
MUTHEN & MUTHEN
05/27/2020  10:28 PM

INPUT INSTRUCTIONS

  DATA:
  FILE = "bi-13-HRS_W13.dat";

  VARIABLE:
  NAMES = mplusid UDAT UDAY UMON UYER UIWR UDWR USUB UBAK UNM1 UNM2 UNM5 UNM6 URE3
       URE5 URE6 UANI UVA1;
   MISSING=.;
   CATEGORICAL ARE all; idvariable = mplusid;
  ANALYSIS:
  estimator = wlsmv; coverage=0;
  MODEL:
  g by UDAT * ;
   g by UDAY * ;
   g by UMON * ;
   g by UYER * ;
   g by UIWR * ;
   g by UDWR * ;
   g by USUB * ;
   g by UBAK * ;
   g by UNM1 * ;
   g by UNM2 * ;
   g by UNM5 * ;
   g by UNM6 * ;
   g by URE3 * ;
   g by URE5 * ;
   g by URE6 * ;
   g by UANI * ;
   g by UVA1 * ;
   s1 by UIWR @ 1 ;
   s1 by UDWR @ 1 ;
   g @ 1;
   s1 * ;
   g with s1 @ 0 ;

  OUTPUT:
  standardized; svalues;



*** WARNING
  Data set contains cases with missing on all variables.
  These cases were not included in the analysis.
  Number of cases with missing on all variables:  1149
   1 WARNING(S) FOUND IN THE INPUT INSTRUCTIONS




SUMMARY OF ANALYSIS

Number of groups                                                 1
Number of observations                                       19405

Number of dependent variables                                   17
Number of independent variables                                  0
Number of continuous latent variables                            2

Observed dependent variables

  Binary and ordered categorical (ordinal)
   UDAT        UDAY        UMON        UYER        UIWR        UDWR
   USUB        UBAK        UNM1        UNM2        UNM5        UNM6
   URE3        URE5        URE6        UANI        UVA1

Continuous latent variables
   G           S1

Variables with special functions

  ID variable           MPLUSID

Estimator                                                    WLSMV
Maximum number of iterations                                  1000
Convergence criterion                                    0.500D-04
Maximum number of steepest descent iterations                   20
Maximum number of iterations for H1                           2000
Convergence criterion for H1                             0.100D-03
Parameterization                                             DELTA
Link                                                        PROBIT

Input data file(s)
  bi-13-HRS_W13.dat

Input data format  FREE


SUMMARY OF DATA

     Number of missing data patterns           258


COVARIANCE COVERAGE OF DATA

Minimum covariance coverage value   0.000


     PROPORTION OF DATA PRESENT


           Covariance Coverage
              UDAT          UDAY          UMON          UYER          UIWR
              ________      ________      ________      ________      ________
 UDAT           0.511
 UDAY           0.510         0.522
 UMON           0.509         0.518         0.520
 UYER           0.509         0.517         0.517         0.519
 UIWR           0.508         0.519         0.516         0.516         0.995
 UDWR           0.508         0.519         0.516         0.516         0.995
 USUB           0.476         0.484         0.482         0.483         0.936
 UBAK           0.507         0.518         0.516         0.515         0.989
 UNM1           0.509         0.520         0.518         0.517         0.522
 UNM2           0.486         0.495         0.493         0.493         0.495
 UNM5           0.502         0.511         0.510         0.510         0.511
 UNM6           0.376         0.380         0.380         0.380         0.379
 URE3           0.023         0.024         0.024         0.024         0.024
 URE5           0.023         0.024         0.024         0.024         0.024
 URE6           0.018         0.018         0.018         0.018         0.018
 UANI           0.511         0.522         0.520         0.519         0.995
 UVA1           0.037         0.038         0.037         0.038         0.070


           Covariance Coverage
              UDWR          USUB          UBAK          UNM1          UNM2
              ________      ________      ________      ________      ________
 UDWR           0.995
 USUB           0.936         0.938
 UBAK           0.989         0.935         0.993
 UNM1           0.522         0.486         0.521         0.525
 UNM2           0.495         0.467         0.495         0.498         0.499
 UNM5           0.511         0.478         0.511         0.513         0.489
 UNM6           0.379         0.364         0.379         0.381         0.372
 URE3           0.024         0.023         0.024         0.024         0.022
 URE5           0.024         0.023         0.024         0.024         0.022
 URE6           0.018         0.017         0.018         0.018         0.017
 UANI           0.995         0.938         0.992         0.525         0.499
 UVA1           0.070         0.066         0.070         0.038         0.036


           Covariance Coverage
              UNM5          UNM6          URE3          URE5          URE6
              ________      ________      ________      ________      ________
 UNM5           0.515
 UNM6           0.380         0.381
 URE3           0.024         0.016         0.024
 URE5           0.024         0.016         0.024         0.024
 URE6           0.018         0.013         0.018         0.018         0.018
 UANI           0.514         0.381         0.024         0.024         0.018
 UVA1           0.037         0.027         0.001         0.001         0.001


           Covariance Coverage
              UANI          UVA1
              ________      ________
 UANI           1.000
 UVA1           0.070         0.070


UNIVARIATE PROPORTIONS AND COUNTS FOR CATEGORICAL VARIABLES

    UDAT
      Category 1    0.198         1965.000
      Category 2    0.802         7949.000
    UDAY
      Category 1    0.039          395.000
      Category 2    0.961         9732.000
    UMON
      Category 1    0.035          353.000
      Category 2    0.965         9731.000
    UYER
      Category 1    0.037          372.000
      Category 2    0.963         9701.000
    UIWR
      Category 1    0.011          218.000
      Category 2    0.009          177.000
      Category 3    0.034          660.000
      Category 4    0.082         1580.000
      Category 5    0.167         3225.000
      Category 6    0.464         8963.000
      Category 7    0.144         2773.000
      Category 8    0.063         1222.000
      Category 9    0.020          380.000
      Category 10    0.006          115.000
    UDWR
      Category 1    0.069         1333.000
      Category 2    0.044          844.000
      Category 3    0.074         1425.000
      Category 4    0.143         2758.000
      Category 5    0.204         3937.000
      Category 6    0.345         6662.000
      Category 7    0.077         1479.000
      Category 8    0.030          588.000
      Category 9    0.011          213.000
      Category 10    0.004           74.000
    USUB
      Category 1    0.046          832.000
      Category 2    0.116         2109.000
      Category 3    0.090         1638.000
      Category 4    0.146         2651.000
      Category 5    0.203         3704.000
      Category 6    0.399         7274.000
    UBAK
      Category 1    0.076         1457.000
      Category 2    0.924        17806.000
    UNM1
      Category 1    0.011          109.000
      Category 2    0.989        10081.000
    UNM2
      Category 1    0.029          284.000
      Category 2    0.971         9394.000
    UNM5
      Category 1    0.014          141.000
      Category 2    0.986         9844.000
    UNM6
      Category 1    0.130          963.000
      Category 2    0.870         6438.000
    URE3
      Category 1    0.305          141.000
      Category 2    0.695          322.000
    URE5
      Category 1    0.609          282.000
      Category 2    0.391          181.000
    URE6
      Category 1    0.571          196.000
      Category 2    0.338          116.000
      Category 3    0.090           31.000
    UANI
      Category 1    0.010          202.000
      Category 2    0.028          544.000
      Category 3    0.121         2356.000
      Category 4    0.203         3937.000
      Category 5    0.218         4238.000
      Category 6    0.188         3651.000
      Category 7    0.123         2395.000
      Category 8    0.065         1264.000
      Category 9    0.026          496.000
      Category 10    0.016          316.000
    UVA1
      Category 1    0.111          152.000
      Category 2    0.301          411.000
      Category 3    0.311          424.000
      Category 4    0.277          378.000


     WARNING:  THE BIVARIATE TABLE OF URE3 AND UNM5 HAS AN EMPTY CELL.

     WARNING:  THE BIVARIATE TABLE OF URE5 AND UDAY HAS AN EMPTY CELL.

     WARNING:  THE BIVARIATE TABLE OF URE5 AND UNM5 HAS AN EMPTY CELL.


THE MODEL ESTIMATION TERMINATED NORMALLY



MODEL FIT INFORMATION

Number of Free Parameters                       66

Chi-Square Test of Model Fit

          Value                            797.344*
          Degrees of Freedom                   118
          P-Value                           0.0000

*   The chi-square value for MLM, MLMV, MLR, ULSMV, WLSM and WLSMV cannot be used
    for chi-square difference testing in the regular way.  MLM, MLR and WLSM
    chi-square difference testing is described on the Mplus website.  MLMV, WLSMV,
    and ULSMV difference testing is done using the DIFFTEST option.

RMSEA (Root Mean Square Error Of Approximation)

          Estimate                           0.017
          90 Percent C.I.                    0.016  0.018
          Probability RMSEA <= .05           1.000

CFI/TLI

          CFI                                0.993
          TLI                                0.992

Chi-Square Test of Model Fit for the Baseline Model

          Value                         103173.747
          Degrees of Freedom                   136
          P-Value                           0.0000

SRMR (Standardized Root Mean Square Residual)

          Value                              0.107

Optimum Function Value for Weighted Least-Squares Estimator

          Value                     0.18814194D-01



MODEL RESULTS

                                                    Two-Tailed
                    Estimate       S.E.  Est./S.E.    P-Value

 G        BY
    UDAT               0.411      0.016     26.140      0.000
    UDAY               0.589      0.025     23.701      0.000
    UMON               0.569      0.025     22.716      0.000
    UYER               0.727      0.023     32.099      0.000
    UIWR               0.622      0.007     83.783      0.000
    UDWR               0.619      0.007     85.886      0.000
    USUB               0.500      0.008     60.442      0.000
    UBAK               0.461      0.015     30.813      0.000
    UNM1               0.408      0.041     10.062      0.000
    UNM2               0.647      0.028     23.489      0.000
    UNM5               0.730      0.032     22.981      0.000
    UNM6               0.551      0.019     28.573      0.000
    URE3               0.560      0.055     10.134      0.000
    URE5               0.689      0.049     14.189      0.000
    URE6               0.324      0.055      5.921      0.000
    UANI               0.614      0.007     81.992      0.000
    UVA1               0.686      0.026     26.055      0.000

 S1       BY
    UIWR               1.000      0.000    999.000    999.000
    UDWR               1.000      0.000    999.000    999.000

 G        WITH
    S1                 0.000      0.000    999.000    999.000

 Thresholds
    UDAT$1            -0.848      0.014    -58.979      0.000
    UDAY$1            -1.762      0.023    -77.337      0.000
    UMON$1            -1.812      0.024    -76.502      0.000
    UYER$1            -1.787      0.023    -76.808      0.000
    UIWR$1            -2.281      0.026    -88.854      0.000
    UIWR$2            -2.044      0.021    -99.054      0.000
    UIWR$3            -1.602      0.015   -108.366      0.000
    UIWR$4            -1.096      0.011    -97.086      0.000
    UIWR$5            -0.515      0.009    -54.360      0.000
    UIWR$6             0.731      0.010     73.433      0.000
    UIWR$7             1.348      0.013    105.883      0.000
    UIWR$8             1.949      0.019    102.299      0.000
    UIWR$9             2.515      0.033     76.718      0.000
    UDWR$1            -1.483      0.014   -107.995      0.000
    UDWR$2            -1.212      0.012   -101.929      0.000
    UDWR$3            -0.891      0.010    -85.268      0.000
    UDWR$4            -0.442      0.009    -47.274      0.000
    UDWR$5             0.083      0.009      9.217      0.000
    UDWR$6             1.166      0.012    100.140      0.000
    UDWR$7             1.692      0.016    107.765      0.000
    UDWR$8             2.174      0.023     93.797      0.000
    UDWR$9             2.667      0.039     68.375      0.000
    USUB$1            -1.688      0.016   -104.678      0.000
    USUB$2            -0.988      0.011    -88.710      0.000
    USUB$3            -0.670      0.010    -66.408      0.000
    USUB$4            -0.261      0.009    -27.745      0.000
    USUB$5             0.255      0.009     27.096      0.000
    UBAK$1            -1.435      0.013   -107.316      0.000
    UNM1$1            -2.301      0.036    -63.818      0.000
    UNM2$1            -1.891      0.026    -73.619      0.000
    UNM5$1            -2.194      0.033    -66.800      0.000
    UNM6$1            -1.126      0.018    -60.939      0.000
    URE3$1            -0.511      0.061     -8.370      0.000
    URE5$1             0.277      0.059      4.688      0.000
    URE6$1             0.180      0.068      2.644      0.008
    URE6$2             1.338      0.095     14.083      0.000
    UANI$1            -2.311      0.026    -87.551      0.000
    UANI$2            -1.769      0.017   -106.926      0.000
    UANI$3            -0.995      0.011    -91.949      0.000
    UANI$4            -0.351      0.009    -38.124      0.000
    UANI$5             0.205      0.009     22.637      0.000
    UANI$6             0.737      0.010     74.126      0.000
    UANI$7             1.243      0.012    103.206      0.000
    UANI$8             1.730      0.016    107.543      0.000
    UANI$9             2.137      0.022     95.584      0.000
    UVA1$1            -1.219      0.045    -27.166      0.000
    UVA1$2            -0.221      0.034     -6.464      0.000
    UVA1$3             0.592      0.036     16.365      0.000

 Variances
    G                  1.000      0.000    999.000    999.000
    S1                 0.419      0.008     51.180      0.000


STANDARDIZED MODEL RESULTS


STDYX Standardization

                                                    Two-Tailed
                    Estimate       S.E.  Est./S.E.    P-Value

 G        BY
    UDAT               0.411      0.016     26.140      0.000
    UDAY               0.589      0.025     23.701      0.000
    UMON               0.569      0.025     22.716      0.000
    UYER               0.727      0.023     32.099      0.000
    UIWR               0.622      0.007     83.783      0.000
    UDWR               0.619      0.007     85.886      0.000
    USUB               0.500      0.008     60.442      0.000
    UBAK               0.461      0.015     30.813      0.000
    UNM1               0.408      0.041     10.062      0.000
    UNM2               0.647      0.028     23.489      0.000
    UNM5               0.730      0.032     22.981      0.000
    UNM6               0.551      0.019     28.573      0.000
    URE3               0.560      0.055     10.134      0.000
    URE5               0.689      0.049     14.189      0.000
    URE6               0.324      0.055      5.921      0.000
    UANI               0.614      0.007     81.992      0.000
    UVA1               0.686      0.026     26.055      0.000

 S1       BY
    UIWR               0.647      0.006    102.360      0.000
    UDWR               0.647      0.006    102.360      0.000

 G        WITH
    S1                 0.000      0.000    999.000    999.000

 Thresholds
    UDAT$1            -0.848      0.014    -58.979      0.000
    UDAY$1            -1.762      0.023    -77.337      0.000
    UMON$1            -1.812      0.024    -76.502      0.000
    UYER$1            -1.787      0.023    -76.808      0.000
    UIWR$1            -2.281      0.026    -88.854      0.000
    UIWR$2            -2.044      0.021    -99.054      0.000
    UIWR$3            -1.602      0.015   -108.366      0.000
    UIWR$4            -1.096      0.011    -97.086      0.000
    UIWR$5            -0.515      0.009    -54.360      0.000
    UIWR$6             0.731      0.010     73.433      0.000
    UIWR$7             1.348      0.013    105.883      0.000
    UIWR$8             1.949      0.019    102.299      0.000
    UIWR$9             2.515      0.033     76.718      0.000
    UDWR$1            -1.483      0.014   -107.995      0.000
    UDWR$2            -1.212      0.012   -101.929      0.000
    UDWR$3            -0.891      0.010    -85.268      0.000
    UDWR$4            -0.442      0.009    -47.274      0.000
    UDWR$5             0.083      0.009      9.217      0.000
    UDWR$6             1.166      0.012    100.140      0.000
    UDWR$7             1.692      0.016    107.765      0.000
    UDWR$8             2.174      0.023     93.797      0.000
    UDWR$9             2.667      0.039     68.375      0.000
    USUB$1            -1.688      0.016   -104.678      0.000
    USUB$2            -0.988      0.011    -88.710      0.000
    USUB$3            -0.670      0.010    -66.408      0.000
    USUB$4            -0.261      0.009    -27.745      0.000
    USUB$5             0.255      0.009     27.096      0.000
    UBAK$1            -1.435      0.013   -107.316      0.000
    UNM1$1            -2.301      0.036    -63.818      0.000
    UNM2$1            -1.891      0.026    -73.619      0.000
    UNM5$1            -2.194      0.033    -66.800      0.000
    UNM6$1            -1.126      0.018    -60.939      0.000
    URE3$1            -0.511      0.061     -8.370      0.000
    URE5$1             0.277      0.059      4.688      0.000
    URE6$1             0.180      0.068      2.644      0.008
    URE6$2             1.338      0.095     14.083      0.000
    UANI$1            -2.311      0.026    -87.551      0.000
    UANI$2            -1.769      0.017   -106.926      0.000
    UANI$3            -0.995      0.011    -91.949      0.000
    UANI$4            -0.351      0.009    -38.124      0.000
    UANI$5             0.205      0.009     22.637      0.000
    UANI$6             0.737      0.010     74.126      0.000
    UANI$7             1.243      0.012    103.206      0.000
    UANI$8             1.730      0.016    107.543      0.000
    UANI$9             2.137      0.022     95.584      0.000
    UVA1$1            -1.219      0.045    -27.166      0.000
    UVA1$2            -0.221      0.034     -6.464      0.000
    UVA1$3             0.592      0.036     16.365      0.000

 Variances
    G                  1.000      0.000    999.000    999.000
    S1                 1.000      0.000    999.000    999.000


STDY Standardization

                                                    Two-Tailed
                    Estimate       S.E.  Est./S.E.    P-Value

 G        BY
    UDAT               0.411      0.016     26.140      0.000
    UDAY               0.589      0.025     23.701      0.000
    UMON               0.569      0.025     22.716      0.000
    UYER               0.727      0.023     32.099      0.000
    UIWR               0.622      0.007     83.783      0.000
    UDWR               0.619      0.007     85.886      0.000
    USUB               0.500      0.008     60.442      0.000
    UBAK               0.461      0.015     30.813      0.000
    UNM1               0.408      0.041     10.062      0.000
    UNM2               0.647      0.028     23.489      0.000
    UNM5               0.730      0.032     22.981      0.000
    UNM6               0.551      0.019     28.573      0.000
    URE3               0.560      0.055     10.134      0.000
    URE5               0.689      0.049     14.189      0.000
    URE6               0.324      0.055      5.921      0.000
    UANI               0.614      0.007     81.992      0.000
    UVA1               0.686      0.026     26.055      0.000

 S1       BY
    UIWR               0.647      0.006    102.360      0.000
    UDWR               0.647      0.006    102.360      0.000

 G        WITH
    S1                 0.000      0.000    999.000    999.000

 Thresholds
    UDAT$1            -0.848      0.014    -58.979      0.000
    UDAY$1            -1.762      0.023    -77.337      0.000
    UMON$1            -1.812      0.024    -76.502      0.000
    UYER$1            -1.787      0.023    -76.808      0.000
    UIWR$1            -2.281      0.026    -88.854      0.000
    UIWR$2            -2.044      0.021    -99.054      0.000
    UIWR$3            -1.602      0.015   -108.366      0.000
    UIWR$4            -1.096      0.011    -97.086      0.000
    UIWR$5            -0.515      0.009    -54.360      0.000
    UIWR$6             0.731      0.010     73.433      0.000
    UIWR$7             1.348      0.013    105.883      0.000
    UIWR$8             1.949      0.019    102.299      0.000
    UIWR$9             2.515      0.033     76.718      0.000
    UDWR$1            -1.483      0.014   -107.995      0.000
    UDWR$2            -1.212      0.012   -101.929      0.000
    UDWR$3            -0.891      0.010    -85.268      0.000
    UDWR$4            -0.442      0.009    -47.274      0.000
    UDWR$5             0.083      0.009      9.217      0.000
    UDWR$6             1.166      0.012    100.140      0.000
    UDWR$7             1.692      0.016    107.765      0.000
    UDWR$8             2.174      0.023     93.797      0.000
    UDWR$9             2.667      0.039     68.375      0.000
    USUB$1            -1.688      0.016   -104.678      0.000
    USUB$2            -0.988      0.011    -88.710      0.000
    USUB$3            -0.670      0.010    -66.408      0.000
    USUB$4            -0.261      0.009    -27.745      0.000
    USUB$5             0.255      0.009     27.096      0.000
    UBAK$1            -1.435      0.013   -107.316      0.000
    UNM1$1            -2.301      0.036    -63.818      0.000
    UNM2$1            -1.891      0.026    -73.619      0.000
    UNM5$1            -2.194      0.033    -66.800      0.000
    UNM6$1            -1.126      0.018    -60.939      0.000
    URE3$1            -0.511      0.061     -8.370      0.000
    URE5$1             0.277      0.059      4.688      0.000
    URE6$1             0.180      0.068      2.644      0.008
    URE6$2             1.338      0.095     14.083      0.000
    UANI$1            -2.311      0.026    -87.551      0.000
    UANI$2            -1.769      0.017   -106.926      0.000
    UANI$3            -0.995      0.011    -91.949      0.000
    UANI$4            -0.351      0.009    -38.124      0.000
    UANI$5             0.205      0.009     22.637      0.000
    UANI$6             0.737      0.010     74.126      0.000
    UANI$7             1.243      0.012    103.206      0.000
    UANI$8             1.730      0.016    107.543      0.000
    UANI$9             2.137      0.022     95.584      0.000
    UVA1$1            -1.219      0.045    -27.166      0.000
    UVA1$2            -0.221      0.034     -6.464      0.000
    UVA1$3             0.592      0.036     16.365      0.000

 Variances
    G                  1.000      0.000    999.000    999.000
    S1                 1.000      0.000    999.000    999.000


STD Standardization

                                                    Two-Tailed
                    Estimate       S.E.  Est./S.E.    P-Value

 G        BY
    UDAT               0.411      0.016     26.140      0.000
    UDAY               0.589      0.025     23.701      0.000
    UMON               0.569      0.025     22.716      0.000
    UYER               0.727      0.023     32.099      0.000
    UIWR               0.622      0.007     83.783      0.000
    UDWR               0.619      0.007     85.886      0.000
    USUB               0.500      0.008     60.442      0.000
    UBAK               0.461      0.015     30.813      0.000
    UNM1               0.408      0.041     10.062      0.000
    UNM2               0.647      0.028     23.489      0.000
    UNM5               0.730      0.032     22.981      0.000
    UNM6               0.551      0.019     28.573      0.000
    URE3               0.560      0.055     10.134      0.000
    URE5               0.689      0.049     14.189      0.000
    URE6               0.324      0.055      5.921      0.000
    UANI               0.614      0.007     81.992      0.000
    UVA1               0.686      0.026     26.055      0.000

 S1       BY
    UIWR               0.647      0.006    102.360      0.000
    UDWR               0.647      0.006    102.360      0.000

 G        WITH
    S1                 0.000      0.000    999.000    999.000

 Thresholds
    UDAT$1            -0.848      0.014    -58.979      0.000
    UDAY$1            -1.762      0.023    -77.337      0.000
    UMON$1            -1.812      0.024    -76.502      0.000
    UYER$1            -1.787      0.023    -76.808      0.000
    UIWR$1            -2.281      0.026    -88.854      0.000
    UIWR$2            -2.044      0.021    -99.054      0.000
    UIWR$3            -1.602      0.015   -108.366      0.000
    UIWR$4            -1.096      0.011    -97.086      0.000
    UIWR$5            -0.515      0.009    -54.360      0.000
    UIWR$6             0.731      0.010     73.433      0.000
    UIWR$7             1.348      0.013    105.883      0.000
    UIWR$8             1.949      0.019    102.299      0.000
    UIWR$9             2.515      0.033     76.718      0.000
    UDWR$1            -1.483      0.014   -107.995      0.000
    UDWR$2            -1.212      0.012   -101.929      0.000
    UDWR$3            -0.891      0.010    -85.268      0.000
    UDWR$4            -0.442      0.009    -47.274      0.000
    UDWR$5             0.083      0.009      9.217      0.000
    UDWR$6             1.166      0.012    100.140      0.000
    UDWR$7             1.692      0.016    107.765      0.000
    UDWR$8             2.174      0.023     93.797      0.000
    UDWR$9             2.667      0.039     68.375      0.000
    USUB$1            -1.688      0.016   -104.678      0.000
    USUB$2            -0.988      0.011    -88.710      0.000
    USUB$3            -0.670      0.010    -66.408      0.000
    USUB$4            -0.261      0.009    -27.745      0.000
    USUB$5             0.255      0.009     27.096      0.000
    UBAK$1            -1.435      0.013   -107.316      0.000
    UNM1$1            -2.301      0.036    -63.818      0.000
    UNM2$1            -1.891      0.026    -73.619      0.000
    UNM5$1            -2.194      0.033    -66.800      0.000
    UNM6$1            -1.126      0.018    -60.939      0.000
    URE3$1            -0.511      0.061     -8.370      0.000
    URE5$1             0.277      0.059      4.688      0.000
    URE6$1             0.180      0.068      2.644      0.008
    URE6$2             1.338      0.095     14.083      0.000
    UANI$1            -2.311      0.026    -87.551      0.000
    UANI$2            -1.769      0.017   -106.926      0.000
    UANI$3            -0.995      0.011    -91.949      0.000
    UANI$4            -0.351      0.009    -38.124      0.000
    UANI$5             0.205      0.009     22.637      0.000
    UANI$6             0.737      0.010     74.126      0.000
    UANI$7             1.243      0.012    103.206      0.000
    UANI$8             1.730      0.016    107.543      0.000
    UANI$9             2.137      0.022     95.584      0.000
    UVA1$1            -1.219      0.045    -27.166      0.000
    UVA1$2            -0.221      0.034     -6.464      0.000
    UVA1$3             0.592      0.036     16.365      0.000

 Variances
    G                  1.000      0.000    999.000    999.000
    S1                 1.000      0.000    999.000    999.000


R-SQUARE

    Observed                                        Two-Tailed   Residual
    Variable        Estimate       S.E.  Est./S.E.    P-Value    Variance

    UDAT               0.169      0.013     13.070      0.000      0.831
    UDAY               0.347      0.029     11.850      0.000      0.653
    UMON               0.324      0.029     11.358      0.000      0.676
    UYER               0.528      0.033     16.049      0.000      0.472
    UIWR               0.805      0.004    188.783      0.000      0.195
    UDWR               0.801      0.004    191.974      0.000      0.199
    USUB               0.250      0.008     30.221      0.000      0.750
    UBAK               0.212      0.014     15.407      0.000      0.788
    UNM1               0.167      0.033      5.031      0.000      0.833
    UNM2               0.418      0.036     11.744      0.000      0.582
    UNM5               0.533      0.046     11.491      0.000      0.467
    UNM6               0.304      0.021     14.287      0.000      0.696
    URE3               0.314      0.062      5.067      0.000      0.686
    URE5               0.475      0.067      7.095      0.000      0.525
    URE6               0.105      0.035      2.961      0.003      0.895
    UANI               0.377      0.009     40.996      0.000      0.623
    UVA1               0.471      0.036     13.027      0.000      0.529


QUALITY OF NUMERICAL RESULTS

     Condition Number for the Information Matrix              0.364E-03
       (ratio of smallest to largest eigenvalue)


MODEL COMMAND WITH FINAL ESTIMATES USED AS STARTING VALUES

     g BY udat*0.41053;
     g BY uday*0.58875;
     g BY umon*0.56924;
     g BY uyer*0.72680;
     g BY uiwr*0.62188;
     g BY udwr*0.61851;
     g BY usub*0.50005;
     g BY ubak*0.46077;
     g BY unm1*0.40835;
     g BY unm2*0.64681;
     g BY unm5*0.72989;
     g BY unm6*0.55114;
     g BY ure3*0.56047;
     g BY ure5*0.68932;
     g BY ure6*0.32356;
     g BY uani*0.61441;
     g BY uva1*0.68641;
     s1 BY uiwr@1;
     s1 BY udwr@1;

     g WITH s1@0;

     [ udat$1*-0.84805 ];
     [ uday$1*-1.76236 ];
     [ umon$1*-1.81183 ];
     [ uyer$1*-1.78747 ];
     [ uiwr$1*-2.28054 ];
     [ uiwr$2*-2.04449 ];
     [ uiwr$3*-1.60156 ];
     [ uiwr$4*-1.09647 ];
     [ uiwr$5*-0.51458 ];
     [ uiwr$6*0.73068 ];
     [ uiwr$7*1.34754 ];
     [ uiwr$8*1.94929 ];
     [ uiwr$9*2.51483 ];
     [ udwr$1*-1.48312 ];
     [ udwr$2*-1.21218 ];
     [ udwr$3*-0.89084 ];
     [ udwr$4*-0.44181 ];
     [ udwr$5*0.08323 ];
     [ udwr$6*1.16561 ];
     [ udwr$7*1.69218 ];
     [ udwr$8*2.17379 ];
     [ udwr$9*2.66656 ];
     [ usub$1*-1.68812 ];
     [ usub$2*-0.98822 ];
     [ usub$3*-0.66983 ];
     [ usub$4*-0.26092 ];
     [ usub$5*0.25466 ];
     [ ubak$1*-1.43504 ];
     [ unm1$1*-2.30097 ];
     [ unm2$1*-1.89051 ];
     [ unm5$1*-2.19390 ];
     [ unm6$1*-1.12584 ];
     [ ure3$1*-0.51140 ];
     [ ure5$1*0.27690 ];
     [ ure6$1*0.18001 ];
     [ ure6$2*1.33842 ];
     [ uani$1*-2.31113 ];
     [ uani$2*-1.76890 ];
     [ uani$3*-0.99485 ];
     [ uani$4*-0.35084 ];
     [ uani$5*0.20527 ];
     [ uani$6*0.73728 ];
     [ uani$7*1.24256 ];
     [ uani$8*1.72952 ];
     [ uani$9*2.13723 ];
     [ uva1$1*-1.21935 ];
     [ uva1$2*-0.22124 ];
     [ uva1$3*0.59201 ];

     g@1;
     s1*0.41866;



     Beginning Time:  22:28:51
        Ending Time:  22:28:52
       Elapsed Time:  00:00:01



MUTHEN & MUTHEN
3463 Stoner Ave.
Los Angeles, CA  90066

Tel: (310) 391-9971
Fax: (310) 391-8971
Web: www.StatModel.com
Support: Support@StatModel.com

Copyright (c) 1998-2018 Muthen & Muthen
