Mplus VERSION 8.1 (Mac)
MUTHEN & MUTHEN
04/23/2020  10:57 PM

INPUT INSTRUCTIONS

  DATA:
  FILE = "bi-29-CHARLS_W1.dat";

  VARIABLE:
  NAMES = mplusid UDAT UDAY UMON UYER UIWR UDWR UFCO USEA USUB;
   MISSING=.;
   CATEGORICAL ARE all; idvariable = mplusid;
  ANALYSIS:
  estimator = wlsmv; coverage=0;
  MODEL:
  g by UDAT * ;
   g by UDAY * ;
   g by UMON * ;
   g by UYER * ;
   g by UIWR * ;
   g by UDWR * ;
   g by USUB * ;
   g by UFCO * ;
   g by USEA * ;
   s1 by UIWR @ 1 ;
   s1 by UDWR @ 1 ;
   g @ 1;
   s1 * ;
   g with s1 @ 0 ;

  OUTPUT:
  standardized; svalues;



INPUT READING TERMINATED NORMALLY




SUMMARY OF ANALYSIS

Number of groups                                                 1
Number of observations                                       16043

Number of dependent variables                                    9
Number of independent variables                                  0
Number of continuous latent variables                            2

Observed dependent variables

  Binary and ordered categorical (ordinal)
   UDAT        UDAY        UMON        UYER        UIWR        UDWR
   UFCO        USEA        USUB

Continuous latent variables
   G           S1

Variables with special functions

  ID variable           MPLUSID

Estimator                                                    WLSMV
Maximum number of iterations                                  1000
Convergence criterion                                    0.500D-04
Maximum number of steepest descent iterations                   20
Maximum number of iterations for H1                           2000
Convergence criterion for H1                             0.100D-03
Parameterization                                             DELTA
Link                                                        PROBIT

Input data file(s)
  bi-29-CHARLS_W1.dat

Input data format  FREE


SUMMARY OF DATA

     Number of missing data patterns            93


COVARIANCE COVERAGE OF DATA

Minimum covariance coverage value   0.000


     PROPORTION OF DATA PRESENT


           Covariance Coverage
              UDAT          UDAY          UMON          UYER          UIWR
              ________      ________      ________      ________      ________
 UDAT           0.898
 UDAY           0.798         0.844
 UMON           0.898         0.798         0.898
 UYER           0.898         0.798         0.898         0.898
 UIWR           0.810         0.756         0.810         0.810         0.885
 UDWR           0.804         0.751         0.804         0.804         0.873
 UFCO           0.888         0.834         0.888         0.888         0.877
 USEA           0.872         0.826         0.872         0.872         0.846
 USUB           0.831         0.772         0.831         0.831         0.813


           Covariance Coverage
              UDWR          UFCO          USEA          USUB
              ________      ________      ________      ________
 UDWR           0.878
 UFCO           0.871         0.987
 USEA           0.840         0.936         0.947
 USUB           0.806         0.883         0.858         0.890


UNIVARIATE PROPORTIONS AND COUNTS FOR CATEGORICAL VARIABLES

    UDAT
      Category 1    0.189         2722.000
      Category 2    0.811        11679.000
    UDAY
      Category 1    0.314         4255.000
      Category 2    0.686         9282.000
    UMON
      Category 1    0.061          875.000
      Category 2    0.939        13526.000
    UYER
      Category 1    0.197         2832.000
      Category 2    0.803        11569.000
    UIWR
      Category 1    0.014          200.000
      Category 2    0.048          678.000
      Category 3    0.109         1555.000
      Category 4    0.195         2774.000
      Category 5    0.243         3446.000
      Category 6    0.315         4471.000
      Category 7    0.051          731.000
      Category 8    0.018          257.000
      Category 9    0.004           61.000
      Category 10    0.002           30.000
    UDWR
      Category 1    0.136         1915.000
      Category 2    0.074         1036.000
      Category 3    0.154         2170.000
      Category 4    0.202         2850.000
      Category 5    0.193         2718.000
      Category 6    0.197         2780.000
      Category 7    0.027          386.000
      Category 8    0.011          152.000
      Category 9    0.004           56.000
      Category 10    0.001           19.000
    UFCO
      Category 1    0.368         5824.000
      Category 2    0.632        10004.000
    USEA
      Category 1    0.109         1654.000
      Category 2    0.891        13543.000
    USUB
      Category 1    0.052          748.000
      Category 2    0.135         1927.000
      Category 3    0.081         1157.000
      Category 4    0.121         1734.000
      Category 5    0.180         2564.000
      Category 6    0.431         6153.000



THE MODEL ESTIMATION TERMINATED NORMALLY



MODEL FIT INFORMATION

Number of Free Parameters                       39

Chi-Square Test of Model Fit

          Value                           1268.051*
          Degrees of Freedom                    26
          P-Value                           0.0000

*   The chi-square value for MLM, MLMV, MLR, ULSMV, WLSM and WLSMV cannot be used
    for chi-square difference testing in the regular way.  MLM, MLR and WLSM
    chi-square difference testing is described on the Mplus website.  MLMV, WLSMV,
    and ULSMV difference testing is done using the DIFFTEST option.

RMSEA (Root Mean Square Error Of Approximation)

          Estimate                           0.055
          90 Percent C.I.                    0.052  0.057
          Probability RMSEA <= .05           0.002

CFI/TLI

          CFI                                0.976
          TLI                                0.967

Chi-Square Test of Model Fit for the Baseline Model

          Value                          51925.028
          Degrees of Freedom                    36
          P-Value                           0.0000

SRMR (Standardized Root Mean Square Residual)

          Value                              0.063

Optimum Function Value for Weighted Least-Squares Estimator

          Value                     0.32041791D-01



MODEL RESULTS

                                                    Two-Tailed
                    Estimate       S.E.  Est./S.E.    P-Value

 G        BY
    UDAT               0.474      0.013     36.863      0.000
    UDAY               0.566      0.012     48.275      0.000
    UMON               0.558      0.015     36.505      0.000
    UYER               0.617      0.012     53.259      0.000
    UIWR               0.494      0.009     54.272      0.000
    UDWR               0.457      0.010     47.299      0.000
    USUB               0.645      0.009     74.944      0.000
    UFCO               0.738      0.009     78.646      0.000
    USEA               0.614      0.014     44.909      0.000

 S1       BY
    UIWR               1.000      0.000    999.000    999.000
    UDWR               1.000      0.000    999.000    999.000

 G        WITH
    S1                 0.000      0.000    999.000    999.000

 Thresholds
    UDAT$1            -0.882      0.012    -73.088      0.000
    UDAY$1            -0.484      0.011    -43.018      0.000
    UMON$1            -1.548      0.017    -93.576      0.000
    UYER$1            -0.854      0.012    -71.424      0.000
    UIWR$1            -2.195      0.028    -79.627      0.000
    UIWR$2            -1.540      0.017    -92.908      0.000
    UIWR$3            -0.949      0.012    -76.335      0.000
    UIWR$4            -0.341      0.011    -31.731      0.000
    UIWR$5             0.277      0.011     26.005      0.000
    UIWR$6             1.433      0.016     92.122      0.000
    UIWR$7             1.969      0.023     87.205      0.000
    UIWR$8             2.489      0.037     66.994      0.000
    UIWR$9             2.861      0.058     49.477      0.000
    UDWR$1            -1.099      0.013    -82.984      0.000
    UDWR$2            -0.808      0.012    -67.809      0.000
    UDWR$3            -0.349      0.011    -32.293      0.000
    UDWR$4             0.166      0.011     15.667      0.000
    UDWR$5             0.703      0.012     60.795      0.000
    UDWR$6             1.711      0.019     91.834      0.000
    UDWR$7             2.141      0.026     81.287      0.000
    UDWR$8             2.554      0.040     63.690      0.000
    UDWR$9             3.000      0.070     42.965      0.000
    UFCO$1            -0.337      0.010    -33.161      0.000
    USEA$1            -1.233      0.014    -91.056      0.000
    USUB$1            -1.622      0.017    -93.130      0.000
    USUB$2            -0.888      0.012    -73.160      0.000
    USUB$3            -0.618      0.011    -54.941      0.000
    USUB$4            -0.280      0.011    -26.332      0.000
    USUB$5             0.174      0.011     16.535      0.000

 Variances
    G                  1.000      0.000    999.000    999.000
    S1                 0.506      0.008     63.416      0.000


STANDARDIZED MODEL RESULTS


STDYX Standardization

                                                    Two-Tailed
                    Estimate       S.E.  Est./S.E.    P-Value

 G        BY
    UDAT               0.474      0.013     36.863      0.000
    UDAY               0.566      0.012     48.275      0.000
    UMON               0.558      0.015     36.505      0.000
    UYER               0.617      0.012     53.259      0.000
    UIWR               0.494      0.009     54.272      0.000
    UDWR               0.457      0.010     47.299      0.000
    USUB               0.645      0.009     74.944      0.000
    UFCO               0.738      0.009     78.646      0.000
    USEA               0.614      0.014     44.909      0.000

 S1       BY
    UIWR               0.711      0.006    126.832      0.000
    UDWR               0.711      0.006    126.832      0.000

 G        WITH
    S1                 0.000      0.000    999.000    999.000

 Thresholds
    UDAT$1            -0.882      0.012    -73.088      0.000
    UDAY$1            -0.484      0.011    -43.018      0.000
    UMON$1            -1.548      0.017    -93.576      0.000
    UYER$1            -0.854      0.012    -71.424      0.000
    UIWR$1            -2.195      0.028    -79.627      0.000
    UIWR$2            -1.540      0.017    -92.908      0.000
    UIWR$3            -0.949      0.012    -76.335      0.000
    UIWR$4            -0.341      0.011    -31.731      0.000
    UIWR$5             0.277      0.011     26.005      0.000
    UIWR$6             1.433      0.016     92.122      0.000
    UIWR$7             1.969      0.023     87.205      0.000
    UIWR$8             2.489      0.037     66.994      0.000
    UIWR$9             2.861      0.058     49.477      0.000
    UDWR$1            -1.099      0.013    -82.984      0.000
    UDWR$2            -0.808      0.012    -67.809      0.000
    UDWR$3            -0.349      0.011    -32.293      0.000
    UDWR$4             0.166      0.011     15.667      0.000
    UDWR$5             0.703      0.012     60.795      0.000
    UDWR$6             1.711      0.019     91.834      0.000
    UDWR$7             2.141      0.026     81.287      0.000
    UDWR$8             2.554      0.040     63.690      0.000
    UDWR$9             3.000      0.070     42.965      0.000
    UFCO$1            -0.337      0.010    -33.161      0.000
    USEA$1            -1.233      0.014    -91.056      0.000
    USUB$1            -1.622      0.017    -93.130      0.000
    USUB$2            -0.888      0.012    -73.160      0.000
    USUB$3            -0.618      0.011    -54.941      0.000
    USUB$4            -0.280      0.011    -26.332      0.000
    USUB$5             0.174      0.011     16.535      0.000

 Variances
    G                  1.000      0.000    999.000    999.000
    S1                 1.000      0.000    999.000    999.000


STDY Standardization

                                                    Two-Tailed
                    Estimate       S.E.  Est./S.E.    P-Value

 G        BY
    UDAT               0.474      0.013     36.863      0.000
    UDAY               0.566      0.012     48.275      0.000
    UMON               0.558      0.015     36.505      0.000
    UYER               0.617      0.012     53.259      0.000
    UIWR               0.494      0.009     54.272      0.000
    UDWR               0.457      0.010     47.299      0.000
    USUB               0.645      0.009     74.944      0.000
    UFCO               0.738      0.009     78.646      0.000
    USEA               0.614      0.014     44.909      0.000

 S1       BY
    UIWR               0.711      0.006    126.832      0.000
    UDWR               0.711      0.006    126.832      0.000

 G        WITH
    S1                 0.000      0.000    999.000    999.000

 Thresholds
    UDAT$1            -0.882      0.012    -73.088      0.000
    UDAY$1            -0.484      0.011    -43.018      0.000
    UMON$1            -1.548      0.017    -93.576      0.000
    UYER$1            -0.854      0.012    -71.424      0.000
    UIWR$1            -2.195      0.028    -79.627      0.000
    UIWR$2            -1.540      0.017    -92.908      0.000
    UIWR$3            -0.949      0.012    -76.335      0.000
    UIWR$4            -0.341      0.011    -31.731      0.000
    UIWR$5             0.277      0.011     26.005      0.000
    UIWR$6             1.433      0.016     92.122      0.000
    UIWR$7             1.969      0.023     87.205      0.000
    UIWR$8             2.489      0.037     66.994      0.000
    UIWR$9             2.861      0.058     49.477      0.000
    UDWR$1            -1.099      0.013    -82.984      0.000
    UDWR$2            -0.808      0.012    -67.809      0.000
    UDWR$3            -0.349      0.011    -32.293      0.000
    UDWR$4             0.166      0.011     15.667      0.000
    UDWR$5             0.703      0.012     60.795      0.000
    UDWR$6             1.711      0.019     91.834      0.000
    UDWR$7             2.141      0.026     81.287      0.000
    UDWR$8             2.554      0.040     63.690      0.000
    UDWR$9             3.000      0.070     42.965      0.000
    UFCO$1            -0.337      0.010    -33.161      0.000
    USEA$1            -1.233      0.014    -91.056      0.000
    USUB$1            -1.622      0.017    -93.130      0.000
    USUB$2            -0.888      0.012    -73.160      0.000
    USUB$3            -0.618      0.011    -54.941      0.000
    USUB$4            -0.280      0.011    -26.332      0.000
    USUB$5             0.174      0.011     16.535      0.000

 Variances
    G                  1.000      0.000    999.000    999.000
    S1                 1.000      0.000    999.000    999.000


STD Standardization

                                                    Two-Tailed
                    Estimate       S.E.  Est./S.E.    P-Value

 G        BY
    UDAT               0.474      0.013     36.863      0.000
    UDAY               0.566      0.012     48.275      0.000
    UMON               0.558      0.015     36.505      0.000
    UYER               0.617      0.012     53.259      0.000
    UIWR               0.494      0.009     54.272      0.000
    UDWR               0.457      0.010     47.299      0.000
    USUB               0.645      0.009     74.944      0.000
    UFCO               0.738      0.009     78.646      0.000
    USEA               0.614      0.014     44.909      0.000

 S1       BY
    UIWR               0.711      0.006    126.832      0.000
    UDWR               0.711      0.006    126.832      0.000

 G        WITH
    S1                 0.000      0.000    999.000    999.000

 Thresholds
    UDAT$1            -0.882      0.012    -73.088      0.000
    UDAY$1            -0.484      0.011    -43.018      0.000
    UMON$1            -1.548      0.017    -93.576      0.000
    UYER$1            -0.854      0.012    -71.424      0.000
    UIWR$1            -2.195      0.028    -79.627      0.000
    UIWR$2            -1.540      0.017    -92.908      0.000
    UIWR$3            -0.949      0.012    -76.335      0.000
    UIWR$4            -0.341      0.011    -31.731      0.000
    UIWR$5             0.277      0.011     26.005      0.000
    UIWR$6             1.433      0.016     92.122      0.000
    UIWR$7             1.969      0.023     87.205      0.000
    UIWR$8             2.489      0.037     66.994      0.000
    UIWR$9             2.861      0.058     49.477      0.000
    UDWR$1            -1.099      0.013    -82.984      0.000
    UDWR$2            -0.808      0.012    -67.809      0.000
    UDWR$3            -0.349      0.011    -32.293      0.000
    UDWR$4             0.166      0.011     15.667      0.000
    UDWR$5             0.703      0.012     60.795      0.000
    UDWR$6             1.711      0.019     91.834      0.000
    UDWR$7             2.141      0.026     81.287      0.000
    UDWR$8             2.554      0.040     63.690      0.000
    UDWR$9             3.000      0.070     42.965      0.000
    UFCO$1            -0.337      0.010    -33.161      0.000
    USEA$1            -1.233      0.014    -91.056      0.000
    USUB$1            -1.622      0.017    -93.130      0.000
    USUB$2            -0.888      0.012    -73.160      0.000
    USUB$3            -0.618      0.011    -54.941      0.000
    USUB$4            -0.280      0.011    -26.332      0.000
    USUB$5             0.174      0.011     16.535      0.000

 Variances
    G                  1.000      0.000    999.000    999.000
    S1                 1.000      0.000    999.000    999.000


R-SQUARE

    Observed                                        Two-Tailed   Residual
    Variable        Estimate       S.E.  Est./S.E.    P-Value    Variance

    UDAT               0.224      0.012     18.431      0.000      0.776
    UDAY               0.320      0.013     24.138      0.000      0.680
    UMON               0.311      0.017     18.252      0.000      0.689
    UYER               0.380      0.014     26.629      0.000      0.620
    UIWR               0.750      0.006    136.222      0.000      0.250
    UDWR               0.715      0.005    139.370      0.000      0.285
    UFCO               0.544      0.014     39.323      0.000      0.456
    USEA               0.377      0.017     22.454      0.000      0.623
    USUB               0.416      0.011     37.472      0.000      0.584


QUALITY OF NUMERICAL RESULTS

     Condition Number for the Information Matrix              0.391E-02
       (ratio of smallest to largest eigenvalue)


MODEL COMMAND WITH FINAL ESTIMATES USED AS STARTING VALUES

     g BY udat*0.47360;
     g BY uday*0.56611;
     g BY umon*0.55758;
     g BY uyer*0.61651;
     g BY uiwr*0.49440;
     g BY udwr*0.45739;
     g BY usub*0.64522;
     g BY ufco*0.73765;
     g BY usea*0.61370;
     s1 BY uiwr@1;
     s1 BY udwr@1;

     g WITH s1@0;

     [ udat$1*-0.88153 ];
     [ uday$1*-0.48363 ];
     [ umon$1*-1.54843 ];
     [ uyer$1*-0.85364 ];
     [ uiwr$1*-2.19501 ];
     [ uiwr$2*-1.53969 ];
     [ uiwr$3*-0.94903 ];
     [ uiwr$4*-0.34084 ];
     [ uiwr$5*0.27733 ];
     [ uiwr$6*1.43271 ];
     [ uiwr$7*1.96856 ];
     [ uiwr$8*2.48889 ];
     [ uiwr$9*2.86090 ];
     [ udwr$1*-1.09852 ];
     [ udwr$2*-0.80795 ];
     [ udwr$3*-0.34870 ];
     [ udwr$4*0.16631 ];
     [ udwr$5*0.70326 ];
     [ udwr$6*1.71111 ];
     [ udwr$7*2.14143 ];
     [ udwr$8*2.55392 ];
     [ udwr$9*3.00015 ];
     [ ufco$1*-0.33727 ];
     [ usea$1*-1.23274 ];
     [ usub$1*-1.62230 ];
     [ usub$2*-0.88794 ];
     [ usub$3*-0.61799 ];
     [ usub$4*-0.28012 ];
     [ usub$5*0.17436 ];

     g@1;
     s1*0.50552;



     Beginning Time:  22:57:26
        Ending Time:  22:57:26
       Elapsed Time:  00:00:00



MUTHEN & MUTHEN
3463 Stoner Ave.
Los Angeles, CA  90066

Tel: (310) 391-9971
Fax: (310) 391-8971
Web: www.StatModel.com
Support: Support@StatModel.com

Copyright (c) 1998-2018 Muthen & Muthen
