Mplus VERSION 8.1 (Mac)
MUTHEN & MUTHEN
05/27/2020  10:28 PM

INPUT INSTRUCTIONS

  DATA:
  FILE = "bi-20-ELSA_W6.dat";

  VARIABLE:
  NAMES = mplusid UDAT UDAY UMON UYER UIWR UDWR UHL1 UHL2 UHL3 UHL4 URE2 URE3 URE4
       URE5 URE6;
   MISSING=.;
   CATEGORICAL ARE all; idvariable = mplusid;
  ANALYSIS:
  estimator = wlsmv; coverage=0;
  MODEL:
  g by UDAT * ;
   g by UDAY * ;
   g by UMON * ;
   g by UYER * ;
   g by UIWR * ;
   g by UDWR * ;
   g by URE3 * ;
   g by URE5 * ;
   g by URE6 * ;
   g by URE2 * ;
   g by URE4 * ;
   g by UHL1 * ;
   g by UHL2 * ;
   g by UHL3 * ;
   g by UHL4 * ;
   s1 by UIWR @ 1 ;
   s1 by UDWR @ 1 ;
   g @ 1;
   s1 * ;
   g with s1 @ 0 ;

  OUTPUT:
  standardized; svalues;



*** WARNING
  Data set contains cases with missing on all variables.
  These cases were not included in the analysis.
  Number of cases with missing on all variables:  624
   1 WARNING(S) FOUND IN THE INPUT INSTRUCTIONS




SUMMARY OF ANALYSIS

Number of groups                                                 1
Number of observations                                        9977

Number of dependent variables                                   15
Number of independent variables                                  0
Number of continuous latent variables                            2

Observed dependent variables

  Binary and ordered categorical (ordinal)
   UDAT        UDAY        UMON        UYER        UIWR        UDWR
   UHL1        UHL2        UHL3        UHL4        URE2        URE3
   URE4        URE5        URE6

Continuous latent variables
   G           S1

Variables with special functions

  ID variable           MPLUSID

Estimator                                                    WLSMV
Maximum number of iterations                                  1000
Convergence criterion                                    0.500D-04
Maximum number of steepest descent iterations                   20
Maximum number of iterations for H1                           2000
Convergence criterion for H1                             0.100D-03
Parameterization                                             DELTA
Link                                                        PROBIT

Input data file(s)
  bi-20-ELSA_W6.dat

Input data format  FREE


SUMMARY OF DATA

     Number of missing data patterns            38


COVARIANCE COVERAGE OF DATA

Minimum covariance coverage value   0.000


     PROPORTION OF DATA PRESENT


           Covariance Coverage
              UDAT          UDAY          UMON          UYER          UIWR
              ________      ________      ________      ________      ________
 UDAT           0.993
 UDAY           0.993         0.993
 UMON           0.993         0.993         0.993
 UYER           0.993         0.993         0.993         0.993
 UIWR           0.993         0.993         0.993         0.993         0.999
 UDWR           0.993         0.993         0.993         0.993         0.999
 UHL1           0.149         0.149         0.149         0.149         0.149
 UHL2           0.149         0.149         0.149         0.149         0.149
 UHL3           0.149         0.149         0.149         0.149         0.149
 UHL4           0.149         0.149         0.149         0.149         0.149
 URE2           0.141         0.141         0.141         0.141         0.142
 URE3           0.135         0.135         0.135         0.135         0.135
 URE4           0.107         0.107         0.107         0.107         0.107
 URE5           0.106         0.106         0.106         0.106         0.106
 URE6           0.104         0.104         0.104         0.104         0.104


           Covariance Coverage
              UDWR          UHL1          UHL2          UHL3          UHL4
              ________      ________      ________      ________      ________
 UDWR           0.999
 UHL1           0.149         0.149
 UHL2           0.149         0.149         0.149
 UHL3           0.149         0.149         0.149         0.149
 UHL4           0.149         0.149         0.149         0.149         0.149
 URE2           0.142         0.120         0.120         0.120         0.120
 URE3           0.135         0.116         0.116         0.116         0.116
 URE4           0.107         0.092         0.092         0.092         0.092
 URE5           0.106         0.091         0.091         0.091         0.091
 URE6           0.104         0.090         0.090         0.090         0.090


           Covariance Coverage
              URE2          URE3          URE4          URE5          URE6
              ________      ________      ________      ________      ________
 URE2           0.142
 URE3           0.135         0.135
 URE4           0.107         0.105         0.107
 URE5           0.106         0.105         0.090         0.106
 URE6           0.104         0.104         0.088         0.087         0.104


UNIVARIATE PROPORTIONS AND COUNTS FOR CATEGORICAL VARIABLES

    UDAT
      Category 1    0.159         1571.000
      Category 2    0.841         8339.000
    UDAY
      Category 1    0.019          193.000
      Category 2    0.981         9717.000
    UMON
      Category 1    0.024          234.000
      Category 2    0.976         9676.000
    UYER
      Category 1    0.021          208.000
      Category 2    0.979         9703.000
    UIWR
      Category 1    0.019          193.000
      Category 2    0.012          117.000
      Category 3    0.015          149.000
      Category 4    0.041          406.000
      Category 5    0.094          941.000
      Category 6    0.417         4160.000
      Category 7    0.223         2226.000
      Category 8    0.123         1231.000
      Category 9    0.044          441.000
      Category 10    0.011          108.000
    UDWR
      Category 1    0.059          590.000
      Category 2    0.025          246.000
      Category 3    0.047          473.000
      Category 4    0.104         1037.000
      Category 5    0.171         1710.000
      Category 6    0.398         3973.000
      Category 7    0.113         1127.000
      Category 8    0.056          556.000
      Category 9    0.019          191.000
      Category 10    0.007           69.000
    UHL1
      Category 1    0.036           53.000
      Category 2    0.964         1436.000
    UHL2
      Category 1    0.138          206.000
      Category 2    0.862         1283.000
    UHL3
      Category 1    0.079          117.000
      Category 2    0.921         1372.000
    UHL4
      Category 1    0.132          196.000
      Category 2    0.868         1293.000
    URE2
      Category 1    0.004            5.000
      Category 2    0.996         1407.000
    URE3
      Category 1    0.052           70.000
      Category 2    0.948         1281.000
    URE4
      Category 1    0.119          128.000
      Category 2    0.881          944.000
    URE5
      Category 1    0.130          137.000
      Category 2    0.870          917.000
    URE6
      Category 1    0.110          114.000
      Category 2    0.443          460.000
      Category 3    0.448          465.000


     WARNING:  THE BIVARIATE TABLE OF URE2 AND UDAY HAS AN EMPTY CELL.

     WARNING:  THE BIVARIATE TABLE OF URE2 AND UYER HAS AN EMPTY CELL.

     WARNING:  THE BIVARIATE TABLE OF URE2 AND UHL1 HAS AN EMPTY CELL.

     WARNING:  THE BIVARIATE TABLE OF URE3 AND UYER HAS AN EMPTY CELL.

     WARNING:  THE BIVARIATE TABLE OF URE3 AND URE2 HAS AN EMPTY CELL.

     WARNING:  THE BIVARIATE TABLE OF URE4 AND UYER HAS AN EMPTY CELL.

     WARNING:  THE BIVARIATE TABLE OF URE5 AND UDAY HAS AN EMPTY CELL.

     WARNING:  THE SAMPLE CORRELATION OF URE6 AND URE2 IS  0.987
     DUE TO ONE OR MORE ZERO CELLS IN THEIR BIVARIATE TABLE.
     INFORMATION FROM THESE VARIABLES CAN BE USED TO CREATE ONE NEW VARIABLE.


THE MODEL ESTIMATION TERMINATED NORMALLY

     WARNING:  THE RESIDUAL COVARIANCE MATRIX (THETA) IS NOT POSITIVE DEFINITE.
     THIS COULD INDICATE A NEGATIVE VARIANCE/RESIDUAL VARIANCE FOR AN OBSERVED
     VARIABLE, A CORRELATION GREATER OR EQUAL TO ONE BETWEEN TWO OBSERVED
     VARIABLES, OR A LINEAR DEPENDENCY AMONG MORE THAN TWO OBSERVED VARIABLES.
     CHECK THE RESULTS SECTION FOR MORE INFORMATION.
     PROBLEM INVOLVING VARIABLE UYER.




MODEL FIT INFORMATION

Number of Free Parameters                       48

Chi-Square Test of Model Fit

          Value                            558.199*
          Degrees of Freedom                    89
          P-Value                           0.0000

*   The chi-square value for MLM, MLMV, MLR, ULSMV, WLSM and WLSMV cannot be used
    for chi-square difference testing in the regular way.  MLM, MLR and WLSM
    chi-square difference testing is described on the Mplus website.  MLMV, WLSMV,
    and ULSMV difference testing is done using the DIFFTEST option.

RMSEA (Root Mean Square Error Of Approximation)

          Estimate                           0.023
          90 Percent C.I.                    0.021  0.025
          Probability RMSEA <= .05           1.000

CFI/TLI

          CFI                                0.989
          TLI                                0.987

Chi-Square Test of Model Fit for the Baseline Model

          Value                          43583.756
          Degrees of Freedom                   105
          P-Value                           0.0000

SRMR (Standardized Root Mean Square Residual)

          Value                              0.185

Optimum Function Value for Weighted Least-Squares Estimator

          Value                     0.31213431D-01



MODEL RESULTS

                                                    Two-Tailed
                    Estimate       S.E.  Est./S.E.    P-Value

 G        BY
    UDAT               0.575      0.015     37.268      0.000
    UDAY               0.836      0.021     40.237      0.000
    UMON               0.809      0.020     41.166      0.000
    UYER               1.024      0.017     60.125      0.000
    UIWR               0.576      0.010     57.932      0.000
    UDWR               0.575      0.011     54.103      0.000
    URE3               0.363      0.065      5.573      0.000
    URE5               0.442      0.049      8.931      0.000
    URE6               0.497      0.035     14.109      0.000
    URE2               0.717      0.055     12.988      0.000
    URE4               0.490      0.051      9.515      0.000
    UHL1               0.747      0.056     13.440      0.000
    UHL2               0.694      0.034     20.148      0.000
    UHL3               0.665      0.044     15.123      0.000
    UHL4               0.672      0.037     18.405      0.000

 S1       BY
    UIWR               1.000      0.000    999.000    999.000
    UDWR               1.000      0.000    999.000    999.000

 G        WITH
    S1                 0.000      0.000    999.000    999.000

 Thresholds
    UDAT$1            -1.001      0.015    -65.952      0.000
    UDAY$1            -2.065      0.029    -70.409      0.000
    UMON$1            -1.984      0.027    -72.474      0.000
    UYER$1            -2.034      0.029    -71.240      0.000
    UIWR$1            -2.067      0.029    -70.559      0.000
    UIWR$2            -1.865      0.025    -75.202      0.000
    UIWR$3            -1.685      0.022    -77.492      0.000
    UIWR$4            -1.361      0.018    -76.295      0.000
    UIWR$5            -0.911      0.015    -62.235      0.000
    UIWR$6             0.249      0.013     19.608      0.000
    UIWR$7             0.921      0.015     62.698      0.000
    UIWR$8             1.598      0.021     77.875      0.000
    UIWR$9             2.296      0.036     63.297      0.000
    UDWR$1            -1.562      0.020    -77.886      0.000
    UDWR$2            -1.380      0.018    -76.564      0.000
    UDWR$3            -1.120      0.016    -70.561      0.000
    UDWR$4            -0.722      0.014    -52.241      0.000
    UDWR$5            -0.236      0.013    -18.610      0.000
    UDWR$6             0.860      0.014     59.764      0.000
    UDWR$7             1.393      0.018     76.738      0.000
    UDWR$8             1.942      0.026     73.671      0.000
    UDWR$9             2.461      0.043     57.194      0.000
    UHL1$1            -1.804      0.061    -29.440      0.000
    UHL2$1            -1.088      0.041    -26.841      0.000
    UHL3$1            -1.415      0.048    -29.754      0.000
    UHL4$1            -1.119      0.041    -27.245      0.000
    URE2$1            -2.693      0.149    -18.093      0.000
    URE3$1            -1.628      0.057    -28.636      0.000
    URE4$1            -1.178      0.050    -23.710      0.000
    URE5$1            -1.126      0.049    -23.004      0.000
    URE6$1            -1.228      0.052    -23.771      0.000
    URE6$2             0.132      0.039      3.381      0.001

 Variances
    G                  1.000      0.000    999.000    999.000
    S1                 0.452      0.011     42.769      0.000


STANDARDIZED MODEL RESULTS


STDYX Standardization

                                                    Two-Tailed
                    Estimate       S.E.  Est./S.E.    P-Value

 G        BY
    UDAT               0.575      0.015     37.268      0.000
    UDAY               0.836      0.021     40.237      0.000
    UMON               0.809      0.020     41.166      0.000
    UYER               1.024      0.017     60.125      0.000
    UIWR               0.576      0.010     57.932      0.000
    UDWR               0.575      0.011     54.103      0.000
    URE3               0.363      0.065      5.573      0.000
    URE5               0.442      0.049      8.931      0.000
    URE6               0.497      0.035     14.109      0.000
    URE2               0.717      0.055     12.988      0.000
    URE4               0.490      0.051      9.515      0.000
    UHL1               0.747      0.056     13.440      0.000
    UHL2               0.694      0.034     20.148      0.000
    UHL3               0.665      0.044     15.123      0.000
    UHL4               0.672      0.037     18.405      0.000

 S1       BY
    UIWR               0.672      0.008     85.538      0.000
    UDWR               0.672      0.008     85.538      0.000

 G        WITH
    S1                 0.000      0.000    999.000    999.000

 Thresholds
    UDAT$1            -1.001      0.015    -65.952      0.000
    UDAY$1            -2.065      0.029    -70.409      0.000
    UMON$1            -1.984      0.027    -72.474      0.000
    UYER$1            -2.034      0.029    -71.240      0.000
    UIWR$1            -2.067      0.029    -70.559      0.000
    UIWR$2            -1.865      0.025    -75.202      0.000
    UIWR$3            -1.685      0.022    -77.492      0.000
    UIWR$4            -1.361      0.018    -76.295      0.000
    UIWR$5            -0.911      0.015    -62.235      0.000
    UIWR$6             0.249      0.013     19.608      0.000
    UIWR$7             0.921      0.015     62.698      0.000
    UIWR$8             1.598      0.021     77.875      0.000
    UIWR$9             2.296      0.036     63.297      0.000
    UDWR$1            -1.562      0.020    -77.886      0.000
    UDWR$2            -1.380      0.018    -76.564      0.000
    UDWR$3            -1.120      0.016    -70.561      0.000
    UDWR$4            -0.722      0.014    -52.241      0.000
    UDWR$5            -0.236      0.013    -18.610      0.000
    UDWR$6             0.860      0.014     59.764      0.000
    UDWR$7             1.393      0.018     76.738      0.000
    UDWR$8             1.942      0.026     73.671      0.000
    UDWR$9             2.461      0.043     57.194      0.000
    UHL1$1            -1.804      0.061    -29.440      0.000
    UHL2$1            -1.088      0.041    -26.841      0.000
    UHL3$1            -1.415      0.048    -29.754      0.000
    UHL4$1            -1.119      0.041    -27.245      0.000
    URE2$1            -2.693      0.149    -18.093      0.000
    URE3$1            -1.628      0.057    -28.636      0.000
    URE4$1            -1.178      0.050    -23.710      0.000
    URE5$1            -1.126      0.049    -23.004      0.000
    URE6$1            -1.228      0.052    -23.771      0.000
    URE6$2             0.132      0.039      3.381      0.001

 Variances
    G                  1.000      0.000    999.000    999.000
    S1                 1.000      0.000    999.000    999.000


STDY Standardization

                                                    Two-Tailed
                    Estimate       S.E.  Est./S.E.    P-Value

 G        BY
    UDAT               0.575      0.015     37.268      0.000
    UDAY               0.836      0.021     40.237      0.000
    UMON               0.809      0.020     41.166      0.000
    UYER               1.024      0.017     60.125      0.000
    UIWR               0.576      0.010     57.932      0.000
    UDWR               0.575      0.011     54.103      0.000
    URE3               0.363      0.065      5.573      0.000
    URE5               0.442      0.049      8.931      0.000
    URE6               0.497      0.035     14.109      0.000
    URE2               0.717      0.055     12.988      0.000
    URE4               0.490      0.051      9.515      0.000
    UHL1               0.747      0.056     13.440      0.000
    UHL2               0.694      0.034     20.148      0.000
    UHL3               0.665      0.044     15.123      0.000
    UHL4               0.672      0.037     18.405      0.000

 S1       BY
    UIWR               0.672      0.008     85.538      0.000
    UDWR               0.672      0.008     85.538      0.000

 G        WITH
    S1                 0.000      0.000    999.000    999.000

 Thresholds
    UDAT$1            -1.001      0.015    -65.952      0.000
    UDAY$1            -2.065      0.029    -70.409      0.000
    UMON$1            -1.984      0.027    -72.474      0.000
    UYER$1            -2.034      0.029    -71.240      0.000
    UIWR$1            -2.067      0.029    -70.559      0.000
    UIWR$2            -1.865      0.025    -75.202      0.000
    UIWR$3            -1.685      0.022    -77.492      0.000
    UIWR$4            -1.361      0.018    -76.295      0.000
    UIWR$5            -0.911      0.015    -62.235      0.000
    UIWR$6             0.249      0.013     19.608      0.000
    UIWR$7             0.921      0.015     62.698      0.000
    UIWR$8             1.598      0.021     77.875      0.000
    UIWR$9             2.296      0.036     63.297      0.000
    UDWR$1            -1.562      0.020    -77.886      0.000
    UDWR$2            -1.380      0.018    -76.564      0.000
    UDWR$3            -1.120      0.016    -70.561      0.000
    UDWR$4            -0.722      0.014    -52.241      0.000
    UDWR$5            -0.236      0.013    -18.610      0.000
    UDWR$6             0.860      0.014     59.764      0.000
    UDWR$7             1.393      0.018     76.738      0.000
    UDWR$8             1.942      0.026     73.671      0.000
    UDWR$9             2.461      0.043     57.194      0.000
    UHL1$1            -1.804      0.061    -29.440      0.000
    UHL2$1            -1.088      0.041    -26.841      0.000
    UHL3$1            -1.415      0.048    -29.754      0.000
    UHL4$1            -1.119      0.041    -27.245      0.000
    URE2$1            -2.693      0.149    -18.093      0.000
    URE3$1            -1.628      0.057    -28.636      0.000
    URE4$1            -1.178      0.050    -23.710      0.000
    URE5$1            -1.126      0.049    -23.004      0.000
    URE6$1            -1.228      0.052    -23.771      0.000
    URE6$2             0.132      0.039      3.381      0.001

 Variances
    G                  1.000      0.000    999.000    999.000
    S1                 1.000      0.000    999.000    999.000


STD Standardization

                                                    Two-Tailed
                    Estimate       S.E.  Est./S.E.    P-Value

 G        BY
    UDAT               0.575      0.015     37.268      0.000
    UDAY               0.836      0.021     40.237      0.000
    UMON               0.809      0.020     41.166      0.000
    UYER               1.024      0.017     60.125      0.000
    UIWR               0.576      0.010     57.932      0.000
    UDWR               0.575      0.011     54.103      0.000
    URE3               0.363      0.065      5.573      0.000
    URE5               0.442      0.049      8.931      0.000
    URE6               0.497      0.035     14.109      0.000
    URE2               0.717      0.055     12.988      0.000
    URE4               0.490      0.051      9.515      0.000
    UHL1               0.747      0.056     13.440      0.000
    UHL2               0.694      0.034     20.148      0.000
    UHL3               0.665      0.044     15.123      0.000
    UHL4               0.672      0.037     18.405      0.000

 S1       BY
    UIWR               0.672      0.008     85.538      0.000
    UDWR               0.672      0.008     85.538      0.000

 G        WITH
    S1                 0.000      0.000    999.000    999.000

 Thresholds
    UDAT$1            -1.001      0.015    -65.952      0.000
    UDAY$1            -2.065      0.029    -70.409      0.000
    UMON$1            -1.984      0.027    -72.474      0.000
    UYER$1            -2.034      0.029    -71.240      0.000
    UIWR$1            -2.067      0.029    -70.559      0.000
    UIWR$2            -1.865      0.025    -75.202      0.000
    UIWR$3            -1.685      0.022    -77.492      0.000
    UIWR$4            -1.361      0.018    -76.295      0.000
    UIWR$5            -0.911      0.015    -62.235      0.000
    UIWR$6             0.249      0.013     19.608      0.000
    UIWR$7             0.921      0.015     62.698      0.000
    UIWR$8             1.598      0.021     77.875      0.000
    UIWR$9             2.296      0.036     63.297      0.000
    UDWR$1            -1.562      0.020    -77.886      0.000
    UDWR$2            -1.380      0.018    -76.564      0.000
    UDWR$3            -1.120      0.016    -70.561      0.000
    UDWR$4            -0.722      0.014    -52.241      0.000
    UDWR$5            -0.236      0.013    -18.610      0.000
    UDWR$6             0.860      0.014     59.764      0.000
    UDWR$7             1.393      0.018     76.738      0.000
    UDWR$8             1.942      0.026     73.671      0.000
    UDWR$9             2.461      0.043     57.194      0.000
    UHL1$1            -1.804      0.061    -29.440      0.000
    UHL2$1            -1.088      0.041    -26.841      0.000
    UHL3$1            -1.415      0.048    -29.754      0.000
    UHL4$1            -1.119      0.041    -27.245      0.000
    URE2$1            -2.693      0.149    -18.093      0.000
    URE3$1            -1.628      0.057    -28.636      0.000
    URE4$1            -1.178      0.050    -23.710      0.000
    URE5$1            -1.126      0.049    -23.004      0.000
    URE6$1            -1.228      0.052    -23.771      0.000
    URE6$2             0.132      0.039      3.381      0.001

 Variances
    G                  1.000      0.000    999.000    999.000
    S1                 1.000      0.000    999.000    999.000


R-SQUARE

    Observed                                        Two-Tailed   Residual
    Variable        Estimate       S.E.  Est./S.E.    P-Value    Variance

    UDAT               0.331      0.018     18.634      0.000      0.669
    UDAY               0.698      0.035     20.118      0.000      0.302
    UMON               0.654      0.032     20.583      0.000      0.346
    UYER            Undefined   0.10493E+01                       -0.049
    UIWR               0.785      0.006    133.305      0.000      0.215
    UDWR               0.782      0.006    133.481      0.000      0.218
    UHL1               0.558      0.083      6.720      0.000      0.442
    UHL2               0.481      0.048     10.074      0.000      0.519
    UHL3               0.443      0.059      7.562      0.000      0.557
    UHL4               0.452      0.049      9.203      0.000      0.548
    URE2               0.514      0.079      6.494      0.000      0.486
    URE3               0.132      0.047      2.786      0.005      0.868
    URE4               0.240      0.050      4.758      0.000      0.760
    URE5               0.195      0.044      4.466      0.000      0.805
    URE6               0.247      0.035      7.054      0.000      0.753


QUALITY OF NUMERICAL RESULTS

     Condition Number for the Information Matrix              0.583E-03
       (ratio of smallest to largest eigenvalue)


MODEL COMMAND WITH FINAL ESTIMATES USED AS STARTING VALUES

     g BY udat*0.57523;
     g BY uday*0.83551;
     g BY umon*0.80863;
     g BY uyer*1.02436;
     g BY uiwr*0.57646;
     g BY udwr*0.57468;
     g BY ure3*0.36313;
     g BY ure5*0.44197;
     g BY ure6*0.49664;
     g BY ure2*0.71700;
     g BY ure4*0.48997;
     g BY uhl1*0.74684;
     g BY uhl2*0.69369;
     g BY uhl3*0.66526;
     g BY uhl4*0.67236;
     s1 BY uiwr@1;
     s1 BY udwr@1;

     g WITH s1@0;

     [ udat$1*-1.00053 ];
     [ uday$1*-2.06471 ];
     [ umon$1*-1.98428 ];
     [ uyer$1*-2.03378 ];
     [ uiwr$1*-2.06727 ];
     [ uiwr$2*-1.86505 ];
     [ uiwr$3*-1.68464 ];
     [ uiwr$4*-1.36109 ];
     [ uiwr$5*-0.91115 ];
     [ uiwr$6*0.24889 ];
     [ uiwr$7*0.92110 ];
     [ uiwr$8*1.59771 ];
     [ uiwr$9*2.29627 ];
     [ udwr$1*-1.56182 ];
     [ udwr$2*-1.37973 ];
     [ udwr$3*-1.12042 ];
     [ udwr$4*-0.72164 ];
     [ udwr$5*-0.23594 ];
     [ udwr$6*0.86018 ];
     [ udwr$7*1.39287 ];
     [ udwr$8*1.94193 ];
     [ udwr$9*2.46142 ];
     [ uhl1$1*-1.80427 ];
     [ uhl2$1*-1.08777 ];
     [ uhl3$1*-1.41471 ];
     [ uhl4$1*-1.11871 ];
     [ ure2$1*-2.69296 ];
     [ ure3$1*-1.62752 ];
     [ ure4$1*-1.17798 ];
     [ ure5$1*-1.12648 ];
     [ ure6$1*-1.22801 ];
     [ ure6$2*0.13186 ];

     g@1;
     s1*0.45223;



     Beginning Time:  22:28:59
        Ending Time:  22:29:00
       Elapsed Time:  00:00:01



MUTHEN & MUTHEN
3463 Stoner Ave.
Los Angeles, CA  90066

Tel: (310) 391-9971
Fax: (310) 391-8971
Web: www.StatModel.com
Support: Support@StatModel.com

Copyright (c) 1998-2018 Muthen & Muthen
