Mplus VERSION 8.1 (Mac)
MUTHEN & MUTHEN
05/27/2020  10:29 PM

INPUT INSTRUCTIONS

  DATA:
  FILE = "bi-32-TILDA_W1.dat";

  VARIABLE:
  NAMES = mplusid UDAT UDAY UMON UYER UANI UIWR UIWR2 UDWR UPM1 UPCR UPCC UVRS UTR1
       UTR2 USRT;
   MISSING=.;
   CATEGORICAL ARE all; idvariable = mplusid;
  ANALYSIS:
  estimator = wlsmv; coverage=0;
  MODEL:
  g by UDAT * ;
   g by UDAY * ;
   g by UMON * ;
   g by UYER * ;
   g by UIWR * ;
   g by UDWR * ;
   g by UANI * ;
   g by UIWR2 * ;
   g by UPM1 * ;
   g by UPCR * ;
   g by UPCC * ;
   g by UVRS * ;
   g by UTR1 * ;
   g by UTR2 * ;
   g by USRT * ;
   s1 by UIWR * ;
   s1 by UDWR * ;
   s1 by UIWR2 * ;
  s2 by UTR1 @ 1 ;
   s2 by UTR2 @ 1 ;
  s3 by UPCR @ 1 ;
   s3 by UPCC @ 1 ;
   g @ 1;
   s1 @ 1 ;
  s2 * ;
  s3 * ;
   g with s1 @ 0 ;
   g with s2 @ 0 ;
   g with s3 @ 0 ;
   s1 with s2 @ 0 ;
   s1 with s3 @ 0 ;
   s2 with s3 @ 0 ;
  OUTPUT:
  standardized; svalues;



INPUT READING TERMINATED NORMALLY




SUMMARY OF ANALYSIS

Number of groups                                                 1
Number of observations                                        8504

Number of dependent variables                                   15
Number of independent variables                                  0
Number of continuous latent variables                            4

Observed dependent variables

  Binary and ordered categorical (ordinal)
   UDAT        UDAY        UMON        UYER        UANI        UIWR
   UIWR2       UDWR        UPM1        UPCR        UPCC        UVRS
   UTR1        UTR2        USRT

Continuous latent variables
   G           S1          S2          S3

Variables with special functions

  ID variable           MPLUSID

Estimator                                                    WLSMV
Maximum number of iterations                                  1000
Convergence criterion                                    0.500D-04
Maximum number of steepest descent iterations                   20
Maximum number of iterations for H1                           2000
Convergence criterion for H1                             0.100D-03
Parameterization                                             DELTA
Link                                                        PROBIT

Input data file(s)
  bi-32-TILDA_W1.dat

Input data format  FREE


SUMMARY OF DATA

     Number of missing data patterns            88


COVARIANCE COVERAGE OF DATA

Minimum covariance coverage value   0.000


     PROPORTION OF DATA PRESENT


           Covariance Coverage
              UDAT          UDAY          UMON          UYER          UANI
              ________      ________      ________      ________      ________
 UDAT           0.988
 UDAY           0.988         0.999
 UMON           0.988         0.998         0.999
 UYER           0.987         0.997         0.997         0.997
 UANI           0.983         0.994         0.994         0.992         0.995
 UIWR           0.986         0.997         0.996         0.995         0.993
 UIWR2          0.986         0.997         0.997         0.996         0.994
 UDWR           0.970         0.980         0.979         0.978         0.976
 UPM1           0.986         0.997         0.996         0.995         0.993
 UPCR           0.713         0.720         0.720         0.719         0.717
 UPCC           0.714         0.720         0.720         0.719         0.718
 UVRS           0.712         0.719         0.719         0.718         0.716
 UTR1           0.702         0.708         0.708         0.708         0.705
 UTR2           0.694         0.700         0.700         0.699         0.697
 USRT           0.676         0.682         0.682         0.681         0.679


           Covariance Coverage
              UIWR          UIWR2         UDWR          UPM1          UPCR
              ________      ________      ________      ________      ________
 UIWR           0.998
 UIWR2          0.997         0.998
 UDWR           0.979         0.980         0.980
 UPM1           0.995         0.996         0.979         0.997
 UPCR           0.720         0.720         0.710         0.719         0.720
 UPCC           0.720         0.720         0.710         0.719         0.720
 UVRS           0.719         0.719         0.709         0.718         0.719
 UTR1           0.707         0.708         0.699         0.707         0.708
 UTR2           0.699         0.699         0.691         0.698         0.699
 USRT           0.681         0.681         0.674         0.680         0.681


           Covariance Coverage
              UPCC          UVRS          UTR1          UTR2          USRT
              ________      ________      ________      ________      ________
 UPCC           0.721
 UVRS           0.719         0.720
 UTR1           0.708         0.707         0.708
 UTR2           0.700         0.699         0.699         0.700
 USRT           0.681         0.681         0.675         0.670         0.682


UNIVARIATE PROPORTIONS AND COUNTS FOR CATEGORICAL VARIABLES

    UDAT
      Category 1    0.107          903.000
      Category 2    0.892         7497.000
    UDAY
      Category 1    0.016          132.000
      Category 2    0.984         8365.000
    UMON
      Category 1    0.013          107.000
      Category 2    0.987         8385.000
    UYER
      Category 1    0.011           96.000
      Category 2    0.989         8384.000
    UANI
      Category 1    0.005           44.000
      Category 2    0.006           50.000
      Category 3    0.026          217.000
      Category 4    0.120         1015.000
      Category 5    0.210         1780.000
      Category 6    0.221         1867.000
      Category 7    0.186         1578.000
      Category 8    0.114          962.000
      Category 9    0.067          570.000
      Category 10    0.045          380.000
    UIWR
      Category 1    0.018          150.000
      Category 2    0.024          206.000
      Category 3    0.060          513.000
      Category 4    0.124         1056.000
      Category 5    0.440         3733.000
      Category 6    0.190         1613.000
      Category 7    0.100          847.000
      Category 8    0.035          293.000
      Category 9    0.008           72.000
    UIWR2
      Category 1    0.007           63.000
      Category 2    0.006           49.000
      Category 3    0.020          166.000
      Category 4    0.042          353.000
      Category 5    0.205         1741.000
      Category 6    0.174         1478.000
      Category 7    0.211         1790.000
      Category 8    0.191         1617.000
      Category 9    0.145         1229.000
    UDWR
      Category 1    0.041          345.000
      Category 2    0.046          381.000
      Category 3    0.076          635.000
      Category 4    0.114          950.000
      Category 5    0.306         2550.000
      Category 6    0.142         1184.000
      Category 7    0.123         1021.000
      Category 8    0.085          712.000
      Category 9    0.067          556.000
    UPM1
      Category 1    0.234         1981.000
      Category 2    0.766         6501.000
    UPCR
      Category 1    0.000            3.000
      Category 2    0.001            9.000
      Category 3    0.005           28.000
      Category 4    0.016          101.000
      Category 5    0.061          371.000
      Category 6    0.216         1321.000
      Category 7    0.701         4294.000
    UPCC
      Category 1    0.030          183.000
      Category 2    0.034          211.000
      Category 3    0.170         1044.000
      Category 4    0.354         2169.000
      Category 5    0.313         1916.000
      Category 6    0.087          531.000
      Category 7    0.012           76.000
    UVRS
      Category 1    0.020          123.000
      Category 2    0.104          638.000
      Category 3    0.256         1567.000
      Category 4    0.245         1499.000
      Category 5    0.217         1330.000
      Category 6    0.126          768.000
      Category 7    0.032          194.000
    UTR1
      Category 1    0.002           13.000
      Category 2    0.003           16.000
      Category 3    0.005           28.000
      Category 4    0.024          146.000
      Category 5    0.117          705.000
      Category 6    0.659         3970.000
      Category 7    0.190         1144.000
    UTR2
      Category 1    0.002           13.000
      Category 2    0.003           16.000
      Category 3    0.009           52.000
      Category 4    0.028          165.000
      Category 5    0.099          592.000
      Category 6    0.332         1977.000
      Category 7    0.511         3039.000
      Category 8    0.016           96.000
    USRT
      Category 1    0.002           14.000
      Category 2    0.007           41.000
      Category 3    0.046          268.000
      Category 4    0.118          685.000
      Category 5    0.215         1247.000
      Category 6    0.303         1756.000
      Category 7    0.271         1569.000
      Category 8    0.036          211.000
      Category 9    0.001            8.000



THE MODEL ESTIMATION TERMINATED NORMALLY



MODEL FIT INFORMATION

Number of Free Parameters                       97

Chi-Square Test of Model Fit

          Value                            897.406*
          Degrees of Freedom                    85
          P-Value                           0.0000

*   The chi-square value for MLM, MLMV, MLR, ULSMV, WLSM and WLSMV cannot be used
    for chi-square difference testing in the regular way.  MLM, MLR and WLSM
    chi-square difference testing is described on the Mplus website.  MLMV, WLSMV,
    and ULSMV difference testing is done using the DIFFTEST option.

RMSEA (Root Mean Square Error Of Approximation)

          Estimate                           0.034
          90 Percent C.I.                    0.032  0.036
          Probability RMSEA <= .05           1.000

CFI/TLI

          CFI                                0.987
          TLI                                0.984

Chi-Square Test of Model Fit for the Baseline Model

          Value                          62716.552
          Degrees of Freedom                   105
          P-Value                           0.0000

SRMR (Standardized Root Mean Square Residual)

          Value                              0.054

Optimum Function Value for Weighted Least-Squares Estimator

          Value                     0.39549984D-01



MODEL RESULTS

                                                    Two-Tailed
                    Estimate       S.E.  Est./S.E.    P-Value

 G        BY
    UDAT               0.412      0.020     20.733      0.000
    UDAY               0.409      0.037     10.910      0.000
    UMON               0.559      0.039     14.200      0.000
    UYER               0.829      0.035     23.763      0.000
    UIWR               0.629      0.010     63.605      0.000
    UDWR               0.661      0.009     72.362      0.000
    UANI               0.618      0.009     69.286      0.000
    UIWR2              0.681      0.009     75.308      0.000
    UPM1               0.648      0.013     48.404      0.000
    UPCR               0.462      0.015     30.151      0.000
    UPCC               0.399      0.012     32.154      0.000
    UVRS               0.530      0.011     47.788      0.000
    UTR1               0.601      0.012     50.910      0.000
    UTR2               0.683      0.010     66.682      0.000
    USRT               0.334      0.013     25.012      0.000

 S1       BY
    UIWR               0.450      0.013     35.670      0.000
    UDWR               0.475      0.012     37.985      0.000
    UIWR2              0.573      0.012     46.492      0.000

 S2       BY
    UTR1               1.000      0.000    999.000    999.000
    UTR2               1.000      0.000    999.000    999.000

 S3       BY
    UPCR               1.000      0.000    999.000    999.000
    UPCC               1.000      0.000    999.000    999.000

 G        WITH
    S1                 0.000      0.000    999.000    999.000
    S2                 0.000      0.000    999.000    999.000
    S3                 0.000      0.000    999.000    999.000

 S1       WITH
    S2                 0.000      0.000    999.000    999.000
    S3                 0.000      0.000    999.000    999.000

 S2       WITH
    S3                 0.000      0.000    999.000    999.000

 Thresholds
    UDAT$1            -1.240      0.018    -67.856      0.000
    UDAY$1            -2.156      0.034    -62.724      0.000
    UMON$1            -2.238      0.037    -60.253      0.000
    UYER$1            -2.279      0.039    -58.914      0.000
    UANI$1            -2.562      0.052    -49.070      0.000
    UANI$2            -2.287      0.039    -58.621      0.000
    UANI$3            -1.790      0.025    -70.375      0.000
    UANI$4            -1.008      0.016    -61.234      0.000
    UANI$5            -0.340      0.014    -24.421      0.000
    UANI$6             0.221      0.014     16.108      0.000
    UANI$7             0.752      0.015     49.751      0.000
    UANI$8             1.215      0.018     67.532      0.000
    UANI$9             1.696      0.024     71.306      0.000
    UIWR$1            -2.104      0.033    -64.114      0.000
    UIWR$2            -1.728      0.024    -71.127      0.000
    UIWR$3            -1.268      0.018    -68.778      0.000
    UIWR$4            -0.749      0.015    -49.636      0.000
    UIWR$5             0.432      0.014     30.656      0.000
    UIWR$6             1.067      0.017     63.402      0.000
    UIWR$7             1.717      0.024     71.231      0.000
    UIWR$8             2.387      0.043     55.339      0.000
    UIWR2$1           -2.436      0.045    -53.655      0.000
    UIWR2$2           -2.220      0.037    -60.786      0.000
    UIWR2$3           -1.842      0.026    -69.745      0.000
    UIWR2$4           -1.444      0.020    -71.308      0.000
    UIWR2$5           -0.584      0.014    -40.340      0.000
    UIWR2$6           -0.116      0.014     -8.531      0.000
    UIWR2$7            0.425      0.014     30.232      0.000
    UIWR2$8            1.059      0.017     63.123      0.000
    UDWR$1            -1.735      0.025    -70.440      0.000
    UDWR$2            -1.359      0.019    -69.715      0.000
    UDWR$3            -0.981      0.016    -59.737      0.000
    UDWR$4            -0.591      0.015    -40.371      0.000
    UDWR$5             0.210      0.014     15.194      0.000
    UDWR$6             0.599      0.015     40.840      0.000
    UDWR$7             1.027      0.017     61.458      0.000
    UDWR$8             1.501      0.021     71.035      0.000
    UPM1$1            -0.727      0.015    -48.478      0.000
    UPCR$1            -3.296      0.162    -20.330      0.000
    UPCR$2            -2.885      0.091    -31.771      0.000
    UPCR$3            -2.482      0.056    -44.204      0.000
    UPCR$4            -1.995      0.035    -56.780      0.000
    UPCR$5            -1.381      0.023    -60.033      0.000
    UPCR$6            -0.527      0.017    -31.272      0.000
    UPCC$1            -1.883      0.032    -58.704      0.000
    UPCC$2            -1.520      0.025    -60.989      0.000
    UPCC$3            -0.724      0.018    -41.059      0.000
    UPCC$4             0.223      0.016     13.834      0.000
    UPCC$5             1.287      0.022     58.788      0.000
    UPCC$6             2.245      0.044     51.027      0.000
    UVRS$1            -2.052      0.037    -55.605      0.000
    UVRS$2            -1.153      0.021    -56.084      0.000
    UVRS$3            -0.304      0.016    -18.674      0.000
    UVRS$4             0.320      0.016     19.590      0.000
    UVRS$5             1.006      0.019     51.997      0.000
    UVRS$6             1.856      0.031     59.030      0.000
    UTR1$1            -2.854      0.088    -32.426      0.000
    UTR1$2            -2.589      0.064    -40.580      0.000
    UTR1$3            -2.347      0.049    -47.780      0.000
    UTR1$4            -1.829      0.031    -58.915      0.000
    UTR1$5            -1.033      0.020    -52.418      0.000
    UTR1$6             0.878      0.019     47.129      0.000
    UTR2$1            -2.850      0.088    -32.346      0.000
    UTR2$2            -2.585      0.064    -40.463      0.000
    UTR2$3            -2.208      0.043    -51.206      0.000
    UTR2$4            -1.735      0.029    -59.514      0.000
    UTR2$5            -1.077      0.020    -53.350      0.000
    UTR2$6            -0.067      0.016     -4.148      0.000
    UTR2$7             2.141      0.041     52.847      0.000
    USRT$1            -2.818      0.086    -32.884      0.000
    USRT$2            -2.346      0.050    -46.908      0.000
    USRT$3            -1.592      0.027    -59.391      0.000
    USRT$4            -0.939      0.019    -48.440      0.000
    USRT$5            -0.282      0.017    -16.905      0.000
    USRT$6             0.501      0.017     29.053      0.000
    USRT$7             1.777      0.030     58.381      0.000
    USRT$8             2.993      0.108     27.764      0.000

 Variances
    G                  1.000      0.000    999.000    999.000
    S1                 1.000      0.000    999.000    999.000
    S2                 0.359      0.012     29.696      0.000
    S3                 0.136      0.013     10.549      0.000


STANDARDIZED MODEL RESULTS


STDYX Standardization

                                                    Two-Tailed
                    Estimate       S.E.  Est./S.E.    P-Value

 G        BY
    UDAT               0.412      0.020     20.733      0.000
    UDAY               0.409      0.037     10.910      0.000
    UMON               0.559      0.039     14.200      0.000
    UYER               0.829      0.035     23.763      0.000
    UIWR               0.629      0.010     63.605      0.000
    UDWR               0.661      0.009     72.362      0.000
    UANI               0.618      0.009     69.286      0.000
    UIWR2              0.681      0.009     75.308      0.000
    UPM1               0.648      0.013     48.404      0.000
    UPCR               0.462      0.015     30.151      0.000
    UPCC               0.399      0.012     32.154      0.000
    UVRS               0.530      0.011     47.788      0.000
    UTR1               0.601      0.012     50.910      0.000
    UTR2               0.683      0.010     66.682      0.000
    USRT               0.334      0.013     25.012      0.000

 S1       BY
    UIWR               0.450      0.013     35.670      0.000
    UDWR               0.475      0.012     37.985      0.000
    UIWR2              0.573      0.012     46.492      0.000

 S2       BY
    UTR1               0.599      0.010     59.392      0.000
    UTR2               0.599      0.010     59.392      0.000

 S3       BY
    UPCR               0.369      0.018     21.098      0.000
    UPCC               0.369      0.018     21.098      0.000

 G        WITH
    S1                 0.000      0.000    999.000    999.000
    S2                 0.000      0.000    999.000    999.000
    S3                 0.000      0.000    999.000    999.000

 S1       WITH
    S2                 0.000      0.000    999.000    999.000
    S3                 0.000      0.000    999.000    999.000

 S2       WITH
    S3                 0.000      0.000    999.000    999.000

 Thresholds
    UDAT$1            -1.240      0.018    -67.856      0.000
    UDAY$1            -2.156      0.034    -62.724      0.000
    UMON$1            -2.238      0.037    -60.253      0.000
    UYER$1            -2.279      0.039    -58.914      0.000
    UANI$1            -2.562      0.052    -49.070      0.000
    UANI$2            -2.287      0.039    -58.621      0.000
    UANI$3            -1.790      0.025    -70.375      0.000
    UANI$4            -1.008      0.016    -61.234      0.000
    UANI$5            -0.340      0.014    -24.421      0.000
    UANI$6             0.221      0.014     16.108      0.000
    UANI$7             0.752      0.015     49.751      0.000
    UANI$8             1.215      0.018     67.532      0.000
    UANI$9             1.696      0.024     71.306      0.000
    UIWR$1            -2.104      0.033    -64.114      0.000
    UIWR$2            -1.728      0.024    -71.127      0.000
    UIWR$3            -1.268      0.018    -68.778      0.000
    UIWR$4            -0.749      0.015    -49.636      0.000
    UIWR$5             0.432      0.014     30.656      0.000
    UIWR$6             1.067      0.017     63.402      0.000
    UIWR$7             1.717      0.024     71.231      0.000
    UIWR$8             2.387      0.043     55.339      0.000
    UIWR2$1           -2.436      0.045    -53.655      0.000
    UIWR2$2           -2.220      0.037    -60.786      0.000
    UIWR2$3           -1.842      0.026    -69.745      0.000
    UIWR2$4           -1.444      0.020    -71.308      0.000
    UIWR2$5           -0.584      0.014    -40.340      0.000
    UIWR2$6           -0.116      0.014     -8.531      0.000
    UIWR2$7            0.425      0.014     30.232      0.000
    UIWR2$8            1.059      0.017     63.123      0.000
    UDWR$1            -1.735      0.025    -70.440      0.000
    UDWR$2            -1.359      0.019    -69.715      0.000
    UDWR$3            -0.981      0.016    -59.737      0.000
    UDWR$4            -0.591      0.015    -40.371      0.000
    UDWR$5             0.210      0.014     15.194      0.000
    UDWR$6             0.599      0.015     40.840      0.000
    UDWR$7             1.027      0.017     61.458      0.000
    UDWR$8             1.501      0.021     71.035      0.000
    UPM1$1            -0.727      0.015    -48.478      0.000
    UPCR$1            -3.296      0.162    -20.330      0.000
    UPCR$2            -2.885      0.091    -31.771      0.000
    UPCR$3            -2.482      0.056    -44.204      0.000
    UPCR$4            -1.995      0.035    -56.780      0.000
    UPCR$5            -1.381      0.023    -60.033      0.000
    UPCR$6            -0.527      0.017    -31.272      0.000
    UPCC$1            -1.883      0.032    -58.704      0.000
    UPCC$2            -1.520      0.025    -60.989      0.000
    UPCC$3            -0.724      0.018    -41.059      0.000
    UPCC$4             0.223      0.016     13.834      0.000
    UPCC$5             1.287      0.022     58.788      0.000
    UPCC$6             2.245      0.044     51.027      0.000
    UVRS$1            -2.052      0.037    -55.605      0.000
    UVRS$2            -1.153      0.021    -56.084      0.000
    UVRS$3            -0.304      0.016    -18.674      0.000
    UVRS$4             0.320      0.016     19.590      0.000
    UVRS$5             1.006      0.019     51.997      0.000
    UVRS$6             1.856      0.031     59.030      0.000
    UTR1$1            -2.854      0.088    -32.426      0.000
    UTR1$2            -2.589      0.064    -40.580      0.000
    UTR1$3            -2.347      0.049    -47.780      0.000
    UTR1$4            -1.829      0.031    -58.915      0.000
    UTR1$5            -1.033      0.020    -52.418      0.000
    UTR1$6             0.878      0.019     47.129      0.000
    UTR2$1            -2.850      0.088    -32.346      0.000
    UTR2$2            -2.585      0.064    -40.463      0.000
    UTR2$3            -2.208      0.043    -51.206      0.000
    UTR2$4            -1.735      0.029    -59.514      0.000
    UTR2$5            -1.077      0.020    -53.350      0.000
    UTR2$6            -0.067      0.016     -4.148      0.000
    UTR2$7             2.141      0.041     52.847      0.000
    USRT$1            -2.818      0.086    -32.884      0.000
    USRT$2            -2.346      0.050    -46.908      0.000
    USRT$3            -1.592      0.027    -59.391      0.000
    USRT$4            -0.939      0.019    -48.440      0.000
    USRT$5            -0.282      0.017    -16.905      0.000
    USRT$6             0.501      0.017     29.053      0.000
    USRT$7             1.777      0.030     58.381      0.000
    USRT$8             2.993      0.108     27.764      0.000

 Variances
    G                  1.000      0.000    999.000    999.000
    S1                 1.000      0.000    999.000    999.000
    S2                 1.000      0.000    999.000    999.000
    S3                 1.000      0.000    999.000    999.000


STDY Standardization

                                                    Two-Tailed
                    Estimate       S.E.  Est./S.E.    P-Value

 G        BY
    UDAT               0.412      0.020     20.733      0.000
    UDAY               0.409      0.037     10.910      0.000
    UMON               0.559      0.039     14.200      0.000
    UYER               0.829      0.035     23.763      0.000
    UIWR               0.629      0.010     63.605      0.000
    UDWR               0.661      0.009     72.362      0.000
    UANI               0.618      0.009     69.286      0.000
    UIWR2              0.681      0.009     75.308      0.000
    UPM1               0.648      0.013     48.404      0.000
    UPCR               0.462      0.015     30.151      0.000
    UPCC               0.399      0.012     32.154      0.000
    UVRS               0.530      0.011     47.788      0.000
    UTR1               0.601      0.012     50.910      0.000
    UTR2               0.683      0.010     66.682      0.000
    USRT               0.334      0.013     25.012      0.000

 S1       BY
    UIWR               0.450      0.013     35.670      0.000
    UDWR               0.475      0.012     37.985      0.000
    UIWR2              0.573      0.012     46.492      0.000

 S2       BY
    UTR1               0.599      0.010     59.392      0.000
    UTR2               0.599      0.010     59.392      0.000

 S3       BY
    UPCR               0.369      0.018     21.098      0.000
    UPCC               0.369      0.018     21.098      0.000

 G        WITH
    S1                 0.000      0.000    999.000    999.000
    S2                 0.000      0.000    999.000    999.000
    S3                 0.000      0.000    999.000    999.000

 S1       WITH
    S2                 0.000      0.000    999.000    999.000
    S3                 0.000      0.000    999.000    999.000

 S2       WITH
    S3                 0.000      0.000    999.000    999.000

 Thresholds
    UDAT$1            -1.240      0.018    -67.856      0.000
    UDAY$1            -2.156      0.034    -62.724      0.000
    UMON$1            -2.238      0.037    -60.253      0.000
    UYER$1            -2.279      0.039    -58.914      0.000
    UANI$1            -2.562      0.052    -49.070      0.000
    UANI$2            -2.287      0.039    -58.621      0.000
    UANI$3            -1.790      0.025    -70.375      0.000
    UANI$4            -1.008      0.016    -61.234      0.000
    UANI$5            -0.340      0.014    -24.421      0.000
    UANI$6             0.221      0.014     16.108      0.000
    UANI$7             0.752      0.015     49.751      0.000
    UANI$8             1.215      0.018     67.532      0.000
    UANI$9             1.696      0.024     71.306      0.000
    UIWR$1            -2.104      0.033    -64.114      0.000
    UIWR$2            -1.728      0.024    -71.127      0.000
    UIWR$3            -1.268      0.018    -68.778      0.000
    UIWR$4            -0.749      0.015    -49.636      0.000
    UIWR$5             0.432      0.014     30.656      0.000
    UIWR$6             1.067      0.017     63.402      0.000
    UIWR$7             1.717      0.024     71.231      0.000
    UIWR$8             2.387      0.043     55.339      0.000
    UIWR2$1           -2.436      0.045    -53.655      0.000
    UIWR2$2           -2.220      0.037    -60.786      0.000
    UIWR2$3           -1.842      0.026    -69.745      0.000
    UIWR2$4           -1.444      0.020    -71.308      0.000
    UIWR2$5           -0.584      0.014    -40.340      0.000
    UIWR2$6           -0.116      0.014     -8.531      0.000
    UIWR2$7            0.425      0.014     30.232      0.000
    UIWR2$8            1.059      0.017     63.123      0.000
    UDWR$1            -1.735      0.025    -70.440      0.000
    UDWR$2            -1.359      0.019    -69.715      0.000
    UDWR$3            -0.981      0.016    -59.737      0.000
    UDWR$4            -0.591      0.015    -40.371      0.000
    UDWR$5             0.210      0.014     15.194      0.000
    UDWR$6             0.599      0.015     40.840      0.000
    UDWR$7             1.027      0.017     61.458      0.000
    UDWR$8             1.501      0.021     71.035      0.000
    UPM1$1            -0.727      0.015    -48.478      0.000
    UPCR$1            -3.296      0.162    -20.330      0.000
    UPCR$2            -2.885      0.091    -31.771      0.000
    UPCR$3            -2.482      0.056    -44.204      0.000
    UPCR$4            -1.995      0.035    -56.780      0.000
    UPCR$5            -1.381      0.023    -60.033      0.000
    UPCR$6            -0.527      0.017    -31.272      0.000
    UPCC$1            -1.883      0.032    -58.704      0.000
    UPCC$2            -1.520      0.025    -60.989      0.000
    UPCC$3            -0.724      0.018    -41.059      0.000
    UPCC$4             0.223      0.016     13.834      0.000
    UPCC$5             1.287      0.022     58.788      0.000
    UPCC$6             2.245      0.044     51.027      0.000
    UVRS$1            -2.052      0.037    -55.605      0.000
    UVRS$2            -1.153      0.021    -56.084      0.000
    UVRS$3            -0.304      0.016    -18.674      0.000
    UVRS$4             0.320      0.016     19.590      0.000
    UVRS$5             1.006      0.019     51.997      0.000
    UVRS$6             1.856      0.031     59.030      0.000
    UTR1$1            -2.854      0.088    -32.426      0.000
    UTR1$2            -2.589      0.064    -40.580      0.000
    UTR1$3            -2.347      0.049    -47.780      0.000
    UTR1$4            -1.829      0.031    -58.915      0.000
    UTR1$5            -1.033      0.020    -52.418      0.000
    UTR1$6             0.878      0.019     47.129      0.000
    UTR2$1            -2.850      0.088    -32.346      0.000
    UTR2$2            -2.585      0.064    -40.463      0.000
    UTR2$3            -2.208      0.043    -51.206      0.000
    UTR2$4            -1.735      0.029    -59.514      0.000
    UTR2$5            -1.077      0.020    -53.350      0.000
    UTR2$6            -0.067      0.016     -4.148      0.000
    UTR2$7             2.141      0.041     52.847      0.000
    USRT$1            -2.818      0.086    -32.884      0.000
    USRT$2            -2.346      0.050    -46.908      0.000
    USRT$3            -1.592      0.027    -59.391      0.000
    USRT$4            -0.939      0.019    -48.440      0.000
    USRT$5            -0.282      0.017    -16.905      0.000
    USRT$6             0.501      0.017     29.053      0.000
    USRT$7             1.777      0.030     58.381      0.000
    USRT$8             2.993      0.108     27.764      0.000

 Variances
    G                  1.000      0.000    999.000    999.000
    S1                 1.000      0.000    999.000    999.000
    S2                 1.000      0.000    999.000    999.000
    S3                 1.000      0.000    999.000    999.000


STD Standardization

                                                    Two-Tailed
                    Estimate       S.E.  Est./S.E.    P-Value

 G        BY
    UDAT               0.412      0.020     20.733      0.000
    UDAY               0.409      0.037     10.910      0.000
    UMON               0.559      0.039     14.200      0.000
    UYER               0.829      0.035     23.763      0.000
    UIWR               0.629      0.010     63.605      0.000
    UDWR               0.661      0.009     72.362      0.000
    UANI               0.618      0.009     69.286      0.000
    UIWR2              0.681      0.009     75.308      0.000
    UPM1               0.648      0.013     48.404      0.000
    UPCR               0.462      0.015     30.151      0.000
    UPCC               0.399      0.012     32.154      0.000
    UVRS               0.530      0.011     47.788      0.000
    UTR1               0.601      0.012     50.910      0.000
    UTR2               0.683      0.010     66.682      0.000
    USRT               0.334      0.013     25.012      0.000

 S1       BY
    UIWR               0.450      0.013     35.670      0.000
    UDWR               0.475      0.012     37.985      0.000
    UIWR2              0.573      0.012     46.492      0.000

 S2       BY
    UTR1               0.599      0.010     59.392      0.000
    UTR2               0.599      0.010     59.392      0.000

 S3       BY
    UPCR               0.369      0.018     21.098      0.000
    UPCC               0.369      0.018     21.098      0.000

 G        WITH
    S1                 0.000      0.000    999.000    999.000
    S2                 0.000      0.000    999.000    999.000
    S3                 0.000      0.000    999.000    999.000

 S1       WITH
    S2                 0.000      0.000    999.000    999.000
    S3                 0.000      0.000    999.000    999.000

 S2       WITH
    S3                 0.000      0.000    999.000    999.000

 Thresholds
    UDAT$1            -1.240      0.018    -67.856      0.000
    UDAY$1            -2.156      0.034    -62.724      0.000
    UMON$1            -2.238      0.037    -60.253      0.000
    UYER$1            -2.279      0.039    -58.914      0.000
    UANI$1            -2.562      0.052    -49.070      0.000
    UANI$2            -2.287      0.039    -58.621      0.000
    UANI$3            -1.790      0.025    -70.375      0.000
    UANI$4            -1.008      0.016    -61.234      0.000
    UANI$5            -0.340      0.014    -24.421      0.000
    UANI$6             0.221      0.014     16.108      0.000
    UANI$7             0.752      0.015     49.751      0.000
    UANI$8             1.215      0.018     67.532      0.000
    UANI$9             1.696      0.024     71.306      0.000
    UIWR$1            -2.104      0.033    -64.114      0.000
    UIWR$2            -1.728      0.024    -71.127      0.000
    UIWR$3            -1.268      0.018    -68.778      0.000
    UIWR$4            -0.749      0.015    -49.636      0.000
    UIWR$5             0.432      0.014     30.656      0.000
    UIWR$6             1.067      0.017     63.402      0.000
    UIWR$7             1.717      0.024     71.231      0.000
    UIWR$8             2.387      0.043     55.339      0.000
    UIWR2$1           -2.436      0.045    -53.655      0.000
    UIWR2$2           -2.220      0.037    -60.786      0.000
    UIWR2$3           -1.842      0.026    -69.745      0.000
    UIWR2$4           -1.444      0.020    -71.308      0.000
    UIWR2$5           -0.584      0.014    -40.340      0.000
    UIWR2$6           -0.116      0.014     -8.531      0.000
    UIWR2$7            0.425      0.014     30.232      0.000
    UIWR2$8            1.059      0.017     63.123      0.000
    UDWR$1            -1.735      0.025    -70.440      0.000
    UDWR$2            -1.359      0.019    -69.715      0.000
    UDWR$3            -0.981      0.016    -59.737      0.000
    UDWR$4            -0.591      0.015    -40.371      0.000
    UDWR$5             0.210      0.014     15.194      0.000
    UDWR$6             0.599      0.015     40.840      0.000
    UDWR$7             1.027      0.017     61.458      0.000
    UDWR$8             1.501      0.021     71.035      0.000
    UPM1$1            -0.727      0.015    -48.478      0.000
    UPCR$1            -3.296      0.162    -20.330      0.000
    UPCR$2            -2.885      0.091    -31.771      0.000
    UPCR$3            -2.482      0.056    -44.204      0.000
    UPCR$4            -1.995      0.035    -56.780      0.000
    UPCR$5            -1.381      0.023    -60.033      0.000
    UPCR$6            -0.527      0.017    -31.272      0.000
    UPCC$1            -1.883      0.032    -58.704      0.000
    UPCC$2            -1.520      0.025    -60.989      0.000
    UPCC$3            -0.724      0.018    -41.059      0.000
    UPCC$4             0.223      0.016     13.834      0.000
    UPCC$5             1.287      0.022     58.788      0.000
    UPCC$6             2.245      0.044     51.027      0.000
    UVRS$1            -2.052      0.037    -55.605      0.000
    UVRS$2            -1.153      0.021    -56.084      0.000
    UVRS$3            -0.304      0.016    -18.674      0.000
    UVRS$4             0.320      0.016     19.590      0.000
    UVRS$5             1.006      0.019     51.997      0.000
    UVRS$6             1.856      0.031     59.030      0.000
    UTR1$1            -2.854      0.088    -32.426      0.000
    UTR1$2            -2.589      0.064    -40.580      0.000
    UTR1$3            -2.347      0.049    -47.780      0.000
    UTR1$4            -1.829      0.031    -58.915      0.000
    UTR1$5            -1.033      0.020    -52.418      0.000
    UTR1$6             0.878      0.019     47.129      0.000
    UTR2$1            -2.850      0.088    -32.346      0.000
    UTR2$2            -2.585      0.064    -40.463      0.000
    UTR2$3            -2.208      0.043    -51.206      0.000
    UTR2$4            -1.735      0.029    -59.514      0.000
    UTR2$5            -1.077      0.020    -53.350      0.000
    UTR2$6            -0.067      0.016     -4.148      0.000
    UTR2$7             2.141      0.041     52.847      0.000
    USRT$1            -2.818      0.086    -32.884      0.000
    USRT$2            -2.346      0.050    -46.908      0.000
    USRT$3            -1.592      0.027    -59.391      0.000
    USRT$4            -0.939      0.019    -48.440      0.000
    USRT$5            -0.282      0.017    -16.905      0.000
    USRT$6             0.501      0.017     29.053      0.000
    USRT$7             1.777      0.030     58.381      0.000
    USRT$8             2.993      0.108     27.764      0.000

 Variances
    G                  1.000      0.000    999.000    999.000
    S1                 1.000      0.000    999.000    999.000
    S2                 1.000      0.000    999.000    999.000
    S3                 1.000      0.000    999.000    999.000


R-SQUARE

    Observed                                        Two-Tailed   Residual
    Variable        Estimate       S.E.  Est./S.E.    P-Value    Variance

    UDAT               0.170      0.016     10.366      0.000      0.830
    UDAY               0.167      0.031      5.455      0.000      0.833
    UMON               0.312      0.044      7.100      0.000      0.688
    UYER               0.687      0.058     11.881      0.000      0.313
    UANI               0.382      0.011     34.643      0.000      0.618
    UIWR               0.598      0.008     74.685      0.000      0.402
    UIWR2              0.792      0.009     86.976      0.000      0.208
    UDWR               0.662      0.008     84.277      0.000      0.338
    UPM1               0.419      0.017     24.202      0.000      0.581
    UPCR               0.350      0.017     20.991      0.000      0.650
    UPCC               0.295      0.014     20.634      0.000      0.705
    UVRS               0.281      0.012     23.894      0.000      0.719
    UTR1               0.721      0.010     70.586      0.000      0.279
    UTR2               0.825      0.010     79.211      0.000      0.175
    USRT               0.112      0.009     12.506      0.000      0.888


QUALITY OF NUMERICAL RESULTS

     Condition Number for the Information Matrix              0.952E-03
       (ratio of smallest to largest eigenvalue)


MODEL COMMAND WITH FINAL ESTIMATES USED AS STARTING VALUES

     g BY udat*0.41189;
     g BY uday*0.40886;
     g BY umon*0.55882;
     g BY uyer*0.82865;
     g BY uiwr*0.62886;
     g BY udwr*0.66093;
     g BY uani*0.61787;
     g BY uiwr2*0.68140;
     g BY upm1*0.64752;
     g BY upcr*0.46184;
     g BY upcc*0.39876;
     g BY uvrs*0.53001;
     g BY utr1*0.60106;
     g BY utr2*0.68254;
     g BY usrt*0.33393;
     s1 BY uiwr*0.44952;
     s1 BY udwr*0.47462;
     s1 BY uiwr2*0.57279;
     s2 BY utr1@1;
     s2 BY utr2@1;
     s3 BY upcr@1;
     s3 BY upcc@1;

     g WITH s1@0;
     g WITH s2@0;
     g WITH s3@0;
     s1 WITH s2@0;
     s1 WITH s3@0;
     s2 WITH s3@0;

     [ udat$1*-1.23993 ];
     [ uday$1*-2.15618 ];
     [ umon$1*-2.23832 ];
     [ uyer$1*-2.27943 ];
     [ uani$1*-2.56230 ];
     [ uani$2*-2.28668 ];
     [ uani$3*-1.78974 ];
     [ uani$4*-1.00819 ];
     [ uani$5*-0.33978 ];
     [ uani$6*0.22142 ];
     [ uani$7*0.75234 ];
     [ uani$8*1.21463 ];
     [ uani$9*1.69644 ];
     [ uiwr$1*-2.10416 ];
     [ uiwr$2*-1.72831 ];
     [ uiwr$3*-1.26777 ];
     [ uiwr$4*-0.74901 ];
     [ uiwr$5*0.43159 ];
     [ uiwr$6*1.06750 ];
     [ uiwr$7*1.71659 ];
     [ uiwr$8*2.38725 ];
     [ uiwr2$1*-2.43607 ];
     [ uiwr2$2*-2.22033 ];
     [ uiwr2$3*-1.84170 ];
     [ uiwr2$4*-1.44408 ];
     [ uiwr2$5*-0.58427 ];
     [ uiwr2$6*-0.11635 ];
     [ uiwr2$7*0.42512 ];
     [ uiwr2$8*1.05888 ];
     [ udwr$1*-1.73470 ];
     [ udwr$2*-1.35875 ];
     [ udwr$3*-0.98096 ];
     [ udwr$4*-0.59089 ];
     [ udwr$5*0.21027 ];
     [ udwr$6*0.59879 ];
     [ udwr$7*1.02727 ];
     [ udwr$8*1.50071 ];
     [ upm1$1*-0.72719 ];
     [ upcr$1*-3.29642 ];
     [ upcr$2*-2.88476 ];
     [ upcr$3*-2.48221 ];
     [ upcr$4*-1.99516 ];
     [ upcr$5*-1.38149 ];
     [ upcr$6*-0.52680 ];
     [ upcc$1*-1.88296 ];
     [ upcc$2*-1.51985 ];
     [ upcc$3*-0.72383 ];
     [ upcc$4*0.22348 ];
     [ upcc$5*1.28715 ];
     [ upcc$6*2.24456 ];
     [ uvrs$1*-2.05166 ];
     [ uvrs$2*-1.15343 ];
     [ uvrs$3*-0.30429 ];
     [ uvrs$4*0.31977 ];
     [ uvrs$5*1.00597 ];
     [ uvrs$6*1.85631 ];
     [ utr1$1*-2.85398 ];
     [ utr1$2*-2.58879 ];
     [ utr1$3*-2.34689 ];
     [ utr1$4*-1.82887 ];
     [ utr1$5*-1.03309 ];
     [ utr1$6*0.87801 ];
     [ utr2$1*-2.85016 ];
     [ utr2$2*-2.58465 ];
     [ utr2$3*-2.20825 ];
     [ utr2$4*-1.73529 ];
     [ utr2$5*-1.07655 ];
     [ utr2$6*-0.06746 ];
     [ utr2$7*2.14106 ];
     [ usrt$1*-2.81826 ];
     [ usrt$2*-2.34614 ];
     [ usrt$3*-1.59194 ];
     [ usrt$4*-0.93916 ];
     [ usrt$5*-0.28229 ];
     [ usrt$6*0.50059 ];
     [ usrt$7*1.77723 ];
     [ usrt$8*2.99338 ];

     g@1;
     s1@1;
     s2*0.35930;
     s3*0.13645;



     Beginning Time:  22:29:14
        Ending Time:  22:29:15
       Elapsed Time:  00:00:01



MUTHEN & MUTHEN
3463 Stoner Ave.
Los Angeles, CA  90066

Tel: (310) 391-9971
Fax: (310) 391-8971
Web: www.StatModel.com
Support: Support@StatModel.com

Copyright (c) 1998-2018 Muthen & Muthen
