Mplus VERSION 8.1 (Mac)
MUTHEN & MUTHEN
04/23/2020  10:57 PM

INPUT INSTRUCTIONS

  DATA:
  FILE = "bi-30-KLOSA_W1.dat";

  VARIABLE:
  NAMES = mplusid UDAY UDTS UPLC UADR UREG UDRG UNM7 UNM8 UREP2 UWRT UFCO USUB;
   MISSING=.;
   CATEGORICAL ARE all; idvariable = mplusid;
  ANALYSIS:
  estimator = wlsmv; coverage=0;
  MODEL:
  g by UDAY * ;
   g by USUB * ;
   g by UDTS * ;
   g by UFCO * ;
   g by UPLC * ;
   g by UADR * ;
   g by UREG * ;
   g by UDRG * ;
   g by UNM7 * ;
   g by UNM8 * ;
   g by UREP2 * ;
   g by UWRT * ;
   s1 by UREG @ 1 ;
   s1 by UDRG @ 1 ;
   g @ 1;
   s1 * ;
   g with s1 @ 0 ;

  OUTPUT:
  standardized; svalues;



*** WARNING
  Data set contains cases with missing on all variables.
  These cases were not included in the analysis.
  Number of cases with missing on all variables:  213
   1 WARNING(S) FOUND IN THE INPUT INSTRUCTIONS




SUMMARY OF ANALYSIS

Number of groups                                                 1
Number of observations                                       10041

Number of dependent variables                                   12
Number of independent variables                                  0
Number of continuous latent variables                            2

Observed dependent variables

  Binary and ordered categorical (ordinal)
   UDAY        UDTS        UPLC        UADR        UREG        UDRG
   UNM7        UNM8        UREP2       UWRT        UFCO        USUB

Continuous latent variables
   G           S1

Variables with special functions

  ID variable           MPLUSID

Estimator                                                    WLSMV
Maximum number of iterations                                  1000
Convergence criterion                                    0.500D-04
Maximum number of steepest descent iterations                   20
Maximum number of iterations for H1                           2000
Convergence criterion for H1                             0.100D-03
Parameterization                                             DELTA
Link                                                        PROBIT

Input data file(s)
  bi-30-KLOSA_W1.dat

Input data format  FREE


SUMMARY OF DATA

     Number of missing data patterns             1


COVARIANCE COVERAGE OF DATA

Minimum covariance coverage value   0.000


     PROPORTION OF DATA PRESENT


           Covariance Coverage
              UDAY          UDTS          UPLC          UADR          UREG
              ________      ________      ________      ________      ________
 UDAY           1.000
 UDTS           1.000         1.000
 UPLC           1.000         1.000         1.000
 UADR           1.000         1.000         1.000         1.000
 UREG           1.000         1.000         1.000         1.000         1.000
 UDRG           1.000         1.000         1.000         1.000         1.000
 UNM7           1.000         1.000         1.000         1.000         1.000
 UNM8           1.000         1.000         1.000         1.000         1.000
 UREP2          1.000         1.000         1.000         1.000         1.000
 UWRT           1.000         1.000         1.000         1.000         1.000
 UFCO           1.000         1.000         1.000         1.000         1.000
 USUB           1.000         1.000         1.000         1.000         1.000


           Covariance Coverage
              UDRG          UNM7          UNM8          UREP2         UWRT
              ________      ________      ________      ________      ________
 UDRG           1.000
 UNM7           1.000         1.000
 UNM8           1.000         1.000         1.000
 UREP2          1.000         1.000         1.000         1.000
 UWRT           1.000         1.000         1.000         1.000         1.000
 UFCO           1.000         1.000         1.000         1.000         1.000
 USUB           1.000         1.000         1.000         1.000         1.000


           Covariance Coverage
              UFCO          USUB
              ________      ________
 UFCO           1.000
 USUB           1.000         1.000


UNIVARIATE PROPORTIONS AND COUNTS FOR CATEGORICAL VARIABLES

    UDAY
      Category 1    0.058          582.000
      Category 2    0.942         9459.000
    UDTS
      Category 1    0.189         1895.000
      Category 2    0.811         8146.000
    UPLC
      Category 1    0.013          128.000
      Category 2    0.987         9913.000
    UADR
      Category 1    0.016          156.000
      Category 2    0.025          247.000
      Category 3    0.051          512.000
      Category 4    0.111         1110.000
      Category 5    0.798         8016.000
    UREG
      Category 1    0.029          291.000
      Category 2    0.048          484.000
      Category 3    0.119         1195.000
      Category 4    0.804         8071.000
    UDRG
      Category 1    0.117         1179.000
      Category 2    0.154         1550.000
      Category 3    0.294         2952.000
      Category 4    0.434         4360.000
    UNM7
      Category 1    0.010           99.000
      Category 2    0.990         9942.000
    UNM8
      Category 1    0.009           89.000
      Category 2    0.991         9952.000
    UREP2
      Category 1    0.035          355.000
      Category 2    0.965         9686.000
    UWRT
      Category 1    0.149         1494.000
      Category 2    0.851         8547.000
    UFCO
      Category 1    0.226         2271.000
      Category 2    0.774         7770.000
    USUB
      Category 1    0.113         1139.000
      Category 2    0.074          745.000
      Category 3    0.068          679.000
      Category 4    0.139         1394.000
      Category 5    0.144         1443.000
      Category 6    0.462         4641.000



THE MODEL ESTIMATION TERMINATED NORMALLY



MODEL FIT INFORMATION

Number of Free Parameters                       36

Chi-Square Test of Model Fit

          Value                           1157.080*
          Degrees of Freedom                    53
          P-Value                           0.0000

*   The chi-square value for MLM, MLMV, MLR, ULSMV, WLSM and WLSMV cannot be used
    for chi-square difference testing in the regular way.  MLM, MLR and WLSM
    chi-square difference testing is described on the Mplus website.  MLMV, WLSMV,
    and ULSMV difference testing is done using the DIFFTEST option.

RMSEA (Root Mean Square Error Of Approximation)

          Estimate                           0.046
          90 Percent C.I.                    0.043  0.048
          Probability RMSEA <= .05           0.999

CFI/TLI

          CFI                                0.981
          TLI                                0.977

Chi-Square Test of Model Fit for the Baseline Model

          Value                          59225.864
          Degrees of Freedom                    66
          P-Value                           0.0000

SRMR (Standardized Root Mean Square Residual)

          Value                              0.065

Optimum Function Value for Weighted Least-Squares Estimator

          Value                     0.51570946D-01



MODEL RESULTS

                                                    Two-Tailed
                    Estimate       S.E.  Est./S.E.    P-Value

 G        BY
    UDAY               0.827      0.012     71.482      0.000
    USUB               0.788      0.005    152.164      0.000
    UDTS               0.825      0.007    110.534      0.000
    UFCO               0.864      0.006    140.495      0.000
    UPLC               0.779      0.024     33.050      0.000
    UADR               0.788      0.007    105.217      0.000
    UREG               0.741      0.009     86.253      0.000
    UDRG               0.675      0.008     86.537      0.000
    UNM7               0.915      0.015     61.307      0.000
    UNM8               0.926      0.016     59.308      0.000
    UREP2              0.834      0.014     60.068      0.000
    UWRT               0.904      0.006    147.791      0.000

 S1       BY
    UREG               1.000      0.000    999.000    999.000
    UDRG               1.000      0.000    999.000    999.000

 G        WITH
    S1                 0.000      0.000    999.000    999.000

 Thresholds
    UDAY$1            -1.572      0.020    -78.161      0.000
    UDTS$1            -0.883      0.014    -61.081      0.000
    UPLC$1            -2.234      0.034    -65.670      0.000
    UADR$1            -2.156      0.032    -68.186      0.000
    UADR$2            -1.749      0.023    -77.162      0.000
    UADR$3            -1.334      0.018    -76.119      0.000
    UADR$4            -0.836      0.014    -58.718      0.000
    UREG$1            -1.896      0.025    -74.881      0.000
    UREG$2            -1.424      0.018    -77.371      0.000
    UREG$3            -0.855      0.014    -59.723      0.000
    UDRG$1            -1.188      0.016    -72.845      0.000
    UDRG$2            -0.607      0.013    -45.387      0.000
    UDRG$3             0.166      0.013     13.177      0.000
    UNM7$1            -2.332      0.037    -62.251      0.000
    UNM8$1            -2.371      0.039    -60.801      0.000
    UREP2$1           -1.807      0.024    -76.406      0.000
    UWRT$1            -1.042      0.015    -68.015      0.000
    UFCO$1            -0.752      0.014    -54.144      0.000
    USUB$1            -1.208      0.016    -73.398      0.000
    USUB$2            -0.887      0.014    -61.279      0.000
    USUB$3            -0.658      0.014    -48.589      0.000
    USUB$4            -0.269      0.013    -21.202      0.000
    USUB$5             0.095      0.013      7.573      0.000

 Variances
    G                  1.000      0.000    999.000    999.000
    S1                 0.111      0.010     11.429      0.000


STANDARDIZED MODEL RESULTS


STDYX Standardization

                                                    Two-Tailed
                    Estimate       S.E.  Est./S.E.    P-Value

 G        BY
    UDAY               0.827      0.012     71.482      0.000
    USUB               0.788      0.005    152.164      0.000
    UDTS               0.825      0.007    110.534      0.000
    UFCO               0.864      0.006    140.495      0.000
    UPLC               0.779      0.024     33.050      0.000
    UADR               0.788      0.007    105.217      0.000
    UREG               0.741      0.009     86.253      0.000
    UDRG               0.675      0.008     86.537      0.000
    UNM7               0.915      0.015     61.307      0.000
    UNM8               0.926      0.016     59.308      0.000
    UREP2              0.834      0.014     60.068      0.000
    UWRT               0.904      0.006    147.791      0.000

 S1       BY
    UREG               0.332      0.015     22.859      0.000
    UDRG               0.332      0.015     22.859      0.000

 G        WITH
    S1                 0.000      0.000    999.000    999.000

 Thresholds
    UDAY$1            -1.572      0.020    -78.161      0.000
    UDTS$1            -0.883      0.014    -61.081      0.000
    UPLC$1            -2.234      0.034    -65.670      0.000
    UADR$1            -2.156      0.032    -68.186      0.000
    UADR$2            -1.749      0.023    -77.162      0.000
    UADR$3            -1.334      0.018    -76.119      0.000
    UADR$4            -0.836      0.014    -58.718      0.000
    UREG$1            -1.896      0.025    -74.881      0.000
    UREG$2            -1.424      0.018    -77.371      0.000
    UREG$3            -0.855      0.014    -59.723      0.000
    UDRG$1            -1.188      0.016    -72.845      0.000
    UDRG$2            -0.607      0.013    -45.387      0.000
    UDRG$3             0.166      0.013     13.177      0.000
    UNM7$1            -2.332      0.037    -62.251      0.000
    UNM8$1            -2.371      0.039    -60.801      0.000
    UREP2$1           -1.807      0.024    -76.406      0.000
    UWRT$1            -1.042      0.015    -68.015      0.000
    UFCO$1            -0.752      0.014    -54.144      0.000
    USUB$1            -1.208      0.016    -73.398      0.000
    USUB$2            -0.887      0.014    -61.279      0.000
    USUB$3            -0.658      0.014    -48.589      0.000
    USUB$4            -0.269      0.013    -21.202      0.000
    USUB$5             0.095      0.013      7.573      0.000

 Variances
    G                  1.000      0.000    999.000    999.000
    S1                 1.000      0.000    999.000    999.000


STDY Standardization

                                                    Two-Tailed
                    Estimate       S.E.  Est./S.E.    P-Value

 G        BY
    UDAY               0.827      0.012     71.482      0.000
    USUB               0.788      0.005    152.164      0.000
    UDTS               0.825      0.007    110.534      0.000
    UFCO               0.864      0.006    140.495      0.000
    UPLC               0.779      0.024     33.050      0.000
    UADR               0.788      0.007    105.217      0.000
    UREG               0.741      0.009     86.253      0.000
    UDRG               0.675      0.008     86.537      0.000
    UNM7               0.915      0.015     61.307      0.000
    UNM8               0.926      0.016     59.308      0.000
    UREP2              0.834      0.014     60.068      0.000
    UWRT               0.904      0.006    147.791      0.000

 S1       BY
    UREG               0.332      0.015     22.859      0.000
    UDRG               0.332      0.015     22.859      0.000

 G        WITH
    S1                 0.000      0.000    999.000    999.000

 Thresholds
    UDAY$1            -1.572      0.020    -78.161      0.000
    UDTS$1            -0.883      0.014    -61.081      0.000
    UPLC$1            -2.234      0.034    -65.670      0.000
    UADR$1            -2.156      0.032    -68.186      0.000
    UADR$2            -1.749      0.023    -77.162      0.000
    UADR$3            -1.334      0.018    -76.119      0.000
    UADR$4            -0.836      0.014    -58.718      0.000
    UREG$1            -1.896      0.025    -74.881      0.000
    UREG$2            -1.424      0.018    -77.371      0.000
    UREG$3            -0.855      0.014    -59.723      0.000
    UDRG$1            -1.188      0.016    -72.845      0.000
    UDRG$2            -0.607      0.013    -45.387      0.000
    UDRG$3             0.166      0.013     13.177      0.000
    UNM7$1            -2.332      0.037    -62.251      0.000
    UNM8$1            -2.371      0.039    -60.801      0.000
    UREP2$1           -1.807      0.024    -76.406      0.000
    UWRT$1            -1.042      0.015    -68.015      0.000
    UFCO$1            -0.752      0.014    -54.144      0.000
    USUB$1            -1.208      0.016    -73.398      0.000
    USUB$2            -0.887      0.014    -61.279      0.000
    USUB$3            -0.658      0.014    -48.589      0.000
    USUB$4            -0.269      0.013    -21.202      0.000
    USUB$5             0.095      0.013      7.573      0.000

 Variances
    G                  1.000      0.000    999.000    999.000
    S1                 1.000      0.000    999.000    999.000


STD Standardization

                                                    Two-Tailed
                    Estimate       S.E.  Est./S.E.    P-Value

 G        BY
    UDAY               0.827      0.012     71.482      0.000
    USUB               0.788      0.005    152.164      0.000
    UDTS               0.825      0.007    110.534      0.000
    UFCO               0.864      0.006    140.495      0.000
    UPLC               0.779      0.024     33.050      0.000
    UADR               0.788      0.007    105.217      0.000
    UREG               0.741      0.009     86.253      0.000
    UDRG               0.675      0.008     86.537      0.000
    UNM7               0.915      0.015     61.307      0.000
    UNM8               0.926      0.016     59.308      0.000
    UREP2              0.834      0.014     60.068      0.000
    UWRT               0.904      0.006    147.791      0.000

 S1       BY
    UREG               0.332      0.015     22.859      0.000
    UDRG               0.332      0.015     22.859      0.000

 G        WITH
    S1                 0.000      0.000    999.000    999.000

 Thresholds
    UDAY$1            -1.572      0.020    -78.161      0.000
    UDTS$1            -0.883      0.014    -61.081      0.000
    UPLC$1            -2.234      0.034    -65.670      0.000
    UADR$1            -2.156      0.032    -68.186      0.000
    UADR$2            -1.749      0.023    -77.162      0.000
    UADR$3            -1.334      0.018    -76.119      0.000
    UADR$4            -0.836      0.014    -58.718      0.000
    UREG$1            -1.896      0.025    -74.881      0.000
    UREG$2            -1.424      0.018    -77.371      0.000
    UREG$3            -0.855      0.014    -59.723      0.000
    UDRG$1            -1.188      0.016    -72.845      0.000
    UDRG$2            -0.607      0.013    -45.387      0.000
    UDRG$3             0.166      0.013     13.177      0.000
    UNM7$1            -2.332      0.037    -62.251      0.000
    UNM8$1            -2.371      0.039    -60.801      0.000
    UREP2$1           -1.807      0.024    -76.406      0.000
    UWRT$1            -1.042      0.015    -68.015      0.000
    UFCO$1            -0.752      0.014    -54.144      0.000
    USUB$1            -1.208      0.016    -73.398      0.000
    USUB$2            -0.887      0.014    -61.279      0.000
    USUB$3            -0.658      0.014    -48.589      0.000
    USUB$4            -0.269      0.013    -21.202      0.000
    USUB$5             0.095      0.013      7.573      0.000

 Variances
    G                  1.000      0.000    999.000    999.000
    S1                 1.000      0.000    999.000    999.000


R-SQUARE

    Observed                                        Two-Tailed   Residual
    Variable        Estimate       S.E.  Est./S.E.    P-Value    Variance

    UDAY               0.684      0.019     35.741      0.000      0.316
    UDTS               0.680      0.012     55.267      0.000      0.320
    UPLC               0.607      0.037     16.525      0.000      0.393
    UADR               0.622      0.012     52.608      0.000      0.378
    UREG               0.660      0.013     48.941      0.000      0.340
    UDRG               0.566      0.011     50.598      0.000      0.434
    UNM7               0.837      0.027     30.654      0.000      0.163
    UNM8               0.858      0.029     29.654      0.000      0.142
    UREP2              0.695      0.023     30.034      0.000      0.305
    UWRT               0.817      0.011     73.896      0.000      0.183
    UFCO               0.747      0.011     70.248      0.000      0.253
    USUB               0.621      0.008     76.082      0.000      0.379


QUALITY OF NUMERICAL RESULTS

     Condition Number for the Information Matrix              0.110E-01
       (ratio of smallest to largest eigenvalue)


MODEL COMMAND WITH FINAL ESTIMATES USED AS STARTING VALUES

     g BY uday*0.82690;
     g BY usub*0.78808;
     g BY udts*0.82467;
     g BY ufco*0.86440;
     g BY uplc*0.77910;
     g BY uadr*0.78843;
     g BY ureg*0.74130;
     g BY udrg*0.67488;
     g BY unm7*0.91496;
     g BY unm8*0.92606;
     g BY urep2*0.83391;
     g BY uwrt*0.90411;
     s1 BY ureg@1;
     s1 BY udrg@1;

     g WITH s1@0;

     [ uday$1*-1.57211 ];
     [ udts$1*-0.88260 ];
     [ uplc$1*-2.23381 ];
     [ uadr$1*-2.15614 ];
     [ uadr$2*-1.74912 ];
     [ uadr$3*-1.33385 ];
     [ uadr$4*-0.83566 ];
     [ ureg$1*-1.89598 ];
     [ ureg$2*-1.42427 ];
     [ ureg$3*-0.85529 ];
     [ udrg$1*-1.18799 ];
     [ udrg$2*-0.60742 ];
     [ udrg$3*0.16564 ];
     [ unm7$1*-2.33165 ];
     [ unm8$1*-2.37126 ];
     [ urep2$1*-1.80733 ];
     [ uwrt$1*-1.04164 ];
     [ ufco$1*-0.75151 ];
     [ usub$1*-1.20846 ];
     [ usub$2*-0.88666 ];
     [ usub$3*-0.65805 ];
     [ usub$4*-0.26869 ];
     [ usub$5*0.09488 ];

     g@1;
     s1*0.11055;



     Beginning Time:  22:57:26
        Ending Time:  22:57:27
       Elapsed Time:  00:00:01



MUTHEN & MUTHEN
3463 Stoner Ave.
Los Angeles, CA  90066

Tel: (310) 391-9971
Fax: (310) 391-8971
Web: www.StatModel.com
Support: Support@StatModel.com

Copyright (c) 1998-2018 Muthen & Muthen
