Mplus VERSION 8.1 (Mac)
MUTHEN & MUTHEN
05/27/2020  10:28 PM

INPUT INSTRUCTIONS

  DATA:
  FILE = "uni-27-SHARE_W4.dat";

  VARIABLE:
  NAMES = mplusid UDAT UDAY UMON UYER UIWR UDWR UANI URE3 URE4 URE6 USUB;
   MISSING=.;
   CATEGORICAL ARE all; idvariable = mplusid;
  ANALYSIS:
  estimator = wlsmv; coverage=0;
  MODEL:
  g by UDAT * ;
   g by UDAY * ;
   g by UMON * ;
   g by UYER * ;
   g by UIWR * ;
   g by UDWR * ;
   g by USUB * ;
   g by URE3 * ;
   g by URE6 * ;
   g by UANI * ;
   g by URE4 * ;
   g @ 1;

  OUTPUT:
  standardized; svalues;



*** WARNING
  Data set contains cases with missing on all variables.
  These cases were not included in the analysis.
  Number of cases with missing on all variables:  1134
   1 WARNING(S) FOUND IN THE INPUT INSTRUCTIONS




SUMMARY OF ANALYSIS

Number of groups                                                 1
Number of observations                                       57068

Number of dependent variables                                   11
Number of independent variables                                  0
Number of continuous latent variables                            1

Observed dependent variables

  Binary and ordered categorical (ordinal)
   UDAT        UDAY        UMON        UYER        UIWR        UDWR
   UANI        URE3        URE4        URE6        USUB

Continuous latent variables
   G

Variables with special functions

  ID variable           MPLUSID

Estimator                                                    WLSMV
Maximum number of iterations                                  1000
Convergence criterion                                    0.500D-04
Maximum number of steepest descent iterations                   20
Maximum number of iterations for H1                           2000
Convergence criterion for H1                             0.100D-03
Parameterization                                             DELTA
Link                                                        PROBIT

Input data file(s)
  uni-27-SHARE_W4.dat

Input data format  FREE


SUMMARY OF DATA

     Number of missing data patterns            97


COVARIANCE COVERAGE OF DATA

Minimum covariance coverage value   0.000


     PROPORTION OF DATA PRESENT


           Covariance Coverage
              UDAT          UDAY          UMON          UYER          UIWR
              ________      ________      ________      ________      ________
 UDAT           0.640
 UDAY           0.640         0.641
 UMON           0.640         0.641         0.641
 UYER           0.640         0.641         0.641         0.641
 UIWR           0.633         0.634         0.634         0.634         0.992
 UDWR           0.633         0.634         0.634         0.634         0.991
 UANI           0.632         0.633         0.633         0.633         0.984
 URE3           0.540         0.541         0.541         0.541         0.539
 URE4           0.434         0.434         0.434         0.434         0.432
 URE6           0.284         0.284         0.284         0.284         0.283
 USUB           0.612         0.612         0.612         0.612         0.950


           Covariance Coverage
              UDWR          UANI          URE3          URE4          URE6
              ________      ________      ________      ________      ________
 UDWR           0.992
 UANI           0.985         0.987
 URE3           0.539         0.539         0.541
 URE4           0.432         0.432         0.434         0.434
 URE6           0.283         0.283         0.284         0.284         0.284
 USUB           0.951         0.951         0.537         0.433         0.284


           Covariance Coverage
              USUB
              ________
 USUB           0.953


UNIVARIATE PROPORTIONS AND COUNTS FOR CATEGORICAL VARIABLES

    UDAT
      Category 1    0.109         3962.000
      Category 2    0.891        32552.000
    UDAY
      Category 1    0.026          959.000
      Category 2    0.974        35610.000
    UMON
      Category 1    0.016          583.000
      Category 2    0.984        35991.000
    UYER
      Category 1    0.018          649.000
      Category 2    0.982        35919.000
    UIWR
      Category 1    0.021         1200.000
      Category 2    0.020         1114.000
      Category 3    0.038         2161.000
      Category 4    0.089         5040.000
      Category 5    0.161         9106.000
      Category 6    0.439        24870.000
      Category 7    0.143         8096.000
      Category 8    0.066         3712.000
      Category 9    0.018         1026.000
      Category 10    0.005          287.000
    UDWR
      Category 1    0.105         5936.000
      Category 2    0.062         3514.000
      Category 3    0.107         6033.000
      Category 4    0.163         9247.000
      Category 5    0.186        10543.000
      Category 6    0.274        15532.000
      Category 7    0.060         3399.000
      Category 8    0.026         1488.000
      Category 9    0.011          644.000
      Category 10    0.005          273.000
    UANI
      Category 1    0.006          314.000
      Category 2    0.013          713.000
      Category 3    0.053         2968.000
      Category 4    0.134         7530.000
      Category 5    0.203        11451.000
      Category 6    0.215        12112.000
      Category 7    0.173         9749.000
      Category 8    0.104         5870.000
      Category 9    0.058         3279.000
      Category 10    0.042         2358.000
    URE3
      Category 1    0.085         2611.000
      Category 2    0.915        28252.000
    URE4
      Category 1    0.286         7069.000
      Category 2    0.714        17687.000
    URE6
      Category 1    0.667        10807.000
      Category 2    0.333         5402.000
    USUB
      Category 1    0.019         1012.000
      Category 2    0.052         2850.000
      Category 3    0.045         2470.000
      Category 4    0.101         5495.000
      Category 5    0.155         8422.000
      Category 6    0.628        34154.000


     WARNING:  THE BIVARIATE TABLE OF URE4 AND URE3 HAS AN EMPTY CELL.

     WARNING:  THE BIVARIATE TABLE OF URE4 AND URE3 HAS AN EMPTY CELL.

     WARNING:  THE BIVARIATE TABLE OF URE6 AND URE3 HAS AN EMPTY CELL.

     WARNING:  THE BIVARIATE TABLE OF URE6 AND URE3 HAS AN EMPTY CELL.

     WARNING:  THE BIVARIATE TABLE OF URE6 AND URE4 HAS AN EMPTY CELL.


THE MODEL ESTIMATION TERMINATED NORMALLY



MODEL FIT INFORMATION

Number of Free Parameters                       50

Chi-Square Test of Model Fit

          Value                           7739.625*
          Degrees of Freedom                    44
          P-Value                           0.0000

*   The chi-square value for MLM, MLMV, MLR, ULSMV, WLSM and WLSMV cannot be used
    for chi-square difference testing in the regular way.  MLM, MLR and WLSM
    chi-square difference testing is described on the Mplus website.  MLMV, WLSMV,
    and ULSMV difference testing is done using the DIFFTEST option.

RMSEA (Root Mean Square Error Of Approximation)

          Estimate                           0.055
          90 Percent C.I.                    0.054  0.056
          Probability RMSEA <= .05           0.000

CFI/TLI

          CFI                                0.970
          TLI                                0.962

Chi-Square Test of Model Fit for the Baseline Model

          Value                         253656.499
          Degrees of Freedom                    55
          P-Value                           0.0000

SRMR (Standardized Root Mean Square Residual)

          Value                              0.085

Optimum Function Value for Weighted Least-Squares Estimator

          Value                     0.56737669D-01



MODEL RESULTS

                                                    Two-Tailed
                    Estimate       S.E.  Est./S.E.    P-Value

 G        BY
    UDAT               0.476      0.008     61.701      0.000
    UDAY               0.686      0.011     64.485      0.000
    UMON               0.794      0.010     78.158      0.000
    UYER               0.878      0.009     96.805      0.000
    UIWR               0.868      0.002    421.379      0.000
    UDWR               0.846      0.002    418.183      0.000
    USUB               0.523      0.004    124.745      0.000
    URE3               0.335      0.009     35.656      0.000
    URE6               0.032      0.003     11.504      0.000
    UANI               0.607      0.003    217.333      0.000
    URE4               0.310      0.007     41.444      0.000

 Thresholds
    UDAT$1            -1.235      0.009   -141.225      0.000
    UDAY$1            -1.939      0.014   -141.183      0.000
    UMON$1            -2.146      0.016   -130.739      0.000
    UYER$1            -2.103      0.016   -133.199      0.000
    UIWR$1            -2.030      0.012   -170.521      0.000
    UIWR$2            -1.741      0.009   -183.441      0.000
    UIWR$3            -1.412      0.008   -183.380      0.000
    UIWR$4            -0.962      0.006   -153.739      0.000
    UIWR$5            -0.443      0.005    -81.121      0.000
    UIWR$6             0.733      0.006    126.046      0.000
    UIWR$7             1.348      0.007    181.316      0.000
    UIWR$8             1.992      0.012    172.784      0.000
    UIWR$9             2.571      0.020    126.092      0.000
    UDWR$1            -1.254      0.007   -176.956      0.000
    UDWR$2            -0.966      0.006   -154.204      0.000
    UDWR$3            -0.602      0.006   -106.970      0.000
    UDWR$4            -0.159      0.005    -30.035      0.000
    UDWR$5             0.314      0.005     58.481      0.000
    UDWR$6             1.267      0.007    177.646      0.000
    UDWR$7             1.723      0.009    183.874      0.000
    UDWR$8             2.139      0.013    163.121      0.000
    UDWR$9             2.588      0.021    124.464      0.000
    UANI$1            -2.538      0.020   -128.875      0.000
    UANI$2            -2.092      0.013   -166.080      0.000
    UANI$3            -1.469      0.008   -184.231      0.000
    UANI$4            -0.825      0.006   -137.838      0.000
    UANI$5            -0.233      0.005    -43.742      0.000
    UANI$6             0.313      0.005     58.178      0.000
    UANI$7             0.827      0.006    137.978      0.000
    UANI$8             1.281      0.007    177.943      0.000
    UANI$9             1.730      0.009    183.278      0.000
    URE3$1            -1.375      0.010   -134.574      0.000
    URE4$1            -0.566      0.008    -67.051      0.000
    URE6$1             0.431      0.010     42.313      0.000
    USUB$1            -2.084      0.013   -163.745      0.000
    USUB$2            -1.468      0.008   -181.019      0.000
    USUB$3            -1.193      0.007   -169.896      0.000
    USUB$4            -0.781      0.006   -129.876      0.000
    USUB$5            -0.326      0.005    -59.510      0.000

 Variances
    G                  1.000      0.000    999.000    999.000


STANDARDIZED MODEL RESULTS


STDYX Standardization

                                                    Two-Tailed
                    Estimate       S.E.  Est./S.E.    P-Value

 G        BY
    UDAT               0.476      0.008     61.701      0.000
    UDAY               0.686      0.011     64.485      0.000
    UMON               0.794      0.010     78.158      0.000
    UYER               0.878      0.009     96.805      0.000
    UIWR               0.868      0.002    421.379      0.000
    UDWR               0.846      0.002    418.183      0.000
    USUB               0.523      0.004    124.745      0.000
    URE3               0.335      0.009     35.656      0.000
    URE6               0.032      0.003     11.504      0.000
    UANI               0.607      0.003    217.333      0.000
    URE4               0.310      0.007     41.444      0.000

 Thresholds
    UDAT$1            -1.235      0.009   -141.225      0.000
    UDAY$1            -1.939      0.014   -141.183      0.000
    UMON$1            -2.146      0.016   -130.739      0.000
    UYER$1            -2.103      0.016   -133.199      0.000
    UIWR$1            -2.030      0.012   -170.521      0.000
    UIWR$2            -1.741      0.009   -183.441      0.000
    UIWR$3            -1.412      0.008   -183.380      0.000
    UIWR$4            -0.962      0.006   -153.739      0.000
    UIWR$5            -0.443      0.005    -81.121      0.000
    UIWR$6             0.733      0.006    126.046      0.000
    UIWR$7             1.348      0.007    181.316      0.000
    UIWR$8             1.992      0.012    172.784      0.000
    UIWR$9             2.571      0.020    126.092      0.000
    UDWR$1            -1.254      0.007   -176.956      0.000
    UDWR$2            -0.966      0.006   -154.204      0.000
    UDWR$3            -0.602      0.006   -106.970      0.000
    UDWR$4            -0.159      0.005    -30.035      0.000
    UDWR$5             0.314      0.005     58.481      0.000
    UDWR$6             1.267      0.007    177.646      0.000
    UDWR$7             1.723      0.009    183.874      0.000
    UDWR$8             2.139      0.013    163.121      0.000
    UDWR$9             2.588      0.021    124.464      0.000
    UANI$1            -2.538      0.020   -128.875      0.000
    UANI$2            -2.092      0.013   -166.080      0.000
    UANI$3            -1.469      0.008   -184.231      0.000
    UANI$4            -0.825      0.006   -137.838      0.000
    UANI$5            -0.233      0.005    -43.742      0.000
    UANI$6             0.313      0.005     58.178      0.000
    UANI$7             0.827      0.006    137.978      0.000
    UANI$8             1.281      0.007    177.943      0.000
    UANI$9             1.730      0.009    183.278      0.000
    URE3$1            -1.375      0.010   -134.574      0.000
    URE4$1            -0.566      0.008    -67.051      0.000
    URE6$1             0.431      0.010     42.313      0.000
    USUB$1            -2.084      0.013   -163.745      0.000
    USUB$2            -1.468      0.008   -181.019      0.000
    USUB$3            -1.193      0.007   -169.896      0.000
    USUB$4            -0.781      0.006   -129.876      0.000
    USUB$5            -0.326      0.005    -59.510      0.000

 Variances
    G                  1.000      0.000    999.000    999.000


STDY Standardization

                                                    Two-Tailed
                    Estimate       S.E.  Est./S.E.    P-Value

 G        BY
    UDAT               0.476      0.008     61.701      0.000
    UDAY               0.686      0.011     64.485      0.000
    UMON               0.794      0.010     78.158      0.000
    UYER               0.878      0.009     96.805      0.000
    UIWR               0.868      0.002    421.379      0.000
    UDWR               0.846      0.002    418.183      0.000
    USUB               0.523      0.004    124.745      0.000
    URE3               0.335      0.009     35.656      0.000
    URE6               0.032      0.003     11.504      0.000
    UANI               0.607      0.003    217.333      0.000
    URE4               0.310      0.007     41.444      0.000

 Thresholds
    UDAT$1            -1.235      0.009   -141.225      0.000
    UDAY$1            -1.939      0.014   -141.183      0.000
    UMON$1            -2.146      0.016   -130.739      0.000
    UYER$1            -2.103      0.016   -133.199      0.000
    UIWR$1            -2.030      0.012   -170.521      0.000
    UIWR$2            -1.741      0.009   -183.441      0.000
    UIWR$3            -1.412      0.008   -183.380      0.000
    UIWR$4            -0.962      0.006   -153.739      0.000
    UIWR$5            -0.443      0.005    -81.121      0.000
    UIWR$6             0.733      0.006    126.046      0.000
    UIWR$7             1.348      0.007    181.316      0.000
    UIWR$8             1.992      0.012    172.784      0.000
    UIWR$9             2.571      0.020    126.092      0.000
    UDWR$1            -1.254      0.007   -176.956      0.000
    UDWR$2            -0.966      0.006   -154.204      0.000
    UDWR$3            -0.602      0.006   -106.970      0.000
    UDWR$4            -0.159      0.005    -30.035      0.000
    UDWR$5             0.314      0.005     58.481      0.000
    UDWR$6             1.267      0.007    177.646      0.000
    UDWR$7             1.723      0.009    183.874      0.000
    UDWR$8             2.139      0.013    163.121      0.000
    UDWR$9             2.588      0.021    124.464      0.000
    UANI$1            -2.538      0.020   -128.875      0.000
    UANI$2            -2.092      0.013   -166.080      0.000
    UANI$3            -1.469      0.008   -184.231      0.000
    UANI$4            -0.825      0.006   -137.838      0.000
    UANI$5            -0.233      0.005    -43.742      0.000
    UANI$6             0.313      0.005     58.178      0.000
    UANI$7             0.827      0.006    137.978      0.000
    UANI$8             1.281      0.007    177.943      0.000
    UANI$9             1.730      0.009    183.278      0.000
    URE3$1            -1.375      0.010   -134.574      0.000
    URE4$1            -0.566      0.008    -67.051      0.000
    URE6$1             0.431      0.010     42.313      0.000
    USUB$1            -2.084      0.013   -163.745      0.000
    USUB$2            -1.468      0.008   -181.019      0.000
    USUB$3            -1.193      0.007   -169.896      0.000
    USUB$4            -0.781      0.006   -129.876      0.000
    USUB$5            -0.326      0.005    -59.510      0.000

 Variances
    G                  1.000      0.000    999.000    999.000


STD Standardization

                                                    Two-Tailed
                    Estimate       S.E.  Est./S.E.    P-Value

 G        BY
    UDAT               0.476      0.008     61.701      0.000
    UDAY               0.686      0.011     64.485      0.000
    UMON               0.794      0.010     78.158      0.000
    UYER               0.878      0.009     96.805      0.000
    UIWR               0.868      0.002    421.379      0.000
    UDWR               0.846      0.002    418.183      0.000
    USUB               0.523      0.004    124.745      0.000
    URE3               0.335      0.009     35.656      0.000
    URE6               0.032      0.003     11.504      0.000
    UANI               0.607      0.003    217.333      0.000
    URE4               0.310      0.007     41.444      0.000

 Thresholds
    UDAT$1            -1.235      0.009   -141.225      0.000
    UDAY$1            -1.939      0.014   -141.183      0.000
    UMON$1            -2.146      0.016   -130.739      0.000
    UYER$1            -2.103      0.016   -133.199      0.000
    UIWR$1            -2.030      0.012   -170.521      0.000
    UIWR$2            -1.741      0.009   -183.441      0.000
    UIWR$3            -1.412      0.008   -183.380      0.000
    UIWR$4            -0.962      0.006   -153.739      0.000
    UIWR$5            -0.443      0.005    -81.121      0.000
    UIWR$6             0.733      0.006    126.046      0.000
    UIWR$7             1.348      0.007    181.316      0.000
    UIWR$8             1.992      0.012    172.784      0.000
    UIWR$9             2.571      0.020    126.092      0.000
    UDWR$1            -1.254      0.007   -176.956      0.000
    UDWR$2            -0.966      0.006   -154.204      0.000
    UDWR$3            -0.602      0.006   -106.970      0.000
    UDWR$4            -0.159      0.005    -30.035      0.000
    UDWR$5             0.314      0.005     58.481      0.000
    UDWR$6             1.267      0.007    177.646      0.000
    UDWR$7             1.723      0.009    183.874      0.000
    UDWR$8             2.139      0.013    163.121      0.000
    UDWR$9             2.588      0.021    124.464      0.000
    UANI$1            -2.538      0.020   -128.875      0.000
    UANI$2            -2.092      0.013   -166.080      0.000
    UANI$3            -1.469      0.008   -184.231      0.000
    UANI$4            -0.825      0.006   -137.838      0.000
    UANI$5            -0.233      0.005    -43.742      0.000
    UANI$6             0.313      0.005     58.178      0.000
    UANI$7             0.827      0.006    137.978      0.000
    UANI$8             1.281      0.007    177.943      0.000
    UANI$9             1.730      0.009    183.278      0.000
    URE3$1            -1.375      0.010   -134.574      0.000
    URE4$1            -0.566      0.008    -67.051      0.000
    URE6$1             0.431      0.010     42.313      0.000
    USUB$1            -2.084      0.013   -163.745      0.000
    USUB$2            -1.468      0.008   -181.019      0.000
    USUB$3            -1.193      0.007   -169.896      0.000
    USUB$4            -0.781      0.006   -129.876      0.000
    USUB$5            -0.326      0.005    -59.510      0.000

 Variances
    G                  1.000      0.000    999.000    999.000


R-SQUARE

    Observed                                        Two-Tailed   Residual
    Variable        Estimate       S.E.  Est./S.E.    P-Value    Variance

    UDAT               0.227      0.007     30.850      0.000      0.773
    UDAY               0.470      0.015     32.243      0.000      0.530
    UMON               0.630      0.016     39.079      0.000      0.370
    UYER               0.771      0.016     48.403      0.000      0.229
    UIWR               0.754      0.004    210.690      0.000      0.246
    UDWR               0.715      0.003    209.092      0.000      0.285
    UANI               0.369      0.003    108.667      0.000      0.631
    URE3               0.112      0.006     17.828      0.000      0.888
    URE4               0.096      0.005     20.722      0.000      0.904
    URE6               0.001      0.000      5.752      0.000      0.999
    USUB               0.273      0.004     62.373      0.000      0.727


QUALITY OF NUMERICAL RESULTS

     Condition Number for the Information Matrix              0.627E-02
       (ratio of smallest to largest eigenvalue)


MODEL COMMAND WITH FINAL ESTIMATES USED AS STARTING VALUES

     g BY udat*0.47620;
     g BY uday*0.68560;
     g BY umon*0.79370;
     g BY uyer*0.87803;
     g BY uiwr*0.86824;
     g BY udwr*0.84560;
     g BY usub*0.52297;
     g BY ure3*0.33496;
     g BY ure6*0.03157;
     g BY uani*0.60736;
     g BY ure4*0.31021;

     [ udat$1*-1.23451 ];
     [ uday$1*-1.93943 ];
     [ umon$1*-2.14590 ];
     [ uyer$1*-2.10266 ];
     [ uiwr$1*-2.02963 ];
     [ uiwr$2*-1.74062 ];
     [ uiwr$3*-1.41151 ];
     [ uiwr$4*-0.96180 ];
     [ uiwr$5*-0.44289 ];
     [ uiwr$6*0.73303 ];
     [ uiwr$7*1.34842 ];
     [ uiwr$8*1.99186 ];
     [ uiwr$9*2.57105 ];
     [ udwr$1*-1.25434 ];
     [ udwr$2*-0.96635 ];
     [ udwr$3*-0.60224 ];
     [ udwr$4*-0.15894 ];
     [ udwr$5*0.31363 ];
     [ udwr$6*1.26728 ];
     [ udwr$7*1.72256 ];
     [ udwr$8*2.13947 ];
     [ udwr$9*2.58830 ];
     [ uani$1*-2.53809 ];
     [ uani$2*-2.09182 ];
     [ uani$3*-1.46909 ];
     [ uani$4*-0.82549 ];
     [ uani$5*-0.23326 ];
     [ uani$6*0.31270 ];
     [ uani$7*0.82662 ];
     [ uani$8*1.28129 ];
     [ uani$9*1.72961 ];
     [ ure3$1*-1.37478 ];
     [ ure4$1*-0.56644 ];
     [ ure6$1*0.43090 ];
     [ usub$1*-2.08352 ];
     [ usub$2*-1.46847 ];
     [ usub$3*-1.19322 ];
     [ usub$4*-0.78102 ];
     [ usub$5*-0.32602 ];

     g@1;



     Beginning Time:  22:28:21
        Ending Time:  22:28:23
       Elapsed Time:  00:00:02



MUTHEN & MUTHEN
3463 Stoner Ave.
Los Angeles, CA  90066

Tel: (310) 391-9971
Fax: (310) 391-8971
Web: www.StatModel.com
Support: Support@StatModel.com

Copyright (c) 1998-2018 Muthen & Muthen
