Mplus VERSION 8.1 (Mac)
MUTHEN & MUTHEN
04/23/2020  10:56 PM

INPUT INSTRUCTIONS

  DATA:
  FILE = "uni-36-MHAS_W3.dat";

  VARIABLE:
  NAMES = mplusid UDAY UMON UYER UWR1 UWR2 UWR3 UANI UNUM2 UFCO3 UFRE2 UWD UVSC;
   MISSING=.;
   CATEGORICAL ARE all; idvariable = mplusid;
  ANALYSIS:
  estimator = wlsmv; coverage=0;
  MODEL:
  g by UDAY * ;
   g by UMON * ;
   g by UYER * ;
   g by UANI * ;
   g by UWR1 * ;
   g by UWR2 * ;
   g by UWR3 * ;
   g by UWD * ;
   g by UVSC * ;
   g by UNUM2 * ;
   g by UFCO3 * ;
   g by UFRE2 * ;
   g @ 1;

  OUTPUT:
  standardized; svalues;



*** WARNING
  Data set contains cases with missing on all variables.
  These cases were not included in the analysis.
  Number of cases with missing on all variables:  290
   1 WARNING(S) FOUND IN THE INPUT INSTRUCTIONS




SUMMARY OF ANALYSIS

Number of groups                                                 1
Number of observations                                       13965

Number of dependent variables                                   12
Number of independent variables                                  0
Number of continuous latent variables                            1

Observed dependent variables

  Binary and ordered categorical (ordinal)
   UDAY        UMON        UYER        UWR1        UWR2        UWR3
   UANI        UNUM2       UFCO3       UFRE2       UWD         UVSC

Continuous latent variables
   G

Variables with special functions

  ID variable           MPLUSID

Estimator                                                    WLSMV
Maximum number of iterations                                  1000
Convergence criterion                                    0.500D-04
Maximum number of steepest descent iterations                   20
Maximum number of iterations for H1                           2000
Convergence criterion for H1                             0.100D-03
Parameterization                                             DELTA
Link                                                        PROBIT

Input data file(s)
  uni-36-MHAS_W3.dat

Input data format  FREE


SUMMARY OF DATA

     Number of missing data patterns            79


COVARIANCE COVERAGE OF DATA

Minimum covariance coverage value   0.000


     PROPORTION OF DATA PRESENT


           Covariance Coverage
              UDAY          UMON          UYER          UWR1          UWR2
              ________      ________      ________      ________      ________
 UDAY           0.998
 UMON           0.997         0.998
 UYER           0.996         0.997         0.997
 UWR1           0.990         0.990         0.990         0.993
 UWR2           0.990         0.990         0.989         0.992         0.992
 UWR3           0.989         0.989         0.989         0.992         0.992
 UANI           0.989         0.988         0.988         0.987         0.987
 UNUM2          0.948         0.948         0.948         0.948         0.948
 UFCO3          0.925         0.925         0.924         0.924         0.924
 UFRE2          0.912         0.912         0.912         0.912         0.912
 UWD            0.986         0.986         0.985         0.988         0.988
 UVSC           0.922         0.922         0.922         0.922         0.922


           Covariance Coverage
              UWR3          UANI          UNUM2         UFCO3         UFRE2
              ________      ________      ________      ________      ________
 UWR3           0.992
 UANI           0.986         0.991
 UNUM2          0.947         0.947         0.950
 UFCO3          0.923         0.923         0.897         0.927
 UFRE2          0.911         0.911         0.888         0.913         0.914
 UWD            0.987         0.983         0.945         0.921         0.910
 UVSC           0.921         0.921         0.895         0.912         0.903


           Covariance Coverage
              UWD           UVSC
              ________      ________
 UWD            0.988
 UVSC           0.919         0.924


UNIVARIATE PROPORTIONS AND COUNTS FOR CATEGORICAL VARIABLES

    UDAY
      Category 1    0.251         3499.000
      Category 2    0.749        10433.000
    UMON
      Category 1    0.086         1198.000
      Category 2    0.914        12733.000
    UYER
      Category 1    0.179         2492.000
      Category 2    0.821        11431.000
    UWR1
      Category 1    0.012          160.000
      Category 2    0.033          462.000
      Category 3    0.101         1404.000
      Category 4    0.217         3014.000
      Category 5    0.276         3827.000
      Category 6    0.227         3151.000
      Category 7    0.105         1454.000
      Category 8    0.025          345.000
      Category 9    0.003           46.000
    UWR2
      Category 1    0.008          110.000
      Category 2    0.008          111.000
      Category 3    0.028          393.000
      Category 4    0.098         1363.000
      Category 5    0.219         3029.000
      Category 6    0.281         3891.000
      Category 7    0.225         3117.000
      Category 8    0.104         1443.000
      Category 9    0.029          399.000
    UWR3
      Category 1    0.012          161.000
      Category 2    0.007          100.000
      Category 3    0.021          296.000
      Category 4    0.059          819.000
      Category 5    0.131         1816.000
      Category 6    0.238         3290.000
      Category 7    0.271         3757.000
      Category 8    0.177         2455.000
      Category 9    0.083         1155.000
    UANI
      Category 1    0.008          112.000
      Category 2    0.050          697.000
      Category 3    0.133         1846.000
      Category 4    0.211         2917.000
      Category 5    0.226         3129.000
      Category 6    0.127         1760.000
      Category 7    0.132         1831.000
      Category 8    0.070          970.000
      Category 9    0.028          386.000
      Category 10    0.014          188.000
    UNUM2
      Category 1    0.131         1742.000
      Category 2    0.869        11530.000
    UFCO3
      Category 1    0.008          105.000
      Category 2    0.010          130.000
      Category 3    0.017          218.000
      Category 4    0.022          289.000
      Category 5    0.050          643.000
      Category 6    0.126         1627.000
      Category 7    0.767         9932.000
    UFRE2
      Category 1    0.044          565.000
      Category 2    0.022          283.000
      Category 3    0.042          541.000
      Category 4    0.057          734.000
      Category 5    0.128         1628.000
      Category 6    0.212         2702.000
      Category 7    0.495         6314.000
    UWD
      Category 1    0.071          977.000
      Category 2    0.033          454.000
      Category 3    0.061          846.000
      Category 4    0.111         1538.000
      Category 5    0.179         2470.000
      Category 6    0.212         2918.000
      Category 7    0.182         2507.000
      Category 8    0.106         1465.000
      Category 9    0.045          621.000
    UVSC
      Category 1    0.033          422.000
      Category 2    0.062          806.000
      Category 3    0.102         1315.000
      Category 4    0.126         1625.000
      Category 5    0.145         1867.000
      Category 6    0.129         1659.000
      Category 7    0.113         1453.000
      Category 8    0.097         1254.000
      Category 9    0.079         1020.000
      Category 10    0.115         1486.000



THE MODEL ESTIMATION TERMINATED NORMALLY



MODEL FIT INFORMATION

Number of Free Parameters                       78

Chi-Square Test of Model Fit

          Value                          11632.587*
          Degrees of Freedom                    54
          P-Value                           0.0000

*   The chi-square value for MLM, MLMV, MLR, ULSMV, WLSM and WLSMV cannot be used
    for chi-square difference testing in the regular way.  MLM, MLR and WLSM
    chi-square difference testing is described on the Mplus website.  MLMV, WLSMV,
    and ULSMV difference testing is done using the DIFFTEST option.

RMSEA (Root Mean Square Error Of Approximation)

          Estimate                           0.124
          90 Percent C.I.                    0.122  0.126
          Probability RMSEA <= .05           0.000

CFI/TLI

          CFI                                0.877
          TLI                                0.849

Chi-Square Test of Model Fit for the Baseline Model

          Value                          93943.283
          Degrees of Freedom                    66
          P-Value                           0.0000

SRMR (Standardized Root Mean Square Residual)

          Value                              0.075

Optimum Function Value for Weighted Least-Squares Estimator

          Value                     0.29316431D+00



MODEL RESULTS

                                                    Two-Tailed
                    Estimate       S.E.  Est./S.E.    P-Value

 G        BY
    UDAY               0.466      0.010     44.988      0.000
    UMON               0.623      0.013     48.028      0.000
    UYER               0.639      0.010     65.688      0.000
    UANI               0.626      0.006    110.126      0.000
    UWR1               0.677      0.005    134.066      0.000
    UWR2               0.747      0.004    172.378      0.000
    UWR3               0.757      0.005    168.132      0.000
    UWD                0.695      0.005    145.113      0.000
    UVSC               0.673      0.005    124.468      0.000
    UNUM2              0.543      0.012     45.563      0.000
    UFCO3              0.632      0.009     74.110      0.000
    UFRE2              0.585      0.007     81.457      0.000

 Thresholds
    UDAY$1            -0.671      0.012    -58.165      0.000
    UMON$1            -1.366      0.015    -90.261      0.000
    UYER$1            -0.919      0.012    -73.983      0.000
    UWR1$1            -2.272      0.030    -75.628      0.000
    UWR1$2            -1.697      0.019    -91.259      0.000
    UWR1$3            -1.053      0.013    -80.427      0.000
    UWR1$4            -0.349      0.011    -32.064      0.000
    UWR1$5             0.357      0.011     32.806      0.000
    UWR1$6             1.112      0.013     82.867      0.000
    UWR1$7             1.908      0.022     87.707      0.000
    UWR1$8             2.715      0.049     55.678      0.000
    UWR2$1            -2.412      0.035    -69.646      0.000
    UWR2$2            -2.146      0.027    -80.479      0.000
    UWR2$3            -1.703      0.019    -91.180      0.000
    UWR2$4            -1.068      0.013    -81.067      0.000
    UWR2$5            -0.355      0.011    -32.586      0.000
    UWR2$6             0.364      0.011     33.379      0.000
    UWR2$7             1.113      0.013     82.873      0.000
    UWR2$8             1.899      0.022     87.898      0.000
    UWR3$1            -2.269      0.030    -75.702      0.000
    UWR3$2            -2.078      0.025    -82.794      0.000
    UWR3$3            -1.748      0.019    -90.633      0.000
    UWR3$4            -1.285      0.015    -88.316      0.000
    UWR3$5            -0.737      0.012    -62.629      0.000
    UWR3$6            -0.080      0.011     -7.520      0.000
    UWR3$7             0.641      0.011     55.835      0.000
    UWR3$8             1.383      0.015     90.273      0.000
    UANI$1            -2.405      0.034    -69.910      0.000
    UANI$2            -1.568      0.017    -91.748      0.000
    UANI$3            -0.871      0.012    -71.028      0.000
    UANI$4            -0.246      0.011    -22.864      0.000
    UANI$5             0.329      0.011     30.261      0.000
    UANI$6             0.694      0.012     59.592      0.000
    UANI$7             1.218      0.014     86.453      0.000
    UANI$8             1.734      0.019     90.773      0.000
    UANI$9             2.209      0.028     78.056      0.000
    UNUM2$1           -1.120      0.014    -81.406      0.000
    UFCO3$1           -2.404      0.036    -67.652      0.000
    UFCO3$2           -2.093      0.026    -79.550      0.000
    UFCO3$3           -1.812      0.021    -86.672      0.000
    UFCO3$4           -1.578      0.018    -88.743      0.000
    UFCO3$5           -1.243      0.015    -84.307      0.000
    UFCO3$6           -0.730      0.012    -60.072      0.000
    UFRE2$1           -1.703      0.019    -87.517      0.000
    UFRE2$2           -1.503      0.017    -87.933      0.000
    UFRE2$3           -1.233      0.015    -83.465      0.000
    UFRE2$4           -0.969      0.013    -73.358      0.000
    UFRE2$5           -0.542      0.012    -46.328      0.000
    UFRE2$6            0.014      0.011      1.230      0.219
    UWD$1             -1.470      0.016    -91.168      0.000
    UWD$2             -1.261      0.014    -87.524      0.000
    UWD$3             -0.974      0.013    -76.508      0.000
    UWD$4             -0.593      0.011    -52.118      0.000
    UWD$5             -0.112      0.011    -10.436      0.000
    UWD$6              0.432      0.011     39.117      0.000
    UWD$7              1.031      0.013     79.257      0.000
    UWD$8              1.695      0.019     91.053      0.000
    UVSC$1            -1.843      0.021    -85.998      0.000
    UVSC$2            -1.310      0.015    -85.809      0.000
    UVSC$3            -0.852      0.013    -67.540      0.000
    UVSC$4            -0.460      0.011    -40.079      0.000
    UVSC$5            -0.081      0.011     -7.367      0.000
    UVSC$6             0.243      0.011     21.817      0.000
    UVSC$7             0.550      0.012     47.135      0.000
    UVSC$8             0.863      0.013     68.134      0.000
    UVSC$9             1.200      0.014     82.952      0.000

 Variances
    G                  1.000      0.000    999.000    999.000


STANDARDIZED MODEL RESULTS


STDYX Standardization

                                                    Two-Tailed
                    Estimate       S.E.  Est./S.E.    P-Value

 G        BY
    UDAY               0.466      0.010     44.988      0.000
    UMON               0.623      0.013     48.028      0.000
    UYER               0.639      0.010     65.688      0.000
    UANI               0.626      0.006    110.126      0.000
    UWR1               0.677      0.005    134.066      0.000
    UWR2               0.747      0.004    172.378      0.000
    UWR3               0.757      0.005    168.132      0.000
    UWD                0.695      0.005    145.113      0.000
    UVSC               0.673      0.005    124.468      0.000
    UNUM2              0.543      0.012     45.563      0.000
    UFCO3              0.632      0.009     74.110      0.000
    UFRE2              0.585      0.007     81.457      0.000

 Thresholds
    UDAY$1            -0.671      0.012    -58.165      0.000
    UMON$1            -1.366      0.015    -90.261      0.000
    UYER$1            -0.919      0.012    -73.983      0.000
    UWR1$1            -2.272      0.030    -75.628      0.000
    UWR1$2            -1.697      0.019    -91.259      0.000
    UWR1$3            -1.053      0.013    -80.427      0.000
    UWR1$4            -0.349      0.011    -32.064      0.000
    UWR1$5             0.357      0.011     32.806      0.000
    UWR1$6             1.112      0.013     82.867      0.000
    UWR1$7             1.908      0.022     87.707      0.000
    UWR1$8             2.715      0.049     55.678      0.000
    UWR2$1            -2.412      0.035    -69.646      0.000
    UWR2$2            -2.146      0.027    -80.479      0.000
    UWR2$3            -1.703      0.019    -91.180      0.000
    UWR2$4            -1.068      0.013    -81.067      0.000
    UWR2$5            -0.355      0.011    -32.586      0.000
    UWR2$6             0.364      0.011     33.379      0.000
    UWR2$7             1.113      0.013     82.873      0.000
    UWR2$8             1.899      0.022     87.898      0.000
    UWR3$1            -2.269      0.030    -75.702      0.000
    UWR3$2            -2.078      0.025    -82.794      0.000
    UWR3$3            -1.748      0.019    -90.633      0.000
    UWR3$4            -1.285      0.015    -88.316      0.000
    UWR3$5            -0.737      0.012    -62.629      0.000
    UWR3$6            -0.080      0.011     -7.520      0.000
    UWR3$7             0.641      0.011     55.835      0.000
    UWR3$8             1.383      0.015     90.273      0.000
    UANI$1            -2.405      0.034    -69.910      0.000
    UANI$2            -1.568      0.017    -91.748      0.000
    UANI$3            -0.871      0.012    -71.028      0.000
    UANI$4            -0.246      0.011    -22.864      0.000
    UANI$5             0.329      0.011     30.261      0.000
    UANI$6             0.694      0.012     59.592      0.000
    UANI$7             1.218      0.014     86.453      0.000
    UANI$8             1.734      0.019     90.773      0.000
    UANI$9             2.209      0.028     78.056      0.000
    UNUM2$1           -1.120      0.014    -81.406      0.000
    UFCO3$1           -2.404      0.036    -67.652      0.000
    UFCO3$2           -2.093      0.026    -79.550      0.000
    UFCO3$3           -1.812      0.021    -86.672      0.000
    UFCO3$4           -1.578      0.018    -88.743      0.000
    UFCO3$5           -1.243      0.015    -84.307      0.000
    UFCO3$6           -0.730      0.012    -60.072      0.000
    UFRE2$1           -1.703      0.019    -87.517      0.000
    UFRE2$2           -1.503      0.017    -87.933      0.000
    UFRE2$3           -1.233      0.015    -83.465      0.000
    UFRE2$4           -0.969      0.013    -73.358      0.000
    UFRE2$5           -0.542      0.012    -46.328      0.000
    UFRE2$6            0.014      0.011      1.230      0.219
    UWD$1             -1.470      0.016    -91.168      0.000
    UWD$2             -1.261      0.014    -87.524      0.000
    UWD$3             -0.974      0.013    -76.508      0.000
    UWD$4             -0.593      0.011    -52.118      0.000
    UWD$5             -0.112      0.011    -10.436      0.000
    UWD$6              0.432      0.011     39.117      0.000
    UWD$7              1.031      0.013     79.257      0.000
    UWD$8              1.695      0.019     91.053      0.000
    UVSC$1            -1.843      0.021    -85.998      0.000
    UVSC$2            -1.310      0.015    -85.809      0.000
    UVSC$3            -0.852      0.013    -67.540      0.000
    UVSC$4            -0.460      0.011    -40.079      0.000
    UVSC$5            -0.081      0.011     -7.367      0.000
    UVSC$6             0.243      0.011     21.817      0.000
    UVSC$7             0.550      0.012     47.135      0.000
    UVSC$8             0.863      0.013     68.134      0.000
    UVSC$9             1.200      0.014     82.952      0.000

 Variances
    G                  1.000      0.000    999.000    999.000


STDY Standardization

                                                    Two-Tailed
                    Estimate       S.E.  Est./S.E.    P-Value

 G        BY
    UDAY               0.466      0.010     44.988      0.000
    UMON               0.623      0.013     48.028      0.000
    UYER               0.639      0.010     65.688      0.000
    UANI               0.626      0.006    110.126      0.000
    UWR1               0.677      0.005    134.066      0.000
    UWR2               0.747      0.004    172.378      0.000
    UWR3               0.757      0.005    168.132      0.000
    UWD                0.695      0.005    145.113      0.000
    UVSC               0.673      0.005    124.468      0.000
    UNUM2              0.543      0.012     45.563      0.000
    UFCO3              0.632      0.009     74.110      0.000
    UFRE2              0.585      0.007     81.457      0.000

 Thresholds
    UDAY$1            -0.671      0.012    -58.165      0.000
    UMON$1            -1.366      0.015    -90.261      0.000
    UYER$1            -0.919      0.012    -73.983      0.000
    UWR1$1            -2.272      0.030    -75.628      0.000
    UWR1$2            -1.697      0.019    -91.259      0.000
    UWR1$3            -1.053      0.013    -80.427      0.000
    UWR1$4            -0.349      0.011    -32.064      0.000
    UWR1$5             0.357      0.011     32.806      0.000
    UWR1$6             1.112      0.013     82.867      0.000
    UWR1$7             1.908      0.022     87.707      0.000
    UWR1$8             2.715      0.049     55.678      0.000
    UWR2$1            -2.412      0.035    -69.646      0.000
    UWR2$2            -2.146      0.027    -80.479      0.000
    UWR2$3            -1.703      0.019    -91.180      0.000
    UWR2$4            -1.068      0.013    -81.067      0.000
    UWR2$5            -0.355      0.011    -32.586      0.000
    UWR2$6             0.364      0.011     33.379      0.000
    UWR2$7             1.113      0.013     82.873      0.000
    UWR2$8             1.899      0.022     87.898      0.000
    UWR3$1            -2.269      0.030    -75.702      0.000
    UWR3$2            -2.078      0.025    -82.794      0.000
    UWR3$3            -1.748      0.019    -90.633      0.000
    UWR3$4            -1.285      0.015    -88.316      0.000
    UWR3$5            -0.737      0.012    -62.629      0.000
    UWR3$6            -0.080      0.011     -7.520      0.000
    UWR3$7             0.641      0.011     55.835      0.000
    UWR3$8             1.383      0.015     90.273      0.000
    UANI$1            -2.405      0.034    -69.910      0.000
    UANI$2            -1.568      0.017    -91.748      0.000
    UANI$3            -0.871      0.012    -71.028      0.000
    UANI$4            -0.246      0.011    -22.864      0.000
    UANI$5             0.329      0.011     30.261      0.000
    UANI$6             0.694      0.012     59.592      0.000
    UANI$7             1.218      0.014     86.453      0.000
    UANI$8             1.734      0.019     90.773      0.000
    UANI$9             2.209      0.028     78.056      0.000
    UNUM2$1           -1.120      0.014    -81.406      0.000
    UFCO3$1           -2.404      0.036    -67.652      0.000
    UFCO3$2           -2.093      0.026    -79.550      0.000
    UFCO3$3           -1.812      0.021    -86.672      0.000
    UFCO3$4           -1.578      0.018    -88.743      0.000
    UFCO3$5           -1.243      0.015    -84.307      0.000
    UFCO3$6           -0.730      0.012    -60.072      0.000
    UFRE2$1           -1.703      0.019    -87.517      0.000
    UFRE2$2           -1.503      0.017    -87.933      0.000
    UFRE2$3           -1.233      0.015    -83.465      0.000
    UFRE2$4           -0.969      0.013    -73.358      0.000
    UFRE2$5           -0.542      0.012    -46.328      0.000
    UFRE2$6            0.014      0.011      1.230      0.219
    UWD$1             -1.470      0.016    -91.168      0.000
    UWD$2             -1.261      0.014    -87.524      0.000
    UWD$3             -0.974      0.013    -76.508      0.000
    UWD$4             -0.593      0.011    -52.118      0.000
    UWD$5             -0.112      0.011    -10.436      0.000
    UWD$6              0.432      0.011     39.117      0.000
    UWD$7              1.031      0.013     79.257      0.000
    UWD$8              1.695      0.019     91.053      0.000
    UVSC$1            -1.843      0.021    -85.998      0.000
    UVSC$2            -1.310      0.015    -85.809      0.000
    UVSC$3            -0.852      0.013    -67.540      0.000
    UVSC$4            -0.460      0.011    -40.079      0.000
    UVSC$5            -0.081      0.011     -7.367      0.000
    UVSC$6             0.243      0.011     21.817      0.000
    UVSC$7             0.550      0.012     47.135      0.000
    UVSC$8             0.863      0.013     68.134      0.000
    UVSC$9             1.200      0.014     82.952      0.000

 Variances
    G                  1.000      0.000    999.000    999.000


STD Standardization

                                                    Two-Tailed
                    Estimate       S.E.  Est./S.E.    P-Value

 G        BY
    UDAY               0.466      0.010     44.988      0.000
    UMON               0.623      0.013     48.028      0.000
    UYER               0.639      0.010     65.688      0.000
    UANI               0.626      0.006    110.126      0.000
    UWR1               0.677      0.005    134.066      0.000
    UWR2               0.747      0.004    172.378      0.000
    UWR3               0.757      0.005    168.132      0.000
    UWD                0.695      0.005    145.113      0.000
    UVSC               0.673      0.005    124.468      0.000
    UNUM2              0.543      0.012     45.563      0.000
    UFCO3              0.632      0.009     74.110      0.000
    UFRE2              0.585      0.007     81.457      0.000

 Thresholds
    UDAY$1            -0.671      0.012    -58.165      0.000
    UMON$1            -1.366      0.015    -90.261      0.000
    UYER$1            -0.919      0.012    -73.983      0.000
    UWR1$1            -2.272      0.030    -75.628      0.000
    UWR1$2            -1.697      0.019    -91.259      0.000
    UWR1$3            -1.053      0.013    -80.427      0.000
    UWR1$4            -0.349      0.011    -32.064      0.000
    UWR1$5             0.357      0.011     32.806      0.000
    UWR1$6             1.112      0.013     82.867      0.000
    UWR1$7             1.908      0.022     87.707      0.000
    UWR1$8             2.715      0.049     55.678      0.000
    UWR2$1            -2.412      0.035    -69.646      0.000
    UWR2$2            -2.146      0.027    -80.479      0.000
    UWR2$3            -1.703      0.019    -91.180      0.000
    UWR2$4            -1.068      0.013    -81.067      0.000
    UWR2$5            -0.355      0.011    -32.586      0.000
    UWR2$6             0.364      0.011     33.379      0.000
    UWR2$7             1.113      0.013     82.873      0.000
    UWR2$8             1.899      0.022     87.898      0.000
    UWR3$1            -2.269      0.030    -75.702      0.000
    UWR3$2            -2.078      0.025    -82.794      0.000
    UWR3$3            -1.748      0.019    -90.633      0.000
    UWR3$4            -1.285      0.015    -88.316      0.000
    UWR3$5            -0.737      0.012    -62.629      0.000
    UWR3$6            -0.080      0.011     -7.520      0.000
    UWR3$7             0.641      0.011     55.835      0.000
    UWR3$8             1.383      0.015     90.273      0.000
    UANI$1            -2.405      0.034    -69.910      0.000
    UANI$2            -1.568      0.017    -91.748      0.000
    UANI$3            -0.871      0.012    -71.028      0.000
    UANI$4            -0.246      0.011    -22.864      0.000
    UANI$5             0.329      0.011     30.261      0.000
    UANI$6             0.694      0.012     59.592      0.000
    UANI$7             1.218      0.014     86.453      0.000
    UANI$8             1.734      0.019     90.773      0.000
    UANI$9             2.209      0.028     78.056      0.000
    UNUM2$1           -1.120      0.014    -81.406      0.000
    UFCO3$1           -2.404      0.036    -67.652      0.000
    UFCO3$2           -2.093      0.026    -79.550      0.000
    UFCO3$3           -1.812      0.021    -86.672      0.000
    UFCO3$4           -1.578      0.018    -88.743      0.000
    UFCO3$5           -1.243      0.015    -84.307      0.000
    UFCO3$6           -0.730      0.012    -60.072      0.000
    UFRE2$1           -1.703      0.019    -87.517      0.000
    UFRE2$2           -1.503      0.017    -87.933      0.000
    UFRE2$3           -1.233      0.015    -83.465      0.000
    UFRE2$4           -0.969      0.013    -73.358      0.000
    UFRE2$5           -0.542      0.012    -46.328      0.000
    UFRE2$6            0.014      0.011      1.230      0.219
    UWD$1             -1.470      0.016    -91.168      0.000
    UWD$2             -1.261      0.014    -87.524      0.000
    UWD$3             -0.974      0.013    -76.508      0.000
    UWD$4             -0.593      0.011    -52.118      0.000
    UWD$5             -0.112      0.011    -10.436      0.000
    UWD$6              0.432      0.011     39.117      0.000
    UWD$7              1.031      0.013     79.257      0.000
    UWD$8              1.695      0.019     91.053      0.000
    UVSC$1            -1.843      0.021    -85.998      0.000
    UVSC$2            -1.310      0.015    -85.809      0.000
    UVSC$3            -0.852      0.013    -67.540      0.000
    UVSC$4            -0.460      0.011    -40.079      0.000
    UVSC$5            -0.081      0.011     -7.367      0.000
    UVSC$6             0.243      0.011     21.817      0.000
    UVSC$7             0.550      0.012     47.135      0.000
    UVSC$8             0.863      0.013     68.134      0.000
    UVSC$9             1.200      0.014     82.952      0.000

 Variances
    G                  1.000      0.000    999.000    999.000


R-SQUARE

    Observed                                        Two-Tailed   Residual
    Variable        Estimate       S.E.  Est./S.E.    P-Value    Variance

    UDAY               0.217      0.010     22.494      0.000      0.783
    UMON               0.388      0.016     24.014      0.000      0.612
    UYER               0.408      0.012     32.844      0.000      0.592
    UWR1               0.459      0.007     67.033      0.000      0.541
    UWR2               0.558      0.006     86.189      0.000      0.442
    UWR3               0.573      0.007     84.066      0.000      0.427
    UANI               0.392      0.007     55.063      0.000      0.608
    UNUM2              0.294      0.013     22.782      0.000      0.706
    UFCO3              0.400      0.011     37.055      0.000      0.600
    UFRE2              0.342      0.008     40.729      0.000      0.658
    UWD                0.483      0.007     72.556      0.000      0.517
    UVSC               0.453      0.007     62.234      0.000      0.547


QUALITY OF NUMERICAL RESULTS

     Condition Number for the Information Matrix              0.503E-02
       (ratio of smallest to largest eigenvalue)


MODEL COMMAND WITH FINAL ESTIMATES USED AS STARTING VALUES

     g BY uday*0.46585;
     g BY umon*0.62280;
     g BY uyer*0.63899;
     g BY uani*0.62591;
     g BY uwr1*0.67723;
     g BY uwr2*0.74716;
     g BY uwr3*0.75681;
     g BY uwd*0.69529;
     g BY uvsc*0.67288;
     g BY unum2*0.54256;
     g BY ufco3*0.63249;
     g BY ufre2*0.58493;

     [ uday$1*-0.67088 ];
     [ umon$1*-1.36584 ];
     [ uyer$1*-0.91924 ];
     [ uwr1$1*-2.27206 ];
     [ uwr1$2*-1.69680 ];
     [ uwr1$3*-1.05311 ];
     [ uwr1$4*-0.34897 ];
     [ uwr1$5*0.35743 ];
     [ uwr1$6*1.11191 ];
     [ uwr1$7*1.90786 ];
     [ uwr1$8*2.71456 ];
     [ uwr2$1*-2.41172 ];
     [ uwr2$2*-2.14567 ];
     [ uwr2$3*-1.70269 ];
     [ uwr2$4*-1.06835 ];
     [ uwr2$5*-0.35502 ];
     [ uwr2$6*0.36409 ];
     [ uwr2$7*1.11261 ];
     [ uwr2$8*1.89879 ];
     [ uwr3$1*-2.26929 ];
     [ uwr3$2*-2.07819 ];
     [ uwr3$3*-1.74814 ];
     [ uwr3$4*-1.28522 ];
     [ uwr3$5*-0.73725 ];
     [ uwr3$6*-0.08018 ];
     [ uwr3$7*0.64129 ];
     [ uwr3$8*1.38256 ];
     [ uani$1*-2.40461 ];
     [ uani$2*-1.56774 ];
     [ uani$3*-0.87095 ];
     [ uani$4*-0.24632 ];
     [ uani$5*0.32885 ];
     [ uani$6*0.69372 ];
     [ uani$7*1.21810 ];
     [ uani$8*1.73370 ];
     [ uani$9*2.20899 ];
     [ unum2$1*-1.12048 ];
     [ ufco3$1*-2.40384 ];
     [ ufco3$2*-2.09344 ];
     [ ufco3$3*-1.81195 ];
     [ ufco3$4*-1.57764 ];
     [ ufco3$5*-1.24264 ];
     [ ufco3$6*-0.73000 ];
     [ ufre2$1*-1.70331 ];
     [ ufre2$2*-1.50299 ];
     [ ufre2$3*-1.23296 ];
     [ ufre2$4*-0.96894 ];
     [ ufre2$5*-0.54230 ];
     [ ufre2$6*0.01365 ];
     [ uwd$1*-1.46973 ];
     [ uwd$2*-1.26060 ];
     [ uwd$3*-0.97392 ];
     [ uwd$4*-0.59318 ];
     [ uwd$5*-0.11161 ];
     [ uwd$6*0.43186 ];
     [ uwd$7*1.03129 ];
     [ uwd$8*1.69526 ];
     [ uvsc$1*-1.84258 ];
     [ uvsc$2*-1.30974 ];
     [ uvsc$3*-0.85230 ];
     [ uvsc$4*-0.45953 ];
     [ uvsc$5*-0.08137 ];
     [ uvsc$6*0.24329 ];
     [ uvsc$7*0.54955 ];
     [ uvsc$8*0.86267 ];
     [ uvsc$9*1.19968 ];

     g@1;



     Beginning Time:  22:56:42
        Ending Time:  22:56:43
       Elapsed Time:  00:00:01



MUTHEN & MUTHEN
3463 Stoner Ave.
Los Angeles, CA  90066

Tel: (310) 391-9971
Fax: (310) 391-8971
Web: www.StatModel.com
Support: Support@StatModel.com

Copyright (c) 1998-2018 Muthen & Muthen
