Mplus VERSION 8.1 (Mac)
MUTHEN & MUTHEN
05/27/2020  10:28 PM

INPUT INSTRUCTIONS

  DATA:
  FILE = "uni-33-TILDA_W2.dat";

  VARIABLE:
  NAMES = mplusid UDAT UDAY UMON UYER UANI UIWR UIWR2 UDWR UPM1 USUB UWLD UREG UNMS
       UREP UDIR UEYE UWRT UFCO;
   MISSING=.;
   CATEGORICAL ARE all; idvariable = mplusid;
  ANALYSIS:
  estimator = wlsmv; coverage=0;
  MODEL:
  g by UDAT * ;
   g by UDAY * ;
   g by UMON * ;
   g by UYER * ;
   g by UIWR * ;
   g by UDWR * ;
   g by USUB * ;
   g by UANI * ;
   g by UFCO * ;
   g by UREG * ;
   g by UWRT * ;
   g by UDIR * ;
   g by UIWR2 * ;
   g by UPM1 * ;
   g by UWLD * ;
   g by UNMS * ;
   g by UREP * ;
   g by UEYE * ;
   g @ 1;

  OUTPUT:
  standardized; svalues;



INPUT READING TERMINATED NORMALLY




SUMMARY OF ANALYSIS

Number of groups                                                 1
Number of observations                                        7207

Number of dependent variables                                   18
Number of independent variables                                  0
Number of continuous latent variables                            1

Observed dependent variables

  Binary and ordered categorical (ordinal)
   UDAT        UDAY        UMON        UYER        UANI        UIWR
   UIWR2       UDWR        UPM1        USUB        UWLD        UREG
   UNMS        UREP        UDIR        UEYE        UWRT        UFCO

Continuous latent variables
   G

Variables with special functions

  ID variable           MPLUSID

Estimator                                                    WLSMV
Maximum number of iterations                                  1000
Convergence criterion                                    0.500D-04
Maximum number of steepest descent iterations                   20
Maximum number of iterations for H1                           2000
Convergence criterion for H1                             0.100D-03
Parameterization                                             DELTA
Link                                                        PROBIT

Input data file(s)
  uni-33-TILDA_W2.dat

Input data format  FREE


SUMMARY OF DATA

     Number of missing data patterns           114


COVARIANCE COVERAGE OF DATA

Minimum covariance coverage value   0.000


     PROPORTION OF DATA PRESENT


           Covariance Coverage
              UDAT          UDAY          UMON          UYER          UANI
              ________      ________      ________      ________      ________
 UDAT           0.994
 UDAY           0.993         0.999
 UMON           0.993         0.999         0.999
 UYER           0.993         0.998         0.998         0.999
 UANI           0.994         0.999         0.999         0.999         1.000
 UIWR           0.993         0.998         0.998         0.998         0.999
 UIWR2          0.993         0.998         0.998         0.998         0.999
 UDWR           0.988         0.993         0.993         0.993         0.994
 UPM1           0.987         0.992         0.992         0.991         0.992
 USUB           0.974         0.979         0.979         0.978         0.979
 UWLD           0.966         0.971         0.971         0.970         0.971
 UREG           0.981         0.986         0.986         0.985         0.986
 UNMS           0.991         0.997         0.997         0.996         0.998
 UREP           0.990         0.996         0.995         0.995         0.996
 UDIR           0.992         0.997         0.997         0.997         0.998
 UEYE           0.987         0.992         0.992         0.991         0.992
 UWRT           0.973         0.978         0.979         0.978         0.979
 UFCO           0.981         0.987         0.986         0.986         0.987


           Covariance Coverage
              UIWR          UIWR2         UDWR          UPM1          USUB
              ________      ________      ________      ________      ________
 UIWR           0.999
 UIWR2          0.999         0.999
 UDWR           0.993         0.994         0.994
 UPM1           0.992         0.992         0.988         0.992
 USUB           0.978         0.978         0.974         0.973         0.979
 UWLD           0.970         0.970         0.967         0.965         0.958
 UREG           0.986         0.986         0.982         0.980         0.967
 UNMS           0.996         0.996         0.991         0.990         0.977
 UREP           0.995         0.995         0.990         0.989         0.976
 UDIR           0.997         0.997         0.992         0.991         0.977
 UEYE           0.992         0.992         0.987         0.985         0.973
 UWRT           0.978         0.978         0.974         0.973         0.964
 UFCO           0.986         0.986         0.981         0.980         0.969


           Covariance Coverage
              UWLD          UREG          UNMS          UREP          UDIR
              ________      ________      ________      ________      ________
 UWLD           0.971
 UREG           0.959         0.986
 UNMS           0.969         0.984         0.998
 UREP           0.968         0.983         0.993         0.996
 UDIR           0.969         0.984         0.996         0.994         0.998
 UEYE           0.968         0.979         0.990         0.989         0.991
 UWRT           0.960         0.966         0.977         0.976         0.978
 UFCO           0.962         0.974         0.985         0.983         0.986


           Covariance Coverage
              UEYE          UWRT          UFCO
              ________      ________      ________
 UEYE           0.992
 UWRT           0.977         0.979
 UFCO           0.982         0.973         0.987


UNIVARIATE PROPORTIONS AND COUNTS FOR CATEGORICAL VARIABLES

    UDAT
      Category 1    0.088          631.000
      Category 2    0.912         6530.000
    UDAY
      Category 1    0.016          113.000
      Category 2    0.984         7090.000
    UMON
      Category 1    0.012           88.000
      Category 2    0.988         7113.000
    UYER
      Category 1    0.013           90.000
      Category 2    0.987         7109.000
    UANI
      Category 1    0.002           14.000
      Category 2    0.011           76.000
      Category 3    0.070          506.000
      Category 4    0.210         1517.000
      Category 5    0.254         1833.000
      Category 6    0.215         1551.000
      Category 7    0.135          976.000
      Category 8    0.065          469.000
      Category 9    0.027          192.000
      Category 10    0.010           73.000
    UIWR
      Category 1    0.002           14.000
      Category 2    0.007           53.000
      Category 3    0.018          132.000
      Category 4    0.051          370.000
      Category 5    0.115          827.000
      Category 6    0.436         3137.000
      Category 7    0.199         1434.000
      Category 8    0.116          833.000
      Category 9    0.039          284.000
      Category 10    0.016          115.000
    UIWR2
      Category 1    0.001            6.000
      Category 2    0.002           15.000
      Category 3    0.005           34.000
      Category 4    0.012           86.000
      Category 5    0.033          235.000
      Category 6    0.171         1234.000
      Category 7    0.166         1194.000
      Category 8    0.220         1586.000
      Category 9    0.202         1455.000
      Category 10    0.188         1354.000
    UDWR
      Category 1    0.032          232.000
      Category 2    0.023          168.000
      Category 3    0.046          328.000
      Category 4    0.068          486.000
      Category 5    0.102          728.000
      Category 6    0.268         1917.000
      Category 7    0.142         1019.000
      Category 8    0.128          919.000
      Category 9    0.097          696.000
      Category 10    0.094          670.000
    UPM1
      Category 1    0.200         1430.000
      Category 2    0.800         5722.000
    USUB
      Category 1    0.010           68.000
      Category 2    0.039          273.000
      Category 3    0.038          271.000
      Category 4    0.089          627.000
      Category 5    0.183         1290.000
      Category 6    0.642         4527.000
    UWLD
      Category 1    0.015          102.000
      Category 2    0.014          101.000
      Category 3    0.118          828.000
      Category 4    0.026          181.000
      Category 5    0.007           51.000
      Category 6    0.820         5735.000
    UREG
      Category 1    0.013           90.000
      Category 2    0.078          552.000
      Category 3    0.227         1617.000
      Category 4    0.682         4850.000
    UNMS
      Category 1    0.017          125.000
      Category 2    0.983         7064.000
    UREP
      Category 1    0.175         1255.000
      Category 2    0.825         5923.000
    UDIR
      Category 1    0.000            2.000
      Category 2    0.011           82.000
      Category 3    0.112          809.000
      Category 4    0.876         6299.000
    UEYE
      Category 1    0.017          122.000
      Category 2    0.983         7030.000
    UWRT
      Category 1    0.037          259.000
      Category 2    0.963         6797.000
    UFCO
      Category 1    0.213         1516.000
      Category 2    0.787         5598.000



THE MODEL ESTIMATION TERMINATED NORMALLY



MODEL FIT INFORMATION

Number of Free Parameters                       80

Chi-Square Test of Model Fit

          Value                           1589.686*
          Degrees of Freedom                   135
          P-Value                           0.0000

*   The chi-square value for MLM, MLMV, MLR, ULSMV, WLSM and WLSMV cannot be used
    for chi-square difference testing in the regular way.  MLM, MLR and WLSM
    chi-square difference testing is described on the Mplus website.  MLMV, WLSMV,
    and ULSMV difference testing is done using the DIFFTEST option.

RMSEA (Root Mean Square Error Of Approximation)

          Estimate                           0.039
          90 Percent C.I.                    0.037  0.040
          Probability RMSEA <= .05           1.000

CFI/TLI

          CFI                                0.973
          TLI                                0.969

Chi-Square Test of Model Fit for the Baseline Model

          Value                          53938.202
          Degrees of Freedom                   153
          P-Value                           0.0000

SRMR (Standardized Root Mean Square Residual)

          Value                              0.072

Optimum Function Value for Weighted Least-Squares Estimator

          Value                     0.91136500D-01



MODEL RESULTS

                                                    Two-Tailed
                    Estimate       S.E.  Est./S.E.    P-Value

 G        BY
    UDAT               0.434      0.020     22.060      0.000
    UDAY               0.501      0.035     14.481      0.000
    UMON               0.613      0.034     18.096      0.000
    UYER               0.746      0.030     25.014      0.000
    UIWR               0.799      0.005    162.845      0.000
    UDWR               0.828      0.004    194.180      0.000
    USUB               0.468      0.012     37.640      0.000
    UANI               0.562      0.009     65.311      0.000
    UFCO               0.475      0.015     32.179      0.000
    UREG               0.594      0.011     54.179      0.000
    UWRT               0.318      0.028     11.244      0.000
    UDIR               0.329      0.019     17.459      0.000
    UIWR2              0.885      0.004    210.229      0.000
    UPM1               0.663      0.012     56.253      0.000
    UWLD               0.512      0.015     34.567      0.000
    UNMS               0.002      0.039      0.049      0.961
    UREP               0.466      0.016     29.295      0.000
    UEYE               0.531      0.033     16.085      0.000

 Thresholds
    UDAT$1            -1.352      0.021    -64.541      0.000
    UDAY$1            -2.152      0.037    -57.853      0.000
    UMON$1            -2.250      0.041    -55.145      0.000
    UYER$1            -2.241      0.040    -55.390      0.000
    UANI$1            -2.887      0.084    -34.373      0.000
    UANI$2            -2.242      0.040    -55.408      0.000
    UANI$3            -1.387      0.021    -65.174      0.000
    UANI$4            -0.544      0.016    -34.910      0.000
    UANI$5             0.119      0.015      8.067      0.000
    UANI$6             0.715      0.016     44.087      0.000
    UANI$7             1.271      0.020     63.456      0.000
    UANI$8             1.789      0.028     64.946      0.000
    UANI$9             2.322      0.044     53.048      0.000
    UIWR$1            -2.887      0.084    -34.366      0.000
    UIWR$2            -2.353      0.045    -52.046      0.000
    UIWR$3            -1.917      0.030    -63.052      0.000
    UIWR$4            -1.412      0.022    -65.394      0.000
    UIWR$5            -0.864      0.017    -50.922      0.000
    UIWR$6             0.331      0.015     21.964      0.000
    UIWR$7             0.950      0.017     54.371      0.000
    UIWR$8             1.594      0.024     66.171      0.000
    UIWR$9             2.145      0.037     58.026      0.000
    UIWR2$1           -3.144      0.119    -26.327      0.000
    UIWR2$2           -2.757      0.071    -38.694      0.000
    UIWR2$3           -2.426      0.049    -49.754      0.000
    UIWR2$4           -2.062      0.034    -60.065      0.000
    UIWR2$5           -1.624      0.025    -66.114      0.000
    UIWR2$6           -0.760      0.016    -46.250      0.000
    UIWR2$7           -0.281      0.015    -18.727      0.000
    UIWR2$8            0.279      0.015     18.610      0.000
    UIWR2$9            0.885      0.017     51.818      0.000
    UDWR$1            -1.847      0.029    -64.006      0.000
    UDWR$2            -1.591      0.024    -66.009      0.000
    UDWR$3            -1.272      0.020    -63.284      0.000
    UDWR$4            -0.956      0.018    -54.479      0.000
    UDWR$5            -0.609      0.016    -38.444      0.000
    UDWR$6             0.097      0.015      6.557      0.000
    UDWR$7             0.470      0.015     30.512      0.000
    UDWR$8             0.875      0.017     51.288      0.000
    UDWR$9             1.319      0.021     64.074      0.000
    UPM1$1            -0.842      0.017    -49.825      0.000
    USUB$1            -2.340      0.045    -51.924      0.000
    USUB$2            -1.661      0.025    -65.312      0.000
    USUB$3            -1.361      0.021    -64.178      0.000
    USUB$4            -0.932      0.018    -53.171      0.000
    USUB$5            -0.363      0.015    -23.732      0.000
    UWLD$1            -2.181      0.039    -56.258      0.000
    UWLD$2            -1.896      0.030    -62.520      0.000
    UWLD$3            -1.048      0.018    -56.981      0.000
    UWLD$4            -0.942      0.018    -53.306      0.000
    UWLD$5            -0.914      0.017    -52.229      0.000
    UREG$1            -2.236      0.041    -55.181      0.000
    UREG$2            -1.339      0.021    -64.120      0.000
    UREG$3            -0.474      0.015    -30.602      0.000
    UNMS$1            -2.111      0.036    -58.853      0.000
    UREP$1            -0.935      0.017    -53.742      0.000
    UDIR$1            -3.452      0.191    -18.097      0.000
    UDIR$2            -2.268      0.042    -54.606      0.000
    UDIR$3            -1.154      0.019    -60.827      0.000
    UEYE$1            -2.119      0.036    -58.508      0.000
    UWRT$1            -1.790      0.028    -64.253      0.000
    UFCO$1            -0.796      0.017    -47.641      0.000

 Variances
    G                  1.000      0.000    999.000    999.000


STANDARDIZED MODEL RESULTS


STDYX Standardization

                                                    Two-Tailed
                    Estimate       S.E.  Est./S.E.    P-Value

 G        BY
    UDAT               0.434      0.020     22.060      0.000
    UDAY               0.501      0.035     14.481      0.000
    UMON               0.613      0.034     18.096      0.000
    UYER               0.746      0.030     25.014      0.000
    UIWR               0.799      0.005    162.845      0.000
    UDWR               0.828      0.004    194.180      0.000
    USUB               0.468      0.012     37.640      0.000
    UANI               0.562      0.009     65.311      0.000
    UFCO               0.475      0.015     32.179      0.000
    UREG               0.594      0.011     54.179      0.000
    UWRT               0.318      0.028     11.244      0.000
    UDIR               0.329      0.019     17.459      0.000
    UIWR2              0.885      0.004    210.229      0.000
    UPM1               0.663      0.012     56.253      0.000
    UWLD               0.512      0.015     34.567      0.000
    UNMS               0.002      0.039      0.049      0.961
    UREP               0.466      0.016     29.295      0.000
    UEYE               0.531      0.033     16.085      0.000

 Thresholds
    UDAT$1            -1.352      0.021    -64.541      0.000
    UDAY$1            -2.152      0.037    -57.853      0.000
    UMON$1            -2.250      0.041    -55.145      0.000
    UYER$1            -2.241      0.040    -55.390      0.000
    UANI$1            -2.887      0.084    -34.373      0.000
    UANI$2            -2.242      0.040    -55.408      0.000
    UANI$3            -1.387      0.021    -65.174      0.000
    UANI$4            -0.544      0.016    -34.910      0.000
    UANI$5             0.119      0.015      8.067      0.000
    UANI$6             0.715      0.016     44.087      0.000
    UANI$7             1.271      0.020     63.456      0.000
    UANI$8             1.789      0.028     64.946      0.000
    UANI$9             2.322      0.044     53.048      0.000
    UIWR$1            -2.887      0.084    -34.366      0.000
    UIWR$2            -2.353      0.045    -52.046      0.000
    UIWR$3            -1.917      0.030    -63.052      0.000
    UIWR$4            -1.412      0.022    -65.394      0.000
    UIWR$5            -0.864      0.017    -50.922      0.000
    UIWR$6             0.331      0.015     21.964      0.000
    UIWR$7             0.950      0.017     54.371      0.000
    UIWR$8             1.594      0.024     66.171      0.000
    UIWR$9             2.145      0.037     58.026      0.000
    UIWR2$1           -3.144      0.119    -26.327      0.000
    UIWR2$2           -2.757      0.071    -38.694      0.000
    UIWR2$3           -2.426      0.049    -49.754      0.000
    UIWR2$4           -2.062      0.034    -60.065      0.000
    UIWR2$5           -1.624      0.025    -66.114      0.000
    UIWR2$6           -0.760      0.016    -46.250      0.000
    UIWR2$7           -0.281      0.015    -18.727      0.000
    UIWR2$8            0.279      0.015     18.610      0.000
    UIWR2$9            0.885      0.017     51.818      0.000
    UDWR$1            -1.847      0.029    -64.006      0.000
    UDWR$2            -1.591      0.024    -66.009      0.000
    UDWR$3            -1.272      0.020    -63.284      0.000
    UDWR$4            -0.956      0.018    -54.479      0.000
    UDWR$5            -0.609      0.016    -38.444      0.000
    UDWR$6             0.097      0.015      6.557      0.000
    UDWR$7             0.470      0.015     30.512      0.000
    UDWR$8             0.875      0.017     51.288      0.000
    UDWR$9             1.319      0.021     64.074      0.000
    UPM1$1            -0.842      0.017    -49.825      0.000
    USUB$1            -2.340      0.045    -51.924      0.000
    USUB$2            -1.661      0.025    -65.312      0.000
    USUB$3            -1.361      0.021    -64.178      0.000
    USUB$4            -0.932      0.018    -53.171      0.000
    USUB$5            -0.363      0.015    -23.732      0.000
    UWLD$1            -2.181      0.039    -56.258      0.000
    UWLD$2            -1.896      0.030    -62.520      0.000
    UWLD$3            -1.048      0.018    -56.981      0.000
    UWLD$4            -0.942      0.018    -53.306      0.000
    UWLD$5            -0.914      0.017    -52.229      0.000
    UREG$1            -2.236      0.041    -55.181      0.000
    UREG$2            -1.339      0.021    -64.120      0.000
    UREG$3            -0.474      0.015    -30.602      0.000
    UNMS$1            -2.111      0.036    -58.853      0.000
    UREP$1            -0.935      0.017    -53.742      0.000
    UDIR$1            -3.452      0.191    -18.097      0.000
    UDIR$2            -2.268      0.042    -54.606      0.000
    UDIR$3            -1.154      0.019    -60.827      0.000
    UEYE$1            -2.119      0.036    -58.508      0.000
    UWRT$1            -1.790      0.028    -64.253      0.000
    UFCO$1            -0.796      0.017    -47.641      0.000

 Variances
    G                  1.000      0.000    999.000    999.000


STDY Standardization

                                                    Two-Tailed
                    Estimate       S.E.  Est./S.E.    P-Value

 G        BY
    UDAT               0.434      0.020     22.060      0.000
    UDAY               0.501      0.035     14.481      0.000
    UMON               0.613      0.034     18.096      0.000
    UYER               0.746      0.030     25.014      0.000
    UIWR               0.799      0.005    162.845      0.000
    UDWR               0.828      0.004    194.180      0.000
    USUB               0.468      0.012     37.640      0.000
    UANI               0.562      0.009     65.311      0.000
    UFCO               0.475      0.015     32.179      0.000
    UREG               0.594      0.011     54.179      0.000
    UWRT               0.318      0.028     11.244      0.000
    UDIR               0.329      0.019     17.459      0.000
    UIWR2              0.885      0.004    210.229      0.000
    UPM1               0.663      0.012     56.253      0.000
    UWLD               0.512      0.015     34.567      0.000
    UNMS               0.002      0.039      0.049      0.961
    UREP               0.466      0.016     29.295      0.000
    UEYE               0.531      0.033     16.085      0.000

 Thresholds
    UDAT$1            -1.352      0.021    -64.541      0.000
    UDAY$1            -2.152      0.037    -57.853      0.000
    UMON$1            -2.250      0.041    -55.145      0.000
    UYER$1            -2.241      0.040    -55.390      0.000
    UANI$1            -2.887      0.084    -34.373      0.000
    UANI$2            -2.242      0.040    -55.408      0.000
    UANI$3            -1.387      0.021    -65.174      0.000
    UANI$4            -0.544      0.016    -34.910      0.000
    UANI$5             0.119      0.015      8.067      0.000
    UANI$6             0.715      0.016     44.087      0.000
    UANI$7             1.271      0.020     63.456      0.000
    UANI$8             1.789      0.028     64.946      0.000
    UANI$9             2.322      0.044     53.048      0.000
    UIWR$1            -2.887      0.084    -34.366      0.000
    UIWR$2            -2.353      0.045    -52.046      0.000
    UIWR$3            -1.917      0.030    -63.052      0.000
    UIWR$4            -1.412      0.022    -65.394      0.000
    UIWR$5            -0.864      0.017    -50.922      0.000
    UIWR$6             0.331      0.015     21.964      0.000
    UIWR$7             0.950      0.017     54.371      0.000
    UIWR$8             1.594      0.024     66.171      0.000
    UIWR$9             2.145      0.037     58.026      0.000
    UIWR2$1           -3.144      0.119    -26.327      0.000
    UIWR2$2           -2.757      0.071    -38.694      0.000
    UIWR2$3           -2.426      0.049    -49.754      0.000
    UIWR2$4           -2.062      0.034    -60.065      0.000
    UIWR2$5           -1.624      0.025    -66.114      0.000
    UIWR2$6           -0.760      0.016    -46.250      0.000
    UIWR2$7           -0.281      0.015    -18.727      0.000
    UIWR2$8            0.279      0.015     18.610      0.000
    UIWR2$9            0.885      0.017     51.818      0.000
    UDWR$1            -1.847      0.029    -64.006      0.000
    UDWR$2            -1.591      0.024    -66.009      0.000
    UDWR$3            -1.272      0.020    -63.284      0.000
    UDWR$4            -0.956      0.018    -54.479      0.000
    UDWR$5            -0.609      0.016    -38.444      0.000
    UDWR$6             0.097      0.015      6.557      0.000
    UDWR$7             0.470      0.015     30.512      0.000
    UDWR$8             0.875      0.017     51.288      0.000
    UDWR$9             1.319      0.021     64.074      0.000
    UPM1$1            -0.842      0.017    -49.825      0.000
    USUB$1            -2.340      0.045    -51.924      0.000
    USUB$2            -1.661      0.025    -65.312      0.000
    USUB$3            -1.361      0.021    -64.178      0.000
    USUB$4            -0.932      0.018    -53.171      0.000
    USUB$5            -0.363      0.015    -23.732      0.000
    UWLD$1            -2.181      0.039    -56.258      0.000
    UWLD$2            -1.896      0.030    -62.520      0.000
    UWLD$3            -1.048      0.018    -56.981      0.000
    UWLD$4            -0.942      0.018    -53.306      0.000
    UWLD$5            -0.914      0.017    -52.229      0.000
    UREG$1            -2.236      0.041    -55.181      0.000
    UREG$2            -1.339      0.021    -64.120      0.000
    UREG$3            -0.474      0.015    -30.602      0.000
    UNMS$1            -2.111      0.036    -58.853      0.000
    UREP$1            -0.935      0.017    -53.742      0.000
    UDIR$1            -3.452      0.191    -18.097      0.000
    UDIR$2            -2.268      0.042    -54.606      0.000
    UDIR$3            -1.154      0.019    -60.827      0.000
    UEYE$1            -2.119      0.036    -58.508      0.000
    UWRT$1            -1.790      0.028    -64.253      0.000
    UFCO$1            -0.796      0.017    -47.641      0.000

 Variances
    G                  1.000      0.000    999.000    999.000


STD Standardization

                                                    Two-Tailed
                    Estimate       S.E.  Est./S.E.    P-Value

 G        BY
    UDAT               0.434      0.020     22.060      0.000
    UDAY               0.501      0.035     14.481      0.000
    UMON               0.613      0.034     18.096      0.000
    UYER               0.746      0.030     25.014      0.000
    UIWR               0.799      0.005    162.845      0.000
    UDWR               0.828      0.004    194.180      0.000
    USUB               0.468      0.012     37.640      0.000
    UANI               0.562      0.009     65.311      0.000
    UFCO               0.475      0.015     32.179      0.000
    UREG               0.594      0.011     54.179      0.000
    UWRT               0.318      0.028     11.244      0.000
    UDIR               0.329      0.019     17.459      0.000
    UIWR2              0.885      0.004    210.229      0.000
    UPM1               0.663      0.012     56.253      0.000
    UWLD               0.512      0.015     34.567      0.000
    UNMS               0.002      0.039      0.049      0.961
    UREP               0.466      0.016     29.295      0.000
    UEYE               0.531      0.033     16.085      0.000

 Thresholds
    UDAT$1            -1.352      0.021    -64.541      0.000
    UDAY$1            -2.152      0.037    -57.853      0.000
    UMON$1            -2.250      0.041    -55.145      0.000
    UYER$1            -2.241      0.040    -55.390      0.000
    UANI$1            -2.887      0.084    -34.373      0.000
    UANI$2            -2.242      0.040    -55.408      0.000
    UANI$3            -1.387      0.021    -65.174      0.000
    UANI$4            -0.544      0.016    -34.910      0.000
    UANI$5             0.119      0.015      8.067      0.000
    UANI$6             0.715      0.016     44.087      0.000
    UANI$7             1.271      0.020     63.456      0.000
    UANI$8             1.789      0.028     64.946      0.000
    UANI$9             2.322      0.044     53.048      0.000
    UIWR$1            -2.887      0.084    -34.366      0.000
    UIWR$2            -2.353      0.045    -52.046      0.000
    UIWR$3            -1.917      0.030    -63.052      0.000
    UIWR$4            -1.412      0.022    -65.394      0.000
    UIWR$5            -0.864      0.017    -50.922      0.000
    UIWR$6             0.331      0.015     21.964      0.000
    UIWR$7             0.950      0.017     54.371      0.000
    UIWR$8             1.594      0.024     66.171      0.000
    UIWR$9             2.145      0.037     58.026      0.000
    UIWR2$1           -3.144      0.119    -26.327      0.000
    UIWR2$2           -2.757      0.071    -38.694      0.000
    UIWR2$3           -2.426      0.049    -49.754      0.000
    UIWR2$4           -2.062      0.034    -60.065      0.000
    UIWR2$5           -1.624      0.025    -66.114      0.000
    UIWR2$6           -0.760      0.016    -46.250      0.000
    UIWR2$7           -0.281      0.015    -18.727      0.000
    UIWR2$8            0.279      0.015     18.610      0.000
    UIWR2$9            0.885      0.017     51.818      0.000
    UDWR$1            -1.847      0.029    -64.006      0.000
    UDWR$2            -1.591      0.024    -66.009      0.000
    UDWR$3            -1.272      0.020    -63.284      0.000
    UDWR$4            -0.956      0.018    -54.479      0.000
    UDWR$5            -0.609      0.016    -38.444      0.000
    UDWR$6             0.097      0.015      6.557      0.000
    UDWR$7             0.470      0.015     30.512      0.000
    UDWR$8             0.875      0.017     51.288      0.000
    UDWR$9             1.319      0.021     64.074      0.000
    UPM1$1            -0.842      0.017    -49.825      0.000
    USUB$1            -2.340      0.045    -51.924      0.000
    USUB$2            -1.661      0.025    -65.312      0.000
    USUB$3            -1.361      0.021    -64.178      0.000
    USUB$4            -0.932      0.018    -53.171      0.000
    USUB$5            -0.363      0.015    -23.732      0.000
    UWLD$1            -2.181      0.039    -56.258      0.000
    UWLD$2            -1.896      0.030    -62.520      0.000
    UWLD$3            -1.048      0.018    -56.981      0.000
    UWLD$4            -0.942      0.018    -53.306      0.000
    UWLD$5            -0.914      0.017    -52.229      0.000
    UREG$1            -2.236      0.041    -55.181      0.000
    UREG$2            -1.339      0.021    -64.120      0.000
    UREG$3            -0.474      0.015    -30.602      0.000
    UNMS$1            -2.111      0.036    -58.853      0.000
    UREP$1            -0.935      0.017    -53.742      0.000
    UDIR$1            -3.452      0.191    -18.097      0.000
    UDIR$2            -2.268      0.042    -54.606      0.000
    UDIR$3            -1.154      0.019    -60.827      0.000
    UEYE$1            -2.119      0.036    -58.508      0.000
    UWRT$1            -1.790      0.028    -64.253      0.000
    UFCO$1            -0.796      0.017    -47.641      0.000

 Variances
    G                  1.000      0.000    999.000    999.000


R-SQUARE

    Observed                                        Two-Tailed   Residual
    Variable        Estimate       S.E.  Est./S.E.    P-Value    Variance

    UDAT               0.188      0.017     11.030      0.000      0.812
    UDAY               0.251      0.035      7.241      0.000      0.749
    UMON               0.376      0.042      9.048      0.000      0.624
    UYER               0.556      0.044     12.507      0.000      0.444
    UANI               0.315      0.010     32.656      0.000      0.685
    UIWR               0.638      0.008     81.423      0.000      0.362
    UIWR2              0.784      0.007    105.115      0.000      0.216
    UDWR               0.686      0.007     97.090      0.000      0.314
    UPM1               0.439      0.016     28.127      0.000      0.561
    USUB               0.219      0.012     18.820      0.000      0.781
    UWLD               0.262      0.015     17.283      0.000      0.738
    UREG               0.352      0.013     27.090      0.000      0.648
    UNMS               0.000      0.000      0.025      0.980      1.000
    UREP               0.217      0.015     14.648      0.000      0.783
    UDIR               0.108      0.012      8.729      0.000      0.892
    UEYE               0.282      0.035      8.042      0.000      0.718
    UWRT               0.101      0.018      5.622      0.000      0.899
    UFCO               0.225      0.014     16.090      0.000      0.775


QUALITY OF NUMERICAL RESULTS

     Condition Number for the Information Matrix              0.740E-03
       (ratio of smallest to largest eigenvalue)


MODEL COMMAND WITH FINAL ESTIMATES USED AS STARTING VALUES

     g BY udat*0.43417;
     g BY uday*0.50089;
     g BY umon*0.61301;
     g BY uyer*0.74562;
     g BY uiwr*0.79884;
     g BY udwr*0.82796;
     g BY usub*0.46770;
     g BY uani*0.56159;
     g BY ufco*0.47460;
     g BY ureg*0.59366;
     g BY uwrt*0.31845;
     g BY udir*0.32888;
     g BY uiwr2*0.88542;
     g BY upm1*0.66252;
     g BY uwld*0.51226;
     g BY unms*0.00191;
     g BY urep*0.46563;
     g BY ueye*0.53077;

     [ udat$1*-1.35245 ];
     [ uday$1*-2.15227 ];
     [ umon$1*-2.25012 ];
     [ uyer$1*-2.24135 ];
     [ uani$1*-2.88734 ];
     [ uani$2*-2.24178 ];
     [ uani$3*-1.38715 ];
     [ uani$4*-0.54410 ];
     [ uani$5*0.11941 ];
     [ uani$6*0.71511 ];
     [ uani$7*1.27111 ];
     [ uani$8*1.78947 ];
     [ uani$9*2.32153 ];
     [ uiwr$1*-2.88699 ];
     [ uiwr$2*-2.35318 ];
     [ uiwr$3*-1.91663 ];
     [ uiwr$4*-1.41157 ];
     [ uiwr$5*-0.86356 ];
     [ uiwr$6*0.33098 ];
     [ uiwr$7*0.94969 ];
     [ uiwr$8*1.59439 ];
     [ uiwr$9*2.14505 ];
     [ uiwr2$1*-3.14394 ];
     [ uiwr2$2*-2.75696 ];
     [ uiwr2$3*-2.42568 ];
     [ uiwr2$4*-2.06237 ];
     [ uiwr2$5*-1.62361 ];
     [ uiwr2$6*-0.75995 ];
     [ uiwr2$7*-0.28063 ];
     [ uiwr2$8*0.27882 ];
     [ uiwr2$9*0.88499 ];
     [ udwr$1*-1.84679 ];
     [ udwr$2*-1.59066 ];
     [ udwr$3*-1.27230 ];
     [ udwr$4*-0.95621 ];
     [ udwr$5*-0.60944 ];
     [ udwr$6*0.09726 ];
     [ udwr$7*0.47050 ];
     [ udwr$8*0.87531 ];
     [ udwr$9*1.31929 ];
     [ upm1$1*-0.84182 ];
     [ usub$1*-2.34018 ];
     [ usub$2*-1.66129 ];
     [ usub$3*-1.36114 ];
     [ usub$4*-0.93228 ];
     [ usub$5*-0.36269 ];
     [ uwld$1*-2.18144 ];
     [ uwld$2*-1.89557 ];
     [ uwld$3*-1.04796 ];
     [ uwld$4*-0.94162 ];
     [ uwld$5*-0.91354 ];
     [ ureg$1*-2.23649 ];
     [ ureg$2*-1.33886 ];
     [ ureg$3*-0.47395 ];
     [ unms$1*-2.11096 ];
     [ urep$1*-0.93521 ];
     [ udir$1*-3.45213 ];
     [ udir$2*-2.26751 ];
     [ udir$3*-1.15441 ];
     [ ueye$1*-2.11869 ];
     [ uwrt$1*-1.79026 ];
     [ ufco$1*-0.79571 ];

     g@1;



     Beginning Time:  22:28:29
        Ending Time:  22:28:30
       Elapsed Time:  00:00:01



MUTHEN & MUTHEN
3463 Stoner Ave.
Los Angeles, CA  90066

Tel: (310) 391-9971
Fax: (310) 391-8971
Web: www.StatModel.com
Support: Support@StatModel.com

Copyright (c) 1998-2018 Muthen & Muthen
