Mplus VERSION 8.1 (Mac)
MUTHEN & MUTHEN
05/27/2020  10:28 PM

INPUT INSTRUCTIONS

  DATA:
  FILE = "uni-40-SAGE (China)_W1.dat";

  VARIABLE:
  NAMES = mplusid UANI UIWR UIWR2 UIWR3 UDIGF UDIGB;
   MISSING=.;
   CATEGORICAL ARE all; idvariable = mplusid;
  ANALYSIS:
  estimator = wlsmv; coverage=0;
  MODEL:
  g by UIWR * ;
   g by UANI * ;
   g by UIWR2 * ;
   g by UIWR3 * ;
   g by UDIGF * ;
   g by UDIGB * ;
   g @ 1;

  OUTPUT:
  standardized; svalues;



INPUT READING TERMINATED NORMALLY




SUMMARY OF ANALYSIS

Number of groups                                                 1
Number of observations                                       14280

Number of dependent variables                                    6
Number of independent variables                                  0
Number of continuous latent variables                            1

Observed dependent variables

  Binary and ordered categorical (ordinal)
   UANI        UIWR        UIWR2       UIWR3       UDIGF       UDIGB

Continuous latent variables
   G

Variables with special functions

  ID variable           MPLUSID

Estimator                                                    WLSMV
Maximum number of iterations                                  1000
Convergence criterion                                    0.500D-04
Maximum number of steepest descent iterations                   20
Maximum number of iterations for H1                           2000
Convergence criterion for H1                             0.100D-03
Parameterization                                             DELTA
Link                                                        PROBIT

Input data file(s)
  uni-40-SAGE (China)_W1.dat

Input data format  FREE


SUMMARY OF DATA

     Number of missing data patterns            12


COVARIANCE COVERAGE OF DATA

Minimum covariance coverage value   0.000


     PROPORTION OF DATA PRESENT


           Covariance Coverage
              UANI          UIWR          UIWR2         UIWR3         UDIGF
              ________      ________      ________      ________      ________
 UANI           0.997
 UIWR           0.996         0.998
 UIWR2          0.996         0.997         0.997
 UIWR3          0.994         0.996         0.996         0.996
 UDIGF          0.997         0.997         0.996         0.995         0.999
 UDIGB          0.994         0.995         0.994         0.993         0.996


           Covariance Coverage
              UDIGB
              ________
 UDIGB          0.996


UNIVARIATE PROPORTIONS AND COUNTS FOR CATEGORICAL VARIABLES

    UANI
      Category 1    0.006           86.000
      Category 2    0.055          788.000
      Category 3    0.225         3198.000
      Category 4    0.336         4785.000
      Category 5    0.216         3067.000
      Category 6    0.110         1566.000
      Category 7    0.040          569.000
      Category 8    0.009          130.000
      Category 9    0.002           31.000
      Category 10    0.001           12.000
    UIWR
      Category 1    0.012          164.000
      Category 2    0.018          252.000
      Category 3    0.069          984.000
      Category 4    0.143         2037.000
      Category 5    0.201         2862.000
      Category 6    0.395         5625.000
      Category 7    0.101         1438.000
      Category 8    0.044          633.000
      Category 9    0.012          178.000
      Category 10    0.005           78.000
    UIWR2
      Category 1    0.006           84.000
      Category 2    0.007          106.000
      Category 3    0.025          351.000
      Category 4    0.063          892.000
      Category 5    0.114         1617.000
      Category 6    0.406         5788.000
      Category 7    0.189         2697.000
      Category 8    0.121         1719.000
      Category 9    0.048          690.000
      Category 10    0.021          297.000
    UIWR3
      Category 1    0.007          102.000
      Category 2    0.005           69.000
      Category 3    0.016          234.000
      Category 4    0.043          607.000
      Category 5    0.076         1079.000
      Category 6    0.308         4380.000
      Category 7    0.203         2891.000
      Category 8    0.166         2361.000
      Category 9    0.107         1523.000
      Category 10    0.069          978.000
    UDIGF
      Category 1    0.004           56.000
      Category 2    0.018          253.000
      Category 3    0.043          615.000
      Category 4    0.103         1471.000
      Category 5    0.155         2212.000
      Category 6    0.217         3093.000
      Category 7    0.243         3469.000
      Category 8    0.217         3099.000
    UDIGB
      Category 1    0.031          446.000
      Category 2    0.178         2528.000
      Category 3    0.341         4851.000
      Category 4    0.238         3380.000
      Category 5    0.109         1548.000
      Category 6    0.058          819.000
      Category 7    0.027          380.000
      Category 8    0.019          265.000



THE MODEL ESTIMATION TERMINATED NORMALLY



MODEL FIT INFORMATION

Number of Free Parameters                       56

Chi-Square Test of Model Fit

          Value                           2989.643*
          Degrees of Freedom                     9
          P-Value                           0.0000

*   The chi-square value for MLM, MLMV, MLR, ULSMV, WLSM and WLSMV cannot be used
    for chi-square difference testing in the regular way.  MLM, MLR and WLSM
    chi-square difference testing is described on the Mplus website.  MLMV, WLSMV,
    and ULSMV difference testing is done using the DIFFTEST option.

RMSEA (Root Mean Square Error Of Approximation)

          Estimate                           0.152
          90 Percent C.I.                    0.148  0.157
          Probability RMSEA <= .05           0.000

CFI/TLI

          CFI                                0.978
          TLI                                0.964

Chi-Square Test of Model Fit for the Baseline Model

          Value                         138265.984
          Degrees of Freedom                    15
          P-Value                           0.0000

SRMR (Standardized Root Mean Square Residual)

          Value                              0.031

Optimum Function Value for Weighted Least-Squares Estimator

          Value                     0.51385836D-01



MODEL RESULTS

                                                    Two-Tailed
                    Estimate       S.E.  Est./S.E.    P-Value

 G        BY
    UIWR               0.753      0.004    204.227      0.000
    UANI               0.493      0.007     75.678      0.000
    UIWR2              0.959      0.002    466.408      0.000
    UIWR3              0.868      0.003    336.815      0.000
    UDIGF              0.556      0.006     89.719      0.000
    UDIGB              0.553      0.006     91.024      0.000

 Thresholds
    UANI$1            -2.510      0.038    -66.099      0.000
    UANI$2            -1.543      0.017    -93.012      0.000
    UANI$3            -0.565      0.011    -50.707      0.000
    UANI$4             0.312      0.011     29.141      0.000
    UANI$5             0.986      0.013     78.296      0.000
    UANI$6             1.624      0.017     92.956      0.000
    UANI$7             2.252      0.029     77.442      0.000
    UANI$8             2.745      0.050     54.949      0.000
    UANI$9             3.141      0.085     37.157      0.000
    UIWR$1            -2.273      0.030    -76.633      0.000
    UIWR$2            -1.893      0.021    -89.282      0.000
    UIWR$3            -1.292      0.014    -89.745      0.000
    UIWR$4            -0.703      0.011    -61.106      0.000
    UIWR$5            -0.146      0.011    -13.842      0.000
    UIWR$6             0.981      0.013     78.120      0.000
    UIWR$7             1.535      0.016     93.051      0.000
    UIWR$8             2.098      0.025     83.322      0.000
    UIWR$9             2.544      0.039     64.518      0.000
    UIWR2$1           -2.518      0.038    -65.723      0.000
    UIWR2$2           -2.216      0.028    -78.911      0.000
    UIWR2$3           -1.775      0.019    -91.530      0.000
    UIWR2$4           -1.278      0.014    -89.377      0.000
    UIWR2$5           -0.792      0.012    -67.168      0.000
    UIWR2$6            0.307      0.011     28.740      0.000
    UIWR2$7            0.878      0.012     72.465      0.000
    UIWR2$8            1.481      0.016     92.719      0.000
    UIWR2$9            2.036      0.024     85.314      0.000
    UIWR3$1           -2.449      0.036    -68.895      0.000
    UIWR3$2           -2.256      0.029    -77.247      0.000
    UIWR3$3           -1.904      0.021    -88.941      0.000
    UIWR3$4           -1.467      0.016    -92.550      0.000
    UIWR3$5           -1.049      0.013    -81.300      0.000
    UIWR3$6           -0.113      0.011    -10.747      0.000
    UIWR3$7            0.408      0.011     37.621      0.000
    UIWR3$8            0.931      0.012     75.444      0.000
    UIWR3$9            1.485      0.016     92.696      0.000
    UDIGF$1           -2.658      0.045    -59.155      0.000
    UDIGF$2           -2.021      0.024    -85.883      0.000
    UDIGF$3           -1.516      0.016    -93.029      0.000
    UDIGF$4           -0.963      0.012    -77.226      0.000
    UDIGF$5           -0.460      0.011    -42.147      0.000
    UDIGF$6            0.100      0.011      9.475      0.000
    UDIGF$7            0.782      0.012     66.556      0.000
    UDIGB$1           -1.861      0.021    -89.879      0.000
    UDIGB$2           -0.809      0.012    -68.216      0.000
    UDIGB$3            0.127      0.011     12.015      0.000
    UDIGB$4            0.800      0.012     67.624      0.000
    UDIGB$5            1.265      0.014     88.960      0.000
    UDIGB$6            1.692      0.018     92.466      0.000
    UDIGB$7            2.083      0.025     83.735      0.000

 Variances
    G                  1.000      0.000    999.000    999.000


STANDARDIZED MODEL RESULTS


STDYX Standardization

                                                    Two-Tailed
                    Estimate       S.E.  Est./S.E.    P-Value

 G        BY
    UIWR               0.753      0.004    204.227      0.000
    UANI               0.493      0.007     75.678      0.000
    UIWR2              0.959      0.002    466.408      0.000
    UIWR3              0.868      0.003    336.815      0.000
    UDIGF              0.556      0.006     89.719      0.000
    UDIGB              0.553      0.006     91.024      0.000

 Thresholds
    UANI$1            -2.510      0.038    -66.099      0.000
    UANI$2            -1.543      0.017    -93.012      0.000
    UANI$3            -0.565      0.011    -50.707      0.000
    UANI$4             0.312      0.011     29.141      0.000
    UANI$5             0.986      0.013     78.296      0.000
    UANI$6             1.624      0.017     92.956      0.000
    UANI$7             2.252      0.029     77.442      0.000
    UANI$8             2.745      0.050     54.949      0.000
    UANI$9             3.141      0.085     37.157      0.000
    UIWR$1            -2.273      0.030    -76.633      0.000
    UIWR$2            -1.893      0.021    -89.282      0.000
    UIWR$3            -1.292      0.014    -89.745      0.000
    UIWR$4            -0.703      0.011    -61.106      0.000
    UIWR$5            -0.146      0.011    -13.842      0.000
    UIWR$6             0.981      0.013     78.120      0.000
    UIWR$7             1.535      0.016     93.051      0.000
    UIWR$8             2.098      0.025     83.322      0.000
    UIWR$9             2.544      0.039     64.518      0.000
    UIWR2$1           -2.518      0.038    -65.723      0.000
    UIWR2$2           -2.216      0.028    -78.911      0.000
    UIWR2$3           -1.775      0.019    -91.530      0.000
    UIWR2$4           -1.278      0.014    -89.377      0.000
    UIWR2$5           -0.792      0.012    -67.168      0.000
    UIWR2$6            0.307      0.011     28.740      0.000
    UIWR2$7            0.878      0.012     72.465      0.000
    UIWR2$8            1.481      0.016     92.719      0.000
    UIWR2$9            2.036      0.024     85.314      0.000
    UIWR3$1           -2.449      0.036    -68.895      0.000
    UIWR3$2           -2.256      0.029    -77.247      0.000
    UIWR3$3           -1.904      0.021    -88.941      0.000
    UIWR3$4           -1.467      0.016    -92.550      0.000
    UIWR3$5           -1.049      0.013    -81.300      0.000
    UIWR3$6           -0.113      0.011    -10.747      0.000
    UIWR3$7            0.408      0.011     37.621      0.000
    UIWR3$8            0.931      0.012     75.444      0.000
    UIWR3$9            1.485      0.016     92.696      0.000
    UDIGF$1           -2.658      0.045    -59.155      0.000
    UDIGF$2           -2.021      0.024    -85.883      0.000
    UDIGF$3           -1.516      0.016    -93.029      0.000
    UDIGF$4           -0.963      0.012    -77.226      0.000
    UDIGF$5           -0.460      0.011    -42.147      0.000
    UDIGF$6            0.100      0.011      9.475      0.000
    UDIGF$7            0.782      0.012     66.556      0.000
    UDIGB$1           -1.861      0.021    -89.879      0.000
    UDIGB$2           -0.809      0.012    -68.216      0.000
    UDIGB$3            0.127      0.011     12.015      0.000
    UDIGB$4            0.800      0.012     67.624      0.000
    UDIGB$5            1.265      0.014     88.960      0.000
    UDIGB$6            1.692      0.018     92.466      0.000
    UDIGB$7            2.083      0.025     83.735      0.000

 Variances
    G                  1.000      0.000    999.000    999.000


STDY Standardization

                                                    Two-Tailed
                    Estimate       S.E.  Est./S.E.    P-Value

 G        BY
    UIWR               0.753      0.004    204.227      0.000
    UANI               0.493      0.007     75.678      0.000
    UIWR2              0.959      0.002    466.408      0.000
    UIWR3              0.868      0.003    336.815      0.000
    UDIGF              0.556      0.006     89.719      0.000
    UDIGB              0.553      0.006     91.024      0.000

 Thresholds
    UANI$1            -2.510      0.038    -66.099      0.000
    UANI$2            -1.543      0.017    -93.012      0.000
    UANI$3            -0.565      0.011    -50.707      0.000
    UANI$4             0.312      0.011     29.141      0.000
    UANI$5             0.986      0.013     78.296      0.000
    UANI$6             1.624      0.017     92.956      0.000
    UANI$7             2.252      0.029     77.442      0.000
    UANI$8             2.745      0.050     54.949      0.000
    UANI$9             3.141      0.085     37.157      0.000
    UIWR$1            -2.273      0.030    -76.633      0.000
    UIWR$2            -1.893      0.021    -89.282      0.000
    UIWR$3            -1.292      0.014    -89.745      0.000
    UIWR$4            -0.703      0.011    -61.106      0.000
    UIWR$5            -0.146      0.011    -13.842      0.000
    UIWR$6             0.981      0.013     78.120      0.000
    UIWR$7             1.535      0.016     93.051      0.000
    UIWR$8             2.098      0.025     83.322      0.000
    UIWR$9             2.544      0.039     64.518      0.000
    UIWR2$1           -2.518      0.038    -65.723      0.000
    UIWR2$2           -2.216      0.028    -78.911      0.000
    UIWR2$3           -1.775      0.019    -91.530      0.000
    UIWR2$4           -1.278      0.014    -89.377      0.000
    UIWR2$5           -0.792      0.012    -67.168      0.000
    UIWR2$6            0.307      0.011     28.740      0.000
    UIWR2$7            0.878      0.012     72.465      0.000
    UIWR2$8            1.481      0.016     92.719      0.000
    UIWR2$9            2.036      0.024     85.314      0.000
    UIWR3$1           -2.449      0.036    -68.895      0.000
    UIWR3$2           -2.256      0.029    -77.247      0.000
    UIWR3$3           -1.904      0.021    -88.941      0.000
    UIWR3$4           -1.467      0.016    -92.550      0.000
    UIWR3$5           -1.049      0.013    -81.300      0.000
    UIWR3$6           -0.113      0.011    -10.747      0.000
    UIWR3$7            0.408      0.011     37.621      0.000
    UIWR3$8            0.931      0.012     75.444      0.000
    UIWR3$9            1.485      0.016     92.696      0.000
    UDIGF$1           -2.658      0.045    -59.155      0.000
    UDIGF$2           -2.021      0.024    -85.883      0.000
    UDIGF$3           -1.516      0.016    -93.029      0.000
    UDIGF$4           -0.963      0.012    -77.226      0.000
    UDIGF$5           -0.460      0.011    -42.147      0.000
    UDIGF$6            0.100      0.011      9.475      0.000
    UDIGF$7            0.782      0.012     66.556      0.000
    UDIGB$1           -1.861      0.021    -89.879      0.000
    UDIGB$2           -0.809      0.012    -68.216      0.000
    UDIGB$3            0.127      0.011     12.015      0.000
    UDIGB$4            0.800      0.012     67.624      0.000
    UDIGB$5            1.265      0.014     88.960      0.000
    UDIGB$6            1.692      0.018     92.466      0.000
    UDIGB$7            2.083      0.025     83.735      0.000

 Variances
    G                  1.000      0.000    999.000    999.000


STD Standardization

                                                    Two-Tailed
                    Estimate       S.E.  Est./S.E.    P-Value

 G        BY
    UIWR               0.753      0.004    204.227      0.000
    UANI               0.493      0.007     75.678      0.000
    UIWR2              0.959      0.002    466.408      0.000
    UIWR3              0.868      0.003    336.815      0.000
    UDIGF              0.556      0.006     89.719      0.000
    UDIGB              0.553      0.006     91.024      0.000

 Thresholds
    UANI$1            -2.510      0.038    -66.099      0.000
    UANI$2            -1.543      0.017    -93.012      0.000
    UANI$3            -0.565      0.011    -50.707      0.000
    UANI$4             0.312      0.011     29.141      0.000
    UANI$5             0.986      0.013     78.296      0.000
    UANI$6             1.624      0.017     92.956      0.000
    UANI$7             2.252      0.029     77.442      0.000
    UANI$8             2.745      0.050     54.949      0.000
    UANI$9             3.141      0.085     37.157      0.000
    UIWR$1            -2.273      0.030    -76.633      0.000
    UIWR$2            -1.893      0.021    -89.282      0.000
    UIWR$3            -1.292      0.014    -89.745      0.000
    UIWR$4            -0.703      0.011    -61.106      0.000
    UIWR$5            -0.146      0.011    -13.842      0.000
    UIWR$6             0.981      0.013     78.120      0.000
    UIWR$7             1.535      0.016     93.051      0.000
    UIWR$8             2.098      0.025     83.322      0.000
    UIWR$9             2.544      0.039     64.518      0.000
    UIWR2$1           -2.518      0.038    -65.723      0.000
    UIWR2$2           -2.216      0.028    -78.911      0.000
    UIWR2$3           -1.775      0.019    -91.530      0.000
    UIWR2$4           -1.278      0.014    -89.377      0.000
    UIWR2$5           -0.792      0.012    -67.168      0.000
    UIWR2$6            0.307      0.011     28.740      0.000
    UIWR2$7            0.878      0.012     72.465      0.000
    UIWR2$8            1.481      0.016     92.719      0.000
    UIWR2$9            2.036      0.024     85.314      0.000
    UIWR3$1           -2.449      0.036    -68.895      0.000
    UIWR3$2           -2.256      0.029    -77.247      0.000
    UIWR3$3           -1.904      0.021    -88.941      0.000
    UIWR3$4           -1.467      0.016    -92.550      0.000
    UIWR3$5           -1.049      0.013    -81.300      0.000
    UIWR3$6           -0.113      0.011    -10.747      0.000
    UIWR3$7            0.408      0.011     37.621      0.000
    UIWR3$8            0.931      0.012     75.444      0.000
    UIWR3$9            1.485      0.016     92.696      0.000
    UDIGF$1           -2.658      0.045    -59.155      0.000
    UDIGF$2           -2.021      0.024    -85.883      0.000
    UDIGF$3           -1.516      0.016    -93.029      0.000
    UDIGF$4           -0.963      0.012    -77.226      0.000
    UDIGF$5           -0.460      0.011    -42.147      0.000
    UDIGF$6            0.100      0.011      9.475      0.000
    UDIGF$7            0.782      0.012     66.556      0.000
    UDIGB$1           -1.861      0.021    -89.879      0.000
    UDIGB$2           -0.809      0.012    -68.216      0.000
    UDIGB$3            0.127      0.011     12.015      0.000
    UDIGB$4            0.800      0.012     67.624      0.000
    UDIGB$5            1.265      0.014     88.960      0.000
    UDIGB$6            1.692      0.018     92.466      0.000
    UDIGB$7            2.083      0.025     83.735      0.000

 Variances
    G                  1.000      0.000    999.000    999.000


R-SQUARE

    Observed                                        Two-Tailed   Residual
    Variable        Estimate       S.E.  Est./S.E.    P-Value    Variance

    UANI               0.243      0.006     37.839      0.000      0.757
    UIWR               0.567      0.006    102.113      0.000      0.433
    UIWR2              0.920      0.004    233.204      0.000      0.080
    UIWR3              0.754      0.004    168.407      0.000      0.246
    UDIGF              0.309      0.007     44.860      0.000      0.691
    UDIGB              0.306      0.007     45.512      0.000      0.694


QUALITY OF NUMERICAL RESULTS

     Condition Number for the Information Matrix              0.949E-03
       (ratio of smallest to largest eigenvalue)


MODEL COMMAND WITH FINAL ESTIMATES USED AS STARTING VALUES

     g BY uiwr*0.75279;
     g BY uani*0.49343;
     g BY uiwr2*0.95931;
     g BY uiwr3*0.86844;
     g BY udigf*0.55628;
     g BY udigb*0.55276;

     [ uani$1*-2.50964 ];
     [ uani$2*-1.54304 ];
     [ uani$3*-0.56477 ];
     [ uani$4*0.31161 ];
     [ uani$5*0.98558 ];
     [ uani$6*1.62449 ];
     [ uani$7*2.25217 ];
     [ uani$8*2.74545 ];
     [ uani$9*3.14054 ];
     [ uiwr$1*-2.27317 ];
     [ uiwr$2*-1.89282 ];
     [ uiwr$3*-1.29165 ];
     [ uiwr$4*-0.70252 ];
     [ uiwr$5*-0.14589 ];
     [ uiwr$6*0.98104 ];
     [ uiwr$7*1.53508 ];
     [ uiwr$8*2.09775 ];
     [ uiwr$9*2.54440 ];
     [ uiwr2$1*-2.51816 ];
     [ uiwr2$2*-2.21612 ];
     [ uiwr2$3*-1.77452 ];
     [ uiwr2$4*-1.27800 ];
     [ uiwr2$5*-0.79203 ];
     [ uiwr2$6*0.30706 ];
     [ uiwr2$7*0.87784 ];
     [ uiwr2$8*1.48097 ];
     [ uiwr2$9*2.03640 ];
     [ uiwr3$1*-2.44858 ];
     [ uiwr3$2*-2.25643 ];
     [ uiwr3$3*-1.90373 ];
     [ uiwr3$4*-1.46730 ];
     [ uiwr3$5*-1.04937 ];
     [ uiwr3$6*-0.11320 ];
     [ uiwr3$7*0.40751 ];
     [ uiwr3$8*0.93138 ];
     [ uiwr3$9*1.48511 ];
     [ udigf$1*-2.65847 ];
     [ udigf$2*-2.02067 ];
     [ udigf$3*-1.51600 ];
     [ udigf$4*-0.96266 ];
     [ udigf$5*-0.45963 ];
     [ udigf$6*0.09960 ];
     [ udigf$7*0.78169 ];
     [ udigb$1*-1.86102 ];
     [ udigb$2*-0.80925 ];
     [ udigb$3*0.12667 ];
     [ udigb$4*0.79999 ];
     [ udigb$5*1.26478 ];
     [ udigb$6*1.69153 ];
     [ udigb$7*2.08269 ];

     g@1;



     Beginning Time:  22:28:35
        Ending Time:  22:28:35
       Elapsed Time:  00:00:00



MUTHEN & MUTHEN
3463 Stoner Ave.
Los Angeles, CA  90066

Tel: (310) 391-9971
Fax: (310) 391-8971
Web: www.StatModel.com
Support: Support@StatModel.com

Copyright (c) 1998-2018 Muthen & Muthen
