Mplus VERSION 8.1 (Mac)
MUTHEN & MUTHEN
05/27/2020  10:28 PM

INPUT INSTRUCTIONS

  DATA:
  FILE = "uni-10-HRS_W10.dat";

  VARIABLE:
  NAMES = mplusid UDAT UDAY UMON UYER UIWR UDWR USUB UBAK UNM1 UNM2 UNM5 UNM6 URE3
       URE5 URE6;
   MISSING=.;
   CATEGORICAL ARE all; idvariable = mplusid;
  ANALYSIS:
  estimator = wlsmv; coverage=0;
  MODEL:
  g by UDAT * ;
   g by UDAY * ;
   g by UMON * ;
   g by UYER * ;
   g by UIWR * ;
   g by UDWR * ;
   g by USUB * ;
   g by UBAK * ;
   g by UNM1 * ;
   g by UNM2 * ;
   g by UNM5 * ;
   g by UNM6 * ;
   g by URE3 * ;
   g by URE5 * ;
   g by URE6 * ;
   g @ 1;

  OUTPUT:
  standardized; svalues;



*** WARNING
  Data set contains cases with missing on all variables.
  These cases were not included in the analysis.
  Number of cases with missing on all variables:  1297
   1 WARNING(S) FOUND IN THE INPUT INSTRUCTIONS




SUMMARY OF ANALYSIS

Number of groups                                                 1
Number of observations                                       17172

Number of dependent variables                                   15
Number of independent variables                                  0
Number of continuous latent variables                            1

Observed dependent variables

  Binary and ordered categorical (ordinal)
   UDAT        UDAY        UMON        UYER        UIWR        UDWR
   USUB        UBAK        UNM1        UNM2        UNM5        UNM6
   URE3        URE5        URE6

Continuous latent variables
   G

Variables with special functions

  ID variable           MPLUSID

Estimator                                                    WLSMV
Maximum number of iterations                                  1000
Convergence criterion                                    0.500D-04
Maximum number of steepest descent iterations                   20
Maximum number of iterations for H1                           2000
Convergence criterion for H1                             0.100D-03
Parameterization                                             DELTA
Link                                                        PROBIT

Input data file(s)
  uni-10-HRS_W10.dat

Input data format  FREE


SUMMARY OF DATA

     Number of missing data patterns           387


COVARIANCE COVERAGE OF DATA

Minimum covariance coverage value   0.000


     PROPORTION OF DATA PRESENT


           Covariance Coverage
              UDAT          UDAY          UMON          UYER          UIWR
              ________      ________      ________      ________      ________
 UDAT           0.598
 UDAY           0.597         0.606
 UMON           0.597         0.603         0.605
 UYER           0.597         0.604         0.603         0.606
 UIWR           0.593         0.601         0.599         0.600         0.992
 UDWR           0.588         0.596         0.595         0.595         0.985
 USUB           0.552         0.558         0.557         0.557         0.926
 UBAK           0.594         0.602         0.600         0.601         0.619
 UNM1           0.597         0.605         0.603         0.604         0.604
 UNM2           0.573         0.580         0.578         0.580         0.577
 UNM5           0.590         0.598         0.597         0.598         0.596
 UNM6           0.531         0.535         0.534         0.535         0.532
 URE3           0.533         0.538         0.537         0.538         0.897
 URE5           0.456         0.460         0.459         0.459         0.776
 URE6           0.390         0.393         0.392         0.393         0.685


           Covariance Coverage
              UDWR          USUB          UBAK          UNM1          UNM2
              ________      ________      ________      ________      ________
 UDWR           0.985
 USUB           0.922         0.930
 UBAK           0.613         0.572         0.623
 UNM1           0.599         0.560         0.605         0.610
 UNM2           0.573         0.541         0.578         0.582         0.582
 UNM5           0.591         0.554         0.596         0.600         0.576
 UNM6           0.528         0.502         0.532         0.535         0.523
 URE3           0.894         0.869         0.551         0.540         0.523
 URE5           0.773         0.763         0.469         0.460         0.448
 URE6           0.684         0.683         0.400         0.393         0.386


           Covariance Coverage
              UNM5          UNM6          URE3          URE5          URE6
              ________      ________      ________      ________      ________
 UNM5           0.601
 UNM6           0.535         0.536
 URE3           0.535         0.489         0.902
 URE5           0.457         0.422         0.757         0.779
 URE6           0.392         0.367         0.685         0.631         0.688


UNIVARIATE PROPORTIONS AND COUNTS FOR CATEGORICAL VARIABLES

    UDAT
      Category 1    0.181         1858.000
      Category 2    0.819         8412.000
    UDAY
      Category 1    0.038          397.000
      Category 2    0.962        10016.000
    UMON
      Category 1    0.034          353.000
      Category 2    0.966        10030.000
    UYER
      Category 1    0.034          358.000
      Category 2    0.966        10042.000
    UIWR
      Category 1    0.009          150.000
      Category 2    0.010          170.000
      Category 3    0.032          538.000
      Category 4    0.081         1386.000
      Category 5    0.155         2638.000
      Category 6    0.457         7786.000
      Category 7    0.155         2638.000
      Category 8    0.072         1219.000
      Category 9    0.024          403.000
      Category 10    0.007          111.000
    UDWR
      Category 1    0.059         1005.000
      Category 2    0.039          655.000
      Category 3    0.076         1285.000
      Category 4    0.136         2302.000
      Category 5    0.198         3352.000
      Category 6    0.357         6037.000
      Category 7    0.079         1343.000
      Category 8    0.037          618.000
      Category 9    0.013          225.000
      Category 10    0.005           90.000
    USUB
      Category 1    0.039          615.000
      Category 2    0.101         1613.000
      Category 3    0.078         1239.000
      Category 4    0.120         1919.000
      Category 5    0.200         3194.000
      Category 6    0.463         7389.000
    UBAK
      Category 1    0.089          951.000
      Category 2    0.911         9753.000
    UNM1
      Category 1    0.011          111.000
      Category 2    0.989        10357.000
    UNM2
      Category 1    0.053          527.000
      Category 2    0.947         9474.000
    UNM5
      Category 1    0.018          187.000
      Category 2    0.982        10133.000
    UNM6
      Category 1    0.124         1137.000
      Category 2    0.876         8069.000
    URE3
      Category 1    0.230         3559.000
      Category 2    0.770        11928.000
    URE5
      Category 1    0.466         6237.000
      Category 2    0.534         7143.000
    URE6
      Category 1    0.427         5043.000
      Category 2    0.448         5300.000
      Category 3    0.125         1478.000



THE MODEL ESTIMATION TERMINATED NORMALLY



MODEL FIT INFORMATION

Number of Free Parameters                       51

Chi-Square Test of Model Fit

          Value                           5345.290*
          Degrees of Freedom                    90
          P-Value                           0.0000

*   The chi-square value for MLM, MLMV, MLR, ULSMV, WLSM and WLSMV cannot be used
    for chi-square difference testing in the regular way.  MLM, MLR and WLSM
    chi-square difference testing is described on the Mplus website.  MLMV, WLSMV,
    and ULSMV difference testing is done using the DIFFTEST option.

RMSEA (Root Mean Square Error Of Approximation)

          Estimate                           0.058
          90 Percent C.I.                    0.057  0.060
          Probability RMSEA <= .05           0.000

CFI/TLI

          CFI                                0.944
          TLI                                0.934

Chi-Square Test of Model Fit for the Baseline Model

          Value                          93510.339
          Degrees of Freedom                   105
          P-Value                           0.0000

SRMR (Standardized Root Mean Square Residual)

          Value                              0.100

Optimum Function Value for Weighted Least-Squares Estimator

          Value                     0.13526932D+00



MODEL RESULTS

                                                    Two-Tailed
                    Estimate       S.E.  Est./S.E.    P-Value

 G        BY
    UDAT               0.401      0.013     29.809      0.000
    UDAY               0.570      0.020     29.033      0.000
    UMON               0.613      0.021     29.463      0.000
    UYER               0.750      0.017     43.389      0.000
    UIWR               0.893      0.005    188.154      0.000
    UDWR               0.878      0.005    183.155      0.000
    USUB               0.470      0.008     61.689      0.000
    UBAK               0.412      0.016     25.689      0.000
    UNM1               0.373      0.039      9.551      0.000
    UNM2               0.599      0.019     31.735      0.000
    UNM5               0.680      0.026     26.667      0.000
    UNM6               0.553      0.014     38.767      0.000
    URE3               0.458      0.010     45.974      0.000
    URE5               0.460      0.010     47.955      0.000
    URE6               0.291      0.010     30.591      0.000

 Thresholds
    UDAT$1            -0.912      0.014    -63.193      0.000
    UDAY$1            -1.773      0.023    -78.289      0.000
    UMON$1            -1.825      0.024    -77.422      0.000
    UYER$1            -1.819      0.023    -77.574      0.000
    UIWR$1            -2.374      0.030    -79.081      0.000
    UIWR$2            -2.080      0.023    -91.783      0.000
    UIWR$3            -1.641      0.016   -101.624      0.000
    UIWR$4            -1.118      0.012    -92.149      0.000
    UIWR$5            -0.564      0.010    -55.380      0.000
    UIWR$6             0.654      0.010     62.974      0.000
    UIWR$7             1.272      0.013     97.593      0.000
    UIWR$8             1.878      0.019     97.984      0.000
    UIWR$9             2.483      0.034     73.677      0.000
    UDWR$1            -1.560      0.015   -101.427      0.000
    UDWR$2            -1.292      0.013    -97.778      0.000
    UDWR$3            -0.938      0.011    -82.652      0.000
    UDWR$4            -0.495      0.010    -49.124      0.000
    UDWR$5             0.021      0.010      2.199      0.028
    UDWR$6             1.105      0.012     91.227      0.000
    UDWR$7             1.597      0.016    101.417      0.000
    UDWR$8             2.083      0.023     91.316      0.000
    UDWR$9             2.554      0.037     69.782      0.000
    USUB$1            -1.768      0.018    -97.025      0.000
    USUB$2            -1.082      0.012    -87.667      0.000
    USUB$3            -0.782      0.011    -70.433      0.000
    USUB$4            -0.420      0.010    -40.997      0.000
    USUB$5             0.094      0.010      9.424      0.000
    UBAK$1            -1.348      0.017    -78.833      0.000
    UNM1$1            -2.304      0.036    -64.563      0.000
    UNM2$1            -1.619      0.021    -77.939      0.000
    UNM5$1            -2.094      0.029    -71.008      0.000
    UNM6$1            -1.158      0.017    -68.912      0.000
    URE3$1            -0.739      0.011    -66.389      0.000
    URE5$1            -0.085      0.011     -7.832      0.000
    URE6$1            -0.185      0.012    -15.949      0.000
    URE6$2             1.150      0.015     77.844      0.000

 Variances
    G                  1.000      0.000    999.000    999.000


STANDARDIZED MODEL RESULTS


STDYX Standardization

                                                    Two-Tailed
                    Estimate       S.E.  Est./S.E.    P-Value

 G        BY
    UDAT               0.401      0.013     29.809      0.000
    UDAY               0.570      0.020     29.033      0.000
    UMON               0.613      0.021     29.463      0.000
    UYER               0.750      0.017     43.389      0.000
    UIWR               0.893      0.005    188.154      0.000
    UDWR               0.878      0.005    183.155      0.000
    USUB               0.470      0.008     61.689      0.000
    UBAK               0.412      0.016     25.689      0.000
    UNM1               0.373      0.039      9.551      0.000
    UNM2               0.599      0.019     31.735      0.000
    UNM5               0.680      0.026     26.667      0.000
    UNM6               0.553      0.014     38.767      0.000
    URE3               0.458      0.010     45.974      0.000
    URE5               0.460      0.010     47.955      0.000
    URE6               0.291      0.010     30.591      0.000

 Thresholds
    UDAT$1            -0.912      0.014    -63.193      0.000
    UDAY$1            -1.773      0.023    -78.289      0.000
    UMON$1            -1.825      0.024    -77.422      0.000
    UYER$1            -1.819      0.023    -77.574      0.000
    UIWR$1            -2.374      0.030    -79.081      0.000
    UIWR$2            -2.080      0.023    -91.783      0.000
    UIWR$3            -1.641      0.016   -101.624      0.000
    UIWR$4            -1.118      0.012    -92.149      0.000
    UIWR$5            -0.564      0.010    -55.380      0.000
    UIWR$6             0.654      0.010     62.974      0.000
    UIWR$7             1.272      0.013     97.593      0.000
    UIWR$8             1.878      0.019     97.984      0.000
    UIWR$9             2.483      0.034     73.677      0.000
    UDWR$1            -1.560      0.015   -101.427      0.000
    UDWR$2            -1.292      0.013    -97.778      0.000
    UDWR$3            -0.938      0.011    -82.652      0.000
    UDWR$4            -0.495      0.010    -49.124      0.000
    UDWR$5             0.021      0.010      2.199      0.028
    UDWR$6             1.105      0.012     91.227      0.000
    UDWR$7             1.597      0.016    101.417      0.000
    UDWR$8             2.083      0.023     91.316      0.000
    UDWR$9             2.554      0.037     69.782      0.000
    USUB$1            -1.768      0.018    -97.025      0.000
    USUB$2            -1.082      0.012    -87.667      0.000
    USUB$3            -0.782      0.011    -70.433      0.000
    USUB$4            -0.420      0.010    -40.997      0.000
    USUB$5             0.094      0.010      9.424      0.000
    UBAK$1            -1.348      0.017    -78.833      0.000
    UNM1$1            -2.304      0.036    -64.563      0.000
    UNM2$1            -1.619      0.021    -77.939      0.000
    UNM5$1            -2.094      0.029    -71.008      0.000
    UNM6$1            -1.158      0.017    -68.912      0.000
    URE3$1            -0.739      0.011    -66.389      0.000
    URE5$1            -0.085      0.011     -7.832      0.000
    URE6$1            -0.185      0.012    -15.949      0.000
    URE6$2             1.150      0.015     77.844      0.000

 Variances
    G                  1.000      0.000    999.000    999.000


STDY Standardization

                                                    Two-Tailed
                    Estimate       S.E.  Est./S.E.    P-Value

 G        BY
    UDAT               0.401      0.013     29.809      0.000
    UDAY               0.570      0.020     29.033      0.000
    UMON               0.613      0.021     29.463      0.000
    UYER               0.750      0.017     43.389      0.000
    UIWR               0.893      0.005    188.154      0.000
    UDWR               0.878      0.005    183.155      0.000
    USUB               0.470      0.008     61.689      0.000
    UBAK               0.412      0.016     25.689      0.000
    UNM1               0.373      0.039      9.551      0.000
    UNM2               0.599      0.019     31.735      0.000
    UNM5               0.680      0.026     26.667      0.000
    UNM6               0.553      0.014     38.767      0.000
    URE3               0.458      0.010     45.974      0.000
    URE5               0.460      0.010     47.955      0.000
    URE6               0.291      0.010     30.591      0.000

 Thresholds
    UDAT$1            -0.912      0.014    -63.193      0.000
    UDAY$1            -1.773      0.023    -78.289      0.000
    UMON$1            -1.825      0.024    -77.422      0.000
    UYER$1            -1.819      0.023    -77.574      0.000
    UIWR$1            -2.374      0.030    -79.081      0.000
    UIWR$2            -2.080      0.023    -91.783      0.000
    UIWR$3            -1.641      0.016   -101.624      0.000
    UIWR$4            -1.118      0.012    -92.149      0.000
    UIWR$5            -0.564      0.010    -55.380      0.000
    UIWR$6             0.654      0.010     62.974      0.000
    UIWR$7             1.272      0.013     97.593      0.000
    UIWR$8             1.878      0.019     97.984      0.000
    UIWR$9             2.483      0.034     73.677      0.000
    UDWR$1            -1.560      0.015   -101.427      0.000
    UDWR$2            -1.292      0.013    -97.778      0.000
    UDWR$3            -0.938      0.011    -82.652      0.000
    UDWR$4            -0.495      0.010    -49.124      0.000
    UDWR$5             0.021      0.010      2.199      0.028
    UDWR$6             1.105      0.012     91.227      0.000
    UDWR$7             1.597      0.016    101.417      0.000
    UDWR$8             2.083      0.023     91.316      0.000
    UDWR$9             2.554      0.037     69.782      0.000
    USUB$1            -1.768      0.018    -97.025      0.000
    USUB$2            -1.082      0.012    -87.667      0.000
    USUB$3            -0.782      0.011    -70.433      0.000
    USUB$4            -0.420      0.010    -40.997      0.000
    USUB$5             0.094      0.010      9.424      0.000
    UBAK$1            -1.348      0.017    -78.833      0.000
    UNM1$1            -2.304      0.036    -64.563      0.000
    UNM2$1            -1.619      0.021    -77.939      0.000
    UNM5$1            -2.094      0.029    -71.008      0.000
    UNM6$1            -1.158      0.017    -68.912      0.000
    URE3$1            -0.739      0.011    -66.389      0.000
    URE5$1            -0.085      0.011     -7.832      0.000
    URE6$1            -0.185      0.012    -15.949      0.000
    URE6$2             1.150      0.015     77.844      0.000

 Variances
    G                  1.000      0.000    999.000    999.000


STD Standardization

                                                    Two-Tailed
                    Estimate       S.E.  Est./S.E.    P-Value

 G        BY
    UDAT               0.401      0.013     29.809      0.000
    UDAY               0.570      0.020     29.033      0.000
    UMON               0.613      0.021     29.463      0.000
    UYER               0.750      0.017     43.389      0.000
    UIWR               0.893      0.005    188.154      0.000
    UDWR               0.878      0.005    183.155      0.000
    USUB               0.470      0.008     61.689      0.000
    UBAK               0.412      0.016     25.689      0.000
    UNM1               0.373      0.039      9.551      0.000
    UNM2               0.599      0.019     31.735      0.000
    UNM5               0.680      0.026     26.667      0.000
    UNM6               0.553      0.014     38.767      0.000
    URE3               0.458      0.010     45.974      0.000
    URE5               0.460      0.010     47.955      0.000
    URE6               0.291      0.010     30.591      0.000

 Thresholds
    UDAT$1            -0.912      0.014    -63.193      0.000
    UDAY$1            -1.773      0.023    -78.289      0.000
    UMON$1            -1.825      0.024    -77.422      0.000
    UYER$1            -1.819      0.023    -77.574      0.000
    UIWR$1            -2.374      0.030    -79.081      0.000
    UIWR$2            -2.080      0.023    -91.783      0.000
    UIWR$3            -1.641      0.016   -101.624      0.000
    UIWR$4            -1.118      0.012    -92.149      0.000
    UIWR$5            -0.564      0.010    -55.380      0.000
    UIWR$6             0.654      0.010     62.974      0.000
    UIWR$7             1.272      0.013     97.593      0.000
    UIWR$8             1.878      0.019     97.984      0.000
    UIWR$9             2.483      0.034     73.677      0.000
    UDWR$1            -1.560      0.015   -101.427      0.000
    UDWR$2            -1.292      0.013    -97.778      0.000
    UDWR$3            -0.938      0.011    -82.652      0.000
    UDWR$4            -0.495      0.010    -49.124      0.000
    UDWR$5             0.021      0.010      2.199      0.028
    UDWR$6             1.105      0.012     91.227      0.000
    UDWR$7             1.597      0.016    101.417      0.000
    UDWR$8             2.083      0.023     91.316      0.000
    UDWR$9             2.554      0.037     69.782      0.000
    USUB$1            -1.768      0.018    -97.025      0.000
    USUB$2            -1.082      0.012    -87.667      0.000
    USUB$3            -0.782      0.011    -70.433      0.000
    USUB$4            -0.420      0.010    -40.997      0.000
    USUB$5             0.094      0.010      9.424      0.000
    UBAK$1            -1.348      0.017    -78.833      0.000
    UNM1$1            -2.304      0.036    -64.563      0.000
    UNM2$1            -1.619      0.021    -77.939      0.000
    UNM5$1            -2.094      0.029    -71.008      0.000
    UNM6$1            -1.158      0.017    -68.912      0.000
    URE3$1            -0.739      0.011    -66.389      0.000
    URE5$1            -0.085      0.011     -7.832      0.000
    URE6$1            -0.185      0.012    -15.949      0.000
    URE6$2             1.150      0.015     77.844      0.000

 Variances
    G                  1.000      0.000    999.000    999.000


R-SQUARE

    Observed                                        Two-Tailed   Residual
    Variable        Estimate       S.E.  Est./S.E.    P-Value    Variance

    UDAT               0.161      0.011     14.905      0.000      0.839
    UDAY               0.324      0.022     14.517      0.000      0.676
    UMON               0.376      0.026     14.732      0.000      0.624
    UYER               0.563      0.026     21.694      0.000      0.437
    UIWR               0.797      0.008     94.077      0.000      0.203
    UDWR               0.770      0.008     91.578      0.000      0.230
    USUB               0.220      0.007     30.844      0.000      0.780
    UBAK               0.170      0.013     12.844      0.000      0.830
    UNM1               0.139      0.029      4.776      0.000      0.861
    UNM2               0.359      0.023     15.867      0.000      0.641
    UNM5               0.463      0.035     13.333      0.000      0.537
    UNM6               0.306      0.016     19.384      0.000      0.694
    URE3               0.210      0.009     22.987      0.000      0.790
    URE5               0.212      0.009     23.978      0.000      0.788
    URE6               0.085      0.006     15.296      0.000      0.915


QUALITY OF NUMERICAL RESULTS

     Condition Number for the Information Matrix              0.400E-02
       (ratio of smallest to largest eigenvalue)


MODEL COMMAND WITH FINAL ESTIMATES USED AS STARTING VALUES

     g BY udat*0.40089;
     g BY uday*0.56960;
     g BY umon*0.61309;
     g BY uyer*0.75039;
     g BY uiwr*0.89297;
     g BY udwr*0.87753;
     g BY usub*0.46951;
     g BY ubak*0.41178;
     g BY unm1*0.37262;
     g BY unm2*0.59901;
     g BY unm5*0.68020;
     g BY unm6*0.55330;
     g BY ure3*0.45781;
     g BY ure5*0.45997;
     g BY ure6*0.29136;

     [ udat$1*-0.91188 ];
     [ uday$1*-1.77287 ];
     [ umon$1*-1.82503 ];
     [ uyer$1*-1.81943 ];
     [ uiwr$1*-2.37379 ];
     [ uiwr$2*-2.07961 ];
     [ uiwr$3*-1.64142 ];
     [ uiwr$4*-1.11840 ];
     [ uiwr$5*-0.56358 ];
     [ uiwr$6*0.65408 ];
     [ uiwr$7*1.27188 ];
     [ uiwr$8*1.87836 ];
     [ uiwr$9*2.48298 ];
     [ udwr$1*-1.55962 ];
     [ udwr$2*-1.29214 ];
     [ udwr$3*-0.93794 ];
     [ udwr$4*-0.49513 ];
     [ udwr$5*0.02120 ];
     [ udwr$6*1.10500 ];
     [ udwr$7*1.59669 ];
     [ udwr$8*2.08300 ];
     [ udwr$9*2.55420 ];
     [ usub$1*-1.76822 ];
     [ usub$2*-1.08248 ];
     [ usub$3*-0.78200 ];
     [ usub$4*-0.41990 ];
     [ usub$5*0.09361 ];
     [ ubak$1*-1.34790 ];
     [ unm1$1*-2.30427 ];
     [ unm2$1*-1.61927 ];
     [ unm5$1*-2.09422 ];
     [ unm6$1*-1.15764 ];
     [ ure3$1*-0.73949 ];
     [ ure5$1*-0.08497 ];
     [ ure6$1*-0.18500 ];
     [ ure6$2*1.15020 ];

     g@1;



     Beginning Time:  22:28:01
        Ending Time:  22:28:02
       Elapsed Time:  00:00:01



MUTHEN & MUTHEN
3463 Stoner Ave.
Los Angeles, CA  90066

Tel: (310) 391-9971
Fax: (310) 391-8971
Web: www.StatModel.com
Support: Support@StatModel.com

Copyright (c) 1998-2018 Muthen & Muthen
