Mplus VERSION 8.1 (Mac)
MUTHEN & MUTHEN
05/27/2020  10:28 PM

INPUT INSTRUCTIONS

  DATA:
  FILE = "uni-37-MHAS_W4.dat";

  VARIABLE:
  NAMES = mplusid UDAY UMON UYER UWR1 UWR2 UWR3 UANI UNUM2 UFCO3 UFRE2 UWD UVSC;
   MISSING=.;
   CATEGORICAL ARE all; idvariable = mplusid;
  ANALYSIS:
  estimator = wlsmv; coverage=0;
  MODEL:
  g by UDAY * ;
   g by UMON * ;
   g by UYER * ;
   g by UANI * ;
   g by UWR1 * ;
   g by UWR2 * ;
   g by UWR3 * ;
   g by UWD * ;
   g by UVSC * ;
   g by UNUM2 * ;
   g by UFCO3 * ;
   g by UFRE2 * ;
   g @ 1;

  OUTPUT:
  standardized; svalues;



*** WARNING
  Data set contains cases with missing on all variables.
  These cases were not included in the analysis.
  Number of cases with missing on all variables:  81
   1 WARNING(S) FOUND IN THE INPUT INSTRUCTIONS




SUMMARY OF ANALYSIS

Number of groups                                                 1
Number of observations                                       13459

Number of dependent variables                                   12
Number of independent variables                                  0
Number of continuous latent variables                            1

Observed dependent variables

  Binary and ordered categorical (ordinal)
   UDAY        UMON        UYER        UWR1        UWR2        UWR3
   UANI        UNUM2       UFCO3       UFRE2       UWD         UVSC

Continuous latent variables
   G

Variables with special functions

  ID variable           MPLUSID

Estimator                                                    WLSMV
Maximum number of iterations                                  1000
Convergence criterion                                    0.500D-04
Maximum number of steepest descent iterations                   20
Maximum number of iterations for H1                           2000
Convergence criterion for H1                             0.100D-03
Parameterization                                             DELTA
Link                                                        PROBIT

Input data file(s)
  uni-37-MHAS_W4.dat

Input data format  FREE


SUMMARY OF DATA

     Number of missing data patterns            46


COVARIANCE COVERAGE OF DATA

Minimum covariance coverage value   0.000


     PROPORTION OF DATA PRESENT


           Covariance Coverage
              UDAY          UMON          UYER          UWR1          UWR2
              ________      ________      ________      ________      ________
 UDAY           1.000
 UMON           1.000         1.000
 UYER           1.000         1.000         1.000
 UWR1           0.997         0.997         0.997         0.997
 UWR2           0.997         0.997         0.997         0.997         0.997
 UWR3           0.997         0.997         0.997         0.997         0.997
 UANI           0.997         0.997         0.997         0.996         0.996
 UNUM2          0.956         0.956         0.956         0.955         0.955
 UFCO3          0.935         0.935         0.935         0.934         0.934
 UFRE2          0.926         0.926         0.926         0.925         0.925
 UWD            0.995         0.995         0.995         0.995         0.995
 UVSC           0.934         0.934         0.934         0.933         0.933


           Covariance Coverage
              UWR3          UANI          UNUM2         UFCO3         UFRE2
              ________      ________      ________      ________      ________
 UWR3           0.997
 UANI           0.996         0.997
 UNUM2          0.955         0.955         0.956
 UFCO3          0.934         0.935         0.907         0.935
 UFRE2          0.925         0.926         0.900         0.925         0.926
 UWD            0.995         0.994         0.954         0.933         0.925
 UVSC           0.933         0.933         0.905         0.931         0.923


           Covariance Coverage
              UWD           UVSC
              ________      ________
 UWD            0.995
 UVSC           0.931         0.934


UNIVARIATE PROPORTIONS AND COUNTS FOR CATEGORICAL VARIABLES

    UDAY
      Category 1    0.277         3733.000
      Category 2    0.723         9726.000
    UMON
      Category 1    0.093         1253.000
      Category 2    0.907        12206.000
    UYER
      Category 1    0.192         2588.000
      Category 2    0.808        10871.000
    UWR1
      Category 1    0.012          156.000
      Category 2    0.037          503.000
      Category 3    0.102         1362.000
      Category 4    0.210         2821.000
      Category 5    0.275         3689.000
      Category 6    0.232         3113.000
      Category 7    0.104         1399.000
      Category 8    0.024          328.000
      Category 9    0.004           47.000
    UWR2
      Category 1    0.007           94.000
      Category 2    0.008          114.000
      Category 3    0.028          377.000
      Category 4    0.102         1374.000
      Category 5    0.219         2942.000
      Category 6    0.280         3756.000
      Category 7    0.230         3084.000
      Category 8    0.101         1361.000
      Category 9    0.024          316.000
    UWR3
      Category 1    0.010          133.000
      Category 2    0.008          113.000
      Category 3    0.020          265.000
      Category 4    0.063          839.000
      Category 5    0.152         2037.000
      Category 6    0.227         3049.000
      Category 7    0.270         3629.000
      Category 8    0.180         2421.000
      Category 9    0.069          931.000
    UANI
      Category 1    0.009          124.000
      Category 2    0.045          608.000
      Category 3    0.116         1561.000
      Category 4    0.200         2683.000
      Category 5    0.224         3008.000
      Category 6    0.130         1746.000
      Category 7    0.140         1881.000
      Category 8    0.083         1111.000
      Category 9    0.036          483.000
      Category 10    0.016          217.000
    UNUM2
      Category 1    0.132         1697.000
      Category 2    0.868        11167.000
    UFCO3
      Category 1    0.008          100.000
      Category 2    0.004           55.000
      Category 3    0.019          236.000
      Category 4    0.023          290.000
      Category 5    0.052          658.000
      Category 6    0.120         1513.000
      Category 7    0.773         9738.000
    UFRE2
      Category 1    0.058          727.000
      Category 2    0.012          147.000
      Category 3    0.042          525.000
      Category 4    0.060          742.000
      Category 5    0.128         1596.000
      Category 6    0.183         2276.000
      Category 7    0.518         6453.000
    UWD
      Category 1    0.094         1263.000
      Category 2    0.045          599.000
      Category 3    0.075         1000.000
      Category 4    0.112         1498.000
      Category 5    0.173         2315.000
      Category 6    0.203         2717.000
      Category 7    0.168         2252.000
      Category 8    0.096         1280.000
      Category 9    0.035          472.000
    UVSC
      Category 1    0.034          429.000
      Category 2    0.068          849.000
      Category 3    0.100         1256.000
      Category 4    0.126         1586.000
      Category 5    0.134         1683.000
      Category 6    0.127         1595.000
      Category 7    0.108         1363.000
      Category 8    0.095         1190.000
      Category 9    0.083         1040.000
      Category 10    0.125         1575.000



THE MODEL ESTIMATION TERMINATED NORMALLY



MODEL FIT INFORMATION

Number of Free Parameters                       78

Chi-Square Test of Model Fit

          Value                          11272.898*
          Degrees of Freedom                    54
          P-Value                           0.0000

*   The chi-square value for MLM, MLMV, MLR, ULSMV, WLSM and WLSMV cannot be used
    for chi-square difference testing in the regular way.  MLM, MLR and WLSM
    chi-square difference testing is described on the Mplus website.  MLMV, WLSMV,
    and ULSMV difference testing is done using the DIFFTEST option.

RMSEA (Root Mean Square Error Of Approximation)

          Estimate                           0.124
          90 Percent C.I.                    0.122  0.126
          Probability RMSEA <= .05           0.000

CFI/TLI

          CFI                                0.891
          TLI                                0.867

Chi-Square Test of Model Fit for the Baseline Model

          Value                         103291.420
          Degrees of Freedom                    66
          P-Value                           0.0000

SRMR (Standardized Root Mean Square Residual)

          Value                              0.072

Optimum Function Value for Weighted Least-Squares Estimator

          Value                     0.28495622D+00



MODEL RESULTS

                                                    Two-Tailed
                    Estimate       S.E.  Est./S.E.    P-Value

 G        BY
    UDAY               0.488      0.010     49.243      0.000
    UMON               0.675      0.012     57.278      0.000
    UYER               0.696      0.009     79.916      0.000
    UANI               0.643      0.005    117.948      0.000
    UWR1               0.700      0.005    146.977      0.000
    UWR2               0.755      0.004    178.185      0.000
    UWR3               0.756      0.004    175.928      0.000
    UWD                0.703      0.005    149.992      0.000
    UVSC               0.699      0.005    137.636      0.000
    UNUM2              0.608      0.011     53.995      0.000
    UFCO3              0.677      0.008     81.841      0.000
    UFRE2              0.603      0.007     84.666      0.000

 Thresholds
    UDAY$1            -0.591      0.012    -51.290      0.000
    UMON$1            -1.322      0.015    -87.885      0.000
    UYER$1            -0.869      0.012    -69.970      0.000
    UWR1$1            -2.269      0.030    -74.516      0.000
    UWR1$2            -1.654      0.018    -90.114      0.000
    UWR1$3            -1.034      0.013    -78.275      0.000
    UWR1$4            -0.356      0.011    -32.166      0.000
    UWR1$5             0.347      0.011     31.394      0.000
    UWR1$6             1.116      0.014     81.683      0.000
    UWR1$7             1.912      0.022     86.194      0.000
    UWR1$8             2.697      0.048     55.607      0.000
    UWR2$1            -2.457      0.037    -66.542      0.000
    UWR2$2            -2.157      0.027    -78.791      0.000
    UWR2$3            -1.710      0.019    -89.650      0.000
    UWR2$4            -1.054      0.013    -79.154      0.000
    UWR2$5            -0.344      0.011    -31.154      0.000
    UWR2$6             0.372      0.011     33.554      0.000
    UWR2$7             1.150      0.014     82.945      0.000
    UWR2$8             1.985      0.024     84.300      0.000
    UWR3$1            -2.330      0.032    -72.043      0.000
    UWR3$2            -2.089      0.026    -81.124      0.000
    UWR3$3            -1.773      0.020    -88.860      0.000
    UWR3$4            -1.278      0.015    -86.753      0.000
    UWR3$5            -0.667      0.012    -56.793      0.000
    UWR3$6            -0.051      0.011     -4.705      0.000
    UWR3$7             0.675      0.012     57.373      0.000
    UWR3$8             1.480      0.016     89.992      0.000
    UANI$1            -2.356      0.033    -70.950      0.000
    UANI$2            -1.602      0.018    -90.338      0.000
    UANI$3            -0.951      0.013    -74.301      0.000
    UANI$4            -0.330      0.011    -29.897      0.000
    UANI$5             0.240      0.011     21.956      0.000
    UANI$6             0.598      0.012     51.735      0.000
    UANI$7             1.103      0.014     81.208      0.000
    UANI$8             1.624      0.018     90.272      0.000
    UANI$9             2.140      0.027     79.401      0.000
    UNUM2$1           -1.117      0.014    -80.030      0.000
    UFCO3$1           -2.412      0.036    -66.396      0.000
    UFCO3$2           -2.247      0.031    -73.025      0.000
    UFCO3$3           -1.865      0.022    -84.490      0.000
    UFCO3$4           -1.606      0.018    -87.484      0.000
    UFCO3$5           -1.246      0.015    -83.239      0.000
    UFCO3$6           -0.750      0.012    -60.553      0.000
    UFRE2$1           -1.569      0.018    -87.088      0.000
    UFRE2$2           -1.475      0.017    -86.704      0.000
    UFRE2$3           -1.215      0.015    -81.966      0.000
    UFRE2$4           -0.947      0.013    -71.428      0.000
    UFRE2$5           -0.525      0.012    -44.473      0.000
    UFRE2$6           -0.044      0.011     -3.941      0.000
    UWD$1             -1.315      0.015    -87.530      0.000
    UWD$2             -1.085      0.013    -80.390      0.000
    UWD$3             -0.794      0.012    -65.258      0.000
    UWD$4             -0.452      0.011    -40.250      0.000
    UWD$5             -0.004      0.011     -0.397      0.691
    UWD$6              0.528      0.011     46.301      0.000
    UWD$7              1.123      0.014     81.868      0.000
    UWD$8              1.809      0.021     88.226      0.000
    UVSC$1            -1.823      0.021    -85.206      0.000
    UVSC$2            -1.272      0.015    -83.810      0.000
    UVSC$3            -0.836      0.013    -65.691      0.000
    UVSC$4            -0.446      0.012    -38.452      0.000
    UVSC$5            -0.096      0.011     -8.563      0.000
    UVSC$6             0.224      0.011     19.877      0.000
    UVSC$7             0.516      0.012     43.985      0.000
    UVSC$8             0.813      0.013     64.358      0.000
    UVSC$9             1.149      0.014     80.209      0.000

 Variances
    G                  1.000      0.000    999.000    999.000


STANDARDIZED MODEL RESULTS


STDYX Standardization

                                                    Two-Tailed
                    Estimate       S.E.  Est./S.E.    P-Value

 G        BY
    UDAY               0.488      0.010     49.243      0.000
    UMON               0.675      0.012     57.278      0.000
    UYER               0.696      0.009     79.916      0.000
    UANI               0.643      0.005    117.948      0.000
    UWR1               0.700      0.005    146.977      0.000
    UWR2               0.755      0.004    178.185      0.000
    UWR3               0.756      0.004    175.928      0.000
    UWD                0.703      0.005    149.992      0.000
    UVSC               0.699      0.005    137.636      0.000
    UNUM2              0.608      0.011     53.995      0.000
    UFCO3              0.677      0.008     81.841      0.000
    UFRE2              0.603      0.007     84.666      0.000

 Thresholds
    UDAY$1            -0.591      0.012    -51.290      0.000
    UMON$1            -1.322      0.015    -87.885      0.000
    UYER$1            -0.869      0.012    -69.970      0.000
    UWR1$1            -2.269      0.030    -74.516      0.000
    UWR1$2            -1.654      0.018    -90.114      0.000
    UWR1$3            -1.034      0.013    -78.275      0.000
    UWR1$4            -0.356      0.011    -32.166      0.000
    UWR1$5             0.347      0.011     31.394      0.000
    UWR1$6             1.116      0.014     81.683      0.000
    UWR1$7             1.912      0.022     86.194      0.000
    UWR1$8             2.697      0.048     55.607      0.000
    UWR2$1            -2.457      0.037    -66.542      0.000
    UWR2$2            -2.157      0.027    -78.791      0.000
    UWR2$3            -1.710      0.019    -89.650      0.000
    UWR2$4            -1.054      0.013    -79.154      0.000
    UWR2$5            -0.344      0.011    -31.154      0.000
    UWR2$6             0.372      0.011     33.554      0.000
    UWR2$7             1.150      0.014     82.945      0.000
    UWR2$8             1.985      0.024     84.300      0.000
    UWR3$1            -2.330      0.032    -72.043      0.000
    UWR3$2            -2.089      0.026    -81.124      0.000
    UWR3$3            -1.773      0.020    -88.860      0.000
    UWR3$4            -1.278      0.015    -86.753      0.000
    UWR3$5            -0.667      0.012    -56.793      0.000
    UWR3$6            -0.051      0.011     -4.705      0.000
    UWR3$7             0.675      0.012     57.373      0.000
    UWR3$8             1.480      0.016     89.992      0.000
    UANI$1            -2.356      0.033    -70.950      0.000
    UANI$2            -1.602      0.018    -90.338      0.000
    UANI$3            -0.951      0.013    -74.301      0.000
    UANI$4            -0.330      0.011    -29.897      0.000
    UANI$5             0.240      0.011     21.956      0.000
    UANI$6             0.598      0.012     51.735      0.000
    UANI$7             1.103      0.014     81.208      0.000
    UANI$8             1.624      0.018     90.272      0.000
    UANI$9             2.140      0.027     79.401      0.000
    UNUM2$1           -1.117      0.014    -80.030      0.000
    UFCO3$1           -2.412      0.036    -66.396      0.000
    UFCO3$2           -2.247      0.031    -73.025      0.000
    UFCO3$3           -1.865      0.022    -84.490      0.000
    UFCO3$4           -1.606      0.018    -87.484      0.000
    UFCO3$5           -1.246      0.015    -83.239      0.000
    UFCO3$6           -0.750      0.012    -60.553      0.000
    UFRE2$1           -1.569      0.018    -87.088      0.000
    UFRE2$2           -1.475      0.017    -86.704      0.000
    UFRE2$3           -1.215      0.015    -81.966      0.000
    UFRE2$4           -0.947      0.013    -71.428      0.000
    UFRE2$5           -0.525      0.012    -44.473      0.000
    UFRE2$6           -0.044      0.011     -3.941      0.000
    UWD$1             -1.315      0.015    -87.530      0.000
    UWD$2             -1.085      0.013    -80.390      0.000
    UWD$3             -0.794      0.012    -65.258      0.000
    UWD$4             -0.452      0.011    -40.250      0.000
    UWD$5             -0.004      0.011     -0.397      0.691
    UWD$6              0.528      0.011     46.301      0.000
    UWD$7              1.123      0.014     81.868      0.000
    UWD$8              1.809      0.021     88.226      0.000
    UVSC$1            -1.823      0.021    -85.206      0.000
    UVSC$2            -1.272      0.015    -83.810      0.000
    UVSC$3            -0.836      0.013    -65.691      0.000
    UVSC$4            -0.446      0.012    -38.452      0.000
    UVSC$5            -0.096      0.011     -8.563      0.000
    UVSC$6             0.224      0.011     19.877      0.000
    UVSC$7             0.516      0.012     43.985      0.000
    UVSC$8             0.813      0.013     64.358      0.000
    UVSC$9             1.149      0.014     80.209      0.000

 Variances
    G                  1.000      0.000    999.000    999.000


STDY Standardization

                                                    Two-Tailed
                    Estimate       S.E.  Est./S.E.    P-Value

 G        BY
    UDAY               0.488      0.010     49.243      0.000
    UMON               0.675      0.012     57.278      0.000
    UYER               0.696      0.009     79.916      0.000
    UANI               0.643      0.005    117.948      0.000
    UWR1               0.700      0.005    146.977      0.000
    UWR2               0.755      0.004    178.185      0.000
    UWR3               0.756      0.004    175.928      0.000
    UWD                0.703      0.005    149.992      0.000
    UVSC               0.699      0.005    137.636      0.000
    UNUM2              0.608      0.011     53.995      0.000
    UFCO3              0.677      0.008     81.841      0.000
    UFRE2              0.603      0.007     84.666      0.000

 Thresholds
    UDAY$1            -0.591      0.012    -51.290      0.000
    UMON$1            -1.322      0.015    -87.885      0.000
    UYER$1            -0.869      0.012    -69.970      0.000
    UWR1$1            -2.269      0.030    -74.516      0.000
    UWR1$2            -1.654      0.018    -90.114      0.000
    UWR1$3            -1.034      0.013    -78.275      0.000
    UWR1$4            -0.356      0.011    -32.166      0.000
    UWR1$5             0.347      0.011     31.394      0.000
    UWR1$6             1.116      0.014     81.683      0.000
    UWR1$7             1.912      0.022     86.194      0.000
    UWR1$8             2.697      0.048     55.607      0.000
    UWR2$1            -2.457      0.037    -66.542      0.000
    UWR2$2            -2.157      0.027    -78.791      0.000
    UWR2$3            -1.710      0.019    -89.650      0.000
    UWR2$4            -1.054      0.013    -79.154      0.000
    UWR2$5            -0.344      0.011    -31.154      0.000
    UWR2$6             0.372      0.011     33.554      0.000
    UWR2$7             1.150      0.014     82.945      0.000
    UWR2$8             1.985      0.024     84.300      0.000
    UWR3$1            -2.330      0.032    -72.043      0.000
    UWR3$2            -2.089      0.026    -81.124      0.000
    UWR3$3            -1.773      0.020    -88.860      0.000
    UWR3$4            -1.278      0.015    -86.753      0.000
    UWR3$5            -0.667      0.012    -56.793      0.000
    UWR3$6            -0.051      0.011     -4.705      0.000
    UWR3$7             0.675      0.012     57.373      0.000
    UWR3$8             1.480      0.016     89.992      0.000
    UANI$1            -2.356      0.033    -70.950      0.000
    UANI$2            -1.602      0.018    -90.338      0.000
    UANI$3            -0.951      0.013    -74.301      0.000
    UANI$4            -0.330      0.011    -29.897      0.000
    UANI$5             0.240      0.011     21.956      0.000
    UANI$6             0.598      0.012     51.735      0.000
    UANI$7             1.103      0.014     81.208      0.000
    UANI$8             1.624      0.018     90.272      0.000
    UANI$9             2.140      0.027     79.401      0.000
    UNUM2$1           -1.117      0.014    -80.030      0.000
    UFCO3$1           -2.412      0.036    -66.396      0.000
    UFCO3$2           -2.247      0.031    -73.025      0.000
    UFCO3$3           -1.865      0.022    -84.490      0.000
    UFCO3$4           -1.606      0.018    -87.484      0.000
    UFCO3$5           -1.246      0.015    -83.239      0.000
    UFCO3$6           -0.750      0.012    -60.553      0.000
    UFRE2$1           -1.569      0.018    -87.088      0.000
    UFRE2$2           -1.475      0.017    -86.704      0.000
    UFRE2$3           -1.215      0.015    -81.966      0.000
    UFRE2$4           -0.947      0.013    -71.428      0.000
    UFRE2$5           -0.525      0.012    -44.473      0.000
    UFRE2$6           -0.044      0.011     -3.941      0.000
    UWD$1             -1.315      0.015    -87.530      0.000
    UWD$2             -1.085      0.013    -80.390      0.000
    UWD$3             -0.794      0.012    -65.258      0.000
    UWD$4             -0.452      0.011    -40.250      0.000
    UWD$5             -0.004      0.011     -0.397      0.691
    UWD$6              0.528      0.011     46.301      0.000
    UWD$7              1.123      0.014     81.868      0.000
    UWD$8              1.809      0.021     88.226      0.000
    UVSC$1            -1.823      0.021    -85.206      0.000
    UVSC$2            -1.272      0.015    -83.810      0.000
    UVSC$3            -0.836      0.013    -65.691      0.000
    UVSC$4            -0.446      0.012    -38.452      0.000
    UVSC$5            -0.096      0.011     -8.563      0.000
    UVSC$6             0.224      0.011     19.877      0.000
    UVSC$7             0.516      0.012     43.985      0.000
    UVSC$8             0.813      0.013     64.358      0.000
    UVSC$9             1.149      0.014     80.209      0.000

 Variances
    G                  1.000      0.000    999.000    999.000


STD Standardization

                                                    Two-Tailed
                    Estimate       S.E.  Est./S.E.    P-Value

 G        BY
    UDAY               0.488      0.010     49.243      0.000
    UMON               0.675      0.012     57.278      0.000
    UYER               0.696      0.009     79.916      0.000
    UANI               0.643      0.005    117.948      0.000
    UWR1               0.700      0.005    146.977      0.000
    UWR2               0.755      0.004    178.185      0.000
    UWR3               0.756      0.004    175.928      0.000
    UWD                0.703      0.005    149.992      0.000
    UVSC               0.699      0.005    137.636      0.000
    UNUM2              0.608      0.011     53.995      0.000
    UFCO3              0.677      0.008     81.841      0.000
    UFRE2              0.603      0.007     84.666      0.000

 Thresholds
    UDAY$1            -0.591      0.012    -51.290      0.000
    UMON$1            -1.322      0.015    -87.885      0.000
    UYER$1            -0.869      0.012    -69.970      0.000
    UWR1$1            -2.269      0.030    -74.516      0.000
    UWR1$2            -1.654      0.018    -90.114      0.000
    UWR1$3            -1.034      0.013    -78.275      0.000
    UWR1$4            -0.356      0.011    -32.166      0.000
    UWR1$5             0.347      0.011     31.394      0.000
    UWR1$6             1.116      0.014     81.683      0.000
    UWR1$7             1.912      0.022     86.194      0.000
    UWR1$8             2.697      0.048     55.607      0.000
    UWR2$1            -2.457      0.037    -66.542      0.000
    UWR2$2            -2.157      0.027    -78.791      0.000
    UWR2$3            -1.710      0.019    -89.650      0.000
    UWR2$4            -1.054      0.013    -79.154      0.000
    UWR2$5            -0.344      0.011    -31.154      0.000
    UWR2$6             0.372      0.011     33.554      0.000
    UWR2$7             1.150      0.014     82.945      0.000
    UWR2$8             1.985      0.024     84.300      0.000
    UWR3$1            -2.330      0.032    -72.043      0.000
    UWR3$2            -2.089      0.026    -81.124      0.000
    UWR3$3            -1.773      0.020    -88.860      0.000
    UWR3$4            -1.278      0.015    -86.753      0.000
    UWR3$5            -0.667      0.012    -56.793      0.000
    UWR3$6            -0.051      0.011     -4.705      0.000
    UWR3$7             0.675      0.012     57.373      0.000
    UWR3$8             1.480      0.016     89.992      0.000
    UANI$1            -2.356      0.033    -70.950      0.000
    UANI$2            -1.602      0.018    -90.338      0.000
    UANI$3            -0.951      0.013    -74.301      0.000
    UANI$4            -0.330      0.011    -29.897      0.000
    UANI$5             0.240      0.011     21.956      0.000
    UANI$6             0.598      0.012     51.735      0.000
    UANI$7             1.103      0.014     81.208      0.000
    UANI$8             1.624      0.018     90.272      0.000
    UANI$9             2.140      0.027     79.401      0.000
    UNUM2$1           -1.117      0.014    -80.030      0.000
    UFCO3$1           -2.412      0.036    -66.396      0.000
    UFCO3$2           -2.247      0.031    -73.025      0.000
    UFCO3$3           -1.865      0.022    -84.490      0.000
    UFCO3$4           -1.606      0.018    -87.484      0.000
    UFCO3$5           -1.246      0.015    -83.239      0.000
    UFCO3$6           -0.750      0.012    -60.553      0.000
    UFRE2$1           -1.569      0.018    -87.088      0.000
    UFRE2$2           -1.475      0.017    -86.704      0.000
    UFRE2$3           -1.215      0.015    -81.966      0.000
    UFRE2$4           -0.947      0.013    -71.428      0.000
    UFRE2$5           -0.525      0.012    -44.473      0.000
    UFRE2$6           -0.044      0.011     -3.941      0.000
    UWD$1             -1.315      0.015    -87.530      0.000
    UWD$2             -1.085      0.013    -80.390      0.000
    UWD$3             -0.794      0.012    -65.258      0.000
    UWD$4             -0.452      0.011    -40.250      0.000
    UWD$5             -0.004      0.011     -0.397      0.691
    UWD$6              0.528      0.011     46.301      0.000
    UWD$7              1.123      0.014     81.868      0.000
    UWD$8              1.809      0.021     88.226      0.000
    UVSC$1            -1.823      0.021    -85.206      0.000
    UVSC$2            -1.272      0.015    -83.810      0.000
    UVSC$3            -0.836      0.013    -65.691      0.000
    UVSC$4            -0.446      0.012    -38.452      0.000
    UVSC$5            -0.096      0.011     -8.563      0.000
    UVSC$6             0.224      0.011     19.877      0.000
    UVSC$7             0.516      0.012     43.985      0.000
    UVSC$8             0.813      0.013     64.358      0.000
    UVSC$9             1.149      0.014     80.209      0.000

 Variances
    G                  1.000      0.000    999.000    999.000


R-SQUARE

    Observed                                        Two-Tailed   Residual
    Variable        Estimate       S.E.  Est./S.E.    P-Value    Variance

    UDAY               0.238      0.010     24.621      0.000      0.762
    UMON               0.455      0.016     28.639      0.000      0.545
    UYER               0.485      0.012     39.958      0.000      0.515
    UWR1               0.490      0.007     73.488      0.000      0.510
    UWR2               0.570      0.006     89.092      0.000      0.430
    UWR3               0.572      0.007     87.964      0.000      0.428
    UANI               0.414      0.007     58.974      0.000      0.586
    UNUM2              0.370      0.014     26.998      0.000      0.630
    UFCO3              0.458      0.011     40.921      0.000      0.542
    UFRE2              0.363      0.009     42.333      0.000      0.637
    UWD                0.494      0.007     74.996      0.000      0.506
    UVSC               0.489      0.007     68.818      0.000      0.511


QUALITY OF NUMERICAL RESULTS

     Condition Number for the Information Matrix              0.467E-02
       (ratio of smallest to largest eigenvalue)


MODEL COMMAND WITH FINAL ESTIMATES USED AS STARTING VALUES

     g BY uday*0.48756;
     g BY umon*0.67451;
     g BY uyer*0.69620;
     g BY uani*0.64317;
     g BY uwr1*0.70019;
     g BY uwr2*0.75475;
     g BY uwr3*0.75634;
     g BY uwd*0.70274;
     g BY uvsc*0.69922;
     g BY unum2*0.60824;
     g BY ufco3*0.67655;
     g BY ufre2*0.60288;

     [ uday$1*-0.59070 ];
     [ umon$1*-1.32192 ];
     [ uyer$1*-0.86950 ];
     [ uwr1$1*-2.26926 ];
     [ uwr1$2*-1.65351 ];
     [ uwr1$3*-1.03378 ];
     [ uwr1$4*-0.35616 ];
     [ uwr1$5*0.34722 ];
     [ uwr1$6*1.11600 ];
     [ uwr1$7*1.91185 ];
     [ uwr1$8*2.69658 ];
     [ uwr2$1*-2.45698 ];
     [ uwr2$2*-2.15703 ];
     [ uwr2$3*-1.71038 ];
     [ uwr2$4*-1.05375 ];
     [ uwr2$5*-0.34445 ];
     [ uwr2$6*0.37233 ];
     [ uwr2$7*1.15044 ];
     [ uwr2$8*1.98539 ];
     [ uwr3$1*-2.32963 ];
     [ uwr3$2*-2.08942 ];
     [ uwr3$3*-1.77334 ];
     [ uwr3$4*-1.27803 ];
     [ uwr3$5*-0.66683 ];
     [ uwr3$6*-0.05093 ];
     [ uwr3$7*0.67502 ];
     [ uwr3$8*1.48035 ];
     [ uani$1*-2.35592 ];
     [ uani$2*-1.60237 ];
     [ uani$3*-0.95086 ];
     [ uani$4*-0.32991 ];
     [ uani$5*0.24002 ];
     [ uani$6*0.59755 ];
     [ uani$7*1.10340 ];
     [ uani$8*1.62433 ];
     [ uani$9*2.14024 ];
     [ unum2$1*-1.11737 ];
     [ ufco3$1*-2.41153 ];
     [ ufco3$2*-2.24727 ];
     [ ufco3$3*-1.86549 ];
     [ ufco3$4*-1.60642 ];
     [ ufco3$5*-1.24615 ];
     [ ufco3$6*-0.75033 ];
     [ ufre2$1*-1.56905 ];
     [ ufre2$2*-1.47497 ];
     [ ufre2$3*-1.21478 ];
     [ ufre2$4*-0.94728 ];
     [ ufre2$5*-0.52505 ];
     [ ufre2$6*-0.04425 ];
     [ uwd$1*-1.31484 ];
     [ uwd$2*-1.08484 ];
     [ uwd$3*-0.79383 ];
     [ uwd$4*-0.45246 ];
     [ uwd$5*-0.00430 ];
     [ uwd$6*0.52758 ];
     [ uwd$7*1.12269 ];
     [ uwd$8*1.80889 ];
     [ uvsc$1*-1.82316 ];
     [ uvsc$2*-1.27191 ];
     [ uvsc$3*-0.83572 ];
     [ uvsc$4*-0.44581 ];
     [ uvsc$5*-0.09590 ];
     [ uvsc$6*0.22428 ];
     [ uvsc$7*0.51636 ];
     [ uvsc$8*0.81303 ];
     [ uvsc$9*1.14871 ];

     g@1;



     Beginning Time:  22:28:33
        Ending Time:  22:28:33
       Elapsed Time:  00:00:00



MUTHEN & MUTHEN
3463 Stoner Ave.
Los Angeles, CA  90066

Tel: (310) 391-9971
Fax: (310) 391-8971
Web: www.StatModel.com
Support: Support@StatModel.com

Copyright (c) 1998-2018 Muthen & Muthen
