Mplus VERSION 8.1 (Mac)
MUTHEN & MUTHEN
04/23/2020  10:56 PM

INPUT INSTRUCTIONS

  DATA:
  FILE = "uni-44-SAGE (South Africa)_W1.dat";

  VARIABLE:
  NAMES = mplusid UANI UIWR UIWR2 UIWR3 UDIGF UDIGB;
   MISSING=.;
   CATEGORICAL ARE all; idvariable = mplusid;
  ANALYSIS:
  estimator = wlsmv; coverage=0;
  MODEL:
  g by UIWR * ;
   g by UANI * ;
   g by UIWR2 * ;
   g by UIWR3 * ;
   g by UDIGF * ;
   g by UDIGB * ;
   g @ 1;

  OUTPUT:
  standardized; svalues;



INPUT READING TERMINATED NORMALLY




SUMMARY OF ANALYSIS

Number of groups                                                 1
Number of observations                                        4050

Number of dependent variables                                    6
Number of independent variables                                  0
Number of continuous latent variables                            1

Observed dependent variables

  Binary and ordered categorical (ordinal)
   UANI        UIWR        UIWR2       UIWR3       UDIGF       UDIGB

Continuous latent variables
   G

Variables with special functions

  ID variable           MPLUSID

Estimator                                                    WLSMV
Maximum number of iterations                                  1000
Convergence criterion                                    0.500D-04
Maximum number of steepest descent iterations                   20
Maximum number of iterations for H1                           2000
Convergence criterion for H1                             0.100D-03
Parameterization                                             DELTA
Link                                                        PROBIT

Input data file(s)
  uni-44-SAGE (South Africa)_W1.dat

Input data format  FREE


SUMMARY OF DATA

     Number of missing data patterns            11


COVARIANCE COVERAGE OF DATA

Minimum covariance coverage value   0.000


     PROPORTION OF DATA PRESENT


           Covariance Coverage
              UANI          UIWR          UIWR2         UIWR3         UDIGF
              ________      ________      ________      ________      ________
 UANI           0.999
 UIWR           0.995         0.995
 UIWR2          0.994         0.995         0.995
 UIWR3          0.993         0.994         0.994         0.994
 UDIGF          0.999         0.995         0.994         0.994         1.000
 UDIGB          0.968         0.966         0.965         0.964         0.969


           Covariance Coverage
              UDIGB
              ________
 UDIGB          0.969


UNIVARIATE PROPORTIONS AND COUNTS FOR CATEGORICAL VARIABLES

    UANI
      Category 1    0.030          123.000
      Category 2    0.100          406.000
      Category 3    0.350         1415.000
      Category 4    0.338         1366.000
      Category 5    0.124          500.000
      Category 6    0.046          187.000
      Category 7    0.010           41.000
      Category 8    0.001            4.000
      Category 9    0.000            1.000
      Category 10    0.000            1.000
    UIWR
      Category 1    0.014           57.000
      Category 2    0.010           41.000
      Category 3    0.055          220.000
      Category 4    0.091          366.000
      Category 5    0.172          692.000
      Category 6    0.457         1843.000
      Category 7    0.132          534.000
      Category 8    0.054          218.000
      Category 9    0.011           45.000
      Category 10    0.004           15.000
    UIWR2
      Category 1    0.013           51.000
      Category 2    0.006           24.000
      Category 3    0.023           92.000
      Category 4    0.047          190.000
      Category 5    0.093          373.000
      Category 6    0.382         1540.000
      Category 7    0.230          925.000
      Category 8    0.137          553.000
      Category 9    0.050          201.000
      Category 10    0.020           79.000
    UIWR3
      Category 1    0.016           64.000
      Category 2    0.006           26.000
      Category 3    0.019           75.000
      Category 4    0.028          113.000
      Category 5    0.061          246.000
      Category 6    0.281         1133.000
      Category 7    0.209          843.000
      Category 8    0.193          776.000
      Category 9    0.098          396.000
      Category 10    0.088          353.000
    UDIGF
      Category 1    0.031          127.000
      Category 2    0.083          338.000
      Category 3    0.225          911.000
      Category 4    0.272         1102.000
      Category 5    0.197          797.000
      Category 6    0.106          431.000
      Category 7    0.052          212.000
      Category 8    0.032          131.000
    UDIGB
      Category 1    0.117          458.000
      Category 2    0.201          790.000
      Category 3    0.266         1044.000
      Category 4    0.245          962.000
      Category 5    0.094          369.000
      Category 6    0.041          160.000
      Category 7    0.024           95.000
      Category 8    0.011           45.000



THE MODEL ESTIMATION TERMINATED NORMALLY



MODEL FIT INFORMATION

Number of Free Parameters                       56

Chi-Square Test of Model Fit

          Value                           1923.347*
          Degrees of Freedom                     9
          P-Value                           0.0000

*   The chi-square value for MLM, MLMV, MLR, ULSMV, WLSM and WLSMV cannot be used
    for chi-square difference testing in the regular way.  MLM, MLR and WLSM
    chi-square difference testing is described on the Mplus website.  MLMV, WLSMV,
    and ULSMV difference testing is done using the DIFFTEST option.

RMSEA (Root Mean Square Error Of Approximation)

          Estimate                           0.229
          90 Percent C.I.                    0.221  0.238
          Probability RMSEA <= .05           0.000

CFI/TLI

          CFI                                0.923
          TLI                                0.872

Chi-Square Test of Model Fit for the Baseline Model

          Value                          25022.578
          Degrees of Freedom                    15
          P-Value                           0.0000

SRMR (Standardized Root Mean Square Residual)

          Value                              0.044

Optimum Function Value for Weighted Least-Squares Estimator

          Value                     0.13198195D+00



MODEL RESULTS

                                                    Two-Tailed
                    Estimate       S.E.  Est./S.E.    P-Value

 G        BY
    UIWR               0.718      0.008     93.285      0.000
    UANI               0.536      0.011     48.229      0.000
    UIWR2              0.882      0.005    177.286      0.000
    UIWR3              0.819      0.006    137.439      0.000
    UDIGF              0.557      0.011     51.380      0.000
    UDIGB              0.616      0.011     56.165      0.000

 Thresholds
    UANI$1            -1.875      0.039    -47.778      0.000
    UANI$2            -1.123      0.025    -44.979      0.000
    UANI$3            -0.048      0.020     -2.453      0.014
    UANI$4             0.910      0.023     39.587      0.000
    UANI$5             1.573      0.032     49.603      0.000
    UANI$6             2.269      0.055     40.905      0.000
    UANI$7             2.971      0.125     23.716      0.000
    UANI$8             3.294      0.199     16.573      0.000
    UANI$9             3.484      0.268     13.017      0.000
    UIWR$1            -2.193      0.052    -42.454      0.000
    UIWR$2            -1.972      0.042    -46.409      0.000
    UIWR$3            -1.413      0.029    -48.941      0.000
    UIWR$4            -0.955      0.023    -40.846      0.000
    UIWR$5            -0.409      0.020    -20.085      0.000
    UIWR$6             0.836      0.022     37.232      0.000
    UIWR$7             1.484      0.030     49.340      0.000
    UIWR$8             2.173      0.051     42.865      0.000
    UIWR$9             2.676      0.086     30.989      0.000
    UIWR2$1           -2.236      0.054    -41.537      0.000
    UIWR2$2           -2.083      0.047    -44.563      0.000
    UIWR2$3           -1.734      0.035    -48.976      0.000
    UIWR2$4           -1.349      0.028    -48.373      0.000
    UIWR2$5           -0.911      0.023    -39.540      0.000
    UIWR2$6            0.160      0.020      8.064      0.000
    UIWR2$7            0.818      0.022     36.590      0.000
    UIWR2$8            1.479      0.030     49.305      0.000
    UIWR2$9            2.062      0.046     44.939      0.000
    UIWR3$1           -2.147      0.050    -43.352      0.000
    UIWR3$2           -2.007      0.044    -45.830      0.000
    UIWR3$3           -1.739      0.036    -48.922      0.000
    UIWR3$4           -1.483      0.030    -49.300      0.000
    UIWR3$5           -1.126      0.025    -44.934      0.000
    UIWR3$6           -0.223      0.020    -11.198      0.000
    UIWR3$7            0.308      0.020     15.344      0.000
    UIWR3$8            0.892      0.023     38.974      0.000
    UIWR3$9            1.355      0.028     48.413      0.000
    UDIGF$1           -1.861      0.039    -47.965      0.000
    UDIGF$2           -1.201      0.026    -46.486      0.000
    UDIGF$3           -0.413      0.020    -20.321      0.000
    UDIGF$4            0.285      0.020     14.235      0.000
    UDIGF$5            0.874      0.023     38.508      0.000
    UDIGF$6            1.374      0.028     48.737      0.000
    UDIGF$7            1.847      0.038     48.117      0.000
    UDIGB$1           -1.191      0.026    -45.591      0.000
    UDIGB$2           -0.473      0.021    -22.689      0.000
    UDIGB$3            0.213      0.020     10.546      0.000
    UDIGB$4            0.952      0.024     40.203      0.000
    UDIGB$5            1.429      0.030     48.393      0.000
    UDIGB$6            1.803      0.038     47.797      0.000
    UDIGB$7            2.274      0.057     40.180      0.000

 Variances
    G                  1.000      0.000    999.000    999.000


STANDARDIZED MODEL RESULTS


STDYX Standardization

                                                    Two-Tailed
                    Estimate       S.E.  Est./S.E.    P-Value

 G        BY
    UIWR               0.718      0.008     93.285      0.000
    UANI               0.536      0.011     48.229      0.000
    UIWR2              0.882      0.005    177.286      0.000
    UIWR3              0.819      0.006    137.439      0.000
    UDIGF              0.557      0.011     51.380      0.000
    UDIGB              0.616      0.011     56.165      0.000

 Thresholds
    UANI$1            -1.875      0.039    -47.778      0.000
    UANI$2            -1.123      0.025    -44.979      0.000
    UANI$3            -0.048      0.020     -2.453      0.014
    UANI$4             0.910      0.023     39.587      0.000
    UANI$5             1.573      0.032     49.603      0.000
    UANI$6             2.269      0.055     40.905      0.000
    UANI$7             2.971      0.125     23.716      0.000
    UANI$8             3.294      0.199     16.573      0.000
    UANI$9             3.484      0.268     13.017      0.000
    UIWR$1            -2.193      0.052    -42.454      0.000
    UIWR$2            -1.972      0.042    -46.409      0.000
    UIWR$3            -1.413      0.029    -48.941      0.000
    UIWR$4            -0.955      0.023    -40.846      0.000
    UIWR$5            -0.409      0.020    -20.085      0.000
    UIWR$6             0.836      0.022     37.232      0.000
    UIWR$7             1.484      0.030     49.340      0.000
    UIWR$8             2.173      0.051     42.865      0.000
    UIWR$9             2.676      0.086     30.989      0.000
    UIWR2$1           -2.236      0.054    -41.537      0.000
    UIWR2$2           -2.083      0.047    -44.563      0.000
    UIWR2$3           -1.734      0.035    -48.976      0.000
    UIWR2$4           -1.349      0.028    -48.373      0.000
    UIWR2$5           -0.911      0.023    -39.540      0.000
    UIWR2$6            0.160      0.020      8.064      0.000
    UIWR2$7            0.818      0.022     36.590      0.000
    UIWR2$8            1.479      0.030     49.305      0.000
    UIWR2$9            2.062      0.046     44.939      0.000
    UIWR3$1           -2.147      0.050    -43.352      0.000
    UIWR3$2           -2.007      0.044    -45.830      0.000
    UIWR3$3           -1.739      0.036    -48.922      0.000
    UIWR3$4           -1.483      0.030    -49.300      0.000
    UIWR3$5           -1.126      0.025    -44.934      0.000
    UIWR3$6           -0.223      0.020    -11.198      0.000
    UIWR3$7            0.308      0.020     15.344      0.000
    UIWR3$8            0.892      0.023     38.974      0.000
    UIWR3$9            1.355      0.028     48.413      0.000
    UDIGF$1           -1.861      0.039    -47.965      0.000
    UDIGF$2           -1.201      0.026    -46.486      0.000
    UDIGF$3           -0.413      0.020    -20.321      0.000
    UDIGF$4            0.285      0.020     14.235      0.000
    UDIGF$5            0.874      0.023     38.508      0.000
    UDIGF$6            1.374      0.028     48.737      0.000
    UDIGF$7            1.847      0.038     48.117      0.000
    UDIGB$1           -1.191      0.026    -45.591      0.000
    UDIGB$2           -0.473      0.021    -22.689      0.000
    UDIGB$3            0.213      0.020     10.546      0.000
    UDIGB$4            0.952      0.024     40.203      0.000
    UDIGB$5            1.429      0.030     48.393      0.000
    UDIGB$6            1.803      0.038     47.797      0.000
    UDIGB$7            2.274      0.057     40.180      0.000

 Variances
    G                  1.000      0.000    999.000    999.000


STDY Standardization

                                                    Two-Tailed
                    Estimate       S.E.  Est./S.E.    P-Value

 G        BY
    UIWR               0.718      0.008     93.285      0.000
    UANI               0.536      0.011     48.229      0.000
    UIWR2              0.882      0.005    177.286      0.000
    UIWR3              0.819      0.006    137.439      0.000
    UDIGF              0.557      0.011     51.380      0.000
    UDIGB              0.616      0.011     56.165      0.000

 Thresholds
    UANI$1            -1.875      0.039    -47.778      0.000
    UANI$2            -1.123      0.025    -44.979      0.000
    UANI$3            -0.048      0.020     -2.453      0.014
    UANI$4             0.910      0.023     39.587      0.000
    UANI$5             1.573      0.032     49.603      0.000
    UANI$6             2.269      0.055     40.905      0.000
    UANI$7             2.971      0.125     23.716      0.000
    UANI$8             3.294      0.199     16.573      0.000
    UANI$9             3.484      0.268     13.017      0.000
    UIWR$1            -2.193      0.052    -42.454      0.000
    UIWR$2            -1.972      0.042    -46.409      0.000
    UIWR$3            -1.413      0.029    -48.941      0.000
    UIWR$4            -0.955      0.023    -40.846      0.000
    UIWR$5            -0.409      0.020    -20.085      0.000
    UIWR$6             0.836      0.022     37.232      0.000
    UIWR$7             1.484      0.030     49.340      0.000
    UIWR$8             2.173      0.051     42.865      0.000
    UIWR$9             2.676      0.086     30.989      0.000
    UIWR2$1           -2.236      0.054    -41.537      0.000
    UIWR2$2           -2.083      0.047    -44.563      0.000
    UIWR2$3           -1.734      0.035    -48.976      0.000
    UIWR2$4           -1.349      0.028    -48.373      0.000
    UIWR2$5           -0.911      0.023    -39.540      0.000
    UIWR2$6            0.160      0.020      8.064      0.000
    UIWR2$7            0.818      0.022     36.590      0.000
    UIWR2$8            1.479      0.030     49.305      0.000
    UIWR2$9            2.062      0.046     44.939      0.000
    UIWR3$1           -2.147      0.050    -43.352      0.000
    UIWR3$2           -2.007      0.044    -45.830      0.000
    UIWR3$3           -1.739      0.036    -48.922      0.000
    UIWR3$4           -1.483      0.030    -49.300      0.000
    UIWR3$5           -1.126      0.025    -44.934      0.000
    UIWR3$6           -0.223      0.020    -11.198      0.000
    UIWR3$7            0.308      0.020     15.344      0.000
    UIWR3$8            0.892      0.023     38.974      0.000
    UIWR3$9            1.355      0.028     48.413      0.000
    UDIGF$1           -1.861      0.039    -47.965      0.000
    UDIGF$2           -1.201      0.026    -46.486      0.000
    UDIGF$3           -0.413      0.020    -20.321      0.000
    UDIGF$4            0.285      0.020     14.235      0.000
    UDIGF$5            0.874      0.023     38.508      0.000
    UDIGF$6            1.374      0.028     48.737      0.000
    UDIGF$7            1.847      0.038     48.117      0.000
    UDIGB$1           -1.191      0.026    -45.591      0.000
    UDIGB$2           -0.473      0.021    -22.689      0.000
    UDIGB$3            0.213      0.020     10.546      0.000
    UDIGB$4            0.952      0.024     40.203      0.000
    UDIGB$5            1.429      0.030     48.393      0.000
    UDIGB$6            1.803      0.038     47.797      0.000
    UDIGB$7            2.274      0.057     40.180      0.000

 Variances
    G                  1.000      0.000    999.000    999.000


STD Standardization

                                                    Two-Tailed
                    Estimate       S.E.  Est./S.E.    P-Value

 G        BY
    UIWR               0.718      0.008     93.285      0.000
    UANI               0.536      0.011     48.229      0.000
    UIWR2              0.882      0.005    177.286      0.000
    UIWR3              0.819      0.006    137.439      0.000
    UDIGF              0.557      0.011     51.380      0.000
    UDIGB              0.616      0.011     56.165      0.000

 Thresholds
    UANI$1            -1.875      0.039    -47.778      0.000
    UANI$2            -1.123      0.025    -44.979      0.000
    UANI$3            -0.048      0.020     -2.453      0.014
    UANI$4             0.910      0.023     39.587      0.000
    UANI$5             1.573      0.032     49.603      0.000
    UANI$6             2.269      0.055     40.905      0.000
    UANI$7             2.971      0.125     23.716      0.000
    UANI$8             3.294      0.199     16.573      0.000
    UANI$9             3.484      0.268     13.017      0.000
    UIWR$1            -2.193      0.052    -42.454      0.000
    UIWR$2            -1.972      0.042    -46.409      0.000
    UIWR$3            -1.413      0.029    -48.941      0.000
    UIWR$4            -0.955      0.023    -40.846      0.000
    UIWR$5            -0.409      0.020    -20.085      0.000
    UIWR$6             0.836      0.022     37.232      0.000
    UIWR$7             1.484      0.030     49.340      0.000
    UIWR$8             2.173      0.051     42.865      0.000
    UIWR$9             2.676      0.086     30.989      0.000
    UIWR2$1           -2.236      0.054    -41.537      0.000
    UIWR2$2           -2.083      0.047    -44.563      0.000
    UIWR2$3           -1.734      0.035    -48.976      0.000
    UIWR2$4           -1.349      0.028    -48.373      0.000
    UIWR2$5           -0.911      0.023    -39.540      0.000
    UIWR2$6            0.160      0.020      8.064      0.000
    UIWR2$7            0.818      0.022     36.590      0.000
    UIWR2$8            1.479      0.030     49.305      0.000
    UIWR2$9            2.062      0.046     44.939      0.000
    UIWR3$1           -2.147      0.050    -43.352      0.000
    UIWR3$2           -2.007      0.044    -45.830      0.000
    UIWR3$3           -1.739      0.036    -48.922      0.000
    UIWR3$4           -1.483      0.030    -49.300      0.000
    UIWR3$5           -1.126      0.025    -44.934      0.000
    UIWR3$6           -0.223      0.020    -11.198      0.000
    UIWR3$7            0.308      0.020     15.344      0.000
    UIWR3$8            0.892      0.023     38.974      0.000
    UIWR3$9            1.355      0.028     48.413      0.000
    UDIGF$1           -1.861      0.039    -47.965      0.000
    UDIGF$2           -1.201      0.026    -46.486      0.000
    UDIGF$3           -0.413      0.020    -20.321      0.000
    UDIGF$4            0.285      0.020     14.235      0.000
    UDIGF$5            0.874      0.023     38.508      0.000
    UDIGF$6            1.374      0.028     48.737      0.000
    UDIGF$7            1.847      0.038     48.117      0.000
    UDIGB$1           -1.191      0.026    -45.591      0.000
    UDIGB$2           -0.473      0.021    -22.689      0.000
    UDIGB$3            0.213      0.020     10.546      0.000
    UDIGB$4            0.952      0.024     40.203      0.000
    UDIGB$5            1.429      0.030     48.393      0.000
    UDIGB$6            1.803      0.038     47.797      0.000
    UDIGB$7            2.274      0.057     40.180      0.000

 Variances
    G                  1.000      0.000    999.000    999.000


R-SQUARE

    Observed                                        Two-Tailed   Residual
    Variable        Estimate       S.E.  Est./S.E.    P-Value    Variance

    UANI               0.287      0.012     24.115      0.000      0.713
    UIWR               0.516      0.011     46.643      0.000      0.484
    UIWR2              0.779      0.009     88.643      0.000      0.221
    UIWR3              0.670      0.010     68.719      0.000      0.330
    UDIGF              0.310      0.012     25.690      0.000      0.690
    UDIGB              0.380      0.014     28.082      0.000      0.620


QUALITY OF NUMERICAL RESULTS

     Condition Number for the Information Matrix              0.704E-03
       (ratio of smallest to largest eigenvalue)


MODEL COMMAND WITH FINAL ESTIMATES USED AS STARTING VALUES

     g BY uiwr*0.71799;
     g BY uani*0.53579;
     g BY uiwr2*0.88235;
     g BY uiwr3*0.81878;
     g BY udigf*0.55675;
     g BY udigb*0.61626;

     [ uani$1*-1.87472 ];
     [ uani$2*-1.12257 ];
     [ uani$3*-0.04837 ];
     [ uani$4*0.90965 ];
     [ uani$5*1.57296 ];
     [ uani$6*2.26940 ];
     [ uani$7*2.97110 ];
     [ uani$8*3.29360 ];
     [ uani$9*3.48369 ];
     [ uiwr$1*-2.19337 ];
     [ uiwr$2*-1.97188 ];
     [ uiwr$3*-1.41259 ];
     [ uiwr$4*-0.95541 ];
     [ uiwr$5*-0.40877 ];
     [ uiwr$6*0.83649 ];
     [ uiwr$7*1.48354 ];
     [ uiwr$8*2.17315 ];
     [ uiwr$9*2.67638 ];
     [ uiwr2$1*-2.23644 ];
     [ uiwr2$2*-2.08313 ];
     [ uiwr2$3*-1.73399 ];
     [ uiwr2$4*-1.34924 ];
     [ uiwr2$5*-0.91068 ];
     [ uiwr2$6*0.15999 ];
     [ uiwr2$7*0.81757 ];
     [ uiwr2$8*1.47942 ];
     [ uiwr2$9*2.06181 ];
     [ uiwr3$1*-2.14690 ];
     [ uiwr3$2*-2.00727 ];
     [ uiwr3$3*-1.73927 ];
     [ uiwr3$4*-1.48277 ];
     [ uiwr3$5*-1.12551 ];
     [ uiwr3$6*-0.22323 ];
     [ uiwr3$7*0.30842 ];
     [ uiwr3$8*0.89241 ];
     [ uiwr3$9*1.35504 ];
     [ udigf$1*-1.86109 ];
     [ udigf$2*-1.20117 ];
     [ udigf$3*-0.41291 ];
     [ udigf$4*0.28454 ];
     [ udigf$5*0.87364 ];
     [ udigf$6*1.37406 ];
     [ udigf$7*1.84727 ];
     [ udigb$1*-1.19140 ];
     [ udigb$2*-0.47295 ];
     [ udigb$3*0.21277 ];
     [ udigb$4*0.95206 ];
     [ udigb$5*1.42921 ];
     [ udigb$6*1.80309 ];
     [ udigb$7*2.27441 ];

     g@1;



     Beginning Time:  22:56:48
        Ending Time:  22:56:48
       Elapsed Time:  00:00:00



MUTHEN & MUTHEN
3463 Stoner Ave.
Los Angeles, CA  90066

Tel: (310) 391-9971
Fax: (310) 391-8971
Web: www.StatModel.com
Support: Support@StatModel.com

Copyright (c) 1998-2018 Muthen & Muthen
